[   148.161] (WW) Failed to open protocol names file lib/xorg/protocol.txt
[   148.162] 
X.Org X Server 1.20.5
X Protocol Version 11, Revision 0
[   148.162] Build Operating System: Linux Arch Linux
[   148.162] Current Operating System: Linux T530 5.3.11-arch1-1 #1 SMP PREEMPT Tue, 12 Nov 2019 22:19:48 +0000 x86_64
[   148.162] Kernel command line: initrd=\initramfs-linux.img root=/dev/sda2 rw quiet scsi_mod.use_blk_mq=1 elevator=deadline
[   148.162] Build Date: 25 October 2019  08:43:50AM
[   148.162]  
[   148.162] Current version of pixman: 0.38.4
[   148.162] 	Before reporting problems, check http://wiki.x.org
	to make sure that you have the latest version.
[   148.162] Markers: (--) probed, (**) from config file, (==) default setting,
	(++) from command line, (!!) notice, (II) informational,
	(WW) warning, (EE) error, (NI) not implemented, (??) unknown.
[   148.163] (==) Log file: "/home/austin/.local/share/xorg/Xorg.1.log", Time: Sun Nov 17 18:46:28 2019
[   148.163] (==) Using system config directory "/usr/share/X11/xorg.conf.d"
[   148.163] (==) No Layout section.  Using the first Screen section.
[   148.163] (==) No screen section available. Using defaults.
[   148.163] (**) |-->Screen "Default Screen Section" (0)
[   148.163] (**) |   |-->Monitor "<default monitor>"
[   148.163] (==) No monitor specified for screen "Default Screen Section".
	Using a default monitor configuration.
[   148.163] (==) Automatically adding devices
[   148.163] (==) Automatically enabling devices
[   148.163] (==) Automatically adding GPU devices
[   148.163] (==) Automatically binding GPU devices
[   148.163] (==) Max clients allowed: 256, resource mask: 0x1fffff
[   148.163] (WW) The directory "/usr/share/fonts/Type1" does not exist.
[   148.163] 	Entry deleted from font path.
[   148.163] (WW) `fonts.dir' not found (or not valid) in "/usr/share/fonts/100dpi".
[   148.163] 	Entry deleted from font path.
[   148.163] 	(Run 'mkfontdir' on "/usr/share/fonts/100dpi").
[   148.163] (WW) `fonts.dir' not found (or not valid) in "/usr/share/fonts/75dpi".
[   148.163] 	Entry deleted from font path.
[   148.163] 	(Run 'mkfontdir' on "/usr/share/fonts/75dpi").
[   148.163] (==) FontPath set to:
	/usr/share/fonts/misc,
	/usr/share/fonts/TTF,
	/usr/share/fonts/OTF
[   148.163] (==) ModulePath set to "/usr/lib/xorg/modules"
[   148.163] (II) The server relies on udev to provide the list of input devices.
	If no devices become available, reconfigure udev or disable AutoAddDevices.
[   148.163] (II) Module ABI versions:
[   148.163] 	X.Org ANSI C Emulation: 0.4
[   148.163] 	X.Org Video Driver: 24.0
[   148.163] 	X.Org XInput driver : 24.1
[   148.163] 	X.Org Server Extension : 10.0
[   148.164] (++) using VT number 1

[   148.166] (II) systemd-logind: took control of session /org/freedesktop/login1/session/_36
[   148.167] (II) xfree86: Adding drm device (/dev/dri/card0)
[   148.168] (II) systemd-logind: got fd for /dev/dri/card0 226:0 fd 10 paused 0
[   148.169] (--) PCI:*(0@0:2:0) 8086:0166:17aa:21f6 rev 9, Mem @ 0xf0000000/4194304, 0xe0000000/268435456, I/O @ 0x00005000/64, BIOS @ 0x????????/131072
[   148.169] (WW) Open ACPI failed (/var/run/acpid.socket) (No such file or directory)
[   148.169] (II) LoadModule: "glx"
[   148.169] (II) Loading /usr/lib/xorg/modules/extensions/libglx.so
[   148.171] (II) Module glx: vendor="X.Org Foundation"
[   148.171] 	compiled for 1.20.5, module version = 1.0.0
[   148.171] 	ABI class: X.Org Server Extension, version 10.0
[   148.171] (==) Matched intel as autoconfigured driver 0
[   148.171] (==) Matched modesetting as autoconfigured driver 1
[   148.171] (==) Matched fbdev as autoconfigured driver 2
[   148.171] (==) Matched vesa as autoconfigured driver 3
[   148.171] (==) Assigned the driver to the xf86ConfigLayout
[   148.171] (II) LoadModule: "intel"
[   148.171] (II) Loading /usr/lib/xorg/modules/drivers/intel_drv.so
[   148.171] (II) Module intel: vendor="X.Org Foundation"
[   148.171] 	compiled for 1.20.5, module version = 2.99.917
[   148.171] 	Module class: X.Org Video Driver
[   148.171] 	ABI class: X.Org Video Driver, version 24.0
[   148.171] (II) LoadModule: "modesetting"
[   148.171] (II) Loading /usr/lib/xorg/modules/drivers/modesetting_drv.so
[   148.172] (II) Module modesetting: vendor="X.Org Foundation"
[   148.172] 	compiled for 1.20.5, module version = 1.20.5
[   148.172] 	Module class: X.Org Video Driver
[   148.172] 	ABI class: X.Org Video Driver, version 24.0
[   148.172] (II) LoadModule: "fbdev"
[   148.172] (WW) Warning, couldn't open module fbdev
[   148.172] (EE) Failed to load module "fbdev" (module does not exist, 0)
[   148.172] (II) LoadModule: "vesa"
[   148.172] (WW) Warning, couldn't open module vesa
[   148.172] (EE) Failed to load module "vesa" (module does not exist, 0)
[   148.172] (II) intel: Driver for Intel(R) Integrated Graphics Chipsets:
	i810, i810-dc100, i810e, i815, i830M, 845G, 854, 852GM/855GM, 865G,
	915G, E7221 (i915), 915GM, 945G, 945GM, 945GME, Pineview GM,
	Pineview G, 965G, G35, 965Q, 946GZ, 965GM, 965GME/GLE, G33, Q35, Q33,
	GM45, 4 Series, G45/G43, Q45/Q43, G41, B43
[   148.172] (II) intel: Driver for Intel(R) HD Graphics
[   148.172] (II) intel: Driver for Intel(R) Iris(TM) Graphics
[   148.172] (II) intel: Driver for Intel(R) Iris(TM) Pro Graphics
[   148.172] (II) modesetting: Driver for Modesetting Kernel Drivers: kms
[   148.172] xf86EnableIOPorts: failed to set IOPL for I/O (Operation not permitted)
[   148.172] (II) intel(0): Using Kernel Mode Setting driver: i915, version 1.6.0 20190619
[   148.172] (II) intel(0): SNA compiled from 2.99.917-893-gbff5eca4
[   148.187] (WW) Falling back to old probe method for modesetting
[   148.187] (WW) VGA arbiter: cannot open kernel arbiter, no multi-card support
[   148.188] (--) intel(0): Integrated Graphics Chipset: Intel(R) HD Graphics 4000
[   148.188] (--) intel(0): CPU: x86-64, sse2, sse3, ssse3, sse4.1, sse4.2, avx; using a maximum of 2 threads
[   148.188] (II) intel(0): Creating default Display subsection in Screen section
	"Default Screen Section" for depth/fbbpp 24/32
[   148.188] (==) intel(0): Depth 24, (--) framebuffer bpp 32
[   148.188] (==) intel(0): RGB weight 888
[   148.188] (==) intel(0): Default visual is TrueColor
[   148.189] (II) intel(0): Output LVDS1 has no monitor section
[   148.190] (**) intel(0): Found backlight control interface intel_backlight (type 'raw') for output LVDS1
[   148.190] (II) intel(0): Enabled output LVDS1
[   148.190] (II) intel(0): Output VGA1 has no monitor section
[   148.190] (II) intel(0): Enabled output VGA1
[   148.190] (II) intel(0): Output HDMI1 has no monitor section
[   148.190] (II) intel(0): Enabled output HDMI1
[   148.190] (II) intel(0): Output DP1 has no monitor section
[   148.191] (II) intel(0): Enabled output DP1
[   148.191] (II) intel(0): Output HDMI2 has no monitor section
[   148.191] (II) intel(0): Enabled output HDMI2
[   148.191] (II) intel(0): Output HDMI3 has no monitor section
[   148.191] (II) intel(0): Enabled output HDMI3
[   148.191] (II) intel(0): Output DP2 has no monitor section
[   148.191] (II) intel(0): Enabled output DP2
[   148.192] (II) intel(0): Output DP3 has no monitor section
[   148.192] (II) intel(0): Enabled output DP3
[   148.192] (--) intel(0): Using a maximum size of 256x256 for hardware cursors
[   148.192] (II) intel(0): Output VIRTUAL1 has no monitor section
[   148.192] (II) intel(0): Enabled output VIRTUAL1
[   148.192] (--) intel(0): Output LVDS1 using initial mode 1366x768 on pipe 0
[   148.192] (==) intel(0): TearFree disabled
[   148.192] (==) intel(0): Using gamma correction (1.0, 1.0, 1.0)
[   148.192] (==) intel(0): DPI set to (96, 96)
[   148.192] (II) Loading sub module "dri3"
[   148.192] (II) LoadModule: "dri3"
[   148.192] (II) Module "dri3" already built-in
[   148.192] (II) Loading sub module "dri2"
[   148.193] (II) LoadModule: "dri2"
[   148.193] (II) Module "dri2" already built-in
[   148.193] (II) Loading sub module "present"
[   148.193] (II) LoadModule: "present"
[   148.193] (II) Module "present" already built-in
[   148.193] (II) UnloadModule: "modesetting"
[   148.193] (II) Unloading modesetting
[   148.193] (II) intel(0): SNA initialized with Ivybridge (gen7, gt2) backend
[   148.193] (==) intel(0): Backing store enabled
[   148.193] (==) intel(0): Silken mouse disabled
[   148.193] (II) intel(0): HW Cursor enabled
[   148.194] (==) intel(0): DPMS enabled
[   148.194] (==) intel(0): Display hotplug detection enabled
[   148.194] (II) intel(0): [DRI2] Setup complete
[   148.194] (II) intel(0): [DRI2]   DRI driver: i965
[   148.194] (II) intel(0): [DRI2]   VDPAU driver: va_gl
[   148.194] (II) intel(0): direct rendering: DRI2 DRI3 enabled
[   148.194] (II) intel(0): hardware support for Present enabled
[   148.194] (II) Initializing extension Generic Event Extension
[   148.194] (II) Initializing extension SHAPE
[   148.194] (II) Initializing extension MIT-SHM
[   148.194] (II) Initializing extension XInputExtension
[   148.194] (II) Initializing extension XTEST
[   148.194] (II) Initializing extension BIG-REQUESTS
[   148.194] (II) Initializing extension SYNC
[   148.194] (II) Initializing extension XKEYBOARD
[   148.194] (II) Initializing extension XC-MISC
[   148.194] (II) Initializing extension SECURITY
[   148.194] (II) Initializing extension XFIXES
[   148.194] (II) Initializing extension RENDER
[   148.194] (II) Initializing extension RANDR
[   148.194] (II) Initializing extension COMPOSITE
[   148.194] (II) Initializing extension DAMAGE
[   148.194] (II) Initializing extension MIT-SCREEN-SAVER
[   148.194] (II) Initializing extension DOUBLE-BUFFER
[   148.195] (II) Initializing extension RECORD
[   148.195] (II) Initializing extension DPMS
[   148.195] (II) Initializing extension Present
[   148.195] (II) Initializing extension DRI3
[   148.195] (II) Initializing extension X-Resource
[   148.195] (II) Initializing extension XVideo
[   148.195] (II) Initializing extension XVideo-MotionCompensation
[   148.195] (II) Initializing extension GLX
[   148.207] (II) AIGLX: Loaded and initialized i965
[   148.207] (II) GLX: Initialized DRI2 GL provider for screen 0
[   148.207] (II) Initializing extension XFree86-VidModeExtension
[   148.207] (II) Initializing extension XFree86-DGA
[   148.207] (II) Initializing extension XFree86-DRI
[   148.207] (II) Initializing extension DRI2
[   148.213] (II) intel(0): switch to mode 1366x768@60.0 on LVDS1 using pipe 0, position (0, 0), rotation normal, reflection none
[   148.229] (II) intel(0): Setting screen physical size to 361 x 203
[   148.275] (II) config/udev: Adding input device Power Button (/dev/input/event2)
[   148.275] (**) Power Button: Applying InputClass "libinput keyboard catchall"
[   148.275] (II) LoadModule: "libinput"
[   148.275] (II) Loading /usr/lib/xorg/modules/input/libinput_drv.so
[   148.276] (II) Module libinput: vendor="X.Org Foundation"
[   148.276] 	compiled for 1.20.5, module version = 0.29.0
[   148.276] 	Module class: X.Org XInput Driver
[   148.276] 	ABI class: X.Org XInput driver, version 24.1
[   148.276] (II) Using input driver 'libinput' for 'Power Button'
[   148.277] (II) systemd-logind: got fd for /dev/input/event2 13:66 fd 15 paused 0
[   148.277] (**) Power Button: always reports core events
[   148.277] (**) Option "Device" "/dev/input/event2"
[   148.277] (**) Option "_source" "server/udev"
[   148.279] (II) event2  - Power Button: is tagged by udev as: Keyboard
[   148.279] (II) event2  - Power Button: device is a keyboard
[   148.280] (II) event2  - Power Button: device removed
[   148.280] (**) Option "config_info" "udev:/sys/devices/LNXSYSTM:00/LNXPWRBN:00/input/input2/event2"
[   148.280] (II) XINPUT: Adding extended input device "Power Button" (type: KEYBOARD, id 6)
[   148.281] (II) event2  - Power Button: is tagged by udev as: Keyboard
[   148.281] (II) event2  - Power Button: device is a keyboard
[   148.282] (II) config/udev: Adding input device Video Bus (/dev/input/event3)
[   148.282] (**) Video Bus: Applying InputClass "libinput keyboard catchall"
[   148.282] (II) Using input driver 'libinput' for 'Video Bus'
[   148.283] (II) systemd-logind: got fd for /dev/input/event3 13:67 fd 18 paused 0
[   148.283] (**) Video Bus: always reports core events
[   148.283] (**) Option "Device" "/dev/input/event3"
[   148.283] (**) Option "_source" "server/udev"
[   148.284] (II) event3  - Video Bus: is tagged by udev as: Keyboard
[   148.284] (II) event3  - Video Bus: device is a keyboard
[   148.284] (II) event3  - Video Bus: device removed
[   148.284] (**) Option "config_info" "udev:/sys/devices/LNXSYSTM:00/LNXSYBUS:00/PNP0A08:00/LNXVIDEO:00/input/input3/event3"
[   148.284] (II) XINPUT: Adding extended input device "Video Bus" (type: KEYBOARD, id 7)
[   148.286] (II) event3  - Video Bus: is tagged by udev as: Keyboard
[   148.286] (II) event3  - Video Bus: device is a keyboard
[   148.286] (II) config/udev: Adding input device Lid Switch (/dev/input/event0)
[   148.286] (II) No input driver specified, ignoring this device.
[   148.286] (II) This device may have been added with another device file.
[   148.287] (II) config/udev: Adding input device Sleep Button (/dev/input/event1)
[   148.287] (**) Sleep Button: Applying InputClass "libinput keyboard catchall"
[   148.287] (II) Using input driver 'libinput' for 'Sleep Button'
[   148.288] (II) systemd-logind: got fd for /dev/input/event1 13:65 fd 19 paused 0
[   148.288] (**) Sleep Button: always reports core events
[   148.288] (**) Option "Device" "/dev/input/event1"
[   148.288] (**) Option "_source" "server/udev"
[   148.289] (II) event1  - Sleep Button: is tagged by udev as: Keyboard
[   148.289] (II) event1  - Sleep Button: device is a keyboard
[   148.289] (II) event1  - Sleep Button: device removed
[   148.289] (**) Option "config_info" "udev:/sys/devices/LNXSYSTM:00/LNXSYBUS:00/PNP0C0E:00/input/input1/event1"
[   148.289] (II) XINPUT: Adding extended input device "Sleep Button" (type: KEYBOARD, id 8)
[   148.291] (II) event1  - Sleep Button: is tagged by udev as: Keyboard
[   148.291] (II) event1  - Sleep Button: device is a keyboard
[   148.293] (II) config/udev: Adding input device Microsoft  Microsoft Basic Optical Mouse v2.0  (/dev/input/event5)
[   148.293] (**) Microsoft  Microsoft Basic Optical Mouse v2.0 : Applying InputClass "libinput pointer catchall"
[   148.293] (II) Using input driver 'libinput' for 'Microsoft  Microsoft Basic Optical Mouse v2.0 '
[   148.294] (II) systemd-logind: got fd for /dev/input/event5 13:69 fd 20 paused 0
[   148.294] (**) Microsoft  Microsoft Basic Optical Mouse v2.0 : always reports core events
[   148.294] (**) Option "Device" "/dev/input/event5"
[   148.294] (**) Option "_source" "server/udev"
[   148.295] (II) event5  - Microsoft  Microsoft Basic Optical Mouse v2.0 : is tagged by udev as: Mouse
[   148.295] (II) event5  - Microsoft  Microsoft Basic Optical Mouse v2.0 : device is a pointer
[   148.295] (II) event5  - Microsoft  Microsoft Basic Optical Mouse v2.0 : device removed
[   148.295] (**) Option "config_info" "udev:/sys/devices/pci0000:00/0000:00:14.0/usb2/2-2/2-2:1.0/0003:045E:00CB.0001/input/input6/event5"
[   148.295] (II) XINPUT: Adding extended input device "Microsoft  Microsoft Basic Optical Mouse v2.0 " (type: MOUSE, id 9)
[   148.295] (**) Option "AccelerationScheme" "none"
[   148.295] (**) Microsoft  Microsoft Basic Optical Mouse v2.0 : (accel) selected scheme none/0
[   148.295] (**) Microsoft  Microsoft Basic Optical Mouse v2.0 : (accel) acceleration factor: 2.000
[   148.295] (**) Microsoft  Microsoft Basic Optical Mouse v2.0 : (accel) acceleration threshold: 4
[   148.296] (II) event5  - Microsoft  Microsoft Basic Optical Mouse v2.0 : is tagged by udev as: Mouse
[   148.296] (II) event5  - Microsoft  Microsoft Basic Optical Mouse v2.0 : device is a pointer
[   148.297] (II) config/udev: Adding input device Microsoft  Microsoft Basic Optical Mouse v2.0  (/dev/input/mouse0)
[   148.297] (II) No input driver specified, ignoring this device.
[   148.297] (II) This device may have been added with another device file.
[   148.297] (II) config/udev: Adding input device Integrated Camera: Integrated C (/dev/input/event8)
[   148.297] (**) Integrated Camera: Integrated C: Applying InputClass "libinput keyboard catchall"
[   148.297] (II) Using input driver 'libinput' for 'Integrated Camera: Integrated C'
[   148.298] (II) systemd-logind: got fd for /dev/input/event8 13:72 fd 21 paused 0
[   148.299] (**) Integrated Camera: Integrated C: always reports core events
[   148.299] (**) Option "Device" "/dev/input/event8"
[   148.299] (**) Option "_source" "server/udev"
[   148.300] (II) event8  - Integrated Camera: Integrated C: is tagged by udev as: Keyboard
[   148.300] (II) event8  - Integrated Camera: Integrated C: device is a keyboard
[   148.300] (II) event8  - Integrated Camera: Integrated C: device removed
[   148.300] (**) Option "config_info" "udev:/sys/devices/pci0000:00/0000:00:1a.0/usb1/1-1/1-1.6/1-1.6:1.0/input/input10/event8"
[   148.300] (II) XINPUT: Adding extended input device "Integrated Camera: Integrated C" (type: KEYBOARD, id 10)
[   148.301] (II) event8  - Integrated Camera: Integrated C: is tagged by udev as: Keyboard
[   148.301] (II) event8  - Integrated Camera: Integrated C: device is a keyboard
[   148.301] (II) config/udev: Adding input device HDA Digital PCBeep (/dev/input/event9)
[   148.301] (II) No input driver specified, ignoring this device.
[   148.301] (II) This device may have been added with another device file.
[   148.302] (II) config/udev: Adding input device HDA Intel PCH Mic (/dev/input/event10)
[   148.302] (II) No input driver specified, ignoring this device.
[   148.302] (II) This device may have been added with another device file.
[   148.302] (II) config/udev: Adding input device HDA Intel PCH Dock Mic (/dev/input/event11)
[   148.302] (II) No input driver specified, ignoring this device.
[   148.302] (II) This device may have been added with another device file.
[   148.302] (II) config/udev: Adding input device HDA Intel PCH Headphone (/dev/input/event12)
[   148.302] (II) No input driver specified, ignoring this device.
[   148.302] (II) This device may have been added with another device file.
[   148.302] (II) config/udev: Adding input device HDA Intel PCH Dock Headphone (/dev/input/event13)
[   148.302] (II) No input driver specified, ignoring this device.
[   148.302] (II) This device may have been added with another device file.
[   148.303] (II) config/udev: Adding input device HDA Intel PCH HDMI/DP,pcm=3 (/dev/input/event14)
[   148.303] (II) No input driver specified, ignoring this device.
[   148.303] (II) This device may have been added with another device file.
[   148.303] (II) config/udev: Adding input device HDA Intel PCH HDMI/DP,pcm=7 (/dev/input/event15)
[   148.303] (II) No input driver specified, ignoring this device.
[   148.303] (II) This device may have been added with another device file.
[   148.303] (II) config/udev: Adding input device HDA Intel PCH HDMI/DP,pcm=8 (/dev/input/event16)
[   148.303] (II) No input driver specified, ignoring this device.
[   148.303] (II) This device may have been added with another device file.
[   148.304] (II) config/udev: Adding input device AT Translated Set 2 keyboard (/dev/input/event4)
[   148.304] (**) AT Translated Set 2 keyboard: Applying InputClass "libinput keyboard catchall"
[   148.304] (II) Using input driver 'libinput' for 'AT Translated Set 2 keyboard'
[   148.305] (II) systemd-logind: got fd for /dev/input/event4 13:68 fd 22 paused 0
[   148.305] (**) AT Translated Set 2 keyboard: always reports core events
[   148.305] (**) Option "Device" "/dev/input/event4"
[   148.305] (**) Option "_source" "server/udev"
[   148.306] (II) event4  - AT Translated Set 2 keyboard: is tagged by udev as: Keyboard
[   148.306] (II) event4  - AT Translated Set 2 keyboard: device is a keyboard
[   148.307] (II) event4  - AT Translated Set 2 keyboard: device removed
[   148.307] (**) Option "config_info" "udev:/sys/devices/platform/i8042/serio0/input/input4/event4"
[   148.307] (II) XINPUT: Adding extended input device "AT Translated Set 2 keyboard" (type: KEYBOARD, id 11)
[   148.308] (II) event4  - AT Translated Set 2 keyboard: is tagged by udev as: Keyboard
[   148.308] (II) event4  - AT Translated Set 2 keyboard: device is a keyboard
[   148.309] (II) config/udev: Adding input device SynPS/2 Synaptics TouchPad (/dev/input/event17)
[   148.309] (**) SynPS/2 Synaptics TouchPad: Applying InputClass "libinput touchpad catchall"
[   148.309] (**) SynPS/2 Synaptics TouchPad: Applying InputClass "touchpad catchall"
[   148.309] (**) SynPS/2 Synaptics TouchPad: Applying InputClass "Default clickpad buttons"
[   148.309] (II) LoadModule: "synaptics"
[   148.309] (II) Loading /usr/lib/xorg/modules/input/synaptics_drv.so
[   148.309] (II) Module synaptics: vendor="X.Org Foundation"
[   148.309] 	compiled for 1.20.0, module version = 1.9.1
[   148.309] 	Module class: X.Org XInput Driver
[   148.309] 	ABI class: X.Org XInput driver, version 24.1
[   148.309] (II) Using input driver 'synaptics' for 'SynPS/2 Synaptics TouchPad'
[   148.310] (II) systemd-logind: got fd for /dev/input/event17 13:81 fd 23 paused 0
[   148.310] (**) SynPS/2 Synaptics TouchPad: always reports core events
[   148.310] (**) Option "Device" "/dev/input/event17"
[   148.310] (II) synaptics: SynPS/2 Synaptics TouchPad: ignoring touch events for semi-multitouch device
[   148.310] (--) synaptics: SynPS/2 Synaptics TouchPad: x-axis range 1472 - 5470 (res 60)
[   148.310] (--) synaptics: SynPS/2 Synaptics TouchPad: y-axis range 1408 - 4498 (res 85)
[   148.310] (--) synaptics: SynPS/2 Synaptics TouchPad: pressure range 0 - 255
[   148.310] (--) synaptics: SynPS/2 Synaptics TouchPad: finger width range 0 - 15
[   148.310] (--) synaptics: SynPS/2 Synaptics TouchPad: buttons: left right double triple
[   148.310] (--) synaptics: SynPS/2 Synaptics TouchPad: Vendor 0x2 Product 0x7
[   148.310] (--) synaptics: SynPS/2 Synaptics TouchPad: touchpad found
[   148.310] (**) SynPS/2 Synaptics TouchPad: always reports core events
[   148.310] (**) Option "config_info" "udev:/sys/devices/platform/i8042/serio1/input/input8/event17"
[   148.310] (II) XINPUT: Adding extended input device "SynPS/2 Synaptics TouchPad" (type: TOUCHPAD, id 12)
[   148.310] (**) synaptics: SynPS/2 Synaptics TouchPad: (accel) MinSpeed is now constant deceleration 2.5
[   148.310] (**) synaptics: SynPS/2 Synaptics TouchPad: (accel) MaxSpeed is now 1.75
[   148.310] (**) synaptics: SynPS/2 Synaptics TouchPad: (accel) AccelFactor is now 0.040
[   148.310] (**) SynPS/2 Synaptics TouchPad: (accel) keeping acceleration scheme 1
[   148.310] (**) SynPS/2 Synaptics TouchPad: (accel) acceleration profile 1
[   148.310] (**) SynPS/2 Synaptics TouchPad: (accel) acceleration factor: 2.000
[   148.310] (**) SynPS/2 Synaptics TouchPad: (accel) acceleration threshold: 4
[   148.310] (--) synaptics: SynPS/2 Synaptics TouchPad: touchpad found
[   148.311] (II) config/udev: Adding input device SynPS/2 Synaptics TouchPad (/dev/input/mouse1)
[   148.311] (**) SynPS/2 Synaptics TouchPad: Ignoring device from InputClass "touchpad ignore duplicates"
[   148.311] (II) config/udev: Adding input device TPPS/2 IBM TrackPoint (/dev/input/event18)
[   148.311] (**) TPPS/2 IBM TrackPoint: Applying InputClass "libinput pointer catchall"
[   148.311] (II) Using input driver 'libinput' for 'TPPS/2 IBM TrackPoint'
[   148.312] (II) systemd-logind: got fd for /dev/input/event18 13:82 fd 24 paused 0
[   148.312] (**) TPPS/2 IBM TrackPoint: always reports core events
[   148.312] (**) Option "Device" "/dev/input/event18"
[   148.312] (**) Option "_source" "server/udev"
[   148.313] (II) event18 - TPPS/2 IBM TrackPoint: is tagged by udev as: Mouse Pointingstick
[   148.313] (II) event18 - TPPS/2 IBM TrackPoint: device is a pointer
[   148.314] (II) event18 - TPPS/2 IBM TrackPoint: device removed
[   148.314] (**) Option "config_info" "udev:/sys/devices/platform/i8042/serio1/serio2/input/input19/event18"
[   148.314] (II) XINPUT: Adding extended input device "TPPS/2 IBM TrackPoint" (type: MOUSE, id 13)
[   148.314] (**) Option "AccelerationScheme" "none"
[   148.314] (**) TPPS/2 IBM TrackPoint: (accel) selected scheme none/0
[   148.314] (**) TPPS/2 IBM TrackPoint: (accel) acceleration factor: 2.000
[   148.314] (**) TPPS/2 IBM TrackPoint: (accel) acceleration threshold: 4
[   148.315] (II) event18 - TPPS/2 IBM TrackPoint: is tagged by udev as: Mouse Pointingstick
[   148.316] (II) event18 - TPPS/2 IBM TrackPoint: device is a pointer
[   148.317] (II) config/udev: Adding input device TPPS/2 IBM TrackPoint (/dev/input/mouse2)
[   148.317] (II) No input driver specified, ignoring this device.
[   148.317] (II) This device may have been added with another device file.
[   148.317] (II) config/udev: Adding input device PC Speaker (/dev/input/event6)
[   148.317] (II) No input driver specified, ignoring this device.
[   148.317] (II) This device may have been added with another device file.
[   148.318] (II) config/udev: Adding input device ThinkPad Extra Buttons (/dev/input/event7)
[   148.318] (**) ThinkPad Extra Buttons: Applying InputClass "libinput keyboard catchall"
[   148.318] (II) Using input driver 'libinput' for 'ThinkPad Extra Buttons'
[   148.319] (II) systemd-logind: got fd for /dev/input/event7 13:71 fd 25 paused 0
[   148.319] (**) ThinkPad Extra Buttons: always reports core events
[   148.319] (**) Option "Device" "/dev/input/event7"
[   148.319] (**) Option "_source" "server/udev"
[   148.320] (II) event7  - ThinkPad Extra Buttons: is tagged by udev as: Keyboard Switch
[   148.320] (II) event7  - ThinkPad Extra Buttons: device is a keyboard
[   148.320] (II) event7  - ThinkPad Extra Buttons: device removed
[   148.320] (**) Option "config_info" "udev:/sys/devices/platform/thinkpad_acpi/input/input9/event7"
[   148.320] (II) XINPUT: Adding extended input device "ThinkPad Extra Buttons" (type: KEYBOARD, id 14)
[   148.321] (II) event7  - ThinkPad Extra Buttons: is tagged by udev as: Keyboard Switch
[   148.321] (II) event7  - ThinkPad Extra Buttons: device is a keyboard
[   150.194] (II) intel(0): EDID vendor "SEC", prod id 12626
[   150.194] (II) intel(0): Printing DDC gathered Modelines:
[   150.194] (II) intel(0): Modeline "1366x768"x0.0   74.80  1366 1414 1446 1578  768 770 775 790 -hsync -vsync (47.4 kHz eP)
[   155.980] (**) Option "fd" "15"
[   155.980] (II) event2  - Power Button: device removed
[   155.980] (**) Option "fd" "18"
[   155.980] (II) event3  - Video Bus: device removed
[   155.980] (**) Option "fd" "19"
[   155.980] (II) event1  - Sleep Button: device removed
[   155.980] (**) Option "fd" "20"
[   155.980] (II) event5  - Microsoft  Microsoft Basic Optical Mouse v2.0 : device removed
[   155.980] (**) Option "fd" "21"
[   155.980] (II) event8  - Integrated Camera: Integrated C: device removed
[   155.980] (**) Option "fd" "22"
[   155.980] (II) event4  - AT Translated Set 2 keyboard: device removed
[   155.980] (**) Option "fd" "24"
[   155.980] (II) event18 - TPPS/2 IBM TrackPoint: device removed
[   155.980] (**) Option "fd" "25"
[   155.980] (II) event7  - ThinkPad Extra Buttons: device removed
[   155.981] (II) UnloadModule: "libinput"
[   155.981] (II) systemd-logind: releasing fd for 13:71
[   156.010] (II) UnloadModule: "libinput"
[   156.010] (II) systemd-logind: releasing fd for 13:82
[   156.016] (II) UnloadModule: "synaptics"
[   156.016] (II) systemd-logind: releasing fd for 13:81
[   156.017] (II) UnloadModule: "libinput"
[   156.017] (II) systemd-logind: releasing fd for 13:68
[   156.018] (II) UnloadModule: "libinput"
[   156.018] (II) systemd-logind: releasing fd for 13:72
[   156.019] (II) UnloadModule: "libinput"
[   156.019] (II) systemd-logind: releasing fd for 13:69
[   156.019] (II) UnloadModule: "libinput"
[   156.019] (II) systemd-logind: releasing fd for 13:65
[   156.021] (II) UnloadModule: "libinput"
[   156.021] (II) systemd-logind: releasing fd for 13:67
[   156.022] (II) UnloadModule: "libinput"
[   156.022] (II) systemd-logind: releasing fd for 13:66
[   156.060] (WW) xf86CloseConsole: KDSETMODE failed: Input/output error
[   156.060] (WW) xf86CloseConsole: VT_GETMODE failed: Input/output error
[   156.060] (WW) xf86CloseConsole: VT_ACTIVATE failed: Input/output error
[   156.130] (II) Server terminated successfully (0). Closing log file.
