[ 26006.157] (WW) Failed to open protocol names file lib/xorg/protocol.txt
[ 26006.159] 
X.Org X Server 1.20.3
X Protocol Version 11, Revision 0
[ 26006.164] Build Operating System: Linux Arch Linux
[ 26006.165] Current Operating System: Linux T530 4.19.8.a-1-hardened #1 SMP PREEMPT Sun Dec 9 13:12:56 CET 2018 x86_64
[ 26006.165] Kernel command line: page_poison=1 slab_nomerge pti=on initrd=\initramfs-linux-hardened.img root=/dev/sda2 rw quiet scsi_mod.use_blk_mq=1 elevator=bfq
[ 26006.168] Build Date: 25 October 2018  04:42:32PM
[ 26006.170]  
[ 26006.173] Current version of pixman: 0.36.0
[ 26006.178] 	Before reporting problems, check http://wiki.x.org
	to make sure that you have the latest version.
[ 26006.178] Markers: (--) probed, (**) from config file, (==) default setting,
	(++) from command line, (!!) notice, (II) informational,
	(WW) warning, (EE) error, (NI) not implemented, (??) unknown.
[ 26006.181] (==) Log file: "/home/austin/.local/share/xorg/Xorg.0.log", Time: Sun Dec 16 08:41:09 2018
[ 26006.182] (==) Using system config directory "/usr/share/X11/xorg.conf.d"
[ 26006.182] (==) No Layout section.  Using the first Screen section.
[ 26006.182] (==) No screen section available. Using defaults.
[ 26006.182] (**) |-->Screen "Default Screen Section" (0)
[ 26006.182] (**) |   |-->Monitor "<default monitor>"
[ 26006.182] (==) No monitor specified for screen "Default Screen Section".
	Using a default monitor configuration.
[ 26006.182] (==) Automatically adding devices
[ 26006.182] (==) Automatically enabling devices
[ 26006.182] (==) Automatically adding GPU devices
[ 26006.182] (==) Automatically binding GPU devices
[ 26006.182] (==) Max clients allowed: 256, resource mask: 0x1fffff
[ 26006.182] (WW) The directory "/usr/share/fonts/Type1" does not exist.
[ 26006.182] 	Entry deleted from font path.
[ 26006.182] (WW) `fonts.dir' not found (or not valid) in "/usr/share/fonts/100dpi".
[ 26006.182] 	Entry deleted from font path.
[ 26006.182] 	(Run 'mkfontdir' on "/usr/share/fonts/100dpi").
[ 26006.182] (WW) `fonts.dir' not found (or not valid) in "/usr/share/fonts/75dpi".
[ 26006.182] 	Entry deleted from font path.
[ 26006.182] 	(Run 'mkfontdir' on "/usr/share/fonts/75dpi").
[ 26006.182] (==) FontPath set to:
	/usr/share/fonts/misc,
	/usr/share/fonts/TTF,
	/usr/share/fonts/OTF
[ 26006.182] (==) ModulePath set to "/usr/lib/xorg/modules"
[ 26006.182] (II) The server relies on udev to provide the list of input devices.
	If no devices become available, reconfigure udev or disable AutoAddDevices.
[ 26006.182] (II) Module ABI versions:
[ 26006.182] 	X.Org ANSI C Emulation: 0.4
[ 26006.182] 	X.Org Video Driver: 24.0
[ 26006.182] 	X.Org XInput driver : 24.1
[ 26006.182] 	X.Org Server Extension : 10.0
[ 26006.183] (++) using VT number 1

[ 26006.184] (II) systemd-logind: took control of session /org/freedesktop/login1/session/_3321
[ 26006.185] (II) xfree86: Adding drm device (/dev/dri/card0)
[ 26006.186] (II) systemd-logind: got fd for /dev/dri/card0 226:0 fd 10 paused 0
[ 26006.189] (--) PCI:*(0@0:2:0) 8086:0166:17aa:21f6 rev 9, Mem @ 0xf0000000/4194304, 0xe0000000/268435456, I/O @ 0x00005000/64, BIOS @ 0x????????/131072
[ 26006.189] (WW) Open ACPI failed (/var/run/acpid.socket) (No such file or directory)
[ 26006.189] (II) LoadModule: "glx"
[ 26006.189] (II) Loading /usr/lib/xorg/modules/extensions/libglx.so
[ 26006.191] (II) Module glx: vendor="X.Org Foundation"
[ 26006.191] 	compiled for 1.20.3, module version = 1.0.0
[ 26006.191] 	ABI class: X.Org Server Extension, version 10.0
[ 26006.192] (==) Matched intel as autoconfigured driver 0
[ 26006.192] (==) Matched modesetting as autoconfigured driver 1
[ 26006.192] (==) Matched fbdev as autoconfigured driver 2
[ 26006.192] (==) Matched vesa as autoconfigured driver 3
[ 26006.192] (==) Assigned the driver to the xf86ConfigLayout
[ 26006.192] (II) LoadModule: "intel"
[ 26006.192] (II) Loading /usr/lib/xorg/modules/drivers/intel_drv.so
[ 26006.192] (II) Module intel: vendor="X.Org Foundation"
[ 26006.192] 	compiled for 1.20.3, module version = 2.99.917
[ 26006.192] 	Module class: X.Org Video Driver
[ 26006.192] 	ABI class: X.Org Video Driver, version 24.0
[ 26006.192] (II) LoadModule: "modesetting"
[ 26006.192] (II) Loading /usr/lib/xorg/modules/drivers/modesetting_drv.so
[ 26006.193] (II) Module modesetting: vendor="X.Org Foundation"
[ 26006.193] 	compiled for 1.20.3, module version = 1.20.3
[ 26006.193] 	Module class: X.Org Video Driver
[ 26006.193] 	ABI class: X.Org Video Driver, version 24.0
[ 26006.193] (II) LoadModule: "fbdev"
[ 26006.193] (WW) Warning, couldn't open module fbdev
[ 26006.193] (EE) Failed to load module "fbdev" (module does not exist, 0)
[ 26006.193] (II) LoadModule: "vesa"
[ 26006.193] (WW) Warning, couldn't open module vesa
[ 26006.193] (EE) Failed to load module "vesa" (module does not exist, 0)
[ 26006.193] (II) intel: Driver for Intel(R) Integrated Graphics Chipsets:
	i810, i810-dc100, i810e, i815, i830M, 845G, 854, 852GM/855GM, 865G,
	915G, E7221 (i915), 915GM, 945G, 945GM, 945GME, Pineview GM,
	Pineview G, 965G, G35, 965Q, 946GZ, 965GM, 965GME/GLE, G33, Q35, Q33,
	GM45, 4 Series, G45/G43, Q45/Q43, G41, B43
[ 26006.193] (II) intel: Driver for Intel(R) HD Graphics
[ 26006.193] (II) intel: Driver for Intel(R) Iris(TM) Graphics
[ 26006.193] (II) intel: Driver for Intel(R) Iris(TM) Pro Graphics
[ 26006.193] (II) modesetting: Driver for Modesetting Kernel Drivers: kms
[ 26006.193] xf86EnableIOPorts: failed to set IOPL for I/O (Operation not permitted)
[ 26006.193] (II) intel(0): Using Kernel Mode Setting driver: i915, version 1.6.0 20180719
[ 26006.193] (II) intel(0): SNA compiled from 2.99.917-855-g746ab3bb
[ 26006.207] (WW) Falling back to old probe method for modesetting
[ 26006.207] (WW) VGA arbiter: cannot open kernel arbiter, no multi-card support
[ 26006.208] (--) intel(0): Integrated Graphics Chipset: Intel(R) HD Graphics 4000
[ 26006.208] (--) intel(0): CPU: x86-64, sse2, sse3, ssse3, sse4.1, sse4.2, avx; using a maximum of 2 threads
[ 26006.208] (II) intel(0): Creating default Display subsection in Screen section
	"Default Screen Section" for depth/fbbpp 24/32
[ 26006.208] (==) intel(0): Depth 24, (--) framebuffer bpp 32
[ 26006.208] (==) intel(0): RGB weight 888
[ 26006.208] (==) intel(0): Default visual is TrueColor
[ 26006.209] (II) intel(0): Output LVDS1 has no monitor section
[ 26006.209] (**) intel(0): Found backlight control interface intel_backlight (type 'raw') for output LVDS1
[ 26006.209] (II) intel(0): Enabled output LVDS1
[ 26006.209] (II) intel(0): Output VGA1 has no monitor section
[ 26006.210] (II) intel(0): Enabled output VGA1
[ 26006.210] (II) intel(0): Output HDMI1 has no monitor section
[ 26006.210] (II) intel(0): Enabled output HDMI1
[ 26006.210] (II) intel(0): Output DP1 has no monitor section
[ 26006.210] (II) intel(0): Enabled output DP1
[ 26006.210] (II) intel(0): Output HDMI2 has no monitor section
[ 26006.210] (II) intel(0): Enabled output HDMI2
[ 26006.210] (II) intel(0): Output HDMI3 has no monitor section
[ 26006.210] (II) intel(0): Enabled output HDMI3
[ 26006.210] (II) intel(0): Output DP2 has no monitor section
[ 26006.210] (II) intel(0): Enabled output DP2
[ 26006.210] (II) intel(0): Output DP3 has no monitor section
[ 26006.211] (II) intel(0): Enabled output DP3
[ 26006.211] (--) intel(0): Using a maximum size of 256x256 for hardware cursors
[ 26006.211] (II) intel(0): Output VIRTUAL1 has no monitor section
[ 26006.211] (II) intel(0): Enabled output VIRTUAL1
[ 26006.211] (--) intel(0): Output LVDS1 using initial mode 1366x768 on pipe 0
[ 26006.211] (==) intel(0): TearFree disabled
[ 26006.211] (==) intel(0): Using gamma correction (1.0, 1.0, 1.0)
[ 26006.211] (==) intel(0): DPI set to (96, 96)
[ 26006.211] (II) Loading sub module "dri3"
[ 26006.211] (II) LoadModule: "dri3"
[ 26006.211] (II) Module "dri3" already built-in
[ 26006.211] (II) Loading sub module "dri2"
[ 26006.211] (II) LoadModule: "dri2"
[ 26006.211] (II) Module "dri2" already built-in
[ 26006.211] (II) Loading sub module "present"
[ 26006.211] (II) LoadModule: "present"
[ 26006.211] (II) Module "present" already built-in
[ 26006.211] (II) UnloadModule: "modesetting"
[ 26006.211] (II) Unloading modesetting
[ 26006.212] (II) intel(0): SNA initialized with Ivybridge (gen7, gt2) backend
[ 26006.212] (==) intel(0): Backing store enabled
[ 26006.212] (==) intel(0): Silken mouse disabled
[ 26006.212] (II) intel(0): HW Cursor enabled
[ 26006.212] (==) intel(0): DPMS enabled
[ 26006.212] (==) intel(0): Display hotplug detection enabled
[ 26006.212] (II) intel(0): [DRI2] Setup complete
[ 26006.212] (II) intel(0): [DRI2]   DRI driver: i965
[ 26006.212] (II) intel(0): [DRI2]   VDPAU driver: va_gl
[ 26006.212] (II) intel(0): direct rendering: DRI2 DRI3 enabled
[ 26006.212] (II) intel(0): hardware support for Present enabled
[ 26006.212] (II) Initializing extension Generic Event Extension
[ 26006.212] (II) Initializing extension SHAPE
[ 26006.212] (II) Initializing extension MIT-SHM
[ 26006.212] (II) Initializing extension XInputExtension
[ 26006.212] (II) Initializing extension XTEST
[ 26006.212] (II) Initializing extension BIG-REQUESTS
[ 26006.212] (II) Initializing extension SYNC
[ 26006.213] (II) Initializing extension XKEYBOARD
[ 26006.213] (II) Initializing extension XC-MISC
[ 26006.213] (II) Initializing extension SECURITY
[ 26006.213] (II) Initializing extension XFIXES
[ 26006.213] (II) Initializing extension RENDER
[ 26006.213] (II) Initializing extension RANDR
[ 26006.213] (II) Initializing extension COMPOSITE
[ 26006.213] (II) Initializing extension DAMAGE
[ 26006.213] (II) Initializing extension MIT-SCREEN-SAVER
[ 26006.213] (II) Initializing extension DOUBLE-BUFFER
[ 26006.213] (II) Initializing extension RECORD
[ 26006.213] (II) Initializing extension DPMS
[ 26006.213] (II) Initializing extension Present
[ 26006.213] (II) Initializing extension DRI3
[ 26006.213] (II) Initializing extension X-Resource
[ 26006.213] (II) Initializing extension XVideo
[ 26006.213] (II) Initializing extension XVideo-MotionCompensation
[ 26006.213] (II) Initializing extension GLX
[ 26006.224] (II) AIGLX: Loaded and initialized i965
[ 26006.224] (II) GLX: Initialized DRI2 GL provider for screen 0
[ 26006.224] (II) Initializing extension XFree86-VidModeExtension
[ 26006.224] (II) Initializing extension XFree86-DGA
[ 26006.224] (II) Initializing extension XFree86-DRI
[ 26006.224] (II) Initializing extension DRI2
[ 26006.226] (II) intel(0): switch to mode 1366x768@60.0 on LVDS1 using pipe 0, position (0, 0), rotation normal, reflection none
[ 26006.235] (II) intel(0): Setting screen physical size to 361 x 203
[ 26006.285] (II) config/udev: Adding input device Power Button (/dev/input/event2)
[ 26006.285] (**) Power Button: Applying InputClass "libinput keyboard catchall"
[ 26006.285] (II) LoadModule: "libinput"
[ 26006.285] (II) Loading /usr/lib/xorg/modules/input/libinput_drv.so
[ 26006.286] (II) Module libinput: vendor="X.Org Foundation"
[ 26006.286] 	compiled for 1.20.1, module version = 0.28.1
[ 26006.286] 	Module class: X.Org XInput Driver
[ 26006.286] 	ABI class: X.Org XInput driver, version 24.1
[ 26006.286] (II) Using input driver 'libinput' for 'Power Button'
[ 26006.287] (II) systemd-logind: got fd for /dev/input/event2 13:66 fd 15 paused 0
[ 26006.287] (**) Power Button: always reports core events
[ 26006.287] (**) Option "Device" "/dev/input/event2"
[ 26006.287] (**) Option "_source" "server/udev"
[ 26006.289] (II) event2  - Power Button: is tagged by udev as: Keyboard
[ 26006.289] (II) event2  - Power Button: device is a keyboard
[ 26006.289] (II) event2  - Power Button: device removed
[ 26006.289] (**) Option "config_info" "udev:/sys/devices/LNXSYSTM:00/LNXPWRBN:00/input/input2/event2"
[ 26006.289] (II) XINPUT: Adding extended input device "Power Button" (type: KEYBOARD, id 6)
[ 26006.291] (II) event2  - Power Button: is tagged by udev as: Keyboard
[ 26006.291] (II) event2  - Power Button: device is a keyboard
[ 26006.292] (II) config/udev: Adding input device Video Bus (/dev/input/event3)
[ 26006.292] (**) Video Bus: Applying InputClass "libinput keyboard catchall"
[ 26006.292] (II) Using input driver 'libinput' for 'Video Bus'
[ 26006.292] (II) systemd-logind: got fd for /dev/input/event3 13:67 fd 18 paused 0
[ 26006.292] (**) Video Bus: always reports core events
[ 26006.292] (**) Option "Device" "/dev/input/event3"
[ 26006.292] (**) Option "_source" "server/udev"
[ 26006.293] (II) event3  - Video Bus: is tagged by udev as: Keyboard
[ 26006.293] (II) event3  - Video Bus: device is a keyboard
[ 26006.293] (II) event3  - Video Bus: device removed
[ 26006.293] (**) Option "config_info" "udev:/sys/devices/LNXSYSTM:00/LNXSYBUS:00/PNP0A08:00/LNXVIDEO:00/input/input3/event3"
[ 26006.293] (II) XINPUT: Adding extended input device "Video Bus" (type: KEYBOARD, id 7)
[ 26006.294] (II) event3  - Video Bus: is tagged by udev as: Keyboard
[ 26006.294] (II) event3  - Video Bus: device is a keyboard
[ 26006.294] (II) config/udev: Adding input device Lid Switch (/dev/input/event0)
[ 26006.294] (II) No input driver specified, ignoring this device.
[ 26006.294] (II) This device may have been added with another device file.
[ 26006.295] (II) config/udev: Adding input device Sleep Button (/dev/input/event1)
[ 26006.295] (**) Sleep Button: Applying InputClass "libinput keyboard catchall"
[ 26006.295] (II) Using input driver 'libinput' for 'Sleep Button'
[ 26006.295] (II) systemd-logind: got fd for /dev/input/event1 13:65 fd 19 paused 0
[ 26006.295] (**) Sleep Button: always reports core events
[ 26006.295] (**) Option "Device" "/dev/input/event1"
[ 26006.295] (**) Option "_source" "server/udev"
[ 26006.296] (II) event1  - Sleep Button: is tagged by udev as: Keyboard
[ 26006.296] (II) event1  - Sleep Button: device is a keyboard
[ 26006.296] (II) event1  - Sleep Button: device removed
[ 26006.296] (**) Option "config_info" "udev:/sys/devices/LNXSYSTM:00/LNXSYBUS:00/PNP0C0E:00/input/input1/event1"
[ 26006.296] (II) XINPUT: Adding extended input device "Sleep Button" (type: KEYBOARD, id 8)
[ 26006.297] (II) event1  - Sleep Button: is tagged by udev as: Keyboard
[ 26006.297] (II) event1  - Sleep Button: device is a keyboard
[ 26006.299] (II) config/udev: Adding input device Integrated Camera: Integrated C (/dev/input/event7)
[ 26006.299] (**) Integrated Camera: Integrated C: Applying InputClass "libinput keyboard catchall"
[ 26006.299] (II) Using input driver 'libinput' for 'Integrated Camera: Integrated C'
[ 26006.300] (II) systemd-logind: got fd for /dev/input/event7 13:71 fd 20 paused 0
[ 26006.300] (**) Integrated Camera: Integrated C: always reports core events
[ 26006.300] (**) Option "Device" "/dev/input/event7"
[ 26006.300] (**) Option "_source" "server/udev"
[ 26006.301] (II) event7  - Integrated Camera: Integrated C: is tagged by udev as: Keyboard
[ 26006.301] (II) event7  - Integrated Camera: Integrated C: device is a keyboard
[ 26006.301] (II) event7  - Integrated Camera: Integrated C: device removed
[ 26006.301] (**) Option "config_info" "udev:/sys/devices/pci0000:00/0000:00:1a.0/usb1/1-1/1-1.6/1-1.6:1.0/input/input9/event7"
[ 26006.301] (II) XINPUT: Adding extended input device "Integrated Camera: Integrated C" (type: KEYBOARD, id 9)
[ 26006.303] (II) event7  - Integrated Camera: Integrated C: is tagged by udev as: Keyboard
[ 26006.303] (II) event7  - Integrated Camera: Integrated C: device is a keyboard
[ 26006.304] (II) config/udev: Adding input device HDA Digital PCBeep (/dev/input/event8)
[ 26006.304] (II) No input driver specified, ignoring this device.
[ 26006.304] (II) This device may have been added with another device file.
[ 26006.304] (II) config/udev: Adding input device HDA Intel PCH Mic (/dev/input/event9)
[ 26006.304] (II) No input driver specified, ignoring this device.
[ 26006.304] (II) This device may have been added with another device file.
[ 26006.305] (II) config/udev: Adding input device HDA Intel PCH Dock Mic (/dev/input/event10)
[ 26006.305] (II) No input driver specified, ignoring this device.
[ 26006.305] (II) This device may have been added with another device file.
[ 26006.305] (II) config/udev: Adding input device HDA Intel PCH Headphone (/dev/input/event11)
[ 26006.305] (II) No input driver specified, ignoring this device.
[ 26006.305] (II) This device may have been added with another device file.
[ 26006.306] (II) config/udev: Adding input device HDA Intel PCH Dock Headphone (/dev/input/event12)
[ 26006.306] (II) No input driver specified, ignoring this device.
[ 26006.306] (II) This device may have been added with another device file.
[ 26006.306] (II) config/udev: Adding input device HDA Intel PCH HDMI/DP,pcm=3 (/dev/input/event13)
[ 26006.306] (II) No input driver specified, ignoring this device.
[ 26006.306] (II) This device may have been added with another device file.
[ 26006.307] (II) config/udev: Adding input device HDA Intel PCH HDMI/DP,pcm=7 (/dev/input/event14)
[ 26006.307] (II) No input driver specified, ignoring this device.
[ 26006.307] (II) This device may have been added with another device file.
[ 26006.307] (II) config/udev: Adding input device HDA Intel PCH HDMI/DP,pcm=8 (/dev/input/event15)
[ 26006.307] (II) No input driver specified, ignoring this device.
[ 26006.307] (II) This device may have been added with another device file.
[ 26006.308] (II) config/udev: Adding input device AT Translated Set 2 keyboard (/dev/input/event4)
[ 26006.308] (**) AT Translated Set 2 keyboard: Applying InputClass "libinput keyboard catchall"
[ 26006.308] (II) Using input driver 'libinput' for 'AT Translated Set 2 keyboard'
[ 26006.309] (II) systemd-logind: got fd for /dev/input/event4 13:68 fd 21 paused 0
[ 26006.309] (**) AT Translated Set 2 keyboard: always reports core events
[ 26006.309] (**) Option "Device" "/dev/input/event4"
[ 26006.309] (**) Option "_source" "server/udev"
[ 26006.310] (II) event4  - AT Translated Set 2 keyboard: is tagged by udev as: Keyboard
[ 26006.310] (II) event4  - AT Translated Set 2 keyboard: device is a keyboard
[ 26006.310] (II) event4  - AT Translated Set 2 keyboard: device removed
[ 26006.310] (**) Option "config_info" "udev:/sys/devices/platform/i8042/serio0/input/input4/event4"
[ 26006.310] (II) XINPUT: Adding extended input device "AT Translated Set 2 keyboard" (type: KEYBOARD, id 10)
[ 26006.311] (II) event4  - AT Translated Set 2 keyboard: is tagged by udev as: Keyboard
[ 26006.311] (II) event4  - AT Translated Set 2 keyboard: device is a keyboard
[ 26006.312] (II) config/udev: Adding input device SynPS/2 Synaptics TouchPad (/dev/input/event16)
[ 26006.312] (**) SynPS/2 Synaptics TouchPad: Applying InputClass "libinput touchpad catchall"
[ 26006.312] (**) SynPS/2 Synaptics TouchPad: Applying InputClass "touchpad catchall"
[ 26006.312] (**) SynPS/2 Synaptics TouchPad: Applying InputClass "Default clickpad buttons"
[ 26006.312] (II) LoadModule: "synaptics"
[ 26006.312] (II) Loading /usr/lib/xorg/modules/input/synaptics_drv.so
[ 26006.312] (II) Module synaptics: vendor="X.Org Foundation"
[ 26006.312] 	compiled for 1.20.0, module version = 1.9.1
[ 26006.312] 	Module class: X.Org XInput Driver
[ 26006.312] 	ABI class: X.Org XInput driver, version 24.1
[ 26006.313] (II) Using input driver 'synaptics' for 'SynPS/2 Synaptics TouchPad'
[ 26006.313] (II) systemd-logind: got fd for /dev/input/event16 13:80 fd 22 paused 0
[ 26006.313] (**) SynPS/2 Synaptics TouchPad: always reports core events
[ 26006.313] (**) Option "Device" "/dev/input/event16"
[ 26006.313] (II) synaptics: SynPS/2 Synaptics TouchPad: ignoring touch events for semi-multitouch device
[ 26006.313] (--) synaptics: SynPS/2 Synaptics TouchPad: x-axis range 1472 - 5470 (res 60)
[ 26006.313] (--) synaptics: SynPS/2 Synaptics TouchPad: y-axis range 1408 - 4498 (res 85)
[ 26006.313] (--) synaptics: SynPS/2 Synaptics TouchPad: pressure range 0 - 255
[ 26006.313] (--) synaptics: SynPS/2 Synaptics TouchPad: finger width range 0 - 15
[ 26006.313] (--) synaptics: SynPS/2 Synaptics TouchPad: buttons: left right double triple
[ 26006.313] (--) synaptics: SynPS/2 Synaptics TouchPad: Vendor 0x2 Product 0x7
[ 26006.313] (--) synaptics: SynPS/2 Synaptics TouchPad: touchpad found
[ 26006.313] (**) SynPS/2 Synaptics TouchPad: always reports core events
[ 26006.313] (**) Option "config_info" "udev:/sys/devices/platform/i8042/serio1/input/input8/event16"
[ 26006.313] (II) XINPUT: Adding extended input device "SynPS/2 Synaptics TouchPad" (type: TOUCHPAD, id 11)
[ 26006.313] (**) synaptics: SynPS/2 Synaptics TouchPad: (accel) MinSpeed is now constant deceleration 2.5
[ 26006.313] (**) synaptics: SynPS/2 Synaptics TouchPad: (accel) MaxSpeed is now 1.75
[ 26006.313] (**) synaptics: SynPS/2 Synaptics TouchPad: (accel) AccelFactor is now 0.040
[ 26006.314] (**) SynPS/2 Synaptics TouchPad: (accel) keeping acceleration scheme 1
[ 26006.314] (**) SynPS/2 Synaptics TouchPad: (accel) acceleration profile 1
[ 26006.314] (**) SynPS/2 Synaptics TouchPad: (accel) acceleration factor: 2.000
[ 26006.314] (**) SynPS/2 Synaptics TouchPad: (accel) acceleration threshold: 4
[ 26006.314] (--) synaptics: SynPS/2 Synaptics TouchPad: touchpad found
[ 26006.314] (II) config/udev: Adding input device SynPS/2 Synaptics TouchPad (/dev/input/mouse0)
[ 26006.314] (**) SynPS/2 Synaptics TouchPad: Ignoring device from InputClass "touchpad ignore duplicates"
[ 26006.314] (II) config/udev: Adding input device TPPS/2 IBM TrackPoint (/dev/input/event17)
[ 26006.314] (**) TPPS/2 IBM TrackPoint: Applying InputClass "libinput pointer catchall"
[ 26006.314] (II) Using input driver 'libinput' for 'TPPS/2 IBM TrackPoint'
[ 26006.315] (II) systemd-logind: got fd for /dev/input/event17 13:81 fd 23 paused 0
[ 26006.315] (**) TPPS/2 IBM TrackPoint: always reports core events
[ 26006.315] (**) Option "Device" "/dev/input/event17"
[ 26006.315] (**) Option "_source" "server/udev"
[ 26006.316] (II) event17 - TPPS/2 IBM TrackPoint: is tagged by udev as: Mouse Pointingstick
[ 26006.316] (II) event17 - TPPS/2 IBM TrackPoint: device is a pointer
[ 26006.316] (II) event17 - TPPS/2 IBM TrackPoint: device removed
[ 26006.316] (**) Option "config_info" "udev:/sys/devices/platform/i8042/serio1/serio2/input/input18/event17"
[ 26006.316] (II) XINPUT: Adding extended input device "TPPS/2 IBM TrackPoint" (type: MOUSE, id 12)
[ 26006.316] (**) Option "AccelerationScheme" "none"
[ 26006.316] (**) TPPS/2 IBM TrackPoint: (accel) selected scheme none/0
[ 26006.316] (**) TPPS/2 IBM TrackPoint: (accel) acceleration factor: 2.000
[ 26006.316] (**) TPPS/2 IBM TrackPoint: (accel) acceleration threshold: 4
[ 26006.317] (II) event17 - TPPS/2 IBM TrackPoint: is tagged by udev as: Mouse Pointingstick
[ 26006.317] (II) event17 - TPPS/2 IBM TrackPoint: device is a pointer
[ 26006.317] (II) config/udev: Adding input device TPPS/2 IBM TrackPoint (/dev/input/mouse1)
[ 26006.317] (II) No input driver specified, ignoring this device.
[ 26006.317] (II) This device may have been added with another device file.
[ 26006.317] (II) config/udev: Adding input device PC Speaker (/dev/input/event5)
[ 26006.317] (II) No input driver specified, ignoring this device.
[ 26006.317] (II) This device may have been added with another device file.
[ 26006.318] (II) config/udev: Adding input device ThinkPad Extra Buttons (/dev/input/event6)
[ 26006.318] (**) ThinkPad Extra Buttons: Applying InputClass "libinput keyboard catchall"
[ 26006.318] (II) Using input driver 'libinput' for 'ThinkPad Extra Buttons'
[ 26006.319] (II) systemd-logind: got fd for /dev/input/event6 13:70 fd 24 paused 0
[ 26006.319] (**) ThinkPad Extra Buttons: always reports core events
[ 26006.319] (**) Option "Device" "/dev/input/event6"
[ 26006.319] (**) Option "_source" "server/udev"
[ 26006.319] (II) event6  - ThinkPad Extra Buttons: is tagged by udev as: Keyboard Switch
[ 26006.319] (II) event6  - ThinkPad Extra Buttons: device is a keyboard
[ 26006.319] (II) event6  - ThinkPad Extra Buttons: device removed
[ 26006.319] (**) Option "config_info" "udev:/sys/devices/platform/thinkpad_acpi/input/input7/event6"
[ 26006.319] (II) XINPUT: Adding extended input device "ThinkPad Extra Buttons" (type: KEYBOARD, id 13)
[ 26006.320] (II) event6  - ThinkPad Extra Buttons: is tagged by udev as: Keyboard Switch
[ 26006.320] (II) event6  - ThinkPad Extra Buttons: device is a keyboard
[ 26008.213] (II) intel(0): EDID vendor "SEC", prod id 12626
[ 26008.214] (II) intel(0): Printing DDC gathered Modelines:
[ 26008.214] (II) intel(0): Modeline "1366x768"x0.0   74.80  1366 1414 1446 1578  768 770 775 790 -hsync -vsync (47.4 kHz eP)
[ 26287.230] (**) Option "fd" "15"
[ 26287.230] (II) event2  - Power Button: device removed
[ 26287.230] (**) Option "fd" "18"
[ 26287.230] (II) event3  - Video Bus: device removed
[ 26287.230] (**) Option "fd" "19"
[ 26287.230] (II) event1  - Sleep Button: device removed
[ 26287.230] (**) Option "fd" "20"
[ 26287.230] (II) event7  - Integrated Camera: Integrated C: device removed
[ 26287.230] (**) Option "fd" "21"
[ 26287.230] (II) event4  - AT Translated Set 2 keyboard: device removed
[ 26287.230] (**) Option "fd" "23"
[ 26287.231] (II) event17 - TPPS/2 IBM TrackPoint: device removed
[ 26287.231] (**) Option "fd" "24"
[ 26287.231] (II) event6  - ThinkPad Extra Buttons: device removed
[ 26287.231] (II) UnloadModule: "libinput"
[ 26287.231] (II) systemd-logind: releasing fd for 13:70
[ 26287.267] (II) UnloadModule: "libinput"
[ 26287.267] (II) systemd-logind: releasing fd for 13:81
[ 26287.301] (II) UnloadModule: "synaptics"
[ 26287.301] (II) systemd-logind: releasing fd for 13:80
[ 26287.323] (II) UnloadModule: "libinput"
[ 26287.324] (II) systemd-logind: releasing fd for 13:68
[ 26287.350] (II) UnloadModule: "libinput"
[ 26287.350] (II) systemd-logind: releasing fd for 13:71
[ 26287.373] (II) UnloadModule: "libinput"
[ 26287.373] (II) systemd-logind: releasing fd for 13:65
[ 26287.390] (II) UnloadModule: "libinput"
[ 26287.390] (II) systemd-logind: releasing fd for 13:67
[ 26287.417] (II) UnloadModule: "libinput"
[ 26287.418] (II) systemd-logind: releasing fd for 13:66
[ 26287.446] (WW) xf86CloseConsole: KDSETMODE failed: Input/output error
[ 26287.446] (WW) xf86CloseConsole: VT_GETMODE failed: Input/output error
[ 26287.446] (WW) xf86CloseConsole: VT_ACTIVATE failed: Input/output error
[ 26287.447] (II) Server terminated successfully (0). Closing log file.
