------------------------------------------
libopenshot logging: Sat Oct  5 17:48:01 2019
------------------------------------------
---- Unhandled Exception: Stack Trace ----
  /usr/lib/libQt5Gui.so.5                                                 0x399b09  [0x7fae3964fb09]
  /usr/lib/libQt5Gui.so.5        QRasterPaintEngine::fillRect(QRectF const&, QSpanData*) 0x296  [0x7fae39651206]
  /usr/lib/libQt5Gui.so.5        QPainter::fillRect(QRect const&, QBrush const&) 0x189  [0x7fae3966eec9]
  /usr/lib/libQt5Widgets.so.5    QWidgetPrivate::paintBackground(QPainter*, QRegion const&, int) const 0x2a3  [0x7fae39a2c673]
  /usr/lib/libQt5Widgets.so.5    QWidgetPrivate::drawWidget(QPaintDevice*, QRegion const&, QPoint const&, int, QPainter*, QWidgetBackingStore*) 0xca3  [0x7fae39a30783]
  /usr/lib/libQt5Widgets.so.5                                             0x16c1dc  [0x7fae39a061dc]
  /usr/lib/libQt5Widgets.so.5                                             0x16c4b7  [0x7fae39a064b7]
  /usr/lib/libQt5Widgets.so.5                                             0x1bb9b7  [0x7fae39a559b7]
  /usr/lib/libQt5Widgets.so.5                                             0x1bc3ba  [0x7fae39a563ba]
  /usr/lib/libQt5Widgets.so.5    QApplicationPrivate::notify_helper(QObject*, QEvent*) 0x85  [0x7fae399f34f5]
  /usr/lib/libQt5Widgets.so.5    QApplication::notify(QObject*, QEvent*)  0x331  [0x7fae399fce11]
  /usr/lib/python3.7/site-packages/PyQt5/QtWidgets.so                                          0x151bcf  [0x7fae3a0b2bcf]
  /usr/lib/libQt5Core.so.5       QCoreApplication::notifyInternal2(QObject*, QEvent*) 0x182  [0x7fae3cd849c2]
  /usr/lib/libQt5Gui.so.5        QGuiApplicationPrivate::processExposeEvent(QWindowSystemInterfacePrivate::ExposeEvent*) 0x95  [0x7fae393d7155]
  /usr/lib/libQt5Gui.so.5        QGuiApplicationPrivate::processWindowSystemEvent(QWindowSystemInterfacePrivate::WindowSystemEvent*) 0x168  [0x7fae393d7388]
  /usr/lib/libQt5Gui.so.5        QWindowSystemInterface::sendWindowSystemEvents(QFlags<QEventLoop::ProcessEventsFlag>) 0xbc  [0x7fae393b1afc]
  /usr/lib/libQt5XcbQpa.so.5                                              0x6c12c  [0x7fae2b77312c]
  /usr/lib/libglib-2.0.so.0      g_main_context_dispatch                  0x27e  [0x7fae3c1b33ae]
  /usr/lib/libglib-2.0.so.0                                               0x6c1c1  [0x7fae3c1b51c1]
  /usr/lib/libglib-2.0.so.0      g_main_context_iteration                 0x31  [0x7fae3c1b5201]
  /usr/lib/libQt5Core.so.5       QEventDispatcherGlib::processEvents(QFlags<QEventLoop::ProcessEventsFlag>) 0x63  [0x7fae3cddca03]
  /usr/lib/libQt5Core.so.5       QEventLoop::exec(QFlags<QEventLoop::ProcessEventsFlag>) 0x12c  [0x7fae3cd834ec]
  /usr/lib/libQt5Widgets.so.5    QDialog::exec()                          0x1de  [0x7fae39bfeade]
  /usr/lib/python3.7/site-packages/PyQt5/QtWidgets.so                                          0x18e23a  [0x7fae3a0ef23a]
  /usr/lib/libpython3.7m.so.1.0  _PyMethodDef_RawFastCallKeywords         0x25f  [0x7fae3e91f5df]
  /usr/lib/libpython3.7m.so.1.0  _PyCFunction_FastCallKeywords            0x24  [0x7fae3e91f714]
  /usr/lib/libpython3.7m.so.1.0                                           0x1382ec  [0x7fae3e9512ec]
  /usr/lib/libpython3.7m.so.1.0  _PyEval_EvalFrameDefault                 0x4fda  [0x7fae3e98b40a]
  /usr/lib/libpython3.7m.so.1.0  _PyEval_EvalCodeWithName                 0x2f8  [0x7fae3e93f768]
  /usr/lib/libpython3.7m.so.1.0  _PyFunction_FastCallDict                 0x2ef  [0x7fae3e940e7f]
  /usr/lib/libpython3.7m.so.1.0  _PyObject_Call_Prepend                   0x68  [0x7fae3e914ce8]
  /usr/lib/libpython3.7m.so.1.0  PyObject_Call                            0x7e  [0x7fae3e9413be]
  /usr/lib/python3.7/site-packages/PyQt5/QtCore.so                                          0x20abe1  [0x7fae3d20bbe1]
  /usr/lib/python3.7/site-packages/PyQt5/QtCore.so                                          0x20b0b1  [0x7fae3d20c0b1]
  /usr/lib/python3.7/site-packages/PyQt5/QtCore.so                                          0x20b3a1  [0x7fae3d20c3a1]
  /usr/lib/python3.7/site-packages/PyQt5/QtCore.so                                          0x20be70  [0x7fae3d20ce70]
  /usr/lib/libQt5Core.so.5       QMetaObject::activate(QObject*, int, int, void**) 0x87d  [0x7fae3cdb0acd]
  /usr/lib/libQt5Widgets.so.5                                             0x2fb779  [0x7fae39b95779]
  /usr/lib/libQt5Core.so.5       QMetaObject::activate(QObject*, int, int, void**) 0x7c1  [0x7fae3cdb0a11]
  /usr/lib/libQt5Widgets.so.5    QAbstractButton::clicked(bool)           0x43  [0x7fae39aecd53]
  /usr/lib/libQt5Widgets.so.5                                             0x252f7c  [0x7fae39aecf7c]
  /usr/lib/libQt5Widgets.so.5                                             0x254382  [0x7fae39aee382]
  /usr/lib/libQt5Widgets.so.5    QAbstractButton::mouseReleaseEvent(QMouseEvent*) 0xe6  [0x7fae39aee546]
  /usr/lib/python3.7/site-packages/PyQt5/QtWidgets.so                                          0x2cafa4  [0x7fae3a22bfa4]
  /usr/lib/libQt5Widgets.so.5    QWidget::event(QEvent*)                  0x256  [0x7fae39a370e6]
  /usr/lib/python3.7/site-packages/PyQt5/QtWidgets.so                                          0x2cb854  [0x7fae3a22c854]
  /usr/lib/libQt5Widgets.so.5    QApplicationPrivate::notify_helper(QObject*, QEvent*) 0x85  [0x7fae399f34f5]
  /usr/lib/libQt5Widgets.so.5    QApplication::notify(QObject*, QEvent*)  0x4aa  [0x7fae399fcf8a]
  /usr/lib/python3.7/site-packages/PyQt5/QtWidgets.so                                          0x151bcf  [0x7fae3a0b2bcf]
  /usr/lib/libQt5Core.so.5       QCoreApplication::notifyInternal2(QObject*, QEvent*) 0x182  [0x7fae3cd849c2]
  /usr/lib/libQt5Widgets.so.5    QApplicationPrivate::sendMouseEvent(QWidget*, QMouseEvent*, QWidget*, QWidget*, QWidget**, QPointer<QWidget>&, bool, bool) 0x1bb  [0x7fae399fc13b]
  /usr/lib/libQt5Widgets.so.5                                             0x1b9391  [0x7fae39a53391]
  /usr/lib/libQt5Widgets.so.5                                             0x1bc2d4  [0x7fae39a562d4]
  /usr/lib/libQt5Widgets.so.5    QApplicationPrivate::notify_helper(QObject*, QEvent*) 0x85  [0x7fae399f34f5]
  /usr/lib/libQt5Widgets.so.5    QApplication::notify(QObject*, QEvent*)  0x331  [0x7fae399fce11]
  /usr/lib/python3.7/site-packages/PyQt5/QtWidgets.so                                          0x151bcf  [0x7fae3a0b2bcf]
  /usr/lib/libQt5Core.so.5       QCoreApplication::notifyInternal2(QObject*, QEvent*) 0x182  [0x7fae3cd849c2]
  /usr/lib/libQt5Gui.so.5        QGuiApplicationPrivate::processMouseEvent(QWindowSystemInterfacePrivate::MouseEvent*) 0x6d4  [0x7fae393d5bf4]
  /usr/lib/libQt5Gui.so.5        QGuiApplicationPrivate::processWindowSystemEvent(QWindowSystemInterfacePrivate::WindowSystemEvent*) 0x27b  [0x7fae393d749b]
  /usr/lib/libQt5Gui.so.5        QWindowSystemInterface::sendWindowSystemEvents(QFlags<QEventLoop::ProcessEventsFlag>) 0xbc  [0x7fae393b1afc]
---- End of Stack Trace ----
------------------------------------------
libopenshot logging: Tue Oct  8 08:13:14 2019
------------------------------------------
---- Unhandled Exception: Stack Trace ----
  /usr/lib/libQt5Gui.so.5                                                 0x399b09  [0x7f70eabfdb09]
  /usr/lib/libQt5Gui.so.5        QRasterPaintEngine::fillRect(QRectF const&, QSpanData*) 0x296  [0x7f70eabff206]
  /usr/lib/libQt5Gui.so.5        QPainter::fillRect(QRect const&, QBrush const&) 0x189  [0x7f70eac1cec9]
  /usr/lib/libQt5Widgets.so.5    QWidgetPrivate::paintBackground(QPainter*, QRegion const&, int) const 0x2a3  [0x7f70eafda673]
  /usr/lib/libQt5Widgets.so.5    QWidgetPrivate::drawWidget(QPaintDevice*, QRegion const&, QPoint const&, int, QPainter*, QWidgetBackingStore*) 0xca3  [0x7f70eafde783]
  /usr/lib/libQt5Widgets.so.5                                             0x16c1dc  [0x7f70eafb41dc]
  /usr/lib/libQt5Widgets.so.5                                             0x16c5f9  [0x7f70eafb45f9]
  /usr/lib/libQt5Widgets.so.5    QWidgetPrivate::syncBackingStore()       0xa7  [0x7f70eafcc8d7]
  /usr/lib/libQt5Widgets.so.5                                             0x1b8aef  [0x7f70eb000aef]
  /usr/lib/libQt5Widgets.so.5                                             0x1bc3e4  [0x7f70eb0043e4]
  /usr/lib/libQt5Widgets.so.5    QApplicationPrivate::notify_helper(QObject*, QEvent*) 0x85  [0x7f70eafa14f5]
  /usr/lib/libQt5Widgets.so.5    QApplication::notify(QObject*, QEvent*)  0x331  [0x7f70eafaae11]
  /usr/lib/python3.7/site-packages/PyQt5/QtWidgets.so                                          0x151bcf  [0x7f70eb660bcf]
  /usr/lib/libQt5Core.so.5       QCoreApplication::notifyInternal2(QObject*, QEvent*) 0x182  [0x7f70ee3349c2]
  /usr/lib/libQt5Gui.so.5        QGuiApplicationPrivate::processGeometryChangeEvent(QWindowSystemInterfacePrivate::GeometryChangeEvent*) 0x179  [0x7f70ea980709]
  /usr/lib/libQt5Gui.so.5        QGuiApplicationPrivate::processWindowSystemEvent(QWindowSystemInterfacePrivate::WindowSystemEvent*) 0x1ab  [0x7f70ea9853cb]
  /usr/lib/libQt5Gui.so.5        QWindowSystemInterface::sendWindowSystemEvents(QFlags<QEventLoop::ProcessEventsFlag>) 0xbc  [0x7f70ea95fafc]
  /usr/lib/libQt5XcbQpa.so.5                                              0x6c12c  [0x7f70dcd2012c]
  /usr/lib/libglib-2.0.so.0      g_main_context_dispatch                  0x27e  [0x7f70ed7613fe]
  /usr/lib/libglib-2.0.so.0                                               0x6c211  [0x7f70ed763211]
  /usr/lib/libglib-2.0.so.0      g_main_context_iteration                 0x31  [0x7f70ed763251]
  /usr/lib/libQt5Core.so.5       QEventDispatcherGlib::processEvents(QFlags<QEventLoop::ProcessEventsFlag>) 0x63  [0x7f70ee38ca03]
  /usr/lib/libQt5Core.so.5       QEventLoop::exec(QFlags<QEventLoop::ProcessEventsFlag>) 0x12c  [0x7f70ee3334ec]
  /usr/lib/libQt5Core.so.5       QCoreApplication::exec()                 0x96  [0x7f70ee33b326]
  /usr/lib/python3.7/site-packages/PyQt5/QtWidgets.so                                          0x15065f  [0x7f70eb65f65f]
  /usr/lib/libpython3.7m.so.1.0  _PyMethodDef_RawFastCallKeywords         0x25f  [0x7f70efec455f]
  /usr/lib/libpython3.7m.so.1.0  _PyCFunction_FastCallKeywords            0x24  [0x7f70efec4694]
  /usr/lib/libpython3.7m.so.1.0                                           0x12b933  [0x7f70efef6933]
  /usr/lib/libpython3.7m.so.1.0  _PyEval_EvalFrameDefault                 0x4fb2  [0x7f70eff32222]
  /usr/lib/libpython3.7m.so.1.0  _PyFunction_FastCallKeywords             0x103  [0x7f70efee58b3]
  /usr/lib/libpython3.7m.so.1.0                                           0x12b820  [0x7f70efef6820]
  /usr/lib/libpython3.7m.so.1.0  _PyEval_EvalFrameDefault                 0x4fb2  [0x7f70eff32222]
  /usr/lib/libpython3.7m.so.1.0  _PyFunction_FastCallKeywords             0x103  [0x7f70efee58b3]
  /usr/lib/libpython3.7m.so.1.0                                           0x12b820  [0x7f70efef6820]
  /usr/lib/libpython3.7m.so.1.0  _PyEval_EvalFrameDefault                 0xa8d  [0x7f70eff2dcfd]
  /usr/lib/libpython3.7m.so.1.0  _PyEval_EvalCodeWithName                 0x2f8  [0x7f70efee4888]
  /usr/lib/libpython3.7m.so.1.0  PyEval_EvalCodeEx                        0x3a  [0x7f70efee57aa]
  /usr/lib/libpython3.7m.so.1.0  PyEval_EvalCode                          0x1c  [0x7f70eff7a0fc]
  /usr/lib/libpython3.7m.so.1.0                                           0x1f8a51  [0x7f70effc3a51]
  /usr/lib/libpython3.7m.so.1.0  PyRun_FileExFlags                        0x9b  [0x7f70effc40db]
  /usr/lib/libpython3.7m.so.1.0  PyRun_SimpleFileExFlags                  0x1a7  [0x7f70effcb5c7]
  /usr/lib/libpython3.7m.so.1.0                                           0x202e30  [0x7f70effcde30]
  /usr/lib/libpython3.7m.so.1.0  _Py_UnixMain                             0x3c  [0x7f70effce1fc]
  /usr/lib/libc.so.6             __libc_start_main                        0xf3  [0x7f70f0136153]
  /usr/bin/python                _start                                   0x2e  [0x55e6de6f505e]
---- End of Stack Trace ----
------------------------------------------
libopenshot logging: Thu Nov 21 10:26:43 2019
------------------------------------------
------------------------------------------
libopenshot logging: Thu Nov 21 10:26:44 2019
------------------------------------------
