I 2019-11-18 16:00:34.128300 [Main] {36} Battle.net Setup 1.16.3.2988 started. 
I 2019-11-18 16:00:34.128340 [Main] {36} Running from: Z:\home\austin\games\Diablo-III-Setup.exe
I 2019-11-18 16:00:34.128365 [Main] {36} Configuration: locale=enUS uid=diablo3_enus
I 2019-11-18 16:00:34.128467 [Main] {36} Running as admin
I 2019-11-18 16:00:34.128613 [Main] {36} Embedded data found in binary: 
I 2019-11-18 16:00:34.128669 [Main] {36} Session hash generated. hash=17471929239239869293
D 2019-11-18 16:00:34.128959 [Analytics] {36} Analytics request sent. type=BNET.BI.SessionGenerate
I 2019-11-18 16:00:34.131088 [Main] {9} UI State changed to: UISTATE_RUNNING_BOOTSTRAP
D 2019-11-18 16:00:34.131750 [Analytics] {36} Analytics request sent. type=BNET.BI.BootstrapperSession
D 2019-11-18 16:00:34.131819 [Main] {36} Entering main loop.
I 2019-11-18 16:00:34.131864 [Main] {36} Bootstrapper State: STATE_CHECK_ENVIRONMENT
D 2019-11-18 16:00:34.134968 [Main] {36} Checking permissions on path: C:\ProgramData\Battle.net depth=-1
I 2019-11-18 16:00:34.135109 [Main] {9} Active screen changed: bootstrap
D 2019-11-18 16:00:34.148690 [Main] {36} Checking permissions on path: C:\ProgramData\Blizzard Entertainment depth=2
D 2019-11-18 16:00:34.152771 [Main] {36} Elevation is unnecessary. The current user is an administrator.
I 2019-11-18 16:00:34.152824 [Main] {36} Bootstrapper State: STATE_UPDATE_BOOTSTRAPPER
D 2019-11-18 16:00:34.152863 [Main] {36} Checking for bootstrapper updates.
I 2019-11-18 16:00:34.152888 [Main] {36} Progress zone changed to: ZONE_REPLACESETUP
I 2019-11-18 16:00:34.152914 [TactProduct] {36} Fetching remote version info for bts
I 2019-11-18 16:00:34.216952 [Main] {36} Downloader - {36} INF: adding network address 137.221.106.19:1119 for server http://us.patch.battle.net:1119
I 2019-11-18 16:00:34.365101 [Main] {36} We are currently up to date.
I 2019-11-18 16:00:34.365146 [Main] {36} Bootstrapper State: STATE_EXTRACT_AGENT
I 2019-11-18 16:00:34.367480 [TactProduct] {36} Fetching remote version info for agent
I 2019-11-18 16:00:34.430288 [Main] {36} Downloader - {36} INF: adding network address 137.221.106.19:1119 for server http://us.patch.battle.net:1119
I 2019-11-18 16:00:34.590364 [Main] {36} Agent is currently up to date.
I 2019-11-18 16:00:34.590438 [Main] {36} Bootstrapper State: STATE_START_AGENT
D 2019-11-18 16:00:34.590466 [BSAgentManager] {36} Starting agent
E 2019-11-18 16:00:34.594323 [Main] {36} Code sign verification failed for Agent, err=5 OS err details1=0 OS err details2=0
E 2019-11-18 16:00:34.594366 [Main] {36} Failed to start Agent
E 2019-11-18 16:00:34.594686 [Main] {36} Agent launch exception, path='C:\ProgramData\Battle.net\Agent\Agent.exe' error=3
E 2019-11-18 16:00:34.594737 [BSAgentManager] {36} Error reported by agent: target=agent code=3 message=
I 2019-11-18 16:00:34.594810 [Main] {36} Bootstrapper State: STATE_CHECK_AGENT
I 2019-11-18 16:00:34.594957 [Main] {36} Bootstrapper State: STATE_UPDATE_AGENT
D 2019-11-18 16:00:34.595004 [BSAgentManager] {36} Tracking agent progress for zone: ZONE_UPDATEAGENT
I 2019-11-18 16:00:34.595047 [Main] {36} Progress zone changed to: ZONE_UPDATEAGENT
E 2019-11-18 16:00:34.598126 [Main] {3e} Code sign verification failed for Agent, err=5 OS err details1=0 OS err details2=0
E 2019-11-18 16:00:34.598163 [Main] {3e} Failed to start Agent
E 2019-11-18 16:00:34.599071 [Main] {3e} Agent launch exception, path='C:\ProgramData\Battle.net\Agent\Agent.exe' error=3
E 2019-11-18 16:00:34.599276 [BSAgentManager] {3e} Error reported by agent: target=agent code=3 message=
E 2019-11-18 16:00:34.599336 [BSAgentManager] {36} Fatal error occurred while updating: 3
E 2019-11-18 16:00:34.599369 [Main] {36} Handling exception in state STATE_UPDATE_AGENT: AgentException(code=BLZBNTAGT00000003, details={filename=C:\ProgramData\Battle.net\Agent\Agent.exe}
W 2019-11-18 16:00:34.599677 [Main] {36} Exception converted to: BootstrapperException(code=BLZBNTBTS00000011, details={}
W 2019-11-18 16:00:34.599715 [Main] {36} Failed to update agent. Continuing on.
I 2019-11-18 16:00:34.599770 [Main] {36} Bootstrapper State: STATE_CHECK_CLIENT
E 2019-11-18 16:00:34.599880 [BSAgentManager] {36} Fatal error occurred while updating: 3
E 2019-11-18 16:00:34.599915 [Main] {36} Handling exception in state STATE_CHECK_CLIENT: AgentException(code=BLZBNTAGT00000003, details={filename=C:\ProgramData\Battle.net\Agent\Agent.exe}
W 2019-11-18 16:00:34.600161 [Main] {36} Exception converted to: BootstrapperException(code=BLZBNTBTS00000011, details={}
E 2019-11-18 16:00:34.600205 [Main] {36} Posting exception to controller: BootstrapperException(code=BLZBNTBTS00000011, details={}
D 2019-11-18 16:00:34.600238 [Main] {36} Bootstrapper thread completed
I 2019-11-18 16:00:34.601027 [Main] {9} UI State changed to: UISTATE_RUNNING_ERROR
E 2019-11-18 16:00:34.602772 [Main] {3e} Code sign verification failed for Agent, err=5 OS err details1=0 OS err details2=0
E 2019-11-18 16:00:34.602808 [Main] {3e} Failed to start Agent
E 2019-11-18 16:00:34.603103 [Main] {3e} Agent launch exception, path='C:\ProgramData\Battle.net\Agent\Agent.exe' error=3
E 2019-11-18 16:00:34.603143 [BSAgentManager] {3e} Error reported by agent: target=agent code=3 message=
E 2019-11-18 16:00:34.606183 [Main] {3e} Code sign verification failed for Agent, err=5 OS err details1=0 OS err details2=0
E 2019-11-18 16:00:34.606219 [Main] {3e} Failed to start Agent
E 2019-11-18 16:00:34.606512 [Main] {3e} Agent launch exception, path='C:\ProgramData\Battle.net\Agent\Agent.exe' error=3
E 2019-11-18 16:00:34.606552 [BSAgentManager] {3e} Error reported by agent: target=agent code=3 message=
E 2019-11-18 16:00:34.609638 [Main] {3e} Code sign verification failed for Agent, err=5 OS err details1=0 OS err details2=0
E 2019-11-18 16:00:34.609674 [Main] {3e} Failed to start Agent
E 2019-11-18 16:00:34.609982 [Main] {3e} Agent launch exception, path='C:\ProgramData\Battle.net\Agent\Agent.exe' error=3
E 2019-11-18 16:00:34.610023 [BSAgentManager] {3e} Error reported by agent: target=agent code=3 message=
I 2019-11-18 16:00:34.618415 [Main] {9} Active screen changed: error
E 2019-11-18 16:00:34.619035 [Main] {9} Reporting error string: BLZBNTBTS00000011 additionalInfo: 
D 2019-11-18 16:00:34.619185 [Analytics] {9} Analytics request sent. type=BNET.BI.BootstrapperError
D 2019-11-18 16:00:37.898821 [Main] {9} The user has asked bootstrapper to quit
I 2019-11-18 16:00:37.899074 [Main] {9} UI State changed to: UISTATE_SHUTDOWN
D 2019-11-18 16:00:37.899296 [Analytics] {9} Analytics request sent. type=BNET.BI.BootstrapperSession
D 2019-11-18 16:00:37.910670 [Main] {9} Bootstrapper is now ready to shutdown
I 2019-11-18 16:00:37.918799 [Main] {9} Bootstrapper work completed. Shutting down.
