I 2019-11-17 23:11:06.880572 [Main] {2b} Battle.net Setup 1.16.3.2988 started. 
I 2019-11-17 23:11:06.880608 [Main] {2b} Running from: Z:\home\austin\download\Diablo-III-Setup.exe
I 2019-11-17 23:11:06.880630 [Main] {2b} Configuration: locale=enUS uid=diablo3_enus
I 2019-11-17 23:11:06.880716 [Main] {2b} Running as admin
I 2019-11-17 23:11:06.880852 [Main] {2b} Embedded data found in binary: eyJzZXNzaW9uIjoiIiwiZXhwaXJlc19hdCI6IjE1NzQwNDQzODE4OTkiLCJjbGllbnRfaWQiOiIiLCJ1c2VyX2FnZW50X292ZXJyaWRlIjoiTW96aWxsYSUyRjUuMCslMjhYMTElM0IrTGludXgreDg2XzY0JTI5K0FwcGxlV2ViS2l0JTJGNTM3LjM2KyUyOEtIVE1MJTJDK2xpa2UrR2Vja28lMjkrQ2hyb21lJTJGNzguMC4zOTA0Ljk3K1NhZmFyaSUyRjUzNy4zNiJ9
I 2019-11-17 23:11:06.880909 [Main] {2b} Session hash generated. hash=11740450570183282279
D 2019-11-17 23:11:06.881172 [Analytics] {2b} Analytics request sent. type=BNET.BI.SessionGenerate
D 2019-11-17 23:11:06.881785 [Analytics] {2b} Analytics request sent. type=BNET.BI.BootstrapperSession
D 2019-11-17 23:11:06.881825 [Main] {2b} Entering main loop.
I 2019-11-17 23:11:06.881854 [Main] {2b} Bootstrapper State: STATE_CHECK_ENVIRONMENT
I 2019-11-17 23:11:06.884269 [Main] {9} UI State changed to: UISTATE_RUNNING_BOOTSTRAP
I 2019-11-17 23:11:06.888280 [Main] {9} Active screen changed: bootstrap
D 2019-11-17 23:11:06.890563 [Main] {2b} Checking permissions on path: C:\ProgramData\Battle.net depth=-1
D 2019-11-17 23:11:06.894035 [Main] {2b} Elevation is unnecessary. The current user is an administrator.
I 2019-11-17 23:11:06.894061 [Main] {2b} Bootstrapper State: STATE_UPDATE_BOOTSTRAPPER
D 2019-11-17 23:11:06.894084 [Main] {2b} Checking for bootstrapper updates.
I 2019-11-17 23:11:06.894098 [Main] {2b} Progress zone changed to: ZONE_REPLACESETUP
I 2019-11-17 23:11:06.894112 [TactProduct] {2b} Fetching remote version info for bts
I 2019-11-17 23:11:06.928794 [Main] {2b} Downloader - {2b} INF: adding network address 137.221.106.19:1119 for server http://us.patch.battle.net:1119
I 2019-11-17 23:11:07.064662 [Main] {2b} We are currently up to date.
I 2019-11-17 23:11:07.064711 [Main] {2b} Bootstrapper State: STATE_EXTRACT_AGENT
I 2019-11-17 23:11:07.065615 [TactProduct] {2b} Fetching remote version info for agent
I 2019-11-17 23:11:07.082277 [Main] {2b} Downloader - {2b} INF: adding network address 137.221.106.19:1119 for server http://us.patch.battle.net:1119
I 2019-11-17 23:11:07.200980 [Main] {2b} Agent is currently up to date.
I 2019-11-17 23:11:07.201086 [Main] {2b} Bootstrapper State: STATE_START_AGENT
D 2019-11-17 23:11:07.201114 [BSAgentManager] {2b} Starting agent
E 2019-11-17 23:11:07.205977 [Main] {2b} Code sign verification failed for Agent, err=5 OS err details1=0 OS err details2=0
E 2019-11-17 23:11:07.206007 [Main] {2b} Failed to start Agent
E 2019-11-17 23:11:07.206276 [Main] {2b} Agent launch exception, path='C:\ProgramData\Battle.net\Agent\Agent.exe' error=3
E 2019-11-17 23:11:07.206316 [BSAgentManager] {2b} Error reported by agent: target=agent code=3 message=
I 2019-11-17 23:11:07.206380 [Main] {2b} Bootstrapper State: STATE_CHECK_AGENT
I 2019-11-17 23:11:07.206488 [Main] {2b} Bootstrapper State: STATE_UPDATE_AGENT
D 2019-11-17 23:11:07.206524 [BSAgentManager] {2b} Tracking agent progress for zone: ZONE_UPDATEAGENT
I 2019-11-17 23:11:07.206559 [Main] {2b} Progress zone changed to: ZONE_UPDATEAGENT
E 2019-11-17 23:11:07.209924 [Main] {32} Code sign verification failed for Agent, err=5 OS err details1=0 OS err details2=0
E 2019-11-17 23:11:07.209966 [Main] {32} Failed to start Agent
E 2019-11-17 23:11:07.211141 [Main] {32} Agent launch exception, path='C:\ProgramData\Battle.net\Agent\Agent.exe' error=3
E 2019-11-17 23:11:07.211172 [BSAgentManager] {32} Error reported by agent: target=agent code=3 message=
E 2019-11-17 23:11:07.211218 [BSAgentManager] {2b} Fatal error occurred while updating: 3
E 2019-11-17 23:11:07.211256 [Main] {2b} Handling exception in state STATE_UPDATE_AGENT: AgentException(code=BLZBNTAGT00000003, details={filename=C:\ProgramData\Battle.net\Agent\Agent.exe}
W 2019-11-17 23:11:07.211530 [Main] {2b} Exception converted to: BootstrapperException(code=BLZBNTBTS00000011, details={}
W 2019-11-17 23:11:07.211578 [Main] {2b} Failed to update agent. Continuing on.
I 2019-11-17 23:11:07.211610 [Main] {2b} Bootstrapper State: STATE_CHECK_CLIENT
E 2019-11-17 23:11:07.211702 [BSAgentManager] {2b} Fatal error occurred while updating: 3
E 2019-11-17 23:11:07.211737 [Main] {2b} Handling exception in state STATE_CHECK_CLIENT: AgentException(code=BLZBNTAGT00000003, details={filename=C:\ProgramData\Battle.net\Agent\Agent.exe}
W 2019-11-17 23:11:07.212017 [Main] {2b} Exception converted to: BootstrapperException(code=BLZBNTBTS00000011, details={}
E 2019-11-17 23:11:07.212076 [Main] {2b} Posting exception to controller: BootstrapperException(code=BLZBNTBTS00000011, details={}
D 2019-11-17 23:11:07.212110 [Main] {2b} Bootstrapper thread completed
E 2019-11-17 23:11:07.214180 [Main] {32} Code sign verification failed for Agent, err=5 OS err details1=0 OS err details2=0
E 2019-11-17 23:11:07.214232 [Main] {32} Failed to start Agent
I 2019-11-17 23:11:07.214253 [Main] {9} UI State changed to: UISTATE_RUNNING_ERROR
E 2019-11-17 23:11:07.214487 [Main] {32} Agent launch exception, path='C:\ProgramData\Battle.net\Agent\Agent.exe' error=3
E 2019-11-17 23:11:07.214543 [BSAgentManager] {32} Error reported by agent: target=agent code=3 message=
E 2019-11-17 23:11:07.216895 [Main] {32} Code sign verification failed for Agent, err=5 OS err details1=0 OS err details2=0
E 2019-11-17 23:11:07.216917 [Main] {32} Failed to start Agent
E 2019-11-17 23:11:07.217145 [Main] {32} Agent launch exception, path='C:\ProgramData\Battle.net\Agent\Agent.exe' error=3
E 2019-11-17 23:11:07.217169 [BSAgentManager] {32} Error reported by agent: target=agent code=3 message=
E 2019-11-17 23:11:07.219401 [Main] {32} Code sign verification failed for Agent, err=5 OS err details1=0 OS err details2=0
E 2019-11-17 23:11:07.219422 [Main] {32} Failed to start Agent
E 2019-11-17 23:11:07.219642 [Main] {32} Agent launch exception, path='C:\ProgramData\Battle.net\Agent\Agent.exe' error=3
E 2019-11-17 23:11:07.219666 [BSAgentManager] {32} Error reported by agent: target=agent code=3 message=
I 2019-11-17 23:11:07.230625 [Main] {9} Active screen changed: error
E 2019-11-17 23:11:07.231198 [Main] {9} Reporting error string: BLZBNTBTS00000011 additionalInfo: 
D 2019-11-17 23:11:07.231307 [Analytics] {9} Analytics request sent. type=BNET.BI.BootstrapperError
D 2019-11-17 23:11:12.784747 [Main] {9} The user has asked bootstrapper to quit
I 2019-11-17 23:11:12.784933 [Main] {9} UI State changed to: UISTATE_SHUTDOWN
D 2019-11-17 23:11:12.785127 [Analytics] {9} Analytics request sent. type=BNET.BI.BootstrapperSession
D 2019-11-17 23:11:12.795461 [Main] {9} Bootstrapper is now ready to shutdown
I 2019-11-17 23:11:12.803805 [Main] {9} Bootstrapper work completed. Shutting down.
