I 2019-11-17 22:37:46.665526 [Main] {2b} Battle.net Setup 1.16.3.2988 started. 
I 2019-11-17 22:37:46.665624 [Main] {2b} Running from: Z:\home\austin\download\Diablo-III-Setup.exe
I 2019-11-17 22:37:46.665678 [Main] {2b} Configuration: locale=enUS uid=diablo3_enus
I 2019-11-17 22:37:46.665861 [Main] {2b} Running as admin
I 2019-11-17 22:37:46.666114 [Main] {2b} Embedded data found in binary: eyJzZXNzaW9uIjoiIiwiZXhwaXJlc19hdCI6IjE1NzQwNDQzODE4OTkiLCJjbGllbnRfaWQiOiIiLCJ1c2VyX2FnZW50X292ZXJyaWRlIjoiTW96aWxsYSUyRjUuMCslMjhYMTElM0IrTGludXgreDg2XzY0JTI5K0FwcGxlV2ViS2l0JTJGNTM3LjM2KyUyOEtIVE1MJTJDK2xpa2UrR2Vja28lMjkrQ2hyb21lJTJGNzguMC4zOTA0Ljk3K1NhZmFyaSUyRjUzNy4zNiJ9
I 2019-11-17 22:37:46.666247 [Main] {2b} Session hash generated. hash=10138797341476875441
D 2019-11-17 22:37:46.666737 [Analytics] {2b} Analytics request sent. type=BNET.BI.SessionGenerate
D 2019-11-17 22:37:46.667208 [Analytics] {2b} Analytics request sent. type=BNET.BI.BootstrapperSession
D 2019-11-17 22:37:46.667321 [Main] {2b} Entering main loop.
I 2019-11-17 22:37:46.667376 [Main] {2b} Bootstrapper State: STATE_CHECK_ENVIRONMENT
I 2019-11-17 22:37:46.669470 [Main] {9} UI State changed to: UISTATE_RUNNING_BOOTSTRAP
I 2019-11-17 22:37:46.673334 [Main] {9} Active screen changed: bootstrap
D 2019-11-17 22:37:46.673720 [Main] {2b} Checking permissions on path: C:\ProgramData\Battle.net depth=-1
D 2019-11-17 22:37:46.677736 [Main] {2b} Elevation is unnecessary. The current user is an administrator.
I 2019-11-17 22:37:46.677781 [Main] {2b} Bootstrapper State: STATE_UPDATE_BOOTSTRAPPER
D 2019-11-17 22:37:46.677821 [Main] {2b} Checking for bootstrapper updates.
I 2019-11-17 22:37:46.677849 [Main] {2b} Progress zone changed to: ZONE_REPLACESETUP
I 2019-11-17 22:37:46.677875 [TactProduct] {2b} Fetching remote version info for bts
I 2019-11-17 22:37:46.695090 [Main] {2b} Downloader - {2b} INF: adding network address 137.221.106.19:1119 for server http://us.patch.battle.net:1119
I 2019-11-17 22:37:46.896143 [Main] {2b} We are currently up to date.
I 2019-11-17 22:37:46.896195 [Main] {2b} Bootstrapper State: STATE_EXTRACT_AGENT
I 2019-11-17 22:37:46.897250 [TactProduct] {2b} Fetching remote version info for agent
I 2019-11-17 22:37:46.915004 [Main] {2b} Downloader - {2b} INF: adding network address 137.221.106.19:1119 for server http://us.patch.battle.net:1119
I 2019-11-17 22:37:47.029634 [Main] {2b} Agent is currently up to date.
I 2019-11-17 22:37:47.029691 [Main] {2b} Bootstrapper State: STATE_START_AGENT
D 2019-11-17 22:37:47.029714 [BSAgentManager] {2b} Starting agent
E 2019-11-17 22:37:47.032968 [Main] {2b} Code sign verification failed for Agent, err=5 OS err details1=0 OS err details2=0
E 2019-11-17 22:37:47.033021 [Main] {2b} Failed to start Agent
E 2019-11-17 22:37:47.033415 [Main] {2b} Agent launch exception, path='C:\ProgramData\Battle.net\Agent\Agent.exe' error=3
E 2019-11-17 22:37:47.033482 [BSAgentManager] {2b} Error reported by agent: target=agent code=3 message=
I 2019-11-17 22:37:47.033585 [Main] {2b} Bootstrapper State: STATE_CHECK_AGENT
I 2019-11-17 22:37:47.033724 [Main] {2b} Bootstrapper State: STATE_UPDATE_AGENT
D 2019-11-17 22:37:47.033784 [BSAgentManager] {2b} Tracking agent progress for zone: ZONE_UPDATEAGENT
I 2019-11-17 22:37:47.033869 [Main] {2b} Progress zone changed to: ZONE_UPDATEAGENT
E 2019-11-17 22:37:47.036784 [Main] {33} Code sign verification failed for Agent, err=5 OS err details1=0 OS err details2=0
E 2019-11-17 22:37:47.036825 [Main] {33} Failed to start Agent
E 2019-11-17 22:37:47.038101 [Main] {33} Agent launch exception, path='C:\ProgramData\Battle.net\Agent\Agent.exe' error=3
E 2019-11-17 22:37:47.038145 [BSAgentManager] {33} Error reported by agent: target=agent code=3 message=
E 2019-11-17 22:37:47.038200 [BSAgentManager] {2b} Fatal error occurred while updating: 3
E 2019-11-17 22:37:47.038239 [Main] {2b} Handling exception in state STATE_UPDATE_AGENT: AgentException(code=BLZBNTAGT00000003, details={filename=C:\ProgramData\Battle.net\Agent\Agent.exe}
W 2019-11-17 22:37:47.038623 [Main] {2b} Exception converted to: BootstrapperException(code=BLZBNTBTS00000011, details={}
W 2019-11-17 22:37:47.038681 [Main] {2b} Failed to update agent. Continuing on.
I 2019-11-17 22:37:47.038751 [Main] {2b} Bootstrapper State: STATE_CHECK_CLIENT
E 2019-11-17 22:37:47.038843 [BSAgentManager] {2b} Fatal error occurred while updating: 3
E 2019-11-17 22:37:47.038904 [Main] {2b} Handling exception in state STATE_CHECK_CLIENT: AgentException(code=BLZBNTAGT00000003, details={filename=C:\ProgramData\Battle.net\Agent\Agent.exe}
W 2019-11-17 22:37:47.039172 [Main] {2b} Exception converted to: BootstrapperException(code=BLZBNTBTS00000011, details={}
E 2019-11-17 22:37:47.039219 [Main] {2b} Posting exception to controller: BootstrapperException(code=BLZBNTBTS00000011, details={}
D 2019-11-17 22:37:47.039253 [Main] {2b} Bootstrapper thread completed
E 2019-11-17 22:37:47.041396 [Main] {33} Code sign verification failed for Agent, err=5 OS err details1=0 OS err details2=0
E 2019-11-17 22:37:47.041479 [Main] {33} Failed to start Agent
E 2019-11-17 22:37:47.041899 [Main] {33} Agent launch exception, path='C:\ProgramData\Battle.net\Agent\Agent.exe' error=3
E 2019-11-17 22:37:47.041949 [BSAgentManager] {33} Error reported by agent: target=agent code=3 message=
I 2019-11-17 22:37:47.043229 [Main] {9} UI State changed to: UISTATE_RUNNING_ERROR
E 2019-11-17 22:37:47.045943 [Main] {33} Code sign verification failed for Agent, err=5 OS err details1=0 OS err details2=0
E 2019-11-17 22:37:47.045985 [Main] {33} Failed to start Agent
E 2019-11-17 22:37:47.046365 [Main] {33} Agent launch exception, path='C:\ProgramData\Battle.net\Agent\Agent.exe' error=3
E 2019-11-17 22:37:47.046412 [BSAgentManager] {33} Error reported by agent: target=agent code=3 message=
E 2019-11-17 22:37:47.049342 [Main] {33} Code sign verification failed for Agent, err=5 OS err details1=0 OS err details2=0
E 2019-11-17 22:37:47.049378 [Main] {33} Failed to start Agent
E 2019-11-17 22:37:47.049653 [Main] {33} Agent launch exception, path='C:\ProgramData\Battle.net\Agent\Agent.exe' error=3
E 2019-11-17 22:37:47.049694 [BSAgentManager] {33} Error reported by agent: target=agent code=3 message=
I 2019-11-17 22:37:47.061670 [Main] {9} Active screen changed: error
E 2019-11-17 22:37:47.062410 [Main] {9} Reporting error string: BLZBNTBTS00000011 additionalInfo: 
D 2019-11-17 22:37:47.062557 [Analytics] {9} Analytics request sent. type=BNET.BI.BootstrapperError
D 2019-11-17 22:37:52.578312 [Main] {9} The user has asked bootstrapper to quit
I 2019-11-17 22:37:52.578516 [Main] {9} UI State changed to: UISTATE_SHUTDOWN
D 2019-11-17 22:37:52.578676 [Analytics] {9} Analytics request sent. type=BNET.BI.BootstrapperSession
D 2019-11-17 22:37:52.592123 [Main] {9} Bootstrapper is now ready to shutdown
I 2019-11-17 22:37:52.608662 [Main] {9} Bootstrapper work completed. Shutting down.
