{"name":"log","hostname":"T530","pid":19845,"level":30,"msg":"Sending a keepalive message","time":"2019-09-08T01:45:04.742Z","v":0}
{"name":"log","hostname":"T530","pid":19845,"level":30,"msg":"Sending a keepalive message","time":"2019-09-08T01:45:59.826Z","v":0}
{"name":"log","hostname":"T530","pid":19845,"level":30,"msg":"Remove all notifications","time":"2019-09-08T01:46:42.493Z","v":0}
{"name":"log","hostname":"T530","pid":19845,"level":30,"msg":"Updating BrowserWindow config: {\"maximized\":false,\"autoHideMenuBar\":false,\"width\":1364,\"height\":747,\"x\":1,\"y\":20}","time":"2019-09-08T01:46:42.991Z","v":0}
{"name":"log","hostname":"T530","pid":19845,"level":30,"msg":"config/set: Saving ephemeral config to disk","time":"2019-09-08T01:46:42.992Z","v":0}
{"name":"log","hostname":"T530","pid":19845,"level":30,"msg":"Updating BrowserWindow config: {\"maximized\":false,\"autoHideMenuBar\":false,\"width\":1364,\"height\":747,\"x\":-2731,\"y\":20}","time":"2019-09-08T01:46:44.271Z","v":0}
{"name":"log","hostname":"T530","pid":19845,"level":30,"msg":"config/set: Saving ephemeral config to disk","time":"2019-09-08T01:46:44.272Z","v":0}
{"name":"log","hostname":"T530","pid":19845,"level":30,"msg":"Remove all notifications","time":"2019-09-08T01:46:48.267Z","v":0}
{"name":"log","hostname":"T530","pid":19845,"level":30,"msg":"Updating BrowserWindow config: {\"maximized\":false,\"autoHideMenuBar\":false,\"width\":1364,\"height\":747,\"x\":1,\"y\":20}","time":"2019-09-08T01:46:48.762Z","v":0}
{"name":"log","hostname":"T530","pid":19845,"level":30,"msg":"config/set: Saving ephemeral config to disk","time":"2019-09-08T01:46:48.762Z","v":0}
{"name":"log","hostname":"T530","pid":19845,"level":30,"msg":"Updating BrowserWindow config: {\"maximized\":false,\"autoHideMenuBar\":false,\"width\":1364,\"height\":747,\"x\":-2731,\"y\":20}","time":"2019-09-08T01:46:49.951Z","v":0}
{"name":"log","hostname":"T530","pid":19845,"level":30,"msg":"config/set: Saving ephemeral config to disk","time":"2019-09-08T01:46:49.952Z","v":0}
{"name":"log","hostname":"T530","pid":19845,"level":30,"msg":"Sending a keepalive message","time":"2019-09-08T01:46:54.871Z","v":0}
{"name":"log","hostname":"T530","pid":19845,"level":30,"msg":"Sending a keepalive message","time":"2019-09-08T01:47:49.944Z","v":0}
{"name":"log","hostname":"T530","pid":19845,"level":30,"msg":"Sending a keepalive message","time":"2019-09-08T01:48:45.015Z","v":0}
{"name":"log","hostname":"T530","pid":19845,"level":30,"msg":"Sending a keepalive message","time":"2019-09-08T01:49:40.089Z","v":0}
{"name":"log","hostname":"T530","pid":19845,"level":30,"msg":"Sending a keepalive message","time":"2019-09-08T01:50:35.146Z","v":0}
{"name":"log","hostname":"T530","pid":19845,"level":30,"msg":"Sending a keepalive message","time":"2019-09-08T01:51:30.235Z","v":0}
{"name":"log","hostname":"T530","pid":19845,"level":30,"msg":"Sending a keepalive message","time":"2019-09-08T01:52:25.274Z","v":0}
{"name":"log","hostname":"T530","pid":19845,"level":30,"msg":"Sending a keepalive message","time":"2019-09-08T01:53:20.307Z","v":0}
{"name":"log","hostname":"T530","pid":19845,"level":30,"msg":"Sending a keepalive message","time":"2019-09-08T01:54:15.338Z","v":0}
{"name":"log","hostname":"T530","pid":19845,"level":30,"msg":"Sending a keepalive message","time":"2019-09-08T01:55:10.365Z","v":0}
{"name":"log","hostname":"T530","pid":19845,"level":30,"msg":"Sending a keepalive message","time":"2019-09-08T01:56:05.397Z","v":0}
{"name":"log","hostname":"T530","pid":19845,"level":30,"msg":"Sending a keepalive message","time":"2019-09-08T01:57:00.431Z","v":0}
{"name":"log","hostname":"T530","pid":19845,"level":30,"msg":"Sending a keepalive message","time":"2019-09-08T01:57:55.459Z","v":0}
{"name":"log","hostname":"T530","pid":19845,"level":30,"msg":"Sending a keepalive message","time":"2019-09-08T01:58:50.492Z","v":0}
{"name":"log","hostname":"T530","pid":19845,"level":30,"msg":"Sending a keepalive message","time":"2019-09-08T01:59:45.519Z","v":0}
{"name":"log","hostname":"T530","pid":19845,"level":30,"msg":"Sending a keepalive message","time":"2019-09-08T02:00:40.546Z","v":0}
{"name":"log","hostname":"T530","pid":19845,"level":30,"msg":"Sending a keepalive message","time":"2019-09-08T02:01:35.574Z","v":0}
{"name":"log","hostname":"T530","pid":19845,"level":30,"msg":"Sending a keepalive message","time":"2019-09-08T02:02:30.609Z","v":0}
{"name":"log","hostname":"T530","pid":19845,"level":30,"msg":"Sending a keepalive message","time":"2019-09-08T02:03:25.722Z","v":0}
{"name":"log","hostname":"T530","pid":19845,"level":30,"msg":"Sending a keepalive message","time":"2019-09-08T02:04:20.746Z","v":0}
{"name":"log","hostname":"T530","pid":19845,"level":30,"msg":"Sending a keepalive message","time":"2019-09-08T02:05:15.789Z","v":0}
{"name":"log","hostname":"T530","pid":19845,"level":30,"msg":"Sending a keepalive message","time":"2019-09-08T02:06:10.850Z","v":0}
{"name":"log","hostname":"T530","pid":19845,"level":30,"msg":"Sending a keepalive message","time":"2019-09-08T02:07:06.005Z","v":0}
{"name":"log","hostname":"T530","pid":19845,"level":30,"msg":"Sending a keepalive message","time":"2019-09-08T02:08:01.048Z","v":0}
{"name":"log","hostname":"T530","pid":19845,"level":30,"msg":"Sending a keepalive message","time":"2019-09-08T02:08:56.091Z","v":0}
{"name":"log","hostname":"T530","pid":19845,"level":30,"msg":"Sending a keepalive message","time":"2019-09-08T02:09:51.130Z","v":0}
{"name":"log","hostname":"T530","pid":19845,"level":30,"msg":"Sending a keepalive message","time":"2019-09-08T02:10:46.174Z","v":0}
{"name":"log","hostname":"T530","pid":19845,"level":30,"msg":"Sending a keepalive message","time":"2019-09-08T02:11:41.301Z","v":0}
{"name":"log","hostname":"T530","pid":19845,"level":30,"msg":"Sending a keepalive message","time":"2019-09-08T02:12:36.375Z","v":0}
{"name":"log","hostname":"T530","pid":19845,"level":30,"msg":"Sending a keepalive message","time":"2019-09-08T02:13:31.471Z","v":0}
{"name":"log","hostname":"T530","pid":19845,"level":30,"msg":"Sending a keepalive message","time":"2019-09-08T02:14:26.540Z","v":0}
{"name":"log","hostname":"T530","pid":19845,"level":30,"msg":"Sending a keepalive message","time":"2019-09-08T02:15:21.623Z","v":0}
{"name":"log","hostname":"T530","pid":19845,"level":30,"msg":"Sending a keepalive message","time":"2019-09-08T02:16:16.705Z","v":0}
{"name":"log","hostname":"T530","pid":19845,"level":30,"msg":"Sending a keepalive message","time":"2019-09-08T02:17:11.785Z","v":0}
{"name":"log","hostname":"T530","pid":19845,"level":30,"msg":"Sending a keepalive message","time":"2019-09-08T02:18:06.854Z","v":0}
{"name":"log","hostname":"T530","pid":19845,"level":30,"msg":"Sending a keepalive message","time":"2019-09-08T02:19:01.928Z","v":0}
{"name":"log","hostname":"T530","pid":19845,"level":30,"msg":"Sending a keepalive message","time":"2019-09-08T02:19:56.984Z","v":0}
{"name":"log","hostname":"T530","pid":19845,"level":30,"msg":"Sending a keepalive message","time":"2019-09-08T02:20:52.231Z","v":0}
{"name":"log","hostname":"T530","pid":19845,"level":30,"msg":"Sending a keepalive message","time":"2019-09-08T02:21:47.270Z","v":0}
{"name":"log","hostname":"T530","pid":19845,"level":30,"msg":"Sending a keepalive message","time":"2019-09-08T02:22:42.338Z","v":0}
{"name":"log","hostname":"T530","pid":19845,"level":30,"msg":"Sending a keepalive message","time":"2019-09-08T02:23:37.416Z","v":0}
{"name":"log","hostname":"T530","pid":19845,"level":30,"msg":"Sending a keepalive message","time":"2019-09-08T02:24:32.462Z","v":0}
{"name":"log","hostname":"T530","pid":19845,"level":30,"msg":"Sending a keepalive message","time":"2019-09-08T02:25:27.543Z","v":0}
{"name":"log","hostname":"T530","pid":19845,"level":30,"msg":"Sending a keepalive message","time":"2019-09-08T02:26:22.630Z","v":0}
{"name":"log","hostname":"T530","pid":19845,"level":30,"msg":"Sending a keepalive message","time":"2019-09-08T02:27:17.698Z","v":0}
{"name":"log","hostname":"T530","pid":19845,"level":30,"msg":"Remove all notifications","time":"2019-09-08T02:27:54.216Z","v":0}
{"name":"log","hostname":"T530","pid":19845,"level":30,"msg":"Updating BrowserWindow config: {\"maximized\":false,\"autoHideMenuBar\":false,\"width\":1364,\"height\":747,\"x\":1,\"y\":20}","time":"2019-09-08T02:27:54.705Z","v":0}
{"name":"log","hostname":"T530","pid":19845,"level":30,"msg":"config/set: Saving ephemeral config to disk","time":"2019-09-08T02:27:54.706Z","v":0}
{"name":"log","hostname":"T530","pid":19845,"level":30,"msg":"Updating BrowserWindow config: {\"maximized\":false,\"autoHideMenuBar\":false,\"width\":1364,\"height\":747,\"x\":-2731,\"y\":20}","time":"2019-09-08T02:28:03.854Z","v":0}
{"name":"log","hostname":"T530","pid":19845,"level":30,"msg":"config/set: Saving ephemeral config to disk","time":"2019-09-08T02:28:03.855Z","v":0}
{"name":"log","hostname":"T530","pid":19845,"level":30,"msg":"Remove all notifications","time":"2019-09-08T02:28:12.672Z","v":0}
{"name":"log","hostname":"T530","pid":19845,"level":30,"msg":"Sending a keepalive message","time":"2019-09-08T02:28:13.086Z","v":0}
{"name":"log","hostname":"T530","pid":19845,"level":30,"msg":"Updating BrowserWindow config: {\"maximized\":false,\"autoHideMenuBar\":false,\"width\":1364,\"height\":747,\"x\":1,\"y\":20}","time":"2019-09-08T02:28:13.170Z","v":0}
{"name":"log","hostname":"T530","pid":19845,"level":30,"msg":"config/set: Saving ephemeral config to disk","time":"2019-09-08T02:28:13.171Z","v":0}
{"name":"log","hostname":"T530","pid":19845,"level":30,"msg":"Updating BrowserWindow config: {\"maximized\":false,\"autoHideMenuBar\":false,\"width\":886,\"height\":747,\"x\":478,\"y\":19}","time":"2019-09-08T02:28:20.711Z","v":0}
{"name":"log","hostname":"T530","pid":19845,"level":30,"msg":"config/set: Saving ephemeral config to disk","time":"2019-09-08T02:28:20.711Z","v":0}
{"name":"log","hostname":"T530","pid":19845,"level":30,"msg":"Updating BrowserWindow config: {\"maximized\":false,\"autoHideMenuBar\":false,\"width\":886,\"height\":747,\"x\":-1775,\"y\":20}","time":"2019-09-08T02:28:43.397Z","v":0}
{"name":"log","hostname":"T530","pid":19845,"level":30,"msg":"config/set: Saving ephemeral config to disk","time":"2019-09-08T02:28:43.397Z","v":0}
{"name":"log","hostname":"T530","pid":19845,"level":30,"msg":"Sending a keepalive message","time":"2019-09-08T02:29:08.161Z","v":0}
{"name":"log","hostname":"T530","pid":19845,"level":30,"msg":"Sending a keepalive message","time":"2019-09-08T02:30:03.194Z","v":0}
{"name":"log","hostname":"T530","pid":19845,"level":30,"msg":"Sending a keepalive message","time":"2019-09-08T02:30:58.358Z","v":0}
{"name":"log","hostname":"T530","pid":19845,"level":30,"msg":"Sending a keepalive message","time":"2019-09-08T02:31:53.433Z","v":0}
{"name":"log","hostname":"T530","pid":19845,"level":30,"msg":"Sending a keepalive message","time":"2019-09-08T02:32:48.551Z","v":0}
{"name":"log","hostname":"T530","pid":19845,"level":30,"msg":"Sending a keepalive message","time":"2019-09-08T02:33:43.721Z","v":0}
{"name":"log","hostname":"T530","pid":19845,"level":30,"msg":"Sending a keepalive message","time":"2019-09-08T02:34:38.813Z","v":0}
{"name":"log","hostname":"T530","pid":19845,"level":30,"msg":"Sending a keepalive message","time":"2019-09-08T02:35:33.886Z","v":0}
{"name":"log","hostname":"T530","pid":19845,"level":30,"msg":"Sending a keepalive message","time":"2019-09-08T02:36:28.966Z","v":0}
{"name":"log","hostname":"T530","pid":19845,"level":30,"msg":"Sending a keepalive message","time":"2019-09-08T02:37:24.010Z","v":0}
{"name":"log","hostname":"T530","pid":19845,"level":30,"msg":"Updating BrowserWindow config: {\"maximized\":false,\"autoHideMenuBar\":false,\"width\":886,\"height\":747,\"x\":479,\"y\":20}","time":"2019-09-08T02:37:24.942Z","v":0}
{"name":"log","hostname":"T530","pid":19845,"level":30,"msg":"config/set: Saving ephemeral config to disk","time":"2019-09-08T02:37:24.942Z","v":0}
{"name":"log","hostname":"T530","pid":19845,"level":30,"msg":"Remove all notifications","time":"2019-09-08T02:37:31.244Z","v":0}
{"name":"log","hostname":"T530","pid":19845,"level":30,"msg":"Sending a keepalive message","time":"2019-09-08T02:38:19.076Z","v":0}
{"name":"log","hostname":"T530","pid":19845,"level":30,"msg":"Remove all notifications","time":"2019-09-08T02:38:25.247Z","v":0}
{"name":"log","hostname":"T530","pid":19845,"level":30,"msg":"Remove all notifications","time":"2019-09-08T02:38:39.071Z","v":0}
{"name":"log","hostname":"T530","pid":19845,"level":30,"msg":"Updating BrowserWindow config: {\"maximized\":false,\"autoHideMenuBar\":false,\"width\":886,\"height\":747,\"x\":-1775,\"y\":20}","time":"2019-09-08T02:38:45.424Z","v":0}
{"name":"log","hostname":"T530","pid":19845,"level":30,"msg":"config/set: Saving ephemeral config to disk","time":"2019-09-08T02:38:45.424Z","v":0}
{"name":"log","hostname":"T530","pid":19845,"level":30,"msg":"Sending a keepalive message","time":"2019-09-08T02:39:14.111Z","v":0}
{"name":"log","hostname":"T530","pid":19845,"level":30,"msg":"Sending a keepalive message","time":"2019-09-08T02:40:09.193Z","v":0}
{"name":"log","hostname":"T530","pid":19845,"level":30,"msg":"Sending a keepalive message","time":"2019-09-08T02:41:04.238Z","v":0}
{"name":"log","hostname":"T530","pid":19845,"level":30,"msg":"Updating BrowserWindow config: {\"maximized\":false,\"autoHideMenuBar\":false,\"width\":886,\"height\":747,\"x\":479,\"y\":20}","time":"2019-09-08T02:41:57.022Z","v":0}
{"name":"log","hostname":"T530","pid":19845,"level":30,"msg":"config/set: Saving ephemeral config to disk","time":"2019-09-08T02:41:57.023Z","v":0}
{"name":"log","hostname":"T530","pid":19845,"level":30,"msg":"Sending a keepalive message","time":"2019-09-08T02:41:59.295Z","v":0}
{"name":"log","hostname":"T530","pid":19845,"level":30,"msg":"Remove all notifications","time":"2019-09-08T02:42:06.207Z","v":0}
{"name":"log","hostname":"T530","pid":19845,"level":30,"msg":"Remove all notifications","time":"2019-09-08T02:42:12.309Z","v":0}
{"name":"log","hostname":"T530","pid":19845,"level":30,"msg":"Updating BrowserWindow config: {\"maximized\":false,\"autoHideMenuBar\":false,\"width\":886,\"height\":747,\"x\":-1775,\"y\":20}","time":"2019-09-08T02:42:20.263Z","v":0}
{"name":"log","hostname":"T530","pid":19845,"level":30,"msg":"config/set: Saving ephemeral config to disk","time":"2019-09-08T02:42:20.264Z","v":0}
{"name":"log","hostname":"T530","pid":19845,"level":30,"msg":"Sending a keepalive message","time":"2019-09-08T02:42:54.365Z","v":0}
{"name":"log","hostname":"T530","pid":19845,"level":30,"msg":"Sending a keepalive message","time":"2019-09-08T02:43:49.439Z","v":0}
{"name":"log","hostname":"T530","pid":19845,"level":30,"msg":"Updating BrowserWindow config: {\"maximized\":false,\"autoHideMenuBar\":false,\"width\":886,\"height\":747,\"x\":479,\"y\":20}","time":"2019-09-08T02:44:02.939Z","v":0}
{"name":"log","hostname":"T530","pid":19845,"level":30,"msg":"config/set: Saving ephemeral config to disk","time":"2019-09-08T02:44:02.940Z","v":0}
{"name":"log","hostname":"T530","pid":19845,"level":30,"msg":"Updating BrowserWindow config: {\"maximized\":false,\"autoHideMenuBar\":false,\"width\":886,\"height\":747,\"x\":-1775,\"y\":20}","time":"2019-09-08T02:44:13.367Z","v":0}
{"name":"log","hostname":"T530","pid":19845,"level":30,"msg":"config/set: Saving ephemeral config to disk","time":"2019-09-08T02:44:13.368Z","v":0}
{"name":"log","hostname":"T530","pid":19845,"level":30,"msg":"Sending a keepalive message","time":"2019-09-08T02:44:44.518Z","v":0}
{"name":"log","hostname":"T530","pid":19845,"level":30,"msg":"Updating BrowserWindow config: {\"maximized\":false,\"autoHideMenuBar\":false,\"width\":886,\"height\":747,\"x\":479,\"y\":20}","time":"2019-09-08T02:45:24.083Z","v":0}
{"name":"log","hostname":"T530","pid":19845,"level":30,"msg":"config/set: Saving ephemeral config to disk","time":"2019-09-08T02:45:24.084Z","v":0}
{"name":"log","hostname":"T530","pid":19845,"level":30,"msg":"Sending a keepalive message","time":"2019-09-08T02:45:39.544Z","v":0}
{"name":"log","hostname":"T530","pid":19845,"level":30,"msg":"Remove all notifications","time":"2019-09-08T02:45:44.923Z","v":0}
{"name":"log","hostname":"T530","pid":19845,"level":30,"msg":"Remove all notifications","time":"2019-09-08T02:45:46.041Z","v":0}
{"name":"log","hostname":"T530","pid":19845,"level":30,"msg":"Updating BrowserWindow config: {\"maximized\":false,\"autoHideMenuBar\":false,\"width\":886,\"height\":747,\"x\":-1775,\"y\":20}","time":"2019-09-08T02:45:58.902Z","v":0}
{"name":"log","hostname":"T530","pid":19845,"level":30,"msg":"config/set: Saving ephemeral config to disk","time":"2019-09-08T02:45:58.903Z","v":0}
{"name":"log","hostname":"T530","pid":19845,"level":30,"msg":"Sending a keepalive message","time":"2019-09-08T02:46:34.596Z","v":0}
{"name":"log","hostname":"T530","pid":19845,"level":30,"msg":"Sending a keepalive message","time":"2019-09-08T02:47:29.655Z","v":0}
{"name":"log","hostname":"T530","pid":19845,"level":30,"msg":"Updating BrowserWindow config: {\"maximized\":false,\"autoHideMenuBar\":false,\"width\":886,\"height\":747,\"x\":479,\"y\":20}","time":"2019-09-08T02:48:16.668Z","v":0}
{"name":"log","hostname":"T530","pid":19845,"level":30,"msg":"config/set: Saving ephemeral config to disk","time":"2019-09-08T02:48:16.669Z","v":0}
{"name":"log","hostname":"T530","pid":19845,"level":30,"msg":"Updating BrowserWindow config: {\"maximized\":false,\"autoHideMenuBar\":false,\"width\":1364,\"height\":747,\"x\":0,\"y\":19}","time":"2019-09-08T02:48:19.789Z","v":0}
{"name":"log","hostname":"T530","pid":19845,"level":30,"msg":"config/set: Saving ephemeral config to disk","time":"2019-09-08T02:48:19.789Z","v":0}
{"name":"log","hostname":"T530","pid":19845,"level":30,"msg":"Sending a keepalive message","time":"2019-09-08T02:48:24.751Z","v":0}
{"name":"log","hostname":"T530","pid":19845,"level":30,"msg":"Updating BrowserWindow config: {\"maximized\":false,\"autoHideMenuBar\":false,\"width\":1364,\"height\":747,\"x\":-2731,\"y\":20}","time":"2019-09-08T02:49:08.452Z","v":0}
{"name":"log","hostname":"T530","pid":19845,"level":30,"msg":"config/set: Saving ephemeral config to disk","time":"2019-09-08T02:49:08.453Z","v":0}
{"name":"log","hostname":"T530","pid":19845,"level":30,"msg":"Updating BrowserWindow config: {\"maximized\":false,\"autoHideMenuBar\":false,\"width\":886,\"height\":747,\"x\":479,\"y\":20}","time":"2019-09-08T02:49:11.964Z","v":0}
{"name":"log","hostname":"T530","pid":19845,"level":30,"msg":"config/set: Saving ephemeral config to disk","time":"2019-09-08T02:49:11.964Z","v":0}
{"name":"log","hostname":"T530","pid":19845,"level":30,"msg":"Updating BrowserWindow config: {\"maximized\":false,\"autoHideMenuBar\":false,\"width\":886,\"height\":747,\"x\":-1775,\"y\":20}","time":"2019-09-08T02:49:13.734Z","v":0}
{"name":"log","hostname":"T530","pid":19845,"level":30,"msg":"config/set: Saving ephemeral config to disk","time":"2019-09-08T02:49:13.734Z","v":0}
{"name":"log","hostname":"T530","pid":19845,"level":30,"msg":"Sending a keepalive message","time":"2019-09-08T02:49:19.821Z","v":0}
{"name":"log","hostname":"T530","pid":19845,"level":30,"msg":"Sending a keepalive message","time":"2019-09-08T02:50:14.897Z","v":0}
{"name":"log","hostname":"T530","pid":19845,"level":30,"msg":"Sending a keepalive message","time":"2019-09-08T02:51:09.970Z","v":0}
{"name":"log","hostname":"T530","pid":19845,"level":30,"msg":"Sending a keepalive message","time":"2019-09-08T02:52:05.045Z","v":0}
{"name":"log","hostname":"T530","pid":19845,"level":30,"msg":"Sending a keepalive message","time":"2019-09-08T02:53:00.072Z","v":0}
{"name":"log","hostname":"T530","pid":19845,"level":30,"msg":"Sending a keepalive message","time":"2019-09-08T02:53:55.152Z","v":0}
{"name":"log","hostname":"T530","pid":19845,"level":30,"msg":"Sending a keepalive message","time":"2019-09-08T02:54:50.237Z","v":0}
{"name":"log","hostname":"T530","pid":19845,"level":30,"msg":"Sending a keepalive message","time":"2019-09-08T02:55:45.312Z","v":0}
{"name":"log","hostname":"T530","pid":19845,"level":30,"msg":"Sending a keepalive message","time":"2019-09-08T02:56:40.378Z","v":0}
{"name":"log","hostname":"T530","pid":19845,"level":30,"msg":"Sending a keepalive message","time":"2019-09-08T02:57:35.461Z","v":0}
{"name":"log","hostname":"T530","pid":19845,"level":30,"msg":"Sending a keepalive message","time":"2019-09-08T02:58:30.525Z","v":0}
{"name":"log","hostname":"T530","pid":19845,"level":30,"msg":"Sending a keepalive message","time":"2019-09-08T02:59:25.608Z","v":0}
{"name":"log","hostname":"T530","pid":19845,"level":30,"msg":"Sending a keepalive message","time":"2019-09-08T03:00:20.684Z","v":0}
{"name":"log","hostname":"T530","pid":19845,"level":30,"msg":"Sending a keepalive message","time":"2019-09-08T03:01:15.753Z","v":0}
{"name":"log","hostname":"T530","pid":19845,"level":30,"msg":"Sending a keepalive message","time":"2019-09-08T03:02:10.837Z","v":0}
{"name":"log","hostname":"T530","pid":19845,"level":30,"msg":"Sending a keepalive message","time":"2019-09-08T03:03:05.916Z","v":0}
{"name":"log","hostname":"T530","pid":19845,"level":30,"msg":"Sending a keepalive message","time":"2019-09-08T03:04:00.990Z","v":0}
{"name":"log","hostname":"T530","pid":19845,"level":30,"msg":"Sending a keepalive message","time":"2019-09-08T03:04:56.069Z","v":0}
{"name":"log","hostname":"T530","pid":19845,"level":30,"msg":"Sending a keepalive message","time":"2019-09-08T03:05:51.136Z","v":0}
{"name":"log","hostname":"T530","pid":19845,"level":30,"msg":"Sending a keepalive message","time":"2019-09-08T03:06:46.198Z","v":0}
{"name":"log","hostname":"T530","pid":19845,"level":30,"msg":"Updating BrowserWindow config: {\"maximized\":false,\"autoHideMenuBar\":false,\"width\":1364,\"height\":747,\"x\":1,\"y\":20}","time":"2019-09-08T03:07:27.409Z","v":0}
{"name":"log","hostname":"T530","pid":19845,"level":30,"msg":"config/set: Saving ephemeral config to disk","time":"2019-09-08T03:07:27.410Z","v":0}
{"name":"log","hostname":"T530","pid":19845,"level":30,"msg":"Updating BrowserWindow config: {\"maximized\":false,\"autoHideMenuBar\":false,\"width\":1364,\"height\":747,\"x\":-2731,\"y\":20}","time":"2019-09-08T03:07:36.897Z","v":0}
{"name":"log","hostname":"T530","pid":19845,"level":30,"msg":"config/set: Saving ephemeral config to disk","time":"2019-09-08T03:07:36.897Z","v":0}
{"name":"log","hostname":"T530","pid":19845,"level":30,"msg":"Sending a keepalive message","time":"2019-09-08T03:07:41.283Z","v":0}
{"name":"log","hostname":"T530","pid":19845,"level":30,"msg":"Sending a keepalive message","time":"2019-09-08T03:08:36.356Z","v":0}
{"name":"log","hostname":"T530","pid":19845,"level":30,"msg":"Sending a keepalive message","time":"2019-09-08T03:09:31.458Z","v":0}
{"name":"log","hostname":"T530","pid":19845,"level":30,"msg":"Sending a keepalive message","time":"2019-09-08T03:10:26.695Z","v":0}
{"name":"log","hostname":"T530","pid":19845,"level":30,"msg":"Sending a keepalive message","time":"2019-09-08T03:11:21.763Z","v":0}
{"name":"log","hostname":"T530","pid":19845,"level":30,"msg":"Sending a keepalive message","time":"2019-09-08T03:12:16.795Z","v":0}
{"name":"log","hostname":"T530","pid":19845,"level":30,"msg":"Sending a keepalive message","time":"2019-09-08T03:13:11.949Z","v":0}
{"name":"log","hostname":"T530","pid":19845,"level":30,"msg":"Sending a keepalive message","time":"2019-09-08T03:14:07.030Z","v":0}
{"name":"log","hostname":"T530","pid":19845,"level":30,"msg":"Sending a keepalive message","time":"2019-09-08T03:15:02.101Z","v":0}
{"name":"log","hostname":"T530","pid":19845,"level":30,"msg":"Sending a keepalive message","time":"2019-09-08T03:15:57.181Z","v":0}
{"name":"log","hostname":"T530","pid":19845,"level":30,"msg":"Sending a keepalive message","time":"2019-09-08T03:16:52.264Z","v":0}
{"name":"log","hostname":"T530","pid":19845,"level":30,"msg":"Sending a keepalive message","time":"2019-09-08T03:17:47.363Z","v":0}
{"name":"log","hostname":"T530","pid":19845,"level":30,"msg":"Sending a keepalive message","time":"2019-09-08T03:18:42.448Z","v":0}
{"name":"log","hostname":"T530","pid":19845,"level":30,"msg":"Sending a keepalive message","time":"2019-09-08T03:19:37.512Z","v":0}
{"name":"log","hostname":"T530","pid":19845,"level":30,"msg":"Sending a keepalive message","time":"2019-09-08T03:20:32.598Z","v":0}
{"name":"log","hostname":"T530","pid":19845,"level":30,"msg":"Sending a keepalive message","time":"2019-09-08T03:21:27.667Z","v":0}
{"name":"log","hostname":"T530","pid":19845,"level":30,"msg":"Sending a keepalive message","time":"2019-09-08T03:22:22.741Z","v":0}
{"name":"log","hostname":"T530","pid":19845,"level":30,"msg":"Sending a keepalive message","time":"2019-09-08T03:23:17.818Z","v":0}
{"name":"log","hostname":"T530","pid":19845,"level":30,"msg":"Sending a keepalive message","time":"2019-09-08T03:24:12.900Z","v":0}
{"name":"log","hostname":"T530","pid":19845,"level":30,"msg":"Sending a keepalive message","time":"2019-09-08T03:25:07.970Z","v":0}
{"name":"log","hostname":"T530","pid":19845,"level":30,"msg":"Sending a keepalive message","time":"2019-09-08T03:26:03.074Z","v":0}
{"name":"log","hostname":"T530","pid":19845,"level":30,"msg":"Sending a keepalive message","time":"2019-09-08T03:26:58.160Z","v":0}
{"name":"log","hostname":"T530","pid":19845,"level":30,"msg":"Sending a keepalive message","time":"2019-09-08T03:27:53.248Z","v":0}
{"name":"log","hostname":"T530","pid":19845,"level":30,"msg":"Sending a keepalive message","time":"2019-09-08T03:28:48.337Z","v":0}
{"name":"log","hostname":"T530","pid":19845,"level":30,"msg":"Sending a keepalive message","time":"2019-09-08T03:29:43.427Z","v":0}
{"name":"log","hostname":"T530","pid":19845,"level":30,"msg":"Sending a keepalive message","time":"2019-09-08T03:30:38.507Z","v":0}
{"name":"log","hostname":"T530","pid":19845,"level":30,"msg":"Sending a keepalive message","time":"2019-09-08T03:31:33.567Z","v":0}
{"name":"log","hostname":"T530","pid":19845,"level":30,"msg":"Sending a keepalive message","time":"2019-09-08T03:32:28.635Z","v":0}
{"name":"log","hostname":"T530","pid":19845,"level":30,"msg":"Sending a keepalive message","time":"2019-09-08T03:33:23.691Z","v":0}
{"name":"log","hostname":"T530","pid":19845,"level":30,"msg":"Sending a keepalive message","time":"2019-09-08T03:34:18.758Z","v":0}
{"name":"log","hostname":"T530","pid":19845,"level":30,"msg":"Sending a keepalive message","time":"2019-09-08T03:35:13.827Z","v":0}
{"name":"log","hostname":"T530","pid":19845,"level":30,"msg":"Sending a keepalive message","time":"2019-09-08T03:36:08.900Z","v":0}
{"name":"log","hostname":"T530","pid":19845,"level":30,"msg":"Sending a keepalive message","time":"2019-09-08T03:37:03.980Z","v":0}
{"name":"log","hostname":"T530","pid":19845,"level":30,"msg":"Sending a keepalive message","time":"2019-09-08T03:37:59.050Z","v":0}
{"name":"log","hostname":"T530","pid":19845,"level":30,"msg":"Updating BrowserWindow config: {\"maximized\":false,\"autoHideMenuBar\":false,\"width\":886,\"height\":747,\"x\":479,\"y\":20}","time":"2019-09-08T03:38:18.700Z","v":0}
{"name":"log","hostname":"T530","pid":19845,"level":30,"msg":"config/set: Saving ephemeral config to disk","time":"2019-09-08T03:38:18.701Z","v":0}
{"name":"log","hostname":"T530","pid":19845,"level":30,"msg":"Remove all notifications","time":"2019-09-08T03:38:19.350Z","v":0}
{"name":"log","hostname":"T530","pid":19845,"level":30,"msg":"Updating BrowserWindow config: {\"maximized\":false,\"autoHideMenuBar\":false,\"width\":886,\"height\":747,\"x\":-1775,\"y\":20}","time":"2019-09-08T03:38:23.452Z","v":0}
{"name":"log","hostname":"T530","pid":19845,"level":30,"msg":"config/set: Saving ephemeral config to disk","time":"2019-09-08T03:38:23.453Z","v":0}
{"name":"log","hostname":"T530","pid":19845,"level":30,"msg":"before-quit event {\"shouldQuit\":false}","time":"2019-09-08T03:38:23.995Z","v":0}
{"name":"log","hostname":"T530","pid":19845,"level":30,"msg":"close event {\"shouldQuit\":true}","time":"2019-09-08T03:38:23.997Z","v":0}
{"name":"log","hostname":"T530","pid":19845,"level":30,"msg":"requestShutdown: Requesting close of mainWindow...","time":"2019-09-08T03:38:24.000Z","v":0}
{"name":"log","hostname":"T530","pid":19845,"level":30,"msg":"MessageReceiver: stopProcessing requested","time":"2019-09-08T03:38:24.018Z","v":0}
{"name":"log","hostname":"T530","pid":19845,"level":30,"msg":"MessageReceiver.close()","time":"2019-09-08T03:38:24.019Z","v":0}
{"name":"log","hostname":"T530","pid":19845,"level":30,"msg":"WebSocketResource.close()","time":"2019-09-08T03:38:24.019Z","v":0}
{"name":"log","hostname":"T530","pid":19845,"level":30,"msg":"drained","time":"2019-09-08T03:38:24.019Z","v":0}
{"name":"log","hostname":"T530","pid":19845,"level":30,"msg":"data.shutdown: starting process. 0 jobs outstanding","time":"2019-09-08T03:38:24.019Z","v":0}
{"name":"log","hostname":"T530","pid":19845,"level":30,"msg":"requestShutdown: Response received","time":"2019-09-08T03:38:24.022Z","v":0}
{"name":"log","hostname":"T530","pid":19845,"level":30,"msg":"before-quit event {\"readyForShutdown\":true,\"shouldQuit\":true}","time":"2019-09-08T03:38:24.022Z","v":0}
{"name":"log","hostname":"T530","pid":19845,"level":30,"msg":"close event {\"readyForShutdown\":true,\"shouldQuit\":true}","time":"2019-09-08T03:38:24.022Z","v":0}
{"name":"log","hostname":"T530","pid":19845,"level":30,"msg":"unloading conversation +[REDACTED]453 due to: windows closed","time":"2019-09-08T03:38:24.029Z","v":0}
{"name":"log","hostname":"T530","pid":26377,"level":30,"msg":"app ready","time":"2019-09-08T15:37:50.597Z","v":0}
{"name":"log","hostname":"T530","pid":26377,"level":30,"msg":"starting version 1.27.2","time":"2019-09-08T15:37:50.597Z","v":0}
{"name":"log","hostname":"T530","pid":26377,"level":30,"msg":"updateSchema:\n  Current user_version: 18;\n  Most recent db schema: 18;\n  SQLite version: 3.28.0;\n  SQLCipher version: 4.2.0 community;\n  (deprecated) schema_version: 92;\n","time":"2019-09-08T15:37:50.609Z","v":0}
{"name":"log","hostname":"T530","pid":26377,"level":30,"msg":"Location reset needed","time":"2019-09-08T15:37:50.619Z","v":0}
{"name":"log","hostname":"T530","pid":26377,"level":30,"msg":"Initializing BrowserWindow config: {\"show\":true,\"width\":886,\"height\":747,\"minWidth\":640,\"minHeight\":550,\"autoHideMenuBar\":false,\"backgroundColor\":\"#2090EA\",\"vibrancy\":\"appearance-based\",\"webPreferences\":{\"nodeIntegration\":false,\"nodeIntegrationInWorker\":false,\"contextIsolation\":false,\"preload\":\"/usr/lib/signal/resources/app.asar/preload.js\",\"nativeWindowOpen\":true},\"icon\":\"/usr/lib/signal/resources/app.asar/images/icon_256.png\",\"maximized\":false}","time":"2019-09-08T15:37:50.619Z","v":0}
{"name":"log","hostname":"T530","pid":26377,"level":30,"msg":"Updating BrowserWindow config: {\"maximized\":false,\"autoHideMenuBar\":false,\"width\":640,\"height\":747,\"x\":1,\"y\":20}","time":"2019-09-08T15:37:51.217Z","v":0}
{"name":"log","hostname":"T530","pid":26377,"level":30,"msg":"config/set: Saving ephemeral config to disk","time":"2019-09-08T15:37:51.218Z","v":0}
{"name":"log","hostname":"T530","pid":26377,"level":30,"msg":"Detected Linux. Using default en_US spell check dictionary","time":"2019-09-08T15:37:52.097Z","v":0}
{"name":"log","hostname":"T530","pid":26377,"level":30,"msg":"pre-main prep time: 3 ms","time":"2019-09-08T15:37:52.296Z","v":0}
{"name":"log","hostname":"T530","pid":26377,"level":30,"msg":"Build expires:  2019-12-05T22:09:34.000Z","time":"2019-09-08T15:37:52.362Z","v":0}
{"name":"log","hostname":"T530","pid":26377,"level":30,"msg":"Preloading emoji images","time":"2019-09-08T15:37:52.379Z","v":0}
{"name":"log","hostname":"T530","pid":26377,"level":30,"msg":"background page reloaded","time":"2019-09-08T15:37:52.386Z","v":0}
{"name":"log","hostname":"T530","pid":26377,"level":30,"msg":"environment: production","time":"2019-09-08T15:37:52.387Z","v":0}
{"name":"log","hostname":"T530","pid":26377,"level":30,"msg":"SQL channel job 1 (getItemById) succeeded in 110ms","time":"2019-09-08T15:37:52.499Z","v":0}
{"name":"log","hostname":"T530","pid":26377,"level":30,"msg":"Checking for the existence of IndexedDB data...","time":"2019-09-08T15:37:52.499Z","v":0}
{"name":"log","hostname":"T530","pid":26377,"level":30,"msg":"Storage fetch","time":"2019-09-08T15:37:52.628Z","v":0}
{"name":"log","hostname":"T530","pid":26377,"level":30,"msg":"SQL channel job 3 (createOrUpdateItem) succeeded in 32ms","time":"2019-09-08T15:37:52.669Z","v":0}
{"name":"log","hostname":"T530","pid":26377,"level":30,"msg":"removeKnownAttachments: About to iterate through 0 messages","time":"2019-09-08T15:37:52.710Z","v":0}
{"name":"log","hostname":"T530","pid":26377,"level":30,"msg":"removeKnownAttachments: Done processing 0 messages","time":"2019-09-08T15:37:52.711Z","v":0}
{"name":"log","hostname":"T530","pid":26377,"level":30,"msg":"removeKnownAttachments: About to iterate through 25 conversations","time":"2019-09-08T15:37:52.712Z","v":0}
{"name":"log","hostname":"T530","pid":26377,"level":30,"msg":"removeKnownAttachments: Done processing 25 conversations","time":"2019-09-08T15:37:52.714Z","v":0}
{"name":"log","hostname":"T530","pid":26377,"level":30,"msg":"deleteAll: deleted 0 files","time":"2019-09-08T15:37:52.715Z","v":0}
{"name":"log","hostname":"T530","pid":26377,"level":30,"msg":"removeKnownStickers: About to iterate through 0 stickers","time":"2019-09-08T15:37:52.718Z","v":0}
{"name":"log","hostname":"T530","pid":26377,"level":30,"msg":"removeKnownStickers: Done processing 0 stickers","time":"2019-09-08T15:37:52.720Z","v":0}
{"name":"log","hostname":"T530","pid":26377,"level":30,"msg":"deleteAllStickers: deleted 0 files","time":"2019-09-08T15:37:52.720Z","v":0}
{"name":"log","hostname":"T530","pid":26377,"level":30,"msg":"removeKnownDraftAttachments: About to iterate through 25 conversations","time":"2019-09-08T15:37:52.722Z","v":0}
{"name":"log","hostname":"T530","pid":26377,"level":30,"msg":"removeKnownDraftAttachments: Done processing 25 conversations","time":"2019-09-08T15:37:52.724Z","v":0}
{"name":"log","hostname":"T530","pid":26377,"level":30,"msg":"deleteAllDraftAttachments: deleted 0 files","time":"2019-09-08T15:37:52.725Z","v":0}
{"name":"log","hostname":"T530","pid":26377,"level":30,"msg":"Starting background data migration. Target version: 10","time":"2019-09-08T15:37:52.730Z","v":0}
{"name":"log","hostname":"T530","pid":26377,"level":30,"msg":"ConversationController: starting initial fetch","time":"2019-09-08T15:37:52.731Z","v":0}
{"name":"log","hostname":"T530","pid":26377,"level":30,"msg":"SQL channel job 5 (getAllStickerPacks) succeeded in 26ms","time":"2019-09-08T15:37:52.761Z","v":0}
{"name":"log","hostname":"T530","pid":26377,"level":30,"msg":"SQL channel job 6 (getAllStickers) succeeded in 27ms","time":"2019-09-08T15:37:52.762Z","v":0}
{"name":"log","hostname":"T530","pid":26377,"level":30,"msg":"SQL channel job 7 (getRecentStickers) succeeded in 29ms","time":"2019-09-08T15:37:52.765Z","v":0}
{"name":"log","hostname":"T530","pid":26377,"level":30,"msg":"SQL channel job 8 (getRecentEmojis) succeeded in 29ms","time":"2019-09-08T15:37:52.766Z","v":0}
{"name":"log","hostname":"T530","pid":26377,"level":30,"msg":"SQL channel job 9 (getAllIdentityKeys) succeeded in 30ms","time":"2019-09-08T15:37:52.766Z","v":0}
{"name":"log","hostname":"T530","pid":26377,"level":30,"msg":"SignalProtocolStore: Finished caching identityKeys data","time":"2019-09-08T15:37:52.766Z","v":0}
{"name":"log","hostname":"T530","pid":26377,"level":30,"msg":"SQL channel job 10 (getOlderMessagesByConversation) succeeded in 12ms","time":"2019-09-08T15:37:52.770Z","v":0}
{"name":"log","hostname":"T530","pid":26377,"level":30,"msg":"SQL channel job 11 (getOlderMessagesByConversation) succeeded in 16ms","time":"2019-09-08T15:37:52.772Z","v":0}
{"name":"log","hostname":"T530","pid":26377,"level":30,"msg":"SQL channel job 12 (getOlderMessagesByConversation) succeeded in 17ms","time":"2019-09-08T15:37:52.773Z","v":0}
{"name":"log","hostname":"T530","pid":26377,"level":30,"msg":"SQL channel job 13 (getOlderMessagesByConversation) succeeded in 18ms","time":"2019-09-08T15:37:52.775Z","v":0}
{"name":"log","hostname":"T530","pid":26377,"level":30,"msg":"SQL channel job 14 (getOlderMessagesByConversation) succeeded in 19ms","time":"2019-09-08T15:37:52.775Z","v":0}
{"name":"log","hostname":"T530","pid":26377,"level":30,"msg":"SQL channel job 15 (getOlderMessagesByConversation) succeeded in 19ms","time":"2019-09-08T15:37:52.776Z","v":0}
{"name":"log","hostname":"T530","pid":26377,"level":30,"msg":"SQL channel job 16 (getOlderMessagesByConversation) succeeded in 20ms","time":"2019-09-08T15:37:52.777Z","v":0}
{"name":"log","hostname":"T530","pid":26377,"level":30,"msg":"SQL channel job 17 (getOlderMessagesByConversation) succeeded in 21ms","time":"2019-09-08T15:37:52.778Z","v":0}
{"name":"log","hostname":"T530","pid":26377,"level":30,"msg":"SQL channel job 18 (getOlderMessagesByConversation) succeeded in 21ms","time":"2019-09-08T15:37:52.778Z","v":0}
{"name":"log","hostname":"T530","pid":26377,"level":30,"msg":"SQL channel job 19 (getOlderMessagesByConversation) succeeded in 21ms","time":"2019-09-08T15:37:52.778Z","v":0}
{"name":"log","hostname":"T530","pid":26377,"level":30,"msg":"SQL channel job 20 (getOlderMessagesByConversation) succeeded in 22ms","time":"2019-09-08T15:37:52.780Z","v":0}
{"name":"log","hostname":"T530","pid":26377,"level":30,"msg":"SQL channel job 21 (getOlderMessagesByConversation) succeeded in 23ms","time":"2019-09-08T15:37:52.781Z","v":0}
{"name":"log","hostname":"T530","pid":26377,"level":30,"msg":"SQL channel job 22 (getOlderMessagesByConversation) succeeded in 23ms","time":"2019-09-08T15:37:52.781Z","v":0}
{"name":"log","hostname":"T530","pid":26377,"level":30,"msg":"SQL channel job 25 (getOlderMessagesByConversation) succeeded in 24ms","time":"2019-09-08T15:37:52.782Z","v":0}
{"name":"log","hostname":"T530","pid":26377,"level":30,"msg":"SQL channel job 26 (getOlderMessagesByConversation) succeeded in 24ms","time":"2019-09-08T15:37:52.783Z","v":0}
{"name":"log","hostname":"T530","pid":26377,"level":30,"msg":"SQL channel job 27 (getOlderMessagesByConversation) succeeded in 24ms","time":"2019-09-08T15:37:52.783Z","v":0}
{"name":"log","hostname":"T530","pid":26377,"level":30,"msg":"SQL channel job 28 (getOlderMessagesByConversation) succeeded in 25ms","time":"2019-09-08T15:37:52.783Z","v":0}
{"name":"log","hostname":"T530","pid":26377,"level":30,"msg":"SQL channel job 29 (getOlderMessagesByConversation) succeeded in 25ms","time":"2019-09-08T15:37:52.784Z","v":0}
{"name":"log","hostname":"T530","pid":26377,"level":30,"msg":"SQL channel job 24 (getOlderMessagesByConversation) succeeded in 26ms","time":"2019-09-08T15:37:52.784Z","v":0}
{"name":"log","hostname":"T530","pid":26377,"level":30,"msg":"SQL channel job 23 (getOlderMessagesByConversation) succeeded in 26ms","time":"2019-09-08T15:37:52.784Z","v":0}
{"name":"log","hostname":"T530","pid":26377,"level":30,"msg":"SQL channel job 30 (getOlderMessagesByConversation) succeeded in 27ms","time":"2019-09-08T15:37:52.786Z","v":0}
{"name":"log","hostname":"T530","pid":26377,"level":30,"msg":"SQL channel job 31 (getOlderMessagesByConversation) succeeded in 29ms","time":"2019-09-08T15:37:52.788Z","v":0}
{"name":"log","hostname":"T530","pid":26377,"level":30,"msg":"SQL channel job 32 (getOlderMessagesByConversation) succeeded in 30ms","time":"2019-09-08T15:37:52.789Z","v":0}
{"name":"log","hostname":"T530","pid":26377,"level":30,"msg":"SQL channel job 33 (getOlderMessagesByConversation) succeeded in 31ms","time":"2019-09-08T15:37:52.789Z","v":0}
{"name":"log","hostname":"T530","pid":26377,"level":30,"msg":"SQL channel job 34 (getOlderMessagesByConversation) succeeded in 31ms","time":"2019-09-08T15:37:52.790Z","v":0}
{"name":"log","hostname":"T530","pid":26377,"level":30,"msg":"SQL channel job 35 (getAllSessions) succeeded in 25ms","time":"2019-09-08T15:37:52.790Z","v":0}
{"name":"log","hostname":"T530","pid":26377,"level":30,"msg":"SignalProtocolStore: Finished caching sessions data","time":"2019-09-08T15:37:52.791Z","v":0}
{"name":"log","hostname":"T530","pid":26377,"level":30,"msg":"SQL channel job 36 (getConversationById) succeeded in 20ms","time":"2019-09-08T15:37:52.791Z","v":0}
{"name":"log","hostname":"T530","pid":26377,"level":30,"msg":"SQL channel job 37 (getConversationById) succeeded in 19ms","time":"2019-09-08T15:37:52.795Z","v":0}
{"name":"log","hostname":"T530","pid":26377,"level":30,"msg":"SQL channel job 38 (getConversationById) succeeded in 19ms","time":"2019-09-08T15:37:52.796Z","v":0}
{"name":"log","hostname":"T530","pid":26377,"level":30,"msg":"SQL channel job 39 (getConversationById) succeeded in 19ms","time":"2019-09-08T15:37:52.797Z","v":0}
{"name":"log","hostname":"T530","pid":26377,"level":30,"msg":"SQL channel job 40 (getConversationById) succeeded in 20ms","time":"2019-09-08T15:37:52.798Z","v":0}
{"name":"log","hostname":"T530","pid":26377,"level":30,"msg":"SQL channel job 41 (getConversationById) succeeded in 19ms","time":"2019-09-08T15:37:52.799Z","v":0}
{"name":"log","hostname":"T530","pid":26377,"level":30,"msg":"SQL channel job 43 (getConversationById) succeeded in 21ms","time":"2019-09-08T15:37:52.799Z","v":0}
{"name":"log","hostname":"T530","pid":26377,"level":30,"msg":"SQL channel job 42 (getConversationById) succeeded in 22ms","time":"2019-09-08T15:37:52.800Z","v":0}
{"name":"log","hostname":"T530","pid":26377,"level":30,"msg":"SQL channel job 44 (getConversationById) succeeded in 22ms","time":"2019-09-08T15:37:52.801Z","v":0}
{"name":"log","hostname":"T530","pid":26377,"level":30,"msg":"SQL channel job 45 (getConversationById) succeeded in 23ms","time":"2019-09-08T15:37:52.802Z","v":0}
{"name":"log","hostname":"T530","pid":26377,"level":30,"msg":"SQL channel job 47 (getConversationById) succeeded in 22ms","time":"2019-09-08T15:37:52.803Z","v":0}
{"name":"log","hostname":"T530","pid":26377,"level":30,"msg":"SQL channel job 48 (getConversationById) succeeded in 23ms","time":"2019-09-08T15:37:52.808Z","v":0}
{"name":"log","hostname":"T530","pid":26377,"level":30,"msg":"SQL channel job 49 (getConversationById) succeeded in 23ms","time":"2019-09-08T15:37:52.809Z","v":0}
{"name":"log","hostname":"T530","pid":26377,"level":30,"msg":"SQL channel job 46 (getConversationById) succeeded in 26ms","time":"2019-09-08T15:37:52.814Z","v":0}
{"name":"log","hostname":"T530","pid":26377,"level":30,"msg":"SQL channel job 51 (getConversationById) succeeded in 25ms","time":"2019-09-08T15:37:52.815Z","v":0}
{"name":"log","hostname":"T530","pid":26377,"level":30,"msg":"SQL channel job 50 (getConversationById) succeeded in 27ms","time":"2019-09-08T15:37:52.815Z","v":0}
{"name":"log","hostname":"T530","pid":26377,"level":30,"msg":"SQL channel job 53 (getConversationById) succeeded in 26ms","time":"2019-09-08T15:37:52.815Z","v":0}
{"name":"log","hostname":"T530","pid":26377,"level":30,"msg":"SQL channel job 52 (getConversationById) succeeded in 28ms","time":"2019-09-08T15:37:52.815Z","v":0}
{"name":"log","hostname":"T530","pid":26377,"level":30,"msg":"SQL channel job 54 (getConversationById) succeeded in 29ms","time":"2019-09-08T15:37:52.816Z","v":0}
{"name":"log","hostname":"T530","pid":26377,"level":30,"msg":"SQL channel job 55 (getConversationById) succeeded in 28ms","time":"2019-09-08T15:37:52.836Z","v":0}
{"name":"log","hostname":"T530","pid":26377,"level":30,"msg":"SQL channel job 57 (getConversationById) succeeded in 26ms","time":"2019-09-08T15:37:52.836Z","v":0}
{"name":"log","hostname":"T530","pid":26377,"level":30,"msg":"SQL channel job 58 (getConversationById) succeeded in 26ms","time":"2019-09-08T15:37:52.836Z","v":0}
{"name":"log","hostname":"T530","pid":26377,"level":30,"msg":"SQL channel job 59 (getConversationById) succeeded in 26ms","time":"2019-09-08T15:37:52.837Z","v":0}
{"name":"log","hostname":"T530","pid":26377,"level":30,"msg":"SQL channel job 56 (getConversationById) succeeded in 28ms","time":"2019-09-08T15:37:52.837Z","v":0}
{"name":"log","hostname":"T530","pid":26377,"level":30,"msg":"SQL channel job 60 (getAllPreKeys) succeeded in 28ms","time":"2019-09-08T15:37:52.838Z","v":0}
{"name":"log","hostname":"T530","pid":26377,"level":30,"msg":"SignalProtocolStore: Finished caching preKeys data","time":"2019-09-08T15:37:52.856Z","v":0}
{"name":"log","hostname":"T530","pid":26377,"level":30,"msg":"SQL channel job 61 (updateConversation) succeeded in 35ms","time":"2019-09-08T15:37:52.856Z","v":0}
{"name":"log","hostname":"T530","pid":26377,"level":30,"msg":"SQL channel job 65 (updateConversation) succeeded in 32ms","time":"2019-09-08T15:37:52.857Z","v":0}
{"name":"log","hostname":"T530","pid":26377,"level":30,"msg":"SQL channel job 66 (updateConversation) succeeded in 34ms","time":"2019-09-08T15:37:52.857Z","v":0}
{"name":"log","hostname":"T530","pid":26377,"level":30,"msg":"SQL channel job 64 (updateConversation) succeeded in 36ms","time":"2019-09-08T15:37:52.857Z","v":0}
{"name":"log","hostname":"T530","pid":26377,"level":30,"msg":"SQL channel job 63 (updateConversation) succeeded in 38ms","time":"2019-09-08T15:37:52.857Z","v":0}
{"name":"log","hostname":"T530","pid":26377,"level":30,"msg":"SQL channel job 62 (updateConversation) succeeded in 39ms","time":"2019-09-08T15:37:52.857Z","v":0}
{"name":"log","hostname":"T530","pid":26377,"level":30,"msg":"SQL channel job 68 (updateConversation) succeeded in 48ms","time":"2019-09-08T15:37:52.857Z","v":0}
{"name":"log","hostname":"T530","pid":26377,"level":30,"msg":"SQL channel job 69 (updateConversation) succeeded in 48ms","time":"2019-09-08T15:37:52.879Z","v":0}
{"name":"log","hostname":"T530","pid":26377,"level":30,"msg":"SQL channel job 71 (updateConversation) succeeded in 46ms","time":"2019-09-08T15:37:52.879Z","v":0}
{"name":"log","hostname":"T530","pid":26377,"level":30,"msg":"SQL channel job 67 (updateConversation) succeeded in 52ms","time":"2019-09-08T15:37:52.879Z","v":0}
{"name":"log","hostname":"T530","pid":26377,"level":30,"msg":"SQL channel job 73 (updateConversation) succeeded in 49ms","time":"2019-09-08T15:37:52.880Z","v":0}
{"name":"log","hostname":"T530","pid":26377,"level":30,"msg":"SQL channel job 70 (updateConversation) succeeded in 54ms","time":"2019-09-08T15:37:52.880Z","v":0}
{"name":"log","hostname":"T530","pid":26377,"level":30,"msg":"SQL channel job 72 (updateConversation) succeeded in 51ms","time":"2019-09-08T15:37:52.880Z","v":0}
{"name":"log","hostname":"T530","pid":26377,"level":30,"msg":"SQL channel job 75 (updateConversation) succeeded in 56ms","time":"2019-09-08T15:37:52.881Z","v":0}
{"name":"log","hostname":"T530","pid":26377,"level":30,"msg":"SQL channel job 74 (updateConversation) succeeded in 63ms","time":"2019-09-08T15:37:52.888Z","v":0}
{"name":"log","hostname":"T530","pid":26377,"level":30,"msg":"SQL channel job 76 (updateConversation) succeeded in 62ms","time":"2019-09-08T15:37:52.889Z","v":0}
{"name":"log","hostname":"T530","pid":26377,"level":30,"msg":"SQL channel job 77 (updateConversation) succeeded in 78ms","time":"2019-09-08T15:37:52.891Z","v":0}
{"name":"log","hostname":"T530","pid":26377,"level":30,"msg":"SQL channel job 78 (updateConversation) succeeded in 77ms","time":"2019-09-08T15:37:52.893Z","v":0}
{"name":"log","hostname":"T530","pid":26377,"level":30,"msg":"SQL channel job 79 (updateConversation) succeeded in 75ms","time":"2019-09-08T15:37:52.893Z","v":0}
{"name":"log","hostname":"T530","pid":26377,"level":30,"msg":"SQL channel job 80 (updateConversation) succeeded in 80ms","time":"2019-09-08T15:37:52.894Z","v":0}
{"name":"log","hostname":"T530","pid":26377,"level":30,"msg":"SQL channel job 81 (updateConversation) succeeded in 80ms","time":"2019-09-08T15:37:52.894Z","v":0}
{"name":"log","hostname":"T530","pid":26377,"level":30,"msg":"SQL channel job 82 (updateConversation) succeeded in 80ms","time":"2019-09-08T15:37:52.894Z","v":0}
{"name":"log","hostname":"T530","pid":26377,"level":30,"msg":"SQL channel job 83 (updateConversation) succeeded in 79ms","time":"2019-09-08T15:37:52.894Z","v":0}
{"name":"log","hostname":"T530","pid":26377,"level":30,"msg":"SQL channel job 84 (updateConversation) succeeded in 79ms","time":"2019-09-08T15:37:52.895Z","v":0}
{"name":"log","hostname":"T530","pid":26377,"level":30,"msg":"ConversationController: done with initial fetch","time":"2019-09-08T15:37:52.895Z","v":0}
{"name":"log","hostname":"T530","pid":26377,"level":30,"msg":"SQL channel job 85 (getAllSignedPreKeys) succeeded in 70ms","time":"2019-09-08T15:37:52.895Z","v":0}
{"name":"log","hostname":"T530","pid":26377,"level":30,"msg":"SignalProtocolStore: Finished caching signedPreKeys data","time":"2019-09-08T15:37:52.896Z","v":0}
{"name":"log","hostname":"T530","pid":26377,"level":30,"msg":"Cleanup: starting...","time":"2019-09-08T15:37:52.897Z","v":0}
{"name":"log","hostname":"T530","pid":26377,"level":30,"msg":"Cleanup: Found 0 messages for cleanup","time":"2019-09-08T15:37:52.902Z","v":0}
{"name":"log","hostname":"T530","pid":26377,"level":30,"msg":"Cleanup: complete","time":"2019-09-08T15:37:52.903Z","v":0}
{"name":"log","hostname":"T530","pid":26377,"level":30,"msg":"listening for registration events","time":"2019-09-08T15:37:52.903Z","v":0}
{"name":"log","hostname":"T530","pid":26377,"level":30,"msg":"Next signed key rotation scheduled for 2019-09-08T15:37:52.905Z","time":"2019-09-08T15:37:52.906Z","v":0}
{"name":"log","hostname":"T530","pid":26377,"level":30,"msg":"refreshSenderCertificate: Getting new certificate...","time":"2019-09-08T15:37:52.906Z","v":0}
{"name":"log","hostname":"T530","pid":26377,"level":30,"msg":"GET https://textsecure-service.whispersystems.org/v1/certificate/delivery","time":"2019-09-08T15:37:52.907Z","v":0}
{"name":"log","hostname":"T530","pid":26377,"level":30,"msg":"connect","time":"2019-09-08T15:37:52.918Z","v":0}
{"name":"log","hostname":"T530","pid":26377,"level":30,"msg":"getAllFromCache","time":"2019-09-08T15:37:52.920Z","v":0}
{"name":"log","hostname":"T530","pid":26377,"level":30,"msg":"opening message socket https://textsecure-service.whispersystems.org","time":"2019-09-08T15:37:52.921Z","v":0}
{"name":"log","hostname":"T530","pid":26377,"level":30,"msg":"SyncRequest created. Sending config sync request...","time":"2019-09-08T15:37:52.925Z","v":0}
{"name":"log","hostname":"T530","pid":26377,"level":30,"msg":"SyncRequest now sending contact sync message...","time":"2019-09-08T15:37:52.926Z","v":0}
{"name":"log","hostname":"T530","pid":26377,"level":30,"msg":"open inbox","time":"2019-09-08T15:37:52.927Z","v":0}
{"name":"log","hostname":"T530","pid":26377,"level":30,"msg":"Start idle detector","time":"2019-09-08T15:37:52.937Z","v":0}
{"name":"log","hostname":"T530","pid":26377,"level":30,"msg":"SQL channel job 87 (getNextExpiringMessage) succeeded in 84ms","time":"2019-09-08T15:37:52.990Z","v":0}
{"name":"log","hostname":"T530","pid":26377,"level":30,"msg":"SQL channel job 88 (getNextTapToViewMessageToAgeOut) succeeded in 85ms","time":"2019-09-08T15:37:52.991Z","v":0}
{"name":"log","hostname":"T530","pid":26377,"level":30,"msg":"SQL channel job 89 (createOrUpdateItem) succeeded in 85ms","time":"2019-09-08T15:37:52.991Z","v":0}
{"name":"log","hostname":"T530","pid":26377,"level":30,"msg":"SQL channel job 90 (getUnprocessedCount) succeeded in 72ms","time":"2019-09-08T15:37:52.992Z","v":0}
{"name":"log","hostname":"T530","pid":26377,"level":30,"msg":"SQL channel job 91 (resetAttachmentDownloadPending) succeeded in 68ms","time":"2019-09-08T15:37:52.993Z","v":0}
{"name":"log","hostname":"T530","pid":26377,"level":30,"msg":"SQL channel job 92 (getItemById) succeeded in 53ms","time":"2019-09-08T15:37:52.994Z","v":0}
{"name":"log","hostname":"T530","pid":26377,"level":30,"msg":"SQL channel job 93 (getItemById) succeeded in 54ms","time":"2019-09-08T15:37:52.995Z","v":0}
{"name":"log","hostname":"T530","pid":26377,"level":30,"msg":"Rotating signed prekey...","time":"2019-09-08T15:37:52.997Z","v":0}
{"name":"log","hostname":"T530","pid":26377,"level":30,"msg":"SQL channel job 94 (getAllUnprocessed) succeeded in 11ms","time":"2019-09-08T15:37:53.006Z","v":0}
{"name":"log","hostname":"T530","pid":26377,"level":30,"msg":"getAllFromCache loaded 0 saved envelopes","time":"2019-09-08T15:37:53.006Z","v":0}
{"name":"log","hostname":"T530","pid":26377,"level":30,"msg":"Saving new signed prekey 3","time":"2019-09-08T15:37:53.007Z","v":0}
{"name":"log","hostname":"T530","pid":26377,"level":30,"msg":"PUT https://textsecure-service.whispersystems.org/v2/keys/signed","time":"2019-09-08T15:37:53.015Z","v":0}
{"name":"log","hostname":"T530","pid":26377,"level":30,"msg":"SQL channel job 97 (createOrUpdateItem) succeeded in 19ms","time":"2019-09-08T15:37:53.026Z","v":0}
{"name":"log","hostname":"T530","pid":26377,"level":30,"msg":"SQL channel job 98 (createOrUpdateSignedPreKey) succeeded in 20ms","time":"2019-09-08T15:37:53.030Z","v":0}
{"name":"log","hostname":"T530","pid":26377,"level":30,"msg":"PUT https://textsecure-service.whispersystems.org/v1/messages/+[REDACTED]453","time":"2019-09-08T15:37:53.078Z","v":0}
{"name":"log","hostname":"T530","pid":26377,"level":30,"msg":"PUT https://textsecure-service.whispersystems.org/v2/keys/signed 204 Success","time":"2019-09-08T15:37:53.267Z","v":0}
{"name":"log","hostname":"T530","pid":26377,"level":30,"msg":"Confirming new signed prekey 3","time":"2019-09-08T15:37:53.267Z","v":0}
{"name":"log","hostname":"T530","pid":26377,"level":30,"msg":"Most recent signed key: 3","time":"2019-09-08T15:37:53.279Z","v":0}
{"name":"log","hostname":"T530","pid":26377,"level":30,"msg":"Most recent confirmed signed key: 3","time":"2019-09-08T15:37:53.279Z","v":0}
{"name":"log","hostname":"T530","pid":26377,"level":30,"msg":"Total signed key count: 3 - 3 confirmed","time":"2019-09-08T15:37:53.280Z","v":0}
{"name":"log","hostname":"T530","pid":26377,"level":30,"msg":"Next signed key rotation scheduled for 2019-09-10T15:37:53.279Z","time":"2019-09-08T15:37:53.281Z","v":0}
{"name":"log","hostname":"T530","pid":26377,"level":30,"msg":"GET https://textsecure-service.whispersystems.org/v1/certificate/delivery 200 Success","time":"2019-09-08T15:37:53.282Z","v":0}
{"name":"log","hostname":"T530","pid":26377,"level":30,"msg":"Next sender certificate refresh scheduled for 2019-09-09T15:37:53.284Z","time":"2019-09-08T15:37:53.285Z","v":0}
{"name":"log","hostname":"T530","pid":26377,"level":30,"msg":"GET https://textsecure-service.whispersystems.org/v1/profile/+[REDACTED]453 (unauth)","time":"2019-09-08T15:37:53.286Z","v":0}
{"name":"log","hostname":"T530","pid":26377,"level":30,"msg":"SQL channel job 102 (createOrUpdateItem) succeeded in 14ms","time":"2019-09-08T15:37:53.294Z","v":0}
{"name":"log","hostname":"T530","pid":26377,"level":30,"msg":"SQL channel job 103 (createOrUpdateItem) succeeded in 12ms","time":"2019-09-08T15:37:53.297Z","v":0}
{"name":"log","hostname":"T530","pid":26377,"level":30,"msg":"PUT https://textsecure-service.whispersystems.org/v1/messages/+[REDACTED]453 200 Success","time":"2019-09-08T15:37:53.304Z","v":0}
{"name":"log","hostname":"T530","pid":26377,"level":30,"msg":"websocket open","time":"2019-09-08T15:37:53.313Z","v":0}
{"name":"log","hostname":"T530","pid":26377,"level":30,"msg":"got request PUT /api/v1/queue/empty","time":"2019-09-08T15:37:53.317Z","v":0}
{"name":"log","hostname":"T530","pid":26377,"level":30,"msg":"SQL channel job 104 (getItemById) succeeded in 15ms","time":"2019-09-08T15:37:53.321Z","v":0}
{"name":"log","hostname":"T530","pid":26377,"level":30,"msg":"SQL channel job 105 (getItemById) succeeded in 15ms","time":"2019-09-08T15:37:53.321Z","v":0}
{"name":"log","hostname":"T530","pid":26377,"level":30,"msg":"Worker job 1 (arrayBufferToStringBase64) succeeded in 8ms","time":"2019-09-08T15:37:53.325Z","v":0}
{"name":"log","hostname":"T530","pid":26377,"level":30,"msg":"SQL channel job 106 (saveUnprocessed) succeeded in 11ms","time":"2019-09-08T15:37:53.336Z","v":0}
{"name":"log","hostname":"T530","pid":26377,"level":30,"msg":"queueing envelope +[REDACTED]453.1 1567938988678 (17bf1c8f-c0b4-44c0-b90b-0c7206a9d85d)","time":"2019-09-08T15:37:53.337Z","v":0}
{"name":"log","hostname":"T530","pid":26377,"level":30,"msg":"message from +[REDACTED]453.1 1567938988678 (17bf1c8f-c0b4-44c0-b90b-0c7206a9d85d)","time":"2019-09-08T15:37:53.338Z","v":0}
{"name":"log","hostname":"T530","pid":26377,"level":30,"msg":"Worker job 2 (arrayBufferToStringBase64) succeeded in 6ms","time":"2019-09-08T15:37:53.344Z","v":0}
{"name":"log","hostname":"T530","pid":26377,"level":30,"msg":"queueing envelope +[REDACTED]453.1 1567938989255 (eee38eee-a1b1-4fa4-a70b-e62b3f3bd5dd)","time":"2019-09-08T15:37:53.351Z","v":0}
{"name":"log","hostname":"T530","pid":26377,"level":30,"msg":"Worker job 3 (arrayBufferToStringBase64) succeeded in 3ms","time":"2019-09-08T15:37:53.355Z","v":0}
{"name":"log","hostname":"T530","pid":26377,"level":30,"msg":"queueing envelope +[REDACTED]453.1 1567945457278 (81367bea-be96-4b91-9880-eed7bc8d6bd2)","time":"2019-09-08T15:37:53.365Z","v":0}
{"name":"log","hostname":"T530","pid":26377,"level":30,"msg":"PUT https://textsecure-service.whispersystems.org/v1/messages/+[REDACTED]453","time":"2019-09-08T15:37:53.385Z","v":0}
{"name":"log","hostname":"T530","pid":26377,"level":30,"msg":"sent message to +[REDACTED]453 1567938988678 from +[REDACTED]453.1 1567938988678 (17bf1c8f-c0b4-44c0-b90b-0c7206a9d85d)","time":"2019-09-08T15:37:53.415Z","v":0}
{"name":"log","hostname":"T530","pid":26377,"level":30,"msg":"message from +[REDACTED]453.1 1567938989255 (eee38eee-a1b1-4fa4-a70b-e62b3f3bd5dd)","time":"2019-09-08T15:37:53.418Z","v":0}
{"name":"log","hostname":"T530","pid":26377,"level":30,"msg":"PUT https://textsecure-service.whispersystems.org/v1/messages/+[REDACTED]453 200 Success","time":"2019-09-08T15:37:53.424Z","v":0}
{"name":"log","hostname":"T530","pid":26377,"level":30,"msg":"SyncRequest now sending group sync messsage...","time":"2019-09-08T15:37:53.424Z","v":0}
{"name":"log","hostname":"T530","pid":26377,"level":30,"msg":"Starting handleDataMessage for message +[REDACTED]453.1 1567938988678 in conversation +[REDACTED]453","time":"2019-09-08T15:37:53.426Z","v":0}
{"name":"log","hostname":"T530","pid":26377,"level":30,"msg":"Worker job 4 (arrayBufferToStringBase64) succeeded in 17ms","time":"2019-09-08T15:37:53.441Z","v":0}
{"name":"log","hostname":"T530","pid":26377,"level":30,"msg":"SQL channel job 114 (saveMessage) succeeded in 15ms","time":"2019-09-08T15:37:53.452Z","v":0}
{"name":"log","hostname":"T530","pid":26377,"level":30,"msg":"SQL channel job 115 (updateUnprocessedWithData) succeeded in 14ms","time":"2019-09-08T15:37:53.456Z","v":0}
{"name":"log","hostname":"T530","pid":26377,"level":30,"msg":"SQL channel job 116 (getItemById) succeeded in 14ms","time":"2019-09-08T15:37:53.457Z","v":0}
{"name":"log","hostname":"T530","pid":26377,"level":30,"msg":"contact sync","time":"2019-09-08T15:37:53.488Z","v":0}
{"name":"log","hostname":"T530","pid":26377,"level":30,"msg":"GET https://cdn.signal.org/attachments/1029154227458941528","time":"2019-09-08T15:37:53.491Z","v":0}
{"name":"log","hostname":"T530","pid":26377,"level":30,"msg":"prekey message from +[REDACTED]453.1 1567945457278 (81367bea-be96-4b91-9880-eed7bc8d6bd2)","time":"2019-09-08T15:37:53.492Z","v":0}
{"name":"log","hostname":"T530","pid":26377,"level":30,"msg":"Successfully fetched prekey: 1","time":"2019-09-08T15:37:53.492Z","v":0}
{"name":"log","hostname":"T530","pid":26377,"level":30,"msg":"Successfully fetched signed prekey: 2","time":"2019-09-08T15:37:53.493Z","v":0}
{"name":"log","hostname":"T530","pid":26377,"level":30,"msg":"closing session","time":"2019-09-08T15:37:53.493Z","v":0}
{"name":"log","hostname":"T530","pid":26377,"level":30,"msg":"SQL channel job 125 (removeUnprocessed) succeeded in 15ms","time":"2019-09-08T15:37:53.497Z","v":0}
{"name":"log","hostname":"T530","pid":26377,"level":30,"msg":"SQL channel job 126 (updateConversation) succeeded in 14ms","time":"2019-09-08T15:37:53.504Z","v":0}
{"name":"log","hostname":"T530","pid":26377,"level":30,"msg":"SQL channel job 127 (getUnprocessedById) succeeded in 11ms","time":"2019-09-08T15:37:53.504Z","v":0}
{"name":"log","hostname":"T530","pid":26377,"level":30,"msg":"Worker job 5 (arrayBufferToStringBase64) succeeded in 4ms","time":"2019-09-08T15:37:53.505Z","v":0}
{"name":"log","hostname":"T530","pid":26377,"level":40,"msg":"doesDatabaseExist: Timed out attempting to check IndexedDB status","time":"2019-09-08T15:37:53.506Z","v":0}
{"name":"log","hostname":"T530","pid":26377,"level":30,"msg":"New remote ephemeral key","time":"2019-09-08T15:37:53.511Z","v":0}
{"name":"log","hostname":"T530","pid":26377,"level":30,"msg":"GET https://textsecure-service.whispersystems.org/v1/profile/+[REDACTED]453 200 Success","time":"2019-09-08T15:37:53.517Z","v":0}
{"name":"log","hostname":"T530","pid":26377,"level":30,"msg":"Setting sealedSender to UNRESTRICTED for conversation +[REDACTED]453","time":"2019-09-08T15:37:53.518Z","v":0}
{"name":"log","hostname":"T530","pid":26377,"level":30,"msg":"SQL channel job 129 (updateUnprocessedWithData) succeeded in 19ms","time":"2019-09-08T15:37:53.523Z","v":0}
{"name":"log","hostname":"T530","pid":26377,"level":30,"msg":"GET https://cdn.signal.org/profiles/sha4HZSnw55Z13y_7vqzNA","time":"2019-09-08T15:37:53.528Z","v":0}
{"name":"log","hostname":"T530","pid":26377,"level":30,"msg":"GET https://textsecure-service.whispersystems.org/v2/keys","time":"2019-09-08T15:37:53.571Z","v":0}
{"name":"log","hostname":"T530","pid":26377,"level":30,"msg":"sent message to +[REDACTED]453 1567945457278 from +[REDACTED]453.1 1567945457278 (81367bea-be96-4b91-9880-eed7bc8d6bd2)","time":"2019-09-08T15:37:53.582Z","v":0}
{"name":"log","hostname":"T530","pid":26377,"level":30,"msg":"MessageReceiver: finished processing messages after 'empty', now waiting for application","time":"2019-09-08T15:37:53.583Z","v":0}
{"name":"log","hostname":"T530","pid":26377,"level":30,"msg":"Starting handleDataMessage for message +[REDACTED]453.1 1567945457278 in conversation +[REDACTED]453","time":"2019-09-08T15:37:53.589Z","v":0}
{"name":"log","hostname":"T530","pid":26377,"level":30,"msg":"Worker job 6 (arrayBufferToStringBase64) succeeded in 7ms","time":"2019-09-08T15:37:53.595Z","v":0}
{"name":"log","hostname":"T530","pid":26377,"level":30,"msg":"SQL channel job 137 (saveMessage) succeeded in 13ms","time":"2019-09-08T15:37:53.606Z","v":0}
{"name":"log","hostname":"T530","pid":26377,"level":30,"msg":"SQL channel job 138 (updateUnprocessedWithData) succeeded in 17ms","time":"2019-09-08T15:37:53.611Z","v":0}
{"name":"log","hostname":"T530","pid":26377,"level":30,"msg":"SQL channel job 139 (createOrUpdateSession) succeeded in 11ms","time":"2019-09-08T15:37:53.614Z","v":0}
{"name":"log","hostname":"T530","pid":26377,"level":30,"msg":"PUT https://textsecure-service.whispersystems.org/v1/messages/+[REDACTED]453","time":"2019-09-08T15:37:53.614Z","v":0}
{"name":"log","hostname":"T530","pid":26377,"level":30,"msg":"SQL channel job 140 (getConversationById) succeeded in 11ms","time":"2019-09-08T15:37:53.615Z","v":0}
{"name":"log","hostname":"T530","pid":26377,"level":30,"msg":"GET https://textsecure-service.whispersystems.org/v2/keys 200 Success","time":"2019-09-08T15:37:53.618Z","v":0}
{"name":"log","hostname":"T530","pid":26377,"level":30,"msg":"prekey count 98","time":"2019-09-08T15:37:53.618Z","v":0}
{"name":"log","hostname":"T530","pid":26377,"level":30,"msg":"MessageReceiver: emitting 'empty' event","time":"2019-09-08T15:37:53.633Z","v":0}
{"name":"log","hostname":"T530","pid":26377,"level":30,"msg":"updater/start: Updates disabled - not starting new version checks","time":"2019-09-08T15:37:53.634Z","v":0}
{"name":"log","hostname":"T530","pid":26377,"level":30,"msg":"PUT https://textsecure-service.whispersystems.org/v1/messages/+[REDACTED]453 200 Success","time":"2019-09-08T15:37:53.646Z","v":0}
{"name":"log","hostname":"T530","pid":26377,"level":30,"msg":"GET https://cdn.signal.org/attachments/1029154227458941528 200 Success","time":"2019-09-08T15:37:53.788Z","v":0}
{"name":"log","hostname":"T530","pid":26377,"level":30,"msg":"handleContacts: finished","time":"2019-09-08T15:37:53.802Z","v":0}
{"name":"log","hostname":"T530","pid":26377,"level":30,"msg":"SQL channel job 154 (updateConversation) succeeded in 12ms","time":"2019-09-08T15:37:53.857Z","v":0}
{"name":"log","hostname":"T530","pid":26377,"level":30,"msg":"SQL channel job 156 (updateConversation) succeeded in 11ms","time":"2019-09-08T15:37:53.879Z","v":0}
{"name":"log","hostname":"T530","pid":26377,"level":30,"msg":"got verified sync for +[REDACTED]521 DEFAULT via contact sync","time":"2019-09-08T15:37:53.893Z","v":0}
{"name":"log","hostname":"T530","pid":26377,"level":30,"msg":"Dropping profileKey, setting sealedSender to UNKNOWN for conversation +[REDACTED]453","time":"2019-09-08T15:37:53.924Z","v":0}
{"name":"log","hostname":"T530","pid":26377,"level":30,"msg":"GET https://textsecure-service.whispersystems.org/v1/profile/+[REDACTED]453 (unauth)","time":"2019-09-08T15:37:53.935Z","v":0}
{"name":"log","hostname":"T530","pid":26377,"level":30,"msg":"SQL channel job 165 (updateConversation) succeeded in 11ms","time":"2019-09-08T15:37:53.948Z","v":0}
{"name":"log","hostname":"T530","pid":26377,"level":30,"msg":"got verified sync for +[REDACTED]453 VERIFIED via contact sync","time":"2019-09-08T15:37:53.949Z","v":0}
{"name":"log","hostname":"T530","pid":26377,"level":30,"msg":"SQL channel job 166 (updateConversation) succeeded in 11ms","time":"2019-09-08T15:37:53.957Z","v":0}
{"name":"log","hostname":"T530","pid":26377,"level":30,"msg":"GET https://textsecure-service.whispersystems.org/v1/profile/+[REDACTED]453 200 Success","time":"2019-09-08T15:37:53.986Z","v":0}
{"name":"log","hostname":"T530","pid":26377,"level":30,"msg":"Setting sealedSender to UNRESTRICTED for conversation +[REDACTED]453","time":"2019-09-08T15:37:53.986Z","v":0}
{"name":"log","hostname":"T530","pid":26377,"level":30,"msg":"GET https://cdn.signal.org/profiles/sha4HZSnw55Z13y_7vqzNA","time":"2019-09-08T15:37:53.986Z","v":0}
{"name":"log","hostname":"T530","pid":26377,"level":30,"msg":"SQL channel job 173 (getConversationById) succeeded in 13ms","time":"2019-09-08T15:37:54.015Z","v":0}
{"name":"log","hostname":"T530","pid":26377,"level":30,"msg":"got verified sync for +[REDACTED]997 DEFAULT via contact sync","time":"2019-09-08T15:37:54.059Z","v":0}
{"name":"log","hostname":"T530","pid":26377,"level":30,"msg":"SQL channel job 182 (updateConversation) succeeded in 12ms","time":"2019-09-08T15:37:54.093Z","v":0}
{"name":"log","hostname":"T530","pid":26377,"level":30,"msg":"got verified sync for +[REDACTED]035 DEFAULT via contact sync","time":"2019-09-08T15:37:54.093Z","v":0}
{"name":"log","hostname":"T530","pid":26377,"level":30,"msg":"GET https://cdn.signal.org/profiles/sha4HZSnw55Z13y_7vqzNA 200 Success","time":"2019-09-08T15:37:54.101Z","v":0}
{"name":"log","hostname":"T530","pid":26377,"level":30,"msg":"SQL channel job 184 (updateConversation) succeeded in 11ms","time":"2019-09-08T15:37:54.111Z","v":0}
{"name":"log","hostname":"T530","pid":26377,"level":30,"msg":"SQL channel job 185 (getConversationById) succeeded in 11ms","time":"2019-09-08T15:37:54.113Z","v":0}
{"name":"log","hostname":"T530","pid":26377,"level":30,"msg":"GET https://cdn.signal.org/profiles/sha4HZSnw55Z13y_7vqzNA 200 Success","time":"2019-09-08T15:37:54.115Z","v":0}
{"name":"log","hostname":"T530","pid":26377,"level":30,"msg":"SQL channel job 192 (updateConversation) succeeded in 25ms","time":"2019-09-08T15:37:54.161Z","v":0}
{"name":"log","hostname":"T530","pid":26377,"level":30,"msg":"got verified sync for +[REDACTED]710 DEFAULT via contact sync","time":"2019-09-08T15:37:54.161Z","v":0}
{"name":"log","hostname":"T530","pid":26377,"level":30,"msg":"SQL channel job 193 (getConversationById) succeeded in 15ms","time":"2019-09-08T15:37:54.176Z","v":0}
{"name":"log","hostname":"T530","pid":26377,"level":30,"msg":"got verified sync for +[REDACTED]527 DEFAULT via contact sync","time":"2019-09-08T15:37:54.206Z","v":0}
{"name":"log","hostname":"T530","pid":26377,"level":30,"msg":"SQL channel job 197 (getConversationById) succeeded in 149ms","time":"2019-09-08T15:37:54.354Z","v":0}
{"name":"log","hostname":"T530","pid":26377,"level":30,"msg":"SQL channel job 198 (updateConversation) succeeded in 12ms","time":"2019-09-08T15:37:54.370Z","v":0}
{"name":"log","hostname":"T530","pid":26377,"level":30,"msg":"SQL channel job 199 (getConversationById) succeeded in 19ms","time":"2019-09-08T15:37:54.387Z","v":0}
{"name":"log","hostname":"T530","pid":26377,"level":30,"msg":"SQL channel job 200 (updateConversation) succeeded in 19ms","time":"2019-09-08T15:37:54.406Z","v":0}
{"name":"log","hostname":"T530","pid":26377,"level":30,"msg":"got verified sync for +[REDACTED]615 DEFAULT via contact sync","time":"2019-09-08T15:37:54.438Z","v":0}
{"name":"log","hostname":"T530","pid":26377,"level":30,"msg":"No existing record for default status","time":"2019-09-08T15:37:54.439Z","v":0}
{"name":"log","hostname":"T530","pid":26377,"level":30,"msg":"SQL channel job 208 (updateConversation) succeeded in 12ms","time":"2019-09-08T15:37:54.466Z","v":0}
{"name":"log","hostname":"T530","pid":26377,"level":30,"msg":"SQL channel job 210 (getNextTapToViewMessageToAgeOut) succeeded in 11ms","time":"2019-09-08T15:37:54.467Z","v":0}
{"name":"log","hostname":"T530","pid":26377,"level":30,"msg":"got verified sync for +[REDACTED]274 DEFAULT via contact sync","time":"2019-09-08T15:37:54.514Z","v":0}
{"name":"log","hostname":"T530","pid":26377,"level":30,"msg":"No existing record for default status","time":"2019-09-08T15:37:54.514Z","v":0}
{"name":"log","hostname":"T530","pid":26377,"level":30,"msg":"got verified sync for +[REDACTED]607 DEFAULT via contact sync","time":"2019-09-08T15:37:54.540Z","v":0}
{"name":"log","hostname":"T530","pid":26377,"level":30,"msg":"Got sync message with our own profile key","time":"2019-09-08T15:37:54.550Z","v":0}
{"name":"log","hostname":"T530","pid":26377,"level":30,"msg":"Setting sealedSender to UNKNOWN for conversation +[REDACTED]453","time":"2019-09-08T15:37:54.551Z","v":0}
{"name":"log","hostname":"T530","pid":26377,"level":30,"msg":"SQL channel job 225 (createOrUpdateItem) succeeded in 13ms","time":"2019-09-08T15:37:54.563Z","v":0}
{"name":"log","hostname":"T530","pid":26377,"level":30,"msg":"GET https://textsecure-service.whispersystems.org/v1/profile/+[REDACTED]453 (unauth)","time":"2019-09-08T15:37:54.572Z","v":0}
{"name":"log","hostname":"T530","pid":26377,"level":30,"msg":"GET https://textsecure-service.whispersystems.org/v1/profile/+[REDACTED]453 200 Success","time":"2019-09-08T15:37:54.634Z","v":0}
{"name":"log","hostname":"T530","pid":26377,"level":30,"msg":"Setting sealedSender to UNRESTRICTED for conversation +[REDACTED]453","time":"2019-09-08T15:37:54.634Z","v":0}
{"name":"log","hostname":"T530","pid":26377,"level":30,"msg":"GET https://cdn.signal.org/profiles/sha4HZSnw55Z13y_7vqzNA","time":"2019-09-08T15:37:54.651Z","v":0}
{"name":"log","hostname":"T530","pid":26377,"level":30,"msg":"GET https://cdn.signal.org/profiles/sha4HZSnw55Z13y_7vqzNA 200 Success","time":"2019-09-08T15:37:54.705Z","v":0}
{"name":"log","hostname":"T530","pid":26377,"level":30,"msg":"Done preloading emoji images in 3146ms","time":"2019-09-08T15:37:55.526Z","v":0}
{"name":"log","hostname":"T530","pid":26377,"level":50,"msg":"i18n: Attempted to get translation for nonexistent key 'sendLinkPreviews'","time":"2019-09-08T15:37:58.472Z","v":0}
{"name":"log","hostname":"T530","pid":26377,"level":50,"msg":"i18n: Attempted to get translation for nonexistent key 'linkPreviewsDescription'","time":"2019-09-08T15:37:58.473Z","v":0}
{"name":"log","hostname":"T530","pid":26377,"level":30,"msg":"Upgrade message schema (with index): {\"done\":true,\"numProcessed\":0,\"fetchDuration\":3,\"upgradeDuration\":0,\"saveDuration\":0,\"totalDuration\":3}","time":"2019-09-08T15:38:03.110Z","v":0}
{"name":"log","hostname":"T530","pid":26377,"level":30,"msg":"Background migration complete. Stopping idle detector.","time":"2019-09-08T15:38:03.110Z","v":0}
{"name":"log","hostname":"T530","pid":26377,"level":30,"msg":"Stop idle detector","time":"2019-09-08T15:38:03.111Z","v":0}
{"name":"log","hostname":"T530","pid":26377,"level":30,"msg":"Remove all notifications","time":"2019-09-08T15:38:03.653Z","v":0}
{"name":"log","hostname":"T530","pid":26377,"level":30,"msg":"before-quit event {\"shouldQuit\":false}","time":"2019-09-08T15:38:08.479Z","v":0}
{"name":"log","hostname":"T530","pid":26377,"level":30,"msg":"close event {\"shouldQuit\":true}","time":"2019-09-08T15:38:08.480Z","v":0}
{"name":"log","hostname":"T530","pid":26377,"level":30,"msg":"requestShutdown: Requesting close of mainWindow...","time":"2019-09-08T15:38:08.481Z","v":0}
{"name":"log","hostname":"T530","pid":26377,"level":30,"msg":"MessageReceiver: stopProcessing requested","time":"2019-09-08T15:38:08.498Z","v":0}
{"name":"log","hostname":"T530","pid":26377,"level":30,"msg":"MessageReceiver.close()","time":"2019-09-08T15:38:08.499Z","v":0}
{"name":"log","hostname":"T530","pid":26377,"level":30,"msg":"WebSocketResource.close()","time":"2019-09-08T15:38:08.499Z","v":0}
{"name":"log","hostname":"T530","pid":26377,"level":30,"msg":"drained","time":"2019-09-08T15:38:08.500Z","v":0}
{"name":"log","hostname":"T530","pid":26377,"level":30,"msg":"data.shutdown: starting process. 0 jobs outstanding","time":"2019-09-08T15:38:08.500Z","v":0}
{"name":"log","hostname":"T530","pid":26377,"level":30,"msg":"SQL channel job 233 (close) succeeded in 13ms","time":"2019-09-08T15:38:08.515Z","v":0}
{"name":"log","hostname":"T530","pid":26377,"level":30,"msg":"requestShutdown: Response received","time":"2019-09-08T15:38:08.516Z","v":0}
{"name":"log","hostname":"T530","pid":26377,"level":30,"msg":"before-quit event {\"readyForShutdown\":true,\"shouldQuit\":true}","time":"2019-09-08T15:38:08.516Z","v":0}
{"name":"log","hostname":"T530","pid":26377,"level":30,"msg":"close event {\"readyForShutdown\":true,\"shouldQuit\":true}","time":"2019-09-08T15:38:08.516Z","v":0}
