C:/Program Files (x86)/Fantasy Grounds/D3DX9_43.dll
C:/Program Files (x86)/Fantasy Grounds/FGUpdaterEngine.exe
C:/Program Files (x86)/Fantasy Grounds/FantasyGrounds.exe
C:/Program Files (x86)/Fantasy Grounds/FantasyGroundsUpdater.exe
C:/Program Files (x86)/Fantasy Grounds/launcher.pak
C:/Program Files (x86)/Fantasy Grounds/patchnotes.xml
C:/users/austin/Application Data/Fantasy Grounds/campaigns/5E Sample Campaign/CampaignRegistry.lua
C:/users/austin/Application Data/Fantasy Grounds/campaigns/5E Sample Campaign/campaign.xml
C:/users/austin/Application Data/Fantasy Grounds/campaigns/5E Sample Campaign/db.xml
C:/users/austin/Application Data/Fantasy Grounds/campaigns/5E Sample Campaign/extensionstate.xml
C:/users/austin/Application Data/Fantasy Grounds/campaigns/5E Sample Campaign/images/BattleMap01.jpg
C:/users/austin/Application Data/Fantasy Grounds/campaigns/5E Sample Campaign/images/NoGrid_Underdark_tunnels_F.jpg
C:/users/austin/Application Data/Fantasy Grounds/campaigns/5E Sample Campaign/images/Tutorial_5eEffects_Cast_Dialog.jpg
C:/users/austin/Application Data/Fantasy Grounds/campaigns/5E Sample Campaign/images/Tutorial_5eEffects_Damage_Dialog.jpg
C:/users/austin/Application Data/Fantasy Grounds/campaigns/5E Sample Campaign/images/Tutorial_5eEffects_Effect_Dialog.jpg
C:/users/austin/Application Data/Fantasy Grounds/campaigns/5E Sample Campaign/images/Tutorial_5eEffects_Heal_Dialog.jpg
C:/users/austin/Application Data/Fantasy Grounds/campaigns/5E Sample Campaign/images/Tutorial_Calendar.jpg
C:/users/austin/Application Data/Fantasy Grounds/campaigns/5E Sample Campaign/images/Tutorial_Combat_Tracker_DMActions.jpg
C:/users/austin/Application Data/Fantasy Grounds/campaigns/5E Sample Campaign/images/Tutorial_Combat_Tracker_DMEffects.jpg
C:/users/austin/Application Data/Fantasy Grounds/campaigns/5E Sample Campaign/images/Tutorial_Combat_Tracker_DMOffense.jpg
C:/users/austin/Application Data/Fantasy Grounds/campaigns/5E Sample Campaign/images/Tutorial_Combat_Tracker_DMTargets.jpg
C:/users/austin/Application Data/Fantasy Grounds/campaigns/5E Sample Campaign/images/Tutorial_Combat_Tracker_DMViewBasic.jpg
C:/users/austin/Application Data/Fantasy Grounds/campaigns/5E Sample Campaign/images/Tutorial_Combat_Tracker_player_view.jpg
C:/users/austin/Application Data/Fantasy Grounds/campaigns/5E Sample Campaign/images/Tutorial_Items_General.jpg
C:/users/austin/Application Data/Fantasy Grounds/campaigns/5E Sample Campaign/images/Tutorial_Items_Weapon.jpg
C:/users/austin/Application Data/Fantasy Grounds/campaigns/5E Sample Campaign/images/Tutorial_NPCUnlocked.jpg
C:/users/austin/Application Data/Fantasy Grounds/campaigns/5E Sample Campaign/images/Tutorial_NPC_Sheet.jpg
C:/users/austin/Application Data/Fantasy Grounds/campaigns/5E Sample Campaign/images/Tutorial_NPC_Sheet_Encounter.jpg
C:/users/austin/Application Data/Fantasy Grounds/campaigns/5E Sample Campaign/images/Tutorial_PartySheet_Encounters.jpg
C:/users/austin/Application Data/Fantasy Grounds/campaigns/5E Sample Campaign/images/Tutorial_PartySheet_Inventory_One.jpg
C:/users/austin/Application Data/Fantasy Grounds/campaigns/5E Sample Campaign/images/Tutorial_PartySheet_Main.jpg
C:/users/austin/Application Data/Fantasy Grounds/campaigns/5E Sample Campaign/images/Tutorial_PartySheet_Quests.jpg
C:/users/austin/Application Data/Fantasy Grounds/campaigns/5E Sample Campaign/images/Underdark_tunnels_E.jpg
C:/users/austin/Application Data/Fantasy Grounds/campaigns/5E Sample Campaign/images/Underdark_tunnels_Large_Pool.jpg
C:/users/austin/Application Data/Fantasy Grounds/campaigns/5E Sample Campaign/images/white-house-satellite-view.jpg
C:/users/austin/Application Data/Fantasy Grounds/campaigns/5E Sample Campaign/modulestate.xml
C:/users/austin/Application Data/Fantasy Grounds/campaigns/5E Sample Campaign/portraits/id-00001
C:/users/austin/Application Data/Fantasy Grounds/campaigns/5E Sample Campaign/portraits/id-00002
C:/users/austin/Application Data/Fantasy Grounds/campaigns/5E Sample Campaign/portraits/id-00003
C:/users/austin/Application Data/Fantasy Grounds/campaigns/5E Sample Campaign/usersettings/hotkeys_host.xml
C:/users/austin/Application Data/Fantasy Grounds/campaigns/5E Sample Campaign/usersettings/tokens_GM
C:/users/austin/Application Data/Fantasy Grounds/campaigns/A Tale of Dinor - 3.5E/CampaignRegistry.lua
C:/users/austin/Application Data/Fantasy Grounds/campaigns/A Tale of Dinor - 3.5E/campaign.xml
C:/users/austin/Application Data/Fantasy Grounds/campaigns/A Tale of Dinor - 3.5E/db.xml
C:/users/austin/Application Data/Fantasy Grounds/campaigns/A Tale of Dinor - 3.5E/images/Cube_of_Raughnar.jpg
C:/users/austin/Application Data/Fantasy Grounds/campaigns/A Tale of Dinor - 3.5E/images/campaignmap.jpg
C:/users/austin/Application Data/Fantasy Grounds/campaigns/A Tale of Dinor - 3.5E/images/cathedral_1stfloor.jpg
C:/users/austin/Application Data/Fantasy Grounds/campaigns/A Tale of Dinor - 3.5E/images/cathedral_2ndfloor.jpg
C:/users/austin/Application Data/Fantasy Grounds/campaigns/A Tale of Dinor - 3.5E/images/cathedral_basement.jpg
C:/users/austin/Application Data/Fantasy Grounds/campaigns/A Tale of Dinor - 3.5E/images/citymap.jpg
C:/users/austin/Application Data/Fantasy Grounds/campaigns/A Tale of Dinor - 3.5E/images/mines_big.jpg
C:/users/austin/Application Data/Fantasy Grounds/campaigns/A Tale of Dinor - 3.5E/images/mines_deep.jpg
C:/users/austin/Application Data/Fantasy Grounds/campaigns/A Tale of Dinor - 3.5E/maskedimages/1311802685.png
C:/users/austin/Application Data/Fantasy Grounds/campaigns/A Tale of Dinor - 3.5E/modulestate.xml
C:/users/austin/Application Data/Fantasy Grounds/campaigns/A Tale of Dinor - 3.5E/portraits/id-00001
C:/users/austin/Application Data/Fantasy Grounds/campaigns/A Tale of Dinor - 3.5E/portraits/id-00002
C:/users/austin/Application Data/Fantasy Grounds/campaigns/A Tale of Dinor - 4E/campaign.xml
C:/users/austin/Application Data/Fantasy Grounds/campaigns/A Tale of Dinor - 4E/db.xml
C:/users/austin/Application Data/Fantasy Grounds/campaigns/A Tale of Dinor - 4E/images/Cube_of_Raughnar.jpg
C:/users/austin/Application Data/Fantasy Grounds/campaigns/A Tale of Dinor - 4E/images/campaignmap.jpg
C:/users/austin/Application Data/Fantasy Grounds/campaigns/A Tale of Dinor - 4E/images/cathedral_1stfloor.jpg
C:/users/austin/Application Data/Fantasy Grounds/campaigns/A Tale of Dinor - 4E/images/cathedral_2ndfloor.jpg
C:/users/austin/Application Data/Fantasy Grounds/campaigns/A Tale of Dinor - 4E/images/cathedral_basement.jpg
C:/users/austin/Application Data/Fantasy Grounds/campaigns/A Tale of Dinor - 4E/images/citymap.jpg
C:/users/austin/Application Data/Fantasy Grounds/campaigns/A Tale of Dinor - 4E/images/mines_big.jpg
C:/users/austin/Application Data/Fantasy Grounds/campaigns/A Tale of Dinor - 4E/images/mines_deep.jpg
C:/users/austin/Application Data/Fantasy Grounds/campaigns/A Tale of Dinor - 4E/maskedimages/1311802685.png
C:/users/austin/Application Data/Fantasy Grounds/campaigns/A Tale of Dinor - 4E/modulestate.xml
C:/users/austin/Application Data/Fantasy Grounds/campaigns/A Tale of Dinor - 4E/portraits/id-00001
C:/users/austin/Application Data/Fantasy Grounds/campaigns/A Tale of Dinor - 4E/portraits/id-00002
C:/users/austin/Application Data/Fantasy Grounds/extensions/Theme_Dungeon.ext
C:/users/austin/Application Data/Fantasy Grounds/extensions/Theme_Simple_Brown.ext
C:/users/austin/Application Data/Fantasy Grounds/extensions/Theme_Simple_Gray.ext
C:/users/austin/Application Data/Fantasy Grounds/extensions/Theme_Wood.ext
C:/users/austin/Application Data/Fantasy Grounds/extensions/fate-BlankSkills.ext
C:/users/austin/Application Data/Fantasy Grounds/modules/3.5E-basicrules.mod
C:/users/austin/Application Data/Fantasy Grounds/modules/3.5E-magicitems.mod
C:/users/austin/Application Data/Fantasy Grounds/modules/3.5E-monsters.mod
C:/users/austin/Application Data/Fantasy Grounds/modules/3.5E-spells.mod
C:/users/austin/Application Data/Fantasy Grounds/modules/Combat_Battlemaps.mod
C:/users/austin/Application Data/Fantasy Grounds/modules/DD Basic Rules - DM.mod
C:/users/austin/Application Data/Fantasy Grounds/modules/DD Basic Rules - Player.mod
C:/users/austin/Application Data/Fantasy Grounds/modules/DD5E SRD Bestiary.mod
C:/users/austin/Application Data/Fantasy Grounds/modules/DD5E SRD Data.mod
C:/users/austin/Application Data/Fantasy Grounds/modules/DD5E SRD Magic Items.mod
C:/users/austin/Application Data/Fantasy Grounds/modules/FateCoreSRD.mod
C:/users/austin/Application Data/Fantasy Grounds/modules/PF-SRD-Basic-Rules.mod
C:/users/austin/Application Data/Fantasy Grounds/modules/PF-SRD-Bestiary.mod
C:/users/austin/Application Data/Fantasy Grounds/modules/PF-SRD-Magic-Items.mod
C:/users/austin/Application Data/Fantasy Grounds/modules/PF-SRD-Spells.mod
C:/users/austin/Application Data/Fantasy Grounds/modules/calendars.mod
C:/users/austin/Application Data/Fantasy Grounds/modules/fumblecrit.mod
C:/users/austin/Application Data/Fantasy Grounds/modules/ks01_ogl_well_met_in_kithtakharos.mod
C:/users/austin/Application Data/Fantasy Grounds/modules/lettertokens.mod
C:/users/austin/Application Data/Fantasy Grounds/portraits/Examples.ppk
C:/users/austin/Application Data/Fantasy Grounds/portraits/FantasyPortraits.ppk
C:/users/austin/Application Data/Fantasy Grounds/rulesets/3.5E.pak
C:/users/austin/Application Data/Fantasy Grounds/rulesets/4E.pak
C:/users/austin/Application Data/Fantasy Grounds/rulesets/5E.pak
C:/users/austin/Application Data/Fantasy Grounds/rulesets/CoreRPG.pak
C:/users/austin/Application Data/Fantasy Grounds/rulesets/Cypher System.pak
C:/users/austin/Application Data/Fantasy Grounds/rulesets/Fate Core.pak
C:/users/austin/Application Data/Fantasy Grounds/rulesets/Numenera.pak
C:/users/austin/Application Data/Fantasy Grounds/rulesets/PFRPG.pak
C:/users/austin/Application Data/Fantasy Grounds/rulesets/PFRPG2.pak
C:/users/austin/Application Data/Fantasy Grounds/rulesets/The Strange.pak
C:/users/austin/Application Data/Fantasy Grounds/utilities/CharacterConverter.exe
C:/users/austin/Application Data/Fantasy Grounds/vault/3.5E-examples.dat
C:/users/austin/Application Data/Fantasy Grounds/vault/3.5E.dat
C:/users/austin/Application Data/Fantasy Grounds/vault/4E-examples.dat
C:/users/austin/Application Data/Fantasy Grounds/vault/4E.dat
C:/users/austin/Application Data/Fantasy Grounds/vault/5E-data.dat
C:/users/austin/Application Data/Fantasy Grounds/vault/5E-examples.dat
C:/users/austin/Application Data/Fantasy Grounds/vault/5E.dat
C:/users/austin/Application Data/Fantasy Grounds/vault/CoreRPG.dat
C:/users/austin/Application Data/Fantasy Grounds/vault/Cypher.dat
C:/users/austin/Application Data/Fantasy Grounds/vault/FATECore.dat
C:/users/austin/Application Data/Fantasy Grounds/vault/PFRPG.dat
C:/users/austin/Application Data/Fantasy Grounds/vault/PFRPG2-data.dat
C:/users/austin/Application Data/Fantasy Grounds/vault/PFRPG2.dat
C:/users/austin/Application Data/Fantasy Grounds/vault/SWK02.dat
C:/users/austin/Application Data/Fantasy Grounds/vault/Utilities.dat
C:/users/austin/Application Data/Fantasy Grounds/vault/general-addons.dat
C:/users/austin/Application Data/Fantasy Grounds/vault/general-examples.dat
