13:31:31.359: INFO: com.android.jack.server.JackHttpServer: Loading config of jack server version: 1.3-a11 '1.3' (402300 704631c4e9bbfb4e8b052365140f79974b9f4cf4 by android-jack-team@google.com)
13:31:31.903: INFO: com.android.jack.server.JackHttpServer: Jack 1.3-rc6 'Douarn' (441800 22a11d4b264ae70e366aed3025ef47362d1522bb by N/A) available in ./jack/jack-1507338642181-0.jar
13:31:32.209: INFO: com.android.jack.server.JackHttpServer: Jack 1.3-rc7 'Douarn' (445000 d7be3910514558d6715ce455ce0861ae2f56925a by N/A) available in ./jack/jack-1515261323744-0.jar
13:31:32.211: INFO: com.android.jack.server.JackHttpServer: Starting service connection server on /127.0.0.1:8076
13:31:32.239: INFO: com.android.jack.server.JackHttpServer: Starting admin connection on /127.0.0.1:8077
13:31:32.837: INFO: com.android.jack.server.JackHttpServer: Start timer
13:31:33.528: INFO: com.android.jack.server.router.RootContainer: Route request for GET /server
13:31:33.531: INFO: com.android.jack.server.JackHttpServer: Server mode changing from WAIT to WORK
13:31:33.531: INFO: com.android.jack.server.JackHttpServer: Cancel timer
13:31:33.531: INFO: com.android.jack.server.tasks.GetVersions: Get server version(s)
13:31:33.549: INFO: com.android.jack.server.JackHttpServer: Server mode changing from WORK to WAIT
13:31:33.549: INFO: com.android.jack.server.JackHttpServer: Start timer
13:31:33.933: INFO: com.android.jack.server.router.RootContainer: Route request for HEAD /server
13:31:33.934: INFO: com.android.jack.server.JackHttpServer: Server mode changing from WAIT to WORK
13:31:33.934: INFO: com.android.jack.server.JackHttpServer: Cancel timer
13:31:33.958: INFO: com.android.jack.server.JackHttpServer: Server mode changing from WORK to WAIT
13:31:33.958: INFO: com.android.jack.server.JackHttpServer: Start timer
13:31:34.091: INFO: com.android.jack.server.router.RootContainer: Route request for HEAD /jack
13:31:34.091: INFO: com.android.jack.server.JackHttpServer: Server mode changing from WAIT to WORK
13:31:34.092: INFO: com.android.jack.server.JackHttpServer: Cancel timer
13:31:34.092: INFO: com.android.jack.server.JackHttpServer: Server mode changing from WORK to WAIT
13:31:34.092: INFO: com.android.jack.server.JackHttpServer: Start timer
13:31:34.736: INFO: com.android.jack.server.router.RootContainer: Route request for POST /jack
13:31:34.737: INFO: com.android.jack.server.JackHttpServer: Server mode changing from WAIT to WORK
13:31:34.737: INFO: com.android.jack.server.JackHttpServer: Cancel timer
13:31:34.773: INFO: com.android.jack.server.tasks.JackTask: Compilation #0, command '@build/core/jack-default.args -D jack.import.jar.debug-info=false -D jack.import.resource.policy=keep-first -D jack.import.type.policy=keep-first -D jack.android.min-api-level=1 --import external/jacoco/asm-debug-all-5.0.1.jar --import-resource out/target/common/obj/JAVA_LIBRARIES/jacoco-asm_intermediates/classes.jack.tmpjill.res --output-jack out/target/common/obj/JAVA_LIBRARIES/jacoco-asm_intermediates/classes.jack', pwd: '/home/austin/aosp', required Jack: Exact version 4.32.CANDIDATE
13:31:34.774: INFO: com.android.jack.server.tasks.JackTask: Run Compilation #0 with Jack 1.3-rc7 'Douarn' (445000 d7be3910514558d6715ce455ce0861ae2f56925a by N/A) (4.32)
13:31:36.971: INFO: com.android.jack.server.router.RootContainer: Route request for POST /jack
13:31:36.971: INFO: com.android.jack.server.tasks.JackTask: Compilation #1, command '@build/core/jack-default.args -g -D jack.java.source.version=1.8 --import-resource out/target/common/obj/JAVA_LIBRARIES/core-all_intermediates/with-local/classes.dex.res.tmp -D jack.android.min-api-level=o-b1 -D jack.import.resource.policy=keep-first -D jack.import.type.policy=keep-first --output-jack out/target/common/obj/JAVA_LIBRARIES/core-all_intermediates/classes.jack --output-dex out/target/common/obj/JAVA_LIBRARIES/core-all_intermediates/jack-rsc @out/target/common/obj/JAVA_LIBRARIES/core-all_intermediates/jack-rsc/java-source-list-uniq', pwd: '/home/austin/aosp', required Jack: Exact version 4.32.CANDIDATE
13:31:36.978: INFO: com.android.jack.server.tasks.JackTask: Run Compilation #1 with Jack 1.3-rc7 'Douarn' (445000 d7be3910514558d6715ce455ce0861ae2f56925a by N/A) (4.32)
13:31:55.045: INFO: com.android.jack.server.tasks.JackTask: Compilation #0 return exit code 0
13:31:55.046: INFO: com.android.jack.server.tasks.JackTask: Compilation #0 run in 18538 ms
13:31:55.047: INFO: com.android.jack.server.router.RootContainer: Route request for POST /jack
13:31:55.048: INFO: com.android.jack.server.tasks.JackTask: Compilation #2, command '@build/core/jack-default.args -D jack.import.resource.policy=keep-first -D jack.import.type.policy=keep-first -D jack.android.min-api-level=9 --import prebuilts/sdk/9/android.jar --import-resource out/target/common/obj/JAVA_LIBRARIES/sdk_v9_intermediates/classes.jack.tmpjill.res --output-jack out/target/common/obj/JAVA_LIBRARIES/sdk_v9_intermediates/classes.jack', pwd: '/home/austin/aosp', required Jack: Exact version 4.32.CANDIDATE
13:31:55.048: INFO: com.android.jack.server.tasks.JackTask: Run Compilation #2 with Jack 1.3-rc7 'Douarn' (445000 d7be3910514558d6715ce455ce0861ae2f56925a by N/A) (4.32)
13:32:36.498: INFO: com.android.jack.server.tasks.JackTask: Compilation #2 return exit code 0
13:32:36.499: INFO: com.android.jack.server.tasks.JackTask: Compilation #2 run in 41427 ms
13:32:36.506: INFO: com.android.jack.server.router.RootContainer: Route request for POST /jack
13:32:36.506: INFO: com.android.jack.server.tasks.JackTask: Compilation #3, command '@build/core/jack-default.args -D jack.import.resource.policy=keep-first -D jack.import.type.policy=keep-first -D jack.android.min-api-level=1 --import prebuilts/maven_repo/android/android/arch/core/common/1.0.0/common-1.0.0.jar --import-resource out/target/common/obj/JAVA_LIBRARIES/apptoolkit-arch-core-common_intermediates/classes.jack.tmpjill.res --output-jack out/target/common/obj/JAVA_LIBRARIES/apptoolkit-arch-core-common_intermediates/classes.jack', pwd: '/home/austin/aosp', required Jack: Exact version 4.32.CANDIDATE
13:32:36.506: INFO: com.android.jack.server.tasks.JackTask: Run Compilation #3 with Jack 1.3-rc7 'Douarn' (445000 d7be3910514558d6715ce455ce0861ae2f56925a by N/A) (4.32)
13:32:37.260: INFO: com.android.jack.server.tasks.JackTask: Compilation #3 return exit code 0
13:32:37.261: INFO: com.android.jack.server.tasks.JackTask: Compilation #3 run in 749 ms
13:32:37.262: INFO: com.android.jack.server.router.RootContainer: Route request for POST /jack
13:32:37.262: INFO: com.android.jack.server.tasks.JackTask: Compilation #4, command '@build/core/jack-default.args -D jack.import.resource.policy=keep-first -D jack.import.type.policy=keep-first -D jack.android.min-api-level=8 --import prebuilts/sdk/8/android.jar --import-resource out/target/common/obj/JAVA_LIBRARIES/sdk_v8_intermediates/classes.jack.tmpjill.res --output-jack out/target/common/obj/JAVA_LIBRARIES/sdk_v8_intermediates/classes.jack', pwd: '/home/austin/aosp', required Jack: Exact version 4.32.CANDIDATE
13:32:37.263: INFO: com.android.jack.server.tasks.JackTask: Run Compilation #4 with Jack 1.3-rc7 'Douarn' (445000 d7be3910514558d6715ce455ce0861ae2f56925a by N/A) (4.32)
13:33:15.451: INFO: com.android.jack.server.tasks.JackTask: Compilation #4 return exit code 0
13:33:15.451: INFO: com.android.jack.server.tasks.JackTask: Compilation #4 run in 38176 ms
13:33:15.454: INFO: com.android.jack.server.router.RootContainer: Route request for POST /jack
13:33:15.454: INFO: com.android.jack.server.tasks.JackTask: Compilation #5, command '@build/core/jack-default.args -D jack.import.resource.policy=keep-first -D jack.import.type.policy=keep-first -D jack.android.min-api-level=21 --import prebuilts/sdk/21/android.jar --import-resource out/target/common/obj/JAVA_LIBRARIES/sdk_v21_intermediates/classes.jack.tmpjill.res --output-jack out/target/common/obj/JAVA_LIBRARIES/sdk_v21_intermediates/classes.jack', pwd: '/home/austin/aosp', required Jack: Exact version 4.32.CANDIDATE
13:33:15.454: INFO: com.android.jack.server.tasks.JackTask: Run Compilation #5 with Jack 1.3-rc7 'Douarn' (445000 d7be3910514558d6715ce455ce0861ae2f56925a by N/A) (4.32)
13:34:02.115: INFO: com.android.jack.server.tasks.JackTask: Compilation #1 return exit code 0
13:34:02.116: INFO: com.android.jack.server.tasks.JackTask: Compilation #1 run in 144968 ms
13:34:02.119: INFO: com.android.jack.server.router.RootContainer: Route request for POST /jack
13:34:02.119: INFO: com.android.jack.server.tasks.JackTask: Compilation #6, command '@build/core/jack-default.args -D jack.import.resource.policy=keep-first -D jack.import.type.policy=keep-first -D jack.android.min-api-level=1 --import prebuilts/maven_repo/android/android/arch/lifecycle/common/1.0.0/common-1.0.0.jar --import-resource out/target/common/obj/JAVA_LIBRARIES/apptoolkit-lifecycle-common_intermediates/classes.jack.tmpjill.res --output-jack out/target/common/obj/JAVA_LIBRARIES/apptoolkit-lifecycle-common_intermediates/classes.jack', pwd: '/home/austin/aosp', required Jack: Exact version 4.32.CANDIDATE
13:34:02.119: INFO: com.android.jack.server.tasks.JackTask: Run Compilation #6 with Jack 1.3-rc7 'Douarn' (445000 d7be3910514558d6715ce455ce0861ae2f56925a by N/A) (4.32)
13:34:02.984: INFO: com.android.jack.server.tasks.JackTask: Compilation #6 return exit code 0
13:34:02.984: INFO: com.android.jack.server.tasks.JackTask: Compilation #6 run in 863 ms
13:34:03.005: INFO: com.android.jack.server.router.RootContainer: Route request for POST /jack
13:34:03.005: INFO: com.android.jack.server.tasks.JackTask: Compilation #7, command '@build/core/jack-default.args -D jack.import.resource.policy=keep-first -D jack.import.type.policy=keep-first -D jack.android.min-api-level=1 --import out/target/common/obj/JAVA_LIBRARIES/apptoolkit-lifecycle-runtime_intermediates/aar/classes.jar --import-resource out/target/common/obj/JAVA_LIBRARIES/apptoolkit-lifecycle-runtime_intermediates/classes.jack.tmpjill.res --output-jack out/target/common/obj/JAVA_LIBRARIES/apptoolkit-lifecycle-runtime_intermediates/classes.jack', pwd: '/home/austin/aosp', required Jack: Exact version 4.32.CANDIDATE
13:34:03.005: INFO: com.android.jack.server.tasks.JackTask: Run Compilation #7 with Jack 1.3-rc7 'Douarn' (445000 d7be3910514558d6715ce455ce0861ae2f56925a by N/A) (4.32)
13:34:03.562: INFO: com.android.jack.server.tasks.JackTask: Compilation #7 return exit code 0
13:34:03.562: INFO: com.android.jack.server.tasks.JackTask: Compilation #7 run in 555 ms
13:34:03.564: INFO: com.android.jack.server.router.RootContainer: Route request for POST /jack
13:34:03.564: INFO: com.android.jack.server.tasks.JackTask: Compilation #8, command '@build/core/jack-default.args -g -D jack.java.source.version=1.7 --classpath out/target/common/obj/JAVA_LIBRARIES/sdk_v9_intermediates/classes.jack -D jack.import.resource.policy=keep-first -D jack.import.type.policy=keep-first -D jack.android.min-api-level=9 --output-jack out/target/common/obj/JAVA_LIBRARIES/libprotobuf-java-nano_intermediates/classes.jack @out/target/common/obj/JAVA_LIBRARIES/libprotobuf-java-nano_intermediates/jack-rsc/java-source-list-uniq', pwd: '/home/austin/aosp', required Jack: Exact version 4.32.CANDIDATE
13:34:03.564: INFO: com.android.jack.server.tasks.JackTask: Run Compilation #8 with Jack 1.3-rc7 'Douarn' (445000 d7be3910514558d6715ce455ce0861ae2f56925a by N/A) (4.32)
13:34:05.838: INFO: com.android.jack.server.tasks.JackTask: Compilation #8 return exit code 0
13:34:05.838: INFO: com.android.jack.server.tasks.JackTask: Compilation #8 run in 2272 ms
13:34:05.839: INFO: com.android.jack.server.router.RootContainer: Route request for POST /jack
13:34:05.840: INFO: com.android.jack.server.tasks.JackTask: Compilation #9, command '@build/core/jack-default.args -g -D jack.java.source.version=1.7 --classpath out/target/common/obj/JAVA_LIBRARIES/sdk_v9_intermediates/classes.jack --import out/target/common/obj/JAVA_LIBRARIES/jacoco-asm_intermediates/classes.jack -D jack.import.resource.policy=keep-first -D jack.import.type.policy=keep-first -D jack.android.min-api-level=9 --output-jack out/target/common/obj/JAVA_LIBRARIES/jacocoagent_intermediates/classes.jack @out/target/common/obj/JAVA_LIBRARIES/jacocoagent_intermediates/jack-rsc/java-source-list-uniq', pwd: '/home/austin/aosp', required Jack: Exact version 4.32.CANDIDATE
13:34:05.840: INFO: com.android.jack.server.tasks.JackTask: Run Compilation #9 with Jack 1.3-rc7 'Douarn' (445000 d7be3910514558d6715ce455ce0861ae2f56925a by N/A) (4.32)
13:34:18.497: INFO: com.android.jack.server.tasks.JackTask: Compilation #9 return exit code 0
13:34:18.497: INFO: com.android.jack.server.tasks.JackTask: Compilation #9 run in 12654 ms
13:34:18.502: INFO: com.android.jack.server.router.RootContainer: Route request for POST /jack
13:34:18.502: INFO: com.android.jack.server.tasks.JackTask: Compilation #10, command '@build/core/jack-default.args -g -D jack.java.source.version=1.7 --classpath out/target/common/obj/JAVA_LIBRARIES/sdk_v9_intermediates/classes.jack -D jack.import.resource.policy=keep-first -D jack.import.type.policy=keep-first -D jack.android.min-api-level=9 --output-jack out/target/common/obj/JAVA_LIBRARIES/com.android.vcard_intermediates/classes.jack @out/target/common/obj/JAVA_LIBRARIES/com.android.vcard_intermediates/jack-rsc/java-source-list-uniq', pwd: '/home/austin/aosp', required Jack: Exact version 4.32.CANDIDATE
13:34:18.502: INFO: com.android.jack.server.tasks.JackTask: Run Compilation #10 with Jack 1.3-rc7 'Douarn' (445000 d7be3910514558d6715ce455ce0861ae2f56925a by N/A) (4.32)
13:34:21.882: INFO: com.android.jack.server.tasks.JackTask: Compilation #10 return exit code 0
13:34:21.882: INFO: com.android.jack.server.tasks.JackTask: Compilation #10 run in 3378 ms
13:34:21.888: INFO: com.android.jack.server.router.RootContainer: Route request for POST /jack
13:34:21.889: INFO: com.android.jack.server.tasks.JackTask: Compilation #11, command '@build/core/jack-default.args -g -D jack.java.source.version=1.7 --classpath out/target/common/obj/JAVA_LIBRARIES/sdk_v8_intermediates/classes.jack -D jack.import.resource.policy=keep-first -D jack.import.type.policy=keep-first -D jack.android.min-api-level=8 --output-jack out/target/common/obj/JAVA_LIBRARIES/libprotobuf-java-micro_intermediates/classes.jack @out/target/common/obj/JAVA_LIBRARIES/libprotobuf-java-micro_intermediates/jack-rsc/java-source-list-uniq', pwd: '/home/austin/aosp', required Jack: Exact version 4.32.CANDIDATE
13:34:21.889: INFO: com.android.jack.server.tasks.JackTask: Run Compilation #11 with Jack 1.3-rc7 'Douarn' (445000 d7be3910514558d6715ce455ce0861ae2f56925a by N/A) (4.32)
13:34:22.521: INFO: com.android.jack.server.tasks.JackTask: Compilation #11 return exit code 0
13:34:22.521: INFO: com.android.jack.server.tasks.JackTask: Compilation #11 run in 631 ms
13:34:22.522: INFO: com.android.jack.server.router.RootContainer: Route request for POST /jack
13:34:22.523: INFO: com.android.jack.server.tasks.JackTask: Compilation #12, command '@build/core/jack-default.args -g -D jack.java.source.version=1.7 --classpath out/target/common/obj/JAVA_LIBRARIES/sdk_v8_intermediates/classes.jack -D jack.import.resource.policy=keep-first -D jack.import.type.policy=keep-first -D jack.android.min-api-level=8 --output-jack out/target/common/obj/JAVA_LIBRARIES/android-common_intermediates/classes.jack @out/target/common/obj/JAVA_LIBRARIES/android-common_intermediates/jack-rsc/java-source-list-uniq', pwd: '/home/austin/aosp', required Jack: Exact version 4.32.CANDIDATE
13:34:22.523: INFO: com.android.jack.server.tasks.JackTask: Run Compilation #12 with Jack 1.3-rc7 'Douarn' (445000 d7be3910514558d6715ce455ce0861ae2f56925a by N/A) (4.32)
13:34:24.693: INFO: com.android.jack.server.tasks.JackTask: Compilation #12 return exit code 0
13:34:24.693: INFO: com.android.jack.server.tasks.JackTask: Compilation #12 run in 2167 ms
13:34:24.702: INFO: com.android.jack.server.router.RootContainer: Route request for POST /jack
13:34:24.702: INFO: com.android.jack.server.tasks.JackTask: Compilation #13, command '@build/core/jack-default.args -D jack.import.resource.policy=keep-first -D jack.import.type.policy=keep-first -D jack.android.min-api-level=25 --import prebuilts/sdk/25/android.jar --import-resource out/target/common/obj/JAVA_LIBRARIES/sdk_v25_intermediates/classes.jack.tmpjill.res --output-jack out/target/common/obj/JAVA_LIBRARIES/sdk_v25_intermediates/classes.jack', pwd: '/home/austin/aosp', required Jack: Exact version 4.32.CANDIDATE
13:34:24.702: INFO: com.android.jack.server.tasks.JackTask: Run Compilation #13 with Jack 1.3-rc7 'Douarn' (445000 d7be3910514558d6715ce455ce0861ae2f56925a by N/A) (4.32)
13:34:27.779: INFO: com.android.jack.server.tasks.JackTask: Compilation #5 return exit code 0
13:34:27.779: INFO: com.android.jack.server.tasks.JackTask: Compilation #5 run in 72323 ms
13:34:27.786: INFO: com.android.jack.server.router.RootContainer: Route request for POST /jack
13:34:27.787: INFO: com.android.jack.server.tasks.JackTask: Compilation #14, command '@build/core/jack-default.args -D jack.import.resource.policy=keep-first -D jack.import.type.policy=keep-first -D jack.android.min-api-level=15 --import prebuilts/sdk/15/android.jar --import-resource out/target/common/obj/JAVA_LIBRARIES/sdk_v15_intermediates/classes.jack.tmpjill.res --output-jack out/target/common/obj/JAVA_LIBRARIES/sdk_v15_intermediates/classes.jack', pwd: '/home/austin/aosp', required Jack: Exact version 4.32.CANDIDATE
13:34:27.787: INFO: com.android.jack.server.tasks.JackTask: Run Compilation #14 with Jack 1.3-rc7 'Douarn' (445000 d7be3910514558d6715ce455ce0861ae2f56925a by N/A) (4.32)
13:35:01.349: INFO: com.android.jack.server.tasks.JackTask: Compilation #14 return exit code 0
13:35:01.349: INFO: com.android.jack.server.tasks.JackTask: Compilation #14 run in 33545 ms
13:35:01.377: INFO: com.android.jack.server.router.RootContainer: Route request for POST /jack
13:35:01.377: INFO: com.android.jack.server.tasks.JackTask: Compilation #15, command '@build/core/jack-default.args -D jack.import.resource.policy=keep-first -D jack.import.type.policy=keep-first -D jack.android.min-api-level=17 --import prebuilts/sdk/17/android.jar --import-resource out/target/common/obj/JAVA_LIBRARIES/sdk_v17_intermediates/classes.jack.tmpjill.res --output-jack out/target/common/obj/JAVA_LIBRARIES/sdk_v17_intermediates/classes.jack', pwd: '/home/austin/aosp', required Jack: Exact version 4.32.CANDIDATE
13:35:01.378: INFO: com.android.jack.server.tasks.JackTask: Run Compilation #15 with Jack 1.3-rc7 'Douarn' (445000 d7be3910514558d6715ce455ce0861ae2f56925a by N/A) (4.32)
13:35:12.931: INFO: com.android.jack.server.tasks.JackTask: Compilation #13 return exit code 0
13:35:12.935: INFO: com.android.jack.server.tasks.JackTask: Compilation #13 run in 48228 ms
13:35:12.946: INFO: com.android.jack.server.router.RootContainer: Route request for POST /jack
13:35:12.946: INFO: com.android.jack.server.tasks.JackTask: Compilation #16, command '@build/core/jack-default.args -g -D jack.java.source.version=1.7 --classpath out/target/common/obj/JAVA_LIBRARIES/sdk_v8_intermediates/classes.jack -D jack.import.resource.policy=keep-first -D jack.import.type.policy=keep-first -D jack.android.min-api-level=8 --output-jack out/target/common/obj/JAVA_LIBRARIES/jsr305_intermediates/classes.jack @out/target/common/obj/JAVA_LIBRARIES/jsr305_intermediates/jack-rsc/java-source-list-uniq', pwd: '/home/austin/aosp', required Jack: Exact version 4.32.CANDIDATE
13:35:12.946: INFO: com.android.jack.server.tasks.JackTask: Run Compilation #16 with Jack 1.3-rc7 'Douarn' (445000 d7be3910514558d6715ce455ce0861ae2f56925a by N/A) (4.32)
13:35:13.513: INFO: com.android.jack.server.tasks.JackTask: Compilation #16 return exit code 0
13:35:13.513: INFO: com.android.jack.server.tasks.JackTask: Compilation #16 run in 559 ms
13:35:13.545: INFO: com.android.jack.server.router.RootContainer: Route request for POST /jack
13:35:13.545: INFO: com.android.jack.server.tasks.JackTask: Compilation #17, command '@build/core/jack-default.args -g -D jack.java.source.version=1.7 --classpath out/target/common/obj/JAVA_LIBRARIES/sdk_v8_intermediates/classes.jack -D jack.import.resource.policy=keep-first -D jack.import.type.policy=keep-first -D jack.android.min-api-level=8 --output-jack out/target/common/obj/JAVA_LIBRARIES/xmp_toolkit_intermediates/classes.jack @out/target/common/obj/JAVA_LIBRARIES/xmp_toolkit_intermediates/jack-rsc/java-source-list-uniq', pwd: '/home/austin/aosp', required Jack: Exact version 4.32.CANDIDATE
13:35:13.545: INFO: com.android.jack.server.tasks.JackTask: Run Compilation #17 with Jack 1.3-rc7 'Douarn' (445000 d7be3910514558d6715ce455ce0861ae2f56925a by N/A) (4.32)
13:35:15.729: INFO: com.android.jack.server.tasks.JackTask: Compilation #17 return exit code 0
13:35:15.729: INFO: com.android.jack.server.tasks.JackTask: Compilation #17 run in 2182 ms
13:35:15.731: INFO: com.android.jack.server.router.RootContainer: Route request for POST /jack
13:35:15.731: INFO: com.android.jack.server.tasks.JackTask: Compilation #18, command '@build/core/jack-default.args -D jack.import.resource.policy=keep-first -D jack.import.type.policy=keep-first -D jack.android.min-api-level=19 --import prebuilts/sdk/19/android.jar --import-resource out/target/common/obj/JAVA_LIBRARIES/sdk_v19_intermediates/classes.jack.tmpjill.res --output-jack out/target/common/obj/JAVA_LIBRARIES/sdk_v19_intermediates/classes.jack', pwd: '/home/austin/aosp', required Jack: Exact version 4.32.CANDIDATE
13:35:15.731: INFO: com.android.jack.server.tasks.JackTask: Run Compilation #18 with Jack 1.3-rc7 'Douarn' (445000 d7be3910514558d6715ce455ce0861ae2f56925a by N/A) (4.32)
13:35:35.412: INFO: com.android.jack.server.tasks.JackTask: Compilation #15 return exit code 0
13:35:35.412: INFO: com.android.jack.server.tasks.JackTask: Compilation #15 run in 34032 ms
13:35:35.427: INFO: com.android.jack.server.router.RootContainer: Route request for POST /jack
13:35:35.428: INFO: com.android.jack.server.tasks.JackTask: Compilation #19, command '@build/core/jack-default.args -g -D jack.java.source.version=1.7 --classpath out/target/common/obj/JAVA_LIBRARIES/sdk_v15_intermediates/classes.jack -D jack.import.resource.policy=keep-first -D jack.import.type.policy=keep-first -D jack.android.min-api-level=15 --output-jack out/target/common/obj/JAVA_LIBRARIES/calendar-common_intermediates/classes.jack @out/target/common/obj/JAVA_LIBRARIES/calendar-common_intermediates/jack-rsc/java-source-list-uniq', pwd: '/home/austin/aosp', required Jack: Exact version 4.32.CANDIDATE
13:35:35.428: INFO: com.android.jack.server.tasks.JackTask: Run Compilation #19 with Jack 1.3-rc7 'Douarn' (445000 d7be3910514558d6715ce455ce0861ae2f56925a by N/A) (4.32)
13:35:36.971: INFO: com.android.jack.server.tasks.JackTask: Compilation #19 return exit code 0
13:35:36.971: INFO: com.android.jack.server.tasks.JackTask: Compilation #19 run in 1520 ms
13:35:36.972: INFO: com.android.jack.server.router.RootContainer: Route request for POST /jack
13:35:36.973: INFO: com.android.jack.server.tasks.JackTask: Compilation #20, command '@build/core/jack-default.args -g -D jack.java.source.version=1.7 --classpath out/target/common/obj/JAVA_LIBRARIES/sdk_v9_intermediates/classes.jack --import out/target/common/obj/JAVA_LIBRARIES/jsr305_intermediates/classes.jack -D jack.import.resource.policy=keep-first -D jack.import.type.policy=keep-first -D jack.android.min-api-level=9 --output-jack out/target/common/obj/JAVA_LIBRARIES/guava_intermediates/classes.jack @out/target/common/obj/JAVA_LIBRARIES/guava_intermediates/jack-rsc/java-source-list-uniq', pwd: '/home/austin/aosp', required Jack: Exact version 4.32.CANDIDATE
13:35:36.978: INFO: com.android.jack.server.tasks.JackTask: Run Compilation #20 with Jack 1.3-rc7 'Douarn' (445000 d7be3910514558d6715ce455ce0861ae2f56925a by N/A) (4.32)
13:35:56.938: INFO: com.android.jack.server.tasks.JackTask: Compilation #20 return exit code 0
13:35:56.938: INFO: com.android.jack.server.tasks.JackTask: Compilation #20 run in 19943 ms
13:35:56.959: INFO: com.android.jack.server.router.RootContainer: Route request for POST /jack
13:35:56.959: INFO: com.android.jack.server.tasks.JackTask: Compilation #21, command '@build/core/jack-default.args -g -D jack.java.source.version=1.8 --classpath out/target/common/obj/JAVA_LIBRARIES/sdk_v25_intermediates/classes.jack -D jack.import.resource.policy=keep-first -D jack.import.type.policy=keep-first -D jack.android.min-api-level=25 --output-jack out/target/common/obj/JAVA_LIBRARIES/hamcrest_intermediates/classes.jack @out/target/common/obj/JAVA_LIBRARIES/hamcrest_intermediates/jack-rsc/java-source-list-uniq', pwd: '/home/austin/aosp', required Jack: Exact version 4.32.CANDIDATE
13:35:56.960: INFO: com.android.jack.server.tasks.JackTask: Run Compilation #21 with Jack 1.3-rc7 'Douarn' (445000 d7be3910514558d6715ce455ce0861ae2f56925a by N/A) (4.32)
13:35:57.721: INFO: com.android.jack.server.tasks.JackTask: Compilation #21 return exit code 0
13:35:57.721: INFO: com.android.jack.server.tasks.JackTask: Compilation #21 run in 758 ms
13:35:57.731: INFO: com.android.jack.server.router.RootContainer: Route request for POST /jack
13:35:57.732: INFO: com.android.jack.server.tasks.JackTask: Compilation #22, command '@build/core/jack-default.args -D jack.import.resource.policy=keep-first -D jack.import.type.policy=keep-first -D jack.android.min-api-level=14 --import prebuilts/sdk/14/android.jar --import-resource out/target/common/obj/JAVA_LIBRARIES/sdk_v14_intermediates/classes.jack.tmpjill.res --output-jack out/target/common/obj/JAVA_LIBRARIES/sdk_v14_intermediates/classes.jack', pwd: '/home/austin/aosp', required Jack: Exact version 4.32.CANDIDATE
13:35:57.732: INFO: com.android.jack.server.tasks.JackTask: Run Compilation #22 with Jack 1.3-rc7 'Douarn' (445000 d7be3910514558d6715ce455ce0861ae2f56925a by N/A) (4.32)
13:35:58.978: INFO: com.android.jack.server.tasks.JackTask: Compilation #18 return exit code 0
13:35:58.978: INFO: com.android.jack.server.tasks.JackTask: Compilation #18 run in 43246 ms
13:35:58.979: INFO: com.android.jack.server.router.RootContainer: Route request for POST /jack
13:35:58.979: INFO: com.android.jack.server.tasks.JackTask: Compilation #23, command '@build/core/jack-default.args -g -D jack.java.source.version=1.7 --classpath out/target/common/obj/JAVA_LIBRARIES/sdk_v17_intermediates/classes.jack -D jack.import.resource.policy=keep-first -D jack.import.type.policy=keep-first -D jack.android.min-api-level=17 --output-jack out/target/common/obj/JAVA_LIBRARIES/volley_intermediates/classes.jack @out/target/common/obj/JAVA_LIBRARIES/volley_intermediates/jack-rsc/java-source-list-uniq', pwd: '/home/austin/aosp', required Jack: Exact version 4.32.CANDIDATE
13:35:58.980: INFO: com.android.jack.server.tasks.JackTask: Run Compilation #23 with Jack 1.3-rc7 'Douarn' (445000 d7be3910514558d6715ce455ce0861ae2f56925a by N/A) (4.32)
13:36:00.528: INFO: com.android.jack.server.tasks.JackTask: Compilation #23 return exit code 0
13:36:00.528: INFO: com.android.jack.server.tasks.JackTask: Compilation #23 run in 1544 ms
13:36:00.545: INFO: com.android.jack.server.router.RootContainer: Route request for POST /jack
13:36:00.545: INFO: com.android.jack.server.tasks.JackTask: Compilation #24, command '@build/core/jack-default.args -D jack.import.resource.policy=keep-first -D jack.import.type.policy=keep-first -D jack.android.min-api-level=18 --import prebuilts/sdk/18/android.jar --import-resource out/target/common/obj/JAVA_LIBRARIES/sdk_v18_intermediates/classes.jack.tmpjill.res --output-jack out/target/common/obj/JAVA_LIBRARIES/sdk_v18_intermediates/classes.jack', pwd: '/home/austin/aosp', required Jack: Exact version 4.32.CANDIDATE
13:36:00.545: INFO: com.android.jack.server.tasks.JackTask: Run Compilation #24 with Jack 1.3-rc7 'Douarn' (445000 d7be3910514558d6715ce455ce0861ae2f56925a by N/A) (4.32)
13:36:31.901: INFO: com.android.jack.server.tasks.JackTask: Compilation #22 return exit code 0
13:36:31.901: INFO: com.android.jack.server.tasks.JackTask: Compilation #22 run in 34168 ms
13:36:31.902: INFO: com.android.jack.server.router.RootContainer: Route request for POST /jack
13:36:31.903: INFO: com.android.jack.server.tasks.JackTask: Compilation #25, command '@build/core/jack-default.args -g -D jack.java.source.version=1.8 --classpath out/target/common/obj/JAVA_LIBRARIES/sdk_v25_intermediates/classes.jack --import out/target/common/obj/JAVA_LIBRARIES/hamcrest_intermediates/classes.jack -D jack.import.resource.policy=keep-first -D jack.import.type.policy=keep-first -D jack.android.min-api-level=25 --output-jack out/target/common/obj/JAVA_LIBRARIES/junit_intermediates/classes.jack @out/target/common/obj/JAVA_LIBRARIES/junit_intermediates/jack-rsc/java-source-list-uniq', pwd: '/home/austin/aosp', required Jack: Exact version 4.32.CANDIDATE
13:36:31.903: INFO: com.android.jack.server.tasks.JackTask: Run Compilation #25 with Jack 1.3-rc7 'Douarn' (445000 d7be3910514558d6715ce455ce0861ae2f56925a by N/A) (4.32)
13:36:35.458: INFO: com.android.jack.server.tasks.JackTask: Compilation #25 return exit code 0
13:36:35.459: INFO: com.android.jack.server.tasks.JackTask: Compilation #25 run in 3552 ms
13:36:35.475: INFO: com.android.jack.server.router.RootContainer: Route request for POST /jack
13:36:35.475: INFO: com.android.jack.server.tasks.JackTask: Compilation #26, command '@build/core/jack-default.args -g -D jack.java.source.version=1.7 --classpath out/target/common/obj/JAVA_LIBRARIES/sdk_v8_intermediates/classes.jack -D jack.import.resource.policy=keep-first -D jack.import.type.policy=keep-first -D jack.android.min-api-level=8 --output-jack out/target/common/obj/JAVA_LIBRARIES/cr_intermediates/classes.jack @out/target/common/obj/JAVA_LIBRARIES/cr_intermediates/jack-rsc/java-source-list-uniq', pwd: '/home/austin/aosp', required Jack: Exact version 4.32.CANDIDATE
13:36:35.475: INFO: com.android.jack.server.tasks.JackTask: Run Compilation #26 with Jack 1.3-rc7 'Douarn' (445000 d7be3910514558d6715ce455ce0861ae2f56925a by N/A) (4.32)
13:36:36.223: INFO: com.android.jack.server.tasks.JackTask: Compilation #26 return exit code 0
13:36:36.223: INFO: com.android.jack.server.tasks.JackTask: Compilation #26 run in 747 ms
13:36:36.231: INFO: com.android.jack.server.router.RootContainer: Route request for POST /jack
13:36:36.253: INFO: com.android.jack.server.tasks.JackTask: Compilation #27, command '@build/core/jack-default.args -g -D jack.java.source.version=1.7 --classpath out/target/common/obj/JAVA_LIBRARIES/sdk_v19_intermediates/classes.jack --import out/target/common/obj/JAVA_LIBRARIES/guava_intermediates/classes.jack --import out/target/common/obj/JAVA_LIBRARIES/jsr305_intermediates/classes.jack -D jack.import.resource.policy=keep-first -D jack.import.type.policy=keep-first -D jack.android.min-api-level=19 --output-jack out/target/common/obj/JAVA_LIBRARIES/owasp-html-sanitizer_intermediates/classes.jack @out/target/common/obj/JAVA_LIBRARIES/owasp-html-sanitizer_intermediates/jack-rsc/java-source-list-uniq', pwd: '/home/austin/aosp', required Jack: Exact version 4.32.CANDIDATE
13:36:36.254: INFO: com.android.jack.server.tasks.JackTask: Run Compilation #27 with Jack 1.3-rc7 'Douarn' (445000 d7be3910514558d6715ce455ce0861ae2f56925a by N/A) (4.32)
13:36:40.394: INFO: com.android.jack.server.tasks.JackTask: Compilation #24 return exit code 0
13:36:40.394: INFO: com.android.jack.server.tasks.JackTask: Compilation #24 run in 39842 ms
13:36:40.405: INFO: com.android.jack.server.router.RootContainer: Route request for POST /jack
13:36:40.405: INFO: com.android.jack.server.tasks.JackTask: Compilation #28, command '@build/core/jack-default.args -D jack.import.resource.policy=keep-first -D jack.import.type.policy=keep-first -D jack.android.min-api-level=16 --import prebuilts/sdk/16/android.jar --import-resource out/target/common/obj/JAVA_LIBRARIES/sdk_v16_intermediates/classes.jack.tmpjill.res --output-jack out/target/common/obj/JAVA_LIBRARIES/sdk_v16_intermediates/classes.jack', pwd: '/home/austin/aosp', required Jack: Exact version 4.32.CANDIDATE
13:36:40.405: INFO: com.android.jack.server.tasks.JackTask: Run Compilation #28 with Jack 1.3-rc7 'Douarn' (445000 d7be3910514558d6715ce455ce0861ae2f56925a by N/A) (4.32)
13:36:42.999: INFO: com.android.jack.server.tasks.JackTask: Compilation #27 return exit code 0
13:36:42.999: INFO: com.android.jack.server.tasks.JackTask: Compilation #27 run in 6744 ms
13:36:43.006: INFO: com.android.jack.server.router.RootContainer: Route request for POST /jack
13:36:43.006: INFO: com.android.jack.server.tasks.JackTask: Compilation #29, command '@build/core/jack-default.args -g -D jack.java.source.version=1.7 --classpath out/target/common/obj/JAVA_LIBRARIES/sdk_v9_intermediates/classes.jack --import-resource out/target/common/obj/JAVA_LIBRARIES/mp4parser_intermediates/classes.jack.res.tmp -D jack.import.resource.policy=keep-first -D jack.import.type.policy=keep-first -D jack.android.min-api-level=9 --output-jack out/target/common/obj/JAVA_LIBRARIES/mp4parser_intermediates/classes.jack @out/target/common/obj/JAVA_LIBRARIES/mp4parser_intermediates/jack-rsc/java-source-list-uniq', pwd: '/home/austin/aosp', required Jack: Exact version 4.32.CANDIDATE
13:36:43.006: INFO: com.android.jack.server.tasks.JackTask: Run Compilation #29 with Jack 1.3-rc7 'Douarn' (445000 d7be3910514558d6715ce455ce0861ae2f56925a by N/A) (4.32)
13:36:48.061: INFO: com.android.jack.server.tasks.JackTask: Compilation #29 return exit code 0
13:36:48.061: INFO: com.android.jack.server.tasks.JackTask: Compilation #29 run in 5052 ms
13:36:48.063: INFO: com.android.jack.server.router.RootContainer: Route request for POST /jack
13:36:48.063: INFO: com.android.jack.server.tasks.JackTask: Compilation #30, command '@build/core/jack-default.args -g -D jack.java.source.version=1.7 --classpath out/target/common/obj/JAVA_LIBRARIES/sdk_v21_intermediates/classes.jack --import out/target/common/obj/JAVA_LIBRARIES/jsr305_intermediates/classes.jack -D jack.import.resource.policy=keep-first -D jack.import.type.policy=keep-first -D jack.android.min-api-level=21 --output-jack out/target/common/obj/JAVA_LIBRARIES/latinime-common_intermediates/classes.jack @out/target/common/obj/JAVA_LIBRARIES/latinime-common_intermediates/jack-rsc/java-source-list-uniq', pwd: '/home/austin/aosp', required Jack: Exact version 4.32.CANDIDATE
13:36:48.063: INFO: com.android.jack.server.tasks.JackTask: Run Compilation #30 with Jack 1.3-rc7 'Douarn' (445000 d7be3910514558d6715ce455ce0861ae2f56925a by N/A) (4.32)
13:36:48.994: INFO: com.android.jack.server.tasks.JackTask: Compilation #30 return exit code 0
13:36:48.995: INFO: com.android.jack.server.tasks.JackTask: Compilation #30 run in 930 ms
13:36:48.996: INFO: com.android.jack.server.router.RootContainer: Route request for POST /jack
13:36:48.996: INFO: com.android.jack.server.tasks.JackTask: Compilation #31, command '@build/core/jack-default.args -g -D jack.java.source.version=1.7 --classpath out/target/common/obj/JAVA_LIBRARIES/sdk_v14_intermediates/classes.jack -D jack.import.resource.policy=keep-first -D jack.import.type.policy=keep-first -D jack.android.min-api-level=14 --output-jack out/target/common/obj/JAVA_LIBRARIES/inputmethod-common_intermediates/classes.jack @out/target/common/obj/JAVA_LIBRARIES/inputmethod-common_intermediates/jack-rsc/java-source-list-uniq', pwd: '/home/austin/aosp', required Jack: Exact version 4.32.CANDIDATE
13:36:48.996: INFO: com.android.jack.server.tasks.JackTask: Run Compilation #31 with Jack 1.3-rc7 'Douarn' (445000 d7be3910514558d6715ce455ce0861ae2f56925a by N/A) (4.32)
13:36:49.762: INFO: com.android.jack.server.tasks.JackTask: Compilation #31 return exit code 0
13:36:49.762: INFO: com.android.jack.server.tasks.JackTask: Compilation #31 run in 764 ms
13:37:18.788: INFO: com.android.jack.server.tasks.JackTask: Compilation #28 return exit code 0
13:37:18.788: INFO: com.android.jack.server.tasks.JackTask: Compilation #28 run in 38382 ms
13:37:18.789: INFO: com.android.jack.server.JackHttpServer: Server mode changing from WORK to WAIT
13:37:18.789: INFO: com.android.jack.server.JackHttpServer: Start timer
13:37:20.272: INFO: com.android.jack.server.router.RootContainer: Route request for POST /jack
13:37:20.273: INFO: com.android.jack.server.JackHttpServer: Server mode changing from WAIT to WORK
13:37:20.273: INFO: com.android.jack.server.JackHttpServer: Cancel timer
13:37:20.273: INFO: com.android.jack.server.tasks.JackTask: Compilation #32, command '@build/core/jack-default.args -g -D jack.java.source.version=1.7 --classpath out/target/common/obj/JAVA_LIBRARIES/sdk_v16_intermediates/classes.jack -D jack.import.resource.policy=keep-first -D jack.import.type.policy=keep-first -D jack.android.min-api-level=16 --output-jack out/target/common/obj/JAVA_LIBRARIES/com.android.gallery3d.common2_intermediates/classes.jack @out/target/common/obj/JAVA_LIBRARIES/com.android.gallery3d.common2_intermediates/jack-rsc/java-source-list-uniq', pwd: '/home/austin/aosp', required Jack: Exact version 4.32.CANDIDATE
13:37:20.273: INFO: com.android.jack.server.tasks.JackTask: Run Compilation #32 with Jack 1.3-rc7 'Douarn' (445000 d7be3910514558d6715ce455ce0861ae2f56925a by N/A) (4.32)
13:37:22.837: INFO: com.android.jack.server.tasks.JackTask: Compilation #32 return exit code 0
13:37:22.840: INFO: com.android.jack.server.tasks.JackTask: Compilation #32 run in 2538 ms
13:37:22.843: INFO: com.android.jack.server.JackHttpServer: Server mode changing from WORK to WAIT
13:37:22.844: INFO: com.android.jack.server.JackHttpServer: Start timer
13:40:22.854: INFO: com.android.jack.server.JackHttpServer: Server mode changing from WAIT to IDLE
13:51:40.958: INFO: com.android.jack.server.router.RootContainer: Route request for POST /jack
13:51:40.958: INFO: com.android.jack.server.JackHttpServer: Server mode changing from IDLE to WORK
13:51:40.958: INFO: com.android.jack.server.JackHttpServer: Cancel timer
13:51:40.959: INFO: com.android.jack.server.tasks.JackTask: Compilation #33, command '@build/core/jack-default.args -g -D jack.java.source.version=1.7 --classpath out/target/common/obj/JAVA_LIBRARIES/sdk_v8_intermediates/classes.jack -D jack.import.resource.policy=keep-first -D jack.import.type.policy=keep-first -D jack.android.min-api-level=8 --output-jack out/target/common/obj/JAVA_LIBRARIES/android-common-framesequence_intermediates/classes.jack @out/target/common/obj/JAVA_LIBRARIES/android-common-framesequence_intermediates/jack-rsc/java-source-list-uniq', pwd: '/home/austin/aosp', required Jack: Exact version 4.32.CANDIDATE
13:51:40.959: INFO: com.android.jack.server.tasks.JackTask: Run Compilation #33 with Jack 1.3-rc7 'Douarn' (445000 d7be3910514558d6715ce455ce0861ae2f56925a by N/A) (4.32)
13:51:42.564: INFO: com.android.jack.server.tasks.JackTask: Compilation #33 return exit code 0
13:51:42.564: INFO: com.android.jack.server.tasks.JackTask: Compilation #33 run in 1604 ms
13:51:42.565: INFO: com.android.jack.server.JackHttpServer: Server mode changing from WORK to WAIT
13:51:42.565: INFO: com.android.jack.server.JackHttpServer: Start timer
13:51:48.188: INFO: com.android.jack.server.router.RootContainer: Route request for POST /jack
13:51:48.188: INFO: com.android.jack.server.JackHttpServer: Server mode changing from WAIT to WORK
13:51:48.188: INFO: com.android.jack.server.JackHttpServer: Cancel timer
13:51:48.189: INFO: com.android.jack.server.tasks.JackTask: Compilation #34, command '@build/core/jack-default.args -g -D jack.java.source.version=1.7 --classpath out/target/common/obj/JAVA_LIBRARIES/sdk_v9_intermediates/classes.jack --import-resource out/target/common/obj/JAVA_LIBRARIES/libphonenumber_intermediates/classes.jack.res.tmp -D jack.import.resource.policy=keep-first -D jack.import.type.policy=keep-first -D jack.android.min-api-level=9 --output-jack out/target/common/obj/JAVA_LIBRARIES/libphonenumber_intermediates/classes.jack @out/target/common/obj/JAVA_LIBRARIES/libphonenumber_intermediates/jack-rsc/java-source-list-uniq', pwd: '/home/austin/aosp', required Jack: Exact version 4.32.CANDIDATE
13:51:48.189: INFO: com.android.jack.server.tasks.JackTask: Run Compilation #34 with Jack 1.3-rc7 'Douarn' (445000 d7be3910514558d6715ce455ce0861ae2f56925a by N/A) (4.32)
13:51:52.454: INFO: com.android.jack.server.tasks.JackTask: Compilation #34 return exit code 0
13:51:52.454: INFO: com.android.jack.server.tasks.JackTask: Compilation #34 run in 4264 ms
13:51:52.457: INFO: com.android.jack.server.JackHttpServer: Server mode changing from WORK to WAIT
13:51:52.457: INFO: com.android.jack.server.JackHttpServer: Start timer
13:54:52.457: INFO: com.android.jack.server.JackHttpServer: Server mode changing from WAIT to IDLE
14:06:52.457: INFO: com.android.jack.server.JackHttpServer: Server mode changing from IDLE to DEEP_IDLE
15:51:52.457: INFO: com.android.jack.server.JackHttpServer: Server mode changing from DEEP_IDLE to SLEEP
19:51:52.457: INFO: com.android.jack.server.JackHttpServer: Server mode changing from SLEEP to SHUTDOWN
19:51:52.457: INFO: com.android.jack.server.JackHttpServer: Cancel timer
19:51:52.457: INFO: com.android.jack.server.JackHttpServer: Shutdowning service connection
19:51:52.457: INFO: com.android.jack.server.JackHttpServer: # max of concurrent compilations: 2
19:51:52.457: INFO: com.android.jack.server.JackHttpServer: # total of compilations: 35
19:51:52.457: INFO: com.android.jack.server.JackHttpServer: # max of concurrent forward compilations: 0
19:51:52.457: INFO: com.android.jack.server.JackHttpServer: # total of forward compilations: 0
19:51:52.463: INFO: com.android.jack.server.JackHttpServer: Done
19:51:52.463: INFO: com.android.jack.server.JackHttpServer: Shutdowning admin connection
19:51:52.494: INFO: com.android.jack.server.JackHttpServer: Done
