14:08:36.645: INFO: com.android.jack.server.JackHttpServer: Loading config of jack server version: 1.3-a11 '1.3' (402300 704631c4e9bbfb4e8b052365140f79974b9f4cf4 by android-jack-team@google.com)
14:08:37.182: INFO: com.android.jack.server.JackHttpServer: Jack 1.3-rc6 'Douarn' (441800 22a11d4b264ae70e366aed3025ef47362d1522bb by N/A) available in ./jack/jack-1507338642181-0.jar
14:08:37.450: INFO: com.android.jack.server.JackHttpServer: Jack 1.3-rc7 'Douarn' (445000 d7be3910514558d6715ce455ce0861ae2f56925a by N/A) available in ./jack/jack-1515261323744-0.jar
14:08:37.454: INFO: com.android.jack.server.JackHttpServer: Starting service connection server on /127.0.0.1:8076
14:08:37.498: INFO: com.android.jack.server.JackHttpServer: Starting admin connection on /127.0.0.1:8077
14:08:38.010: INFO: com.android.jack.server.JackHttpServer: Start timer
14:08:38.361: INFO: com.android.jack.server.router.RootContainer: Route request for GET /server
14:08:38.363: INFO: com.android.jack.server.JackHttpServer: Server mode changing from WAIT to WORK
14:08:38.364: INFO: com.android.jack.server.JackHttpServer: Cancel timer
14:08:38.364: INFO: com.android.jack.server.tasks.GetVersions: Get server version(s)
14:08:38.373: INFO: com.android.jack.server.JackHttpServer: Server mode changing from WORK to WAIT
14:08:38.373: INFO: com.android.jack.server.JackHttpServer: Start timer
14:08:38.701: INFO: com.android.jack.server.router.RootContainer: Route request for HEAD /server
14:08:38.702: INFO: com.android.jack.server.JackHttpServer: Server mode changing from WAIT to WORK
14:08:38.702: INFO: com.android.jack.server.JackHttpServer: Cancel timer
14:08:38.705: INFO: com.android.jack.server.JackHttpServer: Server mode changing from WORK to WAIT
14:08:38.706: INFO: com.android.jack.server.JackHttpServer: Start timer
14:08:38.821: INFO: com.android.jack.server.router.RootContainer: Route request for HEAD /jack
14:08:38.821: INFO: com.android.jack.server.JackHttpServer: Server mode changing from WAIT to WORK
14:08:38.821: INFO: com.android.jack.server.JackHttpServer: Cancel timer
14:08:38.822: INFO: com.android.jack.server.JackHttpServer: Server mode changing from WORK to WAIT
14:08:38.822: INFO: com.android.jack.server.JackHttpServer: Start timer
14:08:39.574: INFO: com.android.jack.server.router.RootContainer: Route request for POST /jack
14:08:39.574: INFO: com.android.jack.server.JackHttpServer: Server mode changing from WAIT to WORK
14:08:39.574: INFO: com.android.jack.server.JackHttpServer: Cancel timer
14:08:39.581: INFO: com.android.jack.server.tasks.JackTask: Compilation #0, command '@build/core/jack-default.args -g -D jack.java.source.version=1.8 --import-resource out/target/common/obj/JAVA_LIBRARIES/core-all_intermediates/with-local/classes.dex.res.tmp -D jack.android.min-api-level=o-b1 -D jack.import.resource.policy=keep-first -D jack.import.type.policy=keep-first --output-jack out/target/common/obj/JAVA_LIBRARIES/core-all_intermediates/classes.jack --output-dex out/target/common/obj/JAVA_LIBRARIES/core-all_intermediates/jack-rsc @out/target/common/obj/JAVA_LIBRARIES/core-all_intermediates/jack-rsc/java-source-list-uniq', pwd: '/home/austin/aosp', required Jack: Exact version 4.32.CANDIDATE
14:08:39.584: INFO: com.android.jack.server.tasks.JackTask: Run Compilation #0 with Jack 1.3-rc7 'Douarn' (445000 d7be3910514558d6715ce455ce0861ae2f56925a by N/A) (4.32)
14:08:40.088: INFO: com.android.jack.server.router.RootContainer: Route request for POST /jack
14:08:40.114: INFO: com.android.jack.server.tasks.JackTask: Compilation #1, command '@build/core/jack-default.args -D jack.import.resource.policy=keep-first -D jack.import.type.policy=keep-first -D jack.android.min-api-level=21 --import prebuilts/sdk/21/android.jar --import-resource out/target/common/obj/JAVA_LIBRARIES/sdk_v21_intermediates/classes.jack.tmpjill.res --output-jack out/target/common/obj/JAVA_LIBRARIES/sdk_v21_intermediates/classes.jack', pwd: '/home/austin/aosp', required Jack: Exact version 4.32.CANDIDATE
14:08:40.114: INFO: com.android.jack.server.tasks.JackTask: Run Compilation #1 with Jack 1.3-rc7 'Douarn' (445000 d7be3910514558d6715ce455ce0861ae2f56925a by N/A) (4.32)
14:10:07.832: INFO: com.android.jack.server.tasks.JackTask: Compilation #1 return exit code 0
14:10:07.832: INFO: com.android.jack.server.tasks.JackTask: Compilation #1 run in 87706 ms
14:10:09.046: INFO: com.android.jack.server.router.RootContainer: Route request for POST /jack
14:10:09.047: INFO: com.android.jack.server.tasks.JackTask: Compilation #2, command '@build/core/jack-default.args -D jack.import.jar.debug-info=false -D jack.import.resource.policy=keep-first -D jack.import.type.policy=keep-first -D jack.android.min-api-level=1 --import external/jacoco/asm-debug-all-5.0.1.jar --import-resource out/target/common/obj/JAVA_LIBRARIES/jacoco-asm_intermediates/classes.jack.tmpjill.res --output-jack out/target/common/obj/JAVA_LIBRARIES/jacoco-asm_intermediates/classes.jack', pwd: '/home/austin/aosp', required Jack: Exact version 4.32.CANDIDATE
14:10:09.047: INFO: com.android.jack.server.tasks.JackTask: Run Compilation #2 with Jack 1.3-rc7 'Douarn' (445000 d7be3910514558d6715ce455ce0861ae2f56925a by N/A) (4.32)
14:10:25.207: INFO: com.android.jack.server.tasks.JackTask: Compilation #2 return exit code 0
14:10:25.207: INFO: com.android.jack.server.tasks.JackTask: Compilation #2 run in 16158 ms
14:10:27.654: INFO: com.android.jack.server.router.RootContainer: Route request for POST /jack
14:10:27.654: INFO: com.android.jack.server.tasks.JackTask: Compilation #3, command '@build/core/jack-default.args -D jack.import.resource.policy=keep-first -D jack.import.type.policy=keep-first -D jack.android.min-api-level=9 --import prebuilts/sdk/9/android.jar --import-resource out/target/common/obj/JAVA_LIBRARIES/sdk_v9_intermediates/classes.jack.tmpjill.res --output-jack out/target/common/obj/JAVA_LIBRARIES/sdk_v9_intermediates/classes.jack', pwd: '/home/austin/aosp', required Jack: Exact version 4.32.CANDIDATE
14:10:27.654: INFO: com.android.jack.server.tasks.JackTask: Run Compilation #3 with Jack 1.3-rc7 'Douarn' (445000 d7be3910514558d6715ce455ce0861ae2f56925a by N/A) (4.32)
14:11:09.610: INFO: com.android.jack.server.tasks.JackTask: Compilation #3 return exit code 0
14:11:09.610: INFO: com.android.jack.server.tasks.JackTask: Compilation #3 run in 41951 ms
14:11:10.416: INFO: com.android.jack.server.router.RootContainer: Route request for POST /jack
14:11:10.422: INFO: com.android.jack.server.tasks.JackTask: Compilation #4, command '@build/core/jack-default.args -g -D jack.java.source.version=1.7 --classpath out/target/common/obj/JAVA_LIBRARIES/sdk_v9_intermediates/classes.jack --import out/target/common/obj/JAVA_LIBRARIES/jacoco-asm_intermediates/classes.jack -D jack.import.resource.policy=keep-first -D jack.import.type.policy=keep-first -D jack.android.min-api-level=9 --output-jack out/target/common/obj/JAVA_LIBRARIES/jacocoagent_intermediates/classes.jack @out/target/common/obj/JAVA_LIBRARIES/jacocoagent_intermediates/jack-rsc/java-source-list-uniq', pwd: '/home/austin/aosp', required Jack: Exact version 4.32.CANDIDATE
14:11:10.422: INFO: com.android.jack.server.tasks.JackTask: Run Compilation #4 with Jack 1.3-rc7 'Douarn' (445000 d7be3910514558d6715ce455ce0861ae2f56925a by N/A) (4.32)
14:11:11.188: INFO: com.android.jack.server.tasks.JackTask: Compilation #0 return exit code 0
14:11:11.188: INFO: com.android.jack.server.tasks.JackTask: Compilation #0 run in 151072 ms
14:11:11.662: INFO: com.android.jack.server.router.RootContainer: Route request for POST /jack
14:11:11.662: INFO: com.android.jack.server.tasks.JackTask: Compilation #5, command '@build/core/jack-default.args -g -D jack.java.source.version=1.7 --classpath out/target/common/obj/JAVA_LIBRARIES/sdk_v9_intermediates/classes.jack -D jack.import.resource.policy=keep-first -D jack.import.type.policy=keep-first -D jack.android.min-api-level=9 --output-jack out/target/common/obj/JAVA_LIBRARIES/libprotobuf-java-nano_intermediates/classes.jack @out/target/common/obj/JAVA_LIBRARIES/libprotobuf-java-nano_intermediates/jack-rsc/java-source-list-uniq', pwd: '/home/austin/aosp', required Jack: Exact version 4.32.CANDIDATE
14:11:11.662: INFO: com.android.jack.server.tasks.JackTask: Run Compilation #5 with Jack 1.3-rc7 'Douarn' (445000 d7be3910514558d6715ce455ce0861ae2f56925a by N/A) (4.32)
14:11:13.439: INFO: com.android.jack.server.tasks.JackTask: Compilation #5 return exit code 0
14:11:13.439: INFO: com.android.jack.server.tasks.JackTask: Compilation #5 run in 1766 ms
14:11:14.783: INFO: com.android.jack.server.router.RootContainer: Route request for POST /jack
14:11:14.783: INFO: com.android.jack.server.tasks.JackTask: Compilation #6, command '@build/core/jack-default.args -D jack.import.resource.policy=keep-first -D jack.import.type.policy=keep-first -D jack.android.min-api-level=8 --import prebuilts/sdk/8/android.jar --import-resource out/target/common/obj/JAVA_LIBRARIES/sdk_v8_intermediates/classes.jack.tmpjill.res --output-jack out/target/common/obj/JAVA_LIBRARIES/sdk_v8_intermediates/classes.jack', pwd: '/home/austin/aosp', required Jack: Exact version 4.32.CANDIDATE
14:11:14.783: INFO: com.android.jack.server.tasks.JackTask: Run Compilation #6 with Jack 1.3-rc7 'Douarn' (445000 d7be3910514558d6715ce455ce0861ae2f56925a by N/A) (4.32)
14:11:18.090: INFO: com.android.jack.server.tasks.JackTask: Compilation #4 return exit code 0
14:11:18.090: INFO: com.android.jack.server.tasks.JackTask: Compilation #4 run in 7665 ms
14:11:18.995: INFO: com.android.jack.server.router.RootContainer: Route request for POST /jack
14:11:18.995: INFO: com.android.jack.server.tasks.JackTask: Compilation #7, command '@build/core/jack-default.args -g -D jack.java.source.version=1.7 --classpath out/target/common/obj/JAVA_LIBRARIES/sdk_v9_intermediates/classes.jack -D jack.import.resource.policy=keep-first -D jack.import.type.policy=keep-first -D jack.android.min-api-level=9 --output-jack out/target/common/obj/JAVA_LIBRARIES/com.android.vcard_intermediates/classes.jack @out/target/common/obj/JAVA_LIBRARIES/com.android.vcard_intermediates/jack-rsc/java-source-list-uniq', pwd: '/home/austin/aosp', required Jack: Exact version 4.32.CANDIDATE
14:11:18.995: INFO: com.android.jack.server.tasks.JackTask: Run Compilation #7 with Jack 1.3-rc7 'Douarn' (445000 d7be3910514558d6715ce455ce0861ae2f56925a by N/A) (4.32)
14:11:21.643: INFO: com.android.jack.server.tasks.JackTask: Compilation #7 return exit code 0
14:11:21.643: INFO: com.android.jack.server.tasks.JackTask: Compilation #7 run in 2577 ms
14:11:21.974: INFO: com.android.jack.server.router.RootContainer: Route request for POST /jack
14:11:21.974: INFO: com.android.jack.server.tasks.JackTask: Compilation #8, command '@build/core/jack-default.args -D jack.import.resource.policy=keep-first -D jack.import.type.policy=keep-first -D jack.android.min-api-level=1 --import prebuilts/maven_repo/android/android/arch/core/common/1.0.0/common-1.0.0.jar --import-resource out/target/common/obj/JAVA_LIBRARIES/apptoolkit-arch-core-common_intermediates/classes.jack.tmpjill.res --output-jack out/target/common/obj/JAVA_LIBRARIES/apptoolkit-arch-core-common_intermediates/classes.jack', pwd: '/home/austin/aosp', required Jack: Exact version 4.32.CANDIDATE
14:11:21.974: INFO: com.android.jack.server.tasks.JackTask: Run Compilation #8 with Jack 1.3-rc7 'Douarn' (445000 d7be3910514558d6715ce455ce0861ae2f56925a by N/A) (4.32)
14:11:22.457: INFO: com.android.jack.server.tasks.JackTask: Compilation #8 return exit code 0
14:11:22.457: INFO: com.android.jack.server.tasks.JackTask: Compilation #8 run in 481 ms
14:11:22.678: INFO: com.android.jack.server.router.RootContainer: Route request for POST /jack
14:11:22.679: INFO: com.android.jack.server.tasks.JackTask: Compilation #9, command '@build/core/jack-default.args -D jack.import.resource.policy=keep-first -D jack.import.type.policy=keep-first -D jack.android.min-api-level=1 --import prebuilts/maven_repo/android/android/arch/lifecycle/common/1.0.0/common-1.0.0.jar --import-resource out/target/common/obj/JAVA_LIBRARIES/apptoolkit-lifecycle-common_intermediates/classes.jack.tmpjill.res --output-jack out/target/common/obj/JAVA_LIBRARIES/apptoolkit-lifecycle-common_intermediates/classes.jack', pwd: '/home/austin/aosp', required Jack: Exact version 4.32.CANDIDATE
14:11:22.679: INFO: com.android.jack.server.tasks.JackTask: Run Compilation #9 with Jack 1.3-rc7 'Douarn' (445000 d7be3910514558d6715ce455ce0861ae2f56925a by N/A) (4.32)
14:11:23.351: INFO: com.android.jack.server.tasks.JackTask: Compilation #9 return exit code 0
14:11:23.352: INFO: com.android.jack.server.tasks.JackTask: Compilation #9 run in 671 ms
14:11:23.592: INFO: com.android.jack.server.router.RootContainer: Route request for POST /jack
14:11:23.593: INFO: com.android.jack.server.tasks.JackTask: Compilation #10, command '@build/core/jack-default.args -D jack.import.resource.policy=keep-first -D jack.import.type.policy=keep-first -D jack.android.min-api-level=1 --import out/target/common/obj/JAVA_LIBRARIES/apptoolkit-lifecycle-runtime_intermediates/aar/classes.jar --import-resource out/target/common/obj/JAVA_LIBRARIES/apptoolkit-lifecycle-runtime_intermediates/classes.jack.tmpjill.res --output-jack out/target/common/obj/JAVA_LIBRARIES/apptoolkit-lifecycle-runtime_intermediates/classes.jack', pwd: '/home/austin/aosp', required Jack: Exact version 4.32.CANDIDATE
14:11:23.593: INFO: com.android.jack.server.tasks.JackTask: Run Compilation #10 with Jack 1.3-rc7 'Douarn' (445000 d7be3910514558d6715ce455ce0861ae2f56925a by N/A) (4.32)
14:11:24.224: INFO: com.android.jack.server.tasks.JackTask: Compilation #10 return exit code 0
14:11:24.224: INFO: com.android.jack.server.tasks.JackTask: Compilation #10 run in 630 ms
14:11:37.863: INFO: com.android.jack.server.tasks.JackTask: Compilation #6 return exit code 0
14:11:37.864: INFO: com.android.jack.server.tasks.JackTask: Compilation #6 run in 23078 ms
14:11:37.874: INFO: com.android.jack.server.JackHttpServer: Server mode changing from WORK to WAIT
14:11:37.875: INFO: com.android.jack.server.JackHttpServer: Start timer
14:11:38.034: INFO: com.android.jack.server.router.RootContainer: Route request for POST /jack
14:11:38.034: INFO: com.android.jack.server.JackHttpServer: Server mode changing from WAIT to WORK
14:11:38.034: INFO: com.android.jack.server.JackHttpServer: Cancel timer
14:11:38.035: INFO: com.android.jack.server.tasks.JackTask: Compilation #11, command '@build/core/jack-default.args -g -D jack.java.source.version=1.7 --classpath out/target/common/obj/JAVA_LIBRARIES/sdk_v8_intermediates/classes.jack -D jack.import.resource.policy=keep-first -D jack.import.type.policy=keep-first -D jack.android.min-api-level=8 --output-jack out/target/common/obj/JAVA_LIBRARIES/libprotobuf-java-micro_intermediates/classes.jack @out/target/common/obj/JAVA_LIBRARIES/libprotobuf-java-micro_intermediates/jack-rsc/java-source-list-uniq', pwd: '/home/austin/aosp', required Jack: Exact version 4.32.CANDIDATE
14:11:38.035: INFO: com.android.jack.server.tasks.JackTask: Run Compilation #11 with Jack 1.3-rc7 'Douarn' (445000 d7be3910514558d6715ce455ce0861ae2f56925a by N/A) (4.32)
14:11:39.471: INFO: com.android.jack.server.tasks.JackTask: Compilation #11 return exit code 0
14:11:39.472: INFO: com.android.jack.server.tasks.JackTask: Compilation #11 run in 1434 ms
14:11:39.473: INFO: com.android.jack.server.JackHttpServer: Server mode changing from WORK to WAIT
14:11:39.473: INFO: com.android.jack.server.JackHttpServer: Start timer
14:11:43.872: INFO: com.android.jack.server.router.RootContainer: Route request for POST /jack
14:11:43.872: INFO: com.android.jack.server.JackHttpServer: Server mode changing from WAIT to WORK
14:11:43.873: INFO: com.android.jack.server.JackHttpServer: Cancel timer
14:11:43.882: INFO: com.android.jack.server.tasks.JackTask: Compilation #12, command '@build/core/jack-default.args -g -D jack.java.source.version=1.7 --classpath out/target/common/obj/JAVA_LIBRARIES/sdk_v8_intermediates/classes.jack -D jack.import.resource.policy=keep-first -D jack.import.type.policy=keep-first -D jack.android.min-api-level=8 --output-jack out/target/common/obj/JAVA_LIBRARIES/android-common_intermediates/classes.jack @out/target/common/obj/JAVA_LIBRARIES/android-common_intermediates/jack-rsc/java-source-list-uniq', pwd: '/home/austin/aosp', required Jack: Exact version 4.32.CANDIDATE
14:11:43.883: INFO: com.android.jack.server.tasks.JackTask: Run Compilation #12 with Jack 1.3-rc7 'Douarn' (445000 d7be3910514558d6715ce455ce0861ae2f56925a by N/A) (4.32)
14:11:44.166: INFO: com.android.jack.server.router.RootContainer: Route request for POST /jack
14:11:44.167: INFO: com.android.jack.server.tasks.JackTask: Compilation #13, command '@build/core/jack-default.args -D jack.import.resource.policy=keep-first -D jack.import.type.policy=keep-first -D jack.android.min-api-level=25 --import prebuilts/sdk/25/android.jar --import-resource out/target/common/obj/JAVA_LIBRARIES/sdk_v25_intermediates/classes.jack.tmpjill.res --output-jack out/target/common/obj/JAVA_LIBRARIES/sdk_v25_intermediates/classes.jack', pwd: '/home/austin/aosp', required Jack: Exact version 4.32.CANDIDATE
14:11:44.167: INFO: com.android.jack.server.tasks.JackTask: Run Compilation #13 with Jack 1.3-rc7 'Douarn' (445000 d7be3910514558d6715ce455ce0861ae2f56925a by N/A) (4.32)
14:11:46.035: INFO: com.android.jack.server.tasks.JackTask: Compilation #12 return exit code 0
14:11:46.035: INFO: com.android.jack.server.tasks.JackTask: Compilation #12 run in 2151 ms
14:11:49.785: INFO: com.android.jack.server.router.RootContainer: Route request for POST /jack
14:11:49.785: INFO: com.android.jack.server.tasks.JackTask: Compilation #14, command '@build/core/jack-default.args -D jack.import.resource.policy=keep-first -D jack.import.type.policy=keep-first -D jack.android.min-api-level=15 --import prebuilts/sdk/15/android.jar --import-resource out/target/common/obj/JAVA_LIBRARIES/sdk_v15_intermediates/classes.jack.tmpjill.res --output-jack out/target/common/obj/JAVA_LIBRARIES/sdk_v15_intermediates/classes.jack', pwd: '/home/austin/aosp', required Jack: Exact version 4.32.CANDIDATE
14:11:49.785: INFO: com.android.jack.server.tasks.JackTask: Run Compilation #14 with Jack 1.3-rc7 'Douarn' (445000 d7be3910514558d6715ce455ce0861ae2f56925a by N/A) (4.32)
14:12:30.508: INFO: com.android.jack.server.tasks.JackTask: Compilation #14 return exit code 0
14:12:30.508: INFO: com.android.jack.server.tasks.JackTask: Compilation #14 run in 40722 ms
14:12:30.986: INFO: com.android.jack.server.router.RootContainer: Route request for POST /jack
14:12:30.987: INFO: com.android.jack.server.tasks.JackTask: Compilation #15, command '@build/core/jack-default.args -g -D jack.java.source.version=1.7 --classpath out/target/common/obj/JAVA_LIBRARIES/sdk_v15_intermediates/classes.jack -D jack.import.resource.policy=keep-first -D jack.import.type.policy=keep-first -D jack.android.min-api-level=15 --output-jack out/target/common/obj/JAVA_LIBRARIES/calendar-common_intermediates/classes.jack @out/target/common/obj/JAVA_LIBRARIES/calendar-common_intermediates/jack-rsc/java-source-list-uniq', pwd: '/home/austin/aosp', required Jack: Exact version 4.32.CANDIDATE
14:12:30.987: INFO: com.android.jack.server.tasks.JackTask: Run Compilation #15 with Jack 1.3-rc7 'Douarn' (445000 d7be3910514558d6715ce455ce0861ae2f56925a by N/A) (4.32)
14:12:32.026: INFO: com.android.jack.server.tasks.JackTask: Compilation #15 return exit code 0
14:12:32.027: INFO: com.android.jack.server.tasks.JackTask: Compilation #15 run in 1037 ms
14:12:33.603: INFO: com.android.jack.server.router.RootContainer: Route request for POST /jack
14:12:33.603: INFO: com.android.jack.server.tasks.JackTask: Compilation #16, command '@build/core/jack-default.args -D jack.import.resource.policy=keep-first -D jack.import.type.policy=keep-first -D jack.android.min-api-level=17 --import prebuilts/sdk/17/android.jar --import-resource out/target/common/obj/JAVA_LIBRARIES/sdk_v17_intermediates/classes.jack.tmpjill.res --output-jack out/target/common/obj/JAVA_LIBRARIES/sdk_v17_intermediates/classes.jack', pwd: '/home/austin/aosp', required Jack: Exact version 4.32.CANDIDATE
14:12:33.604: INFO: com.android.jack.server.tasks.JackTask: Run Compilation #16 with Jack 1.3-rc7 'Douarn' (445000 d7be3910514558d6715ce455ce0861ae2f56925a by N/A) (4.32)
14:12:35.339: INFO: com.android.jack.server.tasks.JackTask: Compilation #13 return exit code 0
14:12:35.339: INFO: com.android.jack.server.tasks.JackTask: Compilation #13 run in 51167 ms
14:12:35.678: INFO: com.android.jack.server.router.RootContainer: Route request for POST /jack
14:12:35.681: INFO: com.android.jack.server.tasks.JackTask: Compilation #17, command '@build/core/jack-default.args -g -D jack.java.source.version=1.8 --classpath out/target/common/obj/JAVA_LIBRARIES/sdk_v25_intermediates/classes.jack -D jack.import.resource.policy=keep-first -D jack.import.type.policy=keep-first -D jack.android.min-api-level=25 --output-jack out/target/common/obj/JAVA_LIBRARIES/hamcrest_intermediates/classes.jack @out/target/common/obj/JAVA_LIBRARIES/hamcrest_intermediates/jack-rsc/java-source-list-uniq', pwd: '/home/austin/aosp', required Jack: Exact version 4.32.CANDIDATE
14:12:35.681: INFO: com.android.jack.server.tasks.JackTask: Run Compilation #17 with Jack 1.3-rc7 'Douarn' (445000 d7be3910514558d6715ce455ce0861ae2f56925a by N/A) (4.32)
14:12:36.585: INFO: com.android.jack.server.tasks.JackTask: Compilation #17 return exit code 0
14:12:36.586: INFO: com.android.jack.server.tasks.JackTask: Compilation #17 run in 902 ms
14:12:36.755: INFO: com.android.jack.server.router.RootContainer: Route request for POST /jack
14:12:36.756: INFO: com.android.jack.server.tasks.JackTask: Compilation #18, command '@build/core/jack-default.args -g -D jack.java.source.version=1.8 --classpath out/target/common/obj/JAVA_LIBRARIES/sdk_v25_intermediates/classes.jack --import out/target/common/obj/JAVA_LIBRARIES/hamcrest_intermediates/classes.jack -D jack.import.resource.policy=keep-first -D jack.import.type.policy=keep-first -D jack.android.min-api-level=25 --output-jack out/target/common/obj/JAVA_LIBRARIES/junit_intermediates/classes.jack @out/target/common/obj/JAVA_LIBRARIES/junit_intermediates/jack-rsc/java-source-list-uniq', pwd: '/home/austin/aosp', required Jack: Exact version 4.32.CANDIDATE
14:12:36.756: INFO: com.android.jack.server.tasks.JackTask: Run Compilation #18 with Jack 1.3-rc7 'Douarn' (445000 d7be3910514558d6715ce455ce0861ae2f56925a by N/A) (4.32)
14:12:39.669: INFO: com.android.jack.server.tasks.JackTask: Compilation #18 return exit code 0
14:12:39.669: INFO: com.android.jack.server.tasks.JackTask: Compilation #18 run in 2911 ms
14:12:40.604: INFO: com.android.jack.server.router.RootContainer: Route request for POST /jack
14:12:40.604: INFO: com.android.jack.server.tasks.JackTask: Compilation #19, command '@build/core/jack-default.args -g -D jack.java.source.version=1.7 --classpath out/target/common/obj/JAVA_LIBRARIES/sdk_v8_intermediates/classes.jack -D jack.import.resource.policy=keep-first -D jack.import.type.policy=keep-first -D jack.android.min-api-level=8 --output-jack out/target/common/obj/JAVA_LIBRARIES/xmp_toolkit_intermediates/classes.jack @out/target/common/obj/JAVA_LIBRARIES/xmp_toolkit_intermediates/jack-rsc/java-source-list-uniq', pwd: '/home/austin/aosp', required Jack: Exact version 4.32.CANDIDATE
14:12:40.605: INFO: com.android.jack.server.tasks.JackTask: Run Compilation #19 with Jack 1.3-rc7 'Douarn' (445000 d7be3910514558d6715ce455ce0861ae2f56925a by N/A) (4.32)
14:12:42.535: INFO: com.android.jack.server.tasks.JackTask: Compilation #19 return exit code 0
14:12:42.536: INFO: com.android.jack.server.tasks.JackTask: Compilation #19 run in 1929 ms
14:12:45.345: INFO: com.android.jack.server.router.RootContainer: Route request for POST /jack
14:12:45.346: INFO: com.android.jack.server.tasks.JackTask: Compilation #20, command '@build/core/jack-default.args -D jack.import.resource.policy=keep-first -D jack.import.type.policy=keep-first -D jack.android.min-api-level=19 --import prebuilts/sdk/19/android.jar --import-resource out/target/common/obj/JAVA_LIBRARIES/sdk_v19_intermediates/classes.jack.tmpjill.res --output-jack out/target/common/obj/JAVA_LIBRARIES/sdk_v19_intermediates/classes.jack', pwd: '/home/austin/aosp', required Jack: Exact version 4.32.CANDIDATE
14:12:45.346: INFO: com.android.jack.server.tasks.JackTask: Run Compilation #20 with Jack 1.3-rc7 'Douarn' (445000 d7be3910514558d6715ce455ce0861ae2f56925a by N/A) (4.32)
14:13:05.239: INFO: com.android.jack.server.tasks.JackTask: Compilation #16 return exit code 0
14:13:05.239: INFO: com.android.jack.server.tasks.JackTask: Compilation #16 run in 31634 ms
14:13:06.560: INFO: com.android.jack.server.router.RootContainer: Route request for POST /jack
14:13:06.560: INFO: com.android.jack.server.tasks.JackTask: Compilation #21, command '@build/core/jack-default.args -g -D jack.java.source.version=1.7 --classpath out/target/common/obj/JAVA_LIBRARIES/sdk_v8_intermediates/classes.jack -D jack.import.resource.policy=keep-first -D jack.import.type.policy=keep-first -D jack.android.min-api-level=8 --output-jack out/target/common/obj/JAVA_LIBRARIES/jsr305_intermediates/classes.jack @out/target/common/obj/JAVA_LIBRARIES/jsr305_intermediates/jack-rsc/java-source-list-uniq', pwd: '/home/austin/aosp', required Jack: Exact version 4.32.CANDIDATE
14:13:06.560: INFO: com.android.jack.server.tasks.JackTask: Run Compilation #21 with Jack 1.3-rc7 'Douarn' (445000 d7be3910514558d6715ce455ce0861ae2f56925a by N/A) (4.32)
14:13:07.579: INFO: com.android.jack.server.tasks.JackTask: Compilation #21 return exit code 0
14:13:07.579: INFO: com.android.jack.server.tasks.JackTask: Compilation #21 run in 1018 ms
14:13:08.112: INFO: com.android.jack.server.router.RootContainer: Route request for POST /jack
14:13:08.112: INFO: com.android.jack.server.tasks.JackTask: Compilation #22, command '@build/core/jack-default.args -g -D jack.java.source.version=1.7 --classpath out/target/common/obj/JAVA_LIBRARIES/sdk_v9_intermediates/classes.jack --import out/target/common/obj/JAVA_LIBRARIES/jsr305_intermediates/classes.jack -D jack.import.resource.policy=keep-first -D jack.import.type.policy=keep-first -D jack.android.min-api-level=9 --output-jack out/target/common/obj/JAVA_LIBRARIES/guava_intermediates/classes.jack @out/target/common/obj/JAVA_LIBRARIES/guava_intermediates/jack-rsc/java-source-list-uniq', pwd: '/home/austin/aosp', required Jack: Exact version 4.32.CANDIDATE
14:13:08.113: INFO: com.android.jack.server.tasks.JackTask: Run Compilation #22 with Jack 1.3-rc7 'Douarn' (445000 d7be3910514558d6715ce455ce0861ae2f56925a by N/A) (4.32)
14:13:28.216: INFO: com.android.jack.server.tasks.JackTask: Compilation #20 return exit code 0
14:13:28.216: INFO: com.android.jack.server.tasks.JackTask: Compilation #20 run in 42869 ms
14:13:28.825: INFO: com.android.jack.server.router.RootContainer: Route request for POST /jack
14:13:28.825: INFO: com.android.jack.server.tasks.JackTask: Compilation #23, command '@build/core/jack-default.args -g -D jack.java.source.version=1.7 --classpath out/target/common/obj/JAVA_LIBRARIES/sdk_v17_intermediates/classes.jack -D jack.import.resource.policy=keep-first -D jack.import.type.policy=keep-first -D jack.android.min-api-level=17 --output-jack out/target/common/obj/JAVA_LIBRARIES/volley_intermediates/classes.jack @out/target/common/obj/JAVA_LIBRARIES/volley_intermediates/jack-rsc/java-source-list-uniq', pwd: '/home/austin/aosp', required Jack: Exact version 4.32.CANDIDATE
14:13:28.825: INFO: com.android.jack.server.tasks.JackTask: Run Compilation #23 with Jack 1.3-rc7 'Douarn' (445000 d7be3910514558d6715ce455ce0861ae2f56925a by N/A) (4.32)
14:13:29.151: INFO: com.android.jack.server.tasks.JackTask: Compilation #22 return exit code 0
14:13:29.152: INFO: com.android.jack.server.tasks.JackTask: Compilation #22 run in 21035 ms
14:13:30.049: INFO: com.android.jack.server.tasks.JackTask: Compilation #23 return exit code 0
14:13:30.049: INFO: com.android.jack.server.tasks.JackTask: Compilation #23 run in 1223 ms
14:13:30.055: INFO: com.android.jack.server.JackHttpServer: Server mode changing from WORK to WAIT
14:13:30.055: INFO: com.android.jack.server.JackHttpServer: Start timer
14:13:32.584: INFO: com.android.jack.server.router.RootContainer: Route request for POST /jack
14:13:32.584: INFO: com.android.jack.server.JackHttpServer: Server mode changing from WAIT to WORK
14:13:32.584: INFO: com.android.jack.server.JackHttpServer: Cancel timer
14:13:32.585: INFO: com.android.jack.server.tasks.JackTask: Compilation #24, command '@build/core/jack-default.args -D jack.import.resource.policy=keep-first -D jack.import.type.policy=keep-first -D jack.android.min-api-level=14 --import prebuilts/sdk/14/android.jar --import-resource out/target/common/obj/JAVA_LIBRARIES/sdk_v14_intermediates/classes.jack.tmpjill.res --output-jack out/target/common/obj/JAVA_LIBRARIES/sdk_v14_intermediates/classes.jack', pwd: '/home/austin/aosp', required Jack: Exact version 4.32.CANDIDATE
14:13:32.585: INFO: com.android.jack.server.tasks.JackTask: Run Compilation #24 with Jack 1.3-rc7 'Douarn' (445000 d7be3910514558d6715ce455ce0861ae2f56925a by N/A) (4.32)
14:13:39.458: INFO: com.android.jack.server.router.RootContainer: Route request for POST /jack
14:13:39.459: INFO: com.android.jack.server.tasks.JackTask: Compilation #25, command '@build/core/jack-default.args -D jack.import.resource.policy=keep-first -D jack.import.type.policy=keep-first -D jack.android.min-api-level=18 --import prebuilts/sdk/18/android.jar --import-resource out/target/common/obj/JAVA_LIBRARIES/sdk_v18_intermediates/classes.jack.tmpjill.res --output-jack out/target/common/obj/JAVA_LIBRARIES/sdk_v18_intermediates/classes.jack', pwd: '/home/austin/aosp', required Jack: Exact version 4.32.CANDIDATE
14:13:39.459: INFO: com.android.jack.server.tasks.JackTask: Run Compilation #25 with Jack 1.3-rc7 'Douarn' (445000 d7be3910514558d6715ce455ce0861ae2f56925a by N/A) (4.32)
14:13:58.377: INFO: com.android.jack.server.tasks.JackTask: Compilation #24 return exit code 0
14:13:58.377: INFO: com.android.jack.server.tasks.JackTask: Compilation #24 run in 25791 ms
14:13:59.414: INFO: com.android.jack.server.router.RootContainer: Route request for POST /jack
14:13:59.414: INFO: com.android.jack.server.tasks.JackTask: Compilation #26, command '@build/core/jack-default.args -g -D jack.java.source.version=1.7 --classpath out/target/common/obj/JAVA_LIBRARIES/sdk_v19_intermediates/classes.jack --import out/target/common/obj/JAVA_LIBRARIES/guava_intermediates/classes.jack --import out/target/common/obj/JAVA_LIBRARIES/jsr305_intermediates/classes.jack -D jack.import.resource.policy=keep-first -D jack.import.type.policy=keep-first -D jack.android.min-api-level=19 --output-jack out/target/common/obj/JAVA_LIBRARIES/owasp-html-sanitizer_intermediates/classes.jack @out/target/common/obj/JAVA_LIBRARIES/owasp-html-sanitizer_intermediates/jack-rsc/java-source-list-uniq', pwd: '/home/austin/aosp', required Jack: Exact version 4.32.CANDIDATE
14:13:59.414: INFO: com.android.jack.server.tasks.JackTask: Run Compilation #26 with Jack 1.3-rc7 'Douarn' (445000 d7be3910514558d6715ce455ce0861ae2f56925a by N/A) (4.32)
14:14:06.688: INFO: com.android.jack.server.tasks.JackTask: Compilation #26 return exit code 0
14:14:06.688: INFO: com.android.jack.server.tasks.JackTask: Compilation #26 run in 7272 ms
14:14:09.353: INFO: com.android.jack.server.router.RootContainer: Route request for POST /jack
14:14:09.353: INFO: com.android.jack.server.tasks.JackTask: Compilation #27, command '@build/core/jack-default.args -g -D jack.java.source.version=1.7 --classpath out/target/common/obj/JAVA_LIBRARIES/sdk_v8_intermediates/classes.jack -D jack.import.resource.policy=keep-first -D jack.import.type.policy=keep-first -D jack.android.min-api-level=8 --output-jack out/target/common/obj/JAVA_LIBRARIES/cr_intermediates/classes.jack @out/target/common/obj/JAVA_LIBRARIES/cr_intermediates/jack-rsc/java-source-list-uniq', pwd: '/home/austin/aosp', required Jack: Exact version 4.32.CANDIDATE
14:14:09.353: INFO: com.android.jack.server.tasks.JackTask: Run Compilation #27 with Jack 1.3-rc7 'Douarn' (445000 d7be3910514558d6715ce455ce0861ae2f56925a by N/A) (4.32)
14:14:10.418: INFO: com.android.jack.server.tasks.JackTask: Compilation #27 return exit code 0
14:14:10.418: INFO: com.android.jack.server.tasks.JackTask: Compilation #27 run in 1063 ms
14:14:12.218: INFO: com.android.jack.server.router.RootContainer: Route request for POST /jack
14:14:12.218: INFO: com.android.jack.server.tasks.JackTask: Compilation #28, command '@build/core/jack-default.args -D jack.import.resource.policy=keep-first -D jack.import.type.policy=keep-first -D jack.android.min-api-level=16 --import prebuilts/sdk/16/android.jar --import-resource out/target/common/obj/JAVA_LIBRARIES/sdk_v16_intermediates/classes.jack.tmpjill.res --output-jack out/target/common/obj/JAVA_LIBRARIES/sdk_v16_intermediates/classes.jack', pwd: '/home/austin/aosp', required Jack: Exact version 4.32.CANDIDATE
14:14:12.218: INFO: com.android.jack.server.tasks.JackTask: Run Compilation #28 with Jack 1.3-rc7 'Douarn' (445000 d7be3910514558d6715ce455ce0861ae2f56925a by N/A) (4.32)
14:14:15.753: INFO: com.android.jack.server.tasks.JackTask: Compilation #25 return exit code 0
14:14:15.753: INFO: com.android.jack.server.tasks.JackTask: Compilation #25 run in 36293 ms
14:14:17.316: INFO: com.android.jack.server.router.RootContainer: Route request for POST /jack
14:14:17.317: INFO: com.android.jack.server.tasks.JackTask: Compilation #29, command '@build/core/jack-default.args -g -D jack.java.source.version=1.7 --classpath out/target/common/obj/JAVA_LIBRARIES/sdk_v9_intermediates/classes.jack --import-resource out/target/common/obj/JAVA_LIBRARIES/mp4parser_intermediates/classes.jack.res.tmp -D jack.import.resource.policy=keep-first -D jack.import.type.policy=keep-first -D jack.android.min-api-level=9 --output-jack out/target/common/obj/JAVA_LIBRARIES/mp4parser_intermediates/classes.jack @out/target/common/obj/JAVA_LIBRARIES/mp4parser_intermediates/jack-rsc/java-source-list-uniq', pwd: '/home/austin/aosp', required Jack: Exact version 4.32.CANDIDATE
14:14:17.317: INFO: com.android.jack.server.tasks.JackTask: Run Compilation #29 with Jack 1.3-rc7 'Douarn' (445000 d7be3910514558d6715ce455ce0861ae2f56925a by N/A) (4.32)
14:14:22.188: INFO: com.android.jack.server.tasks.JackTask: Compilation #29 return exit code 0
14:14:22.189: INFO: com.android.jack.server.tasks.JackTask: Compilation #29 run in 4868 ms
14:14:24.713: INFO: com.android.jack.server.router.RootContainer: Route request for POST /jack
14:14:24.713: INFO: com.android.jack.server.tasks.JackTask: Compilation #30, command '@build/core/jack-default.args -g -D jack.java.source.version=1.7 --classpath out/target/common/obj/JAVA_LIBRARIES/sdk_v21_intermediates/classes.jack --import out/target/common/obj/JAVA_LIBRARIES/jsr305_intermediates/classes.jack -D jack.import.resource.policy=keep-first -D jack.import.type.policy=keep-first -D jack.android.min-api-level=21 --output-jack out/target/common/obj/JAVA_LIBRARIES/latinime-common_intermediates/classes.jack @out/target/common/obj/JAVA_LIBRARIES/latinime-common_intermediates/jack-rsc/java-source-list-uniq', pwd: '/home/austin/aosp', required Jack: Exact version 4.32.CANDIDATE
14:14:24.713: INFO: com.android.jack.server.tasks.JackTask: Run Compilation #30 with Jack 1.3-rc7 'Douarn' (445000 d7be3910514558d6715ce455ce0861ae2f56925a by N/A) (4.32)
14:14:25.649: INFO: com.android.jack.server.tasks.JackTask: Compilation #30 return exit code 0
14:14:25.649: INFO: com.android.jack.server.tasks.JackTask: Compilation #30 run in 935 ms
14:14:26.966: INFO: com.android.jack.server.router.RootContainer: Route request for POST /jack
14:14:26.966: INFO: com.android.jack.server.tasks.JackTask: Compilation #31, command '@build/core/jack-default.args -g -D jack.java.source.version=1.7 --classpath out/target/common/obj/JAVA_LIBRARIES/sdk_v14_intermediates/classes.jack -D jack.import.resource.policy=keep-first -D jack.import.type.policy=keep-first -D jack.android.min-api-level=14 --output-jack out/target/common/obj/JAVA_LIBRARIES/inputmethod-common_intermediates/classes.jack @out/target/common/obj/JAVA_LIBRARIES/inputmethod-common_intermediates/jack-rsc/java-source-list-uniq', pwd: '/home/austin/aosp', required Jack: Exact version 4.32.CANDIDATE
14:14:26.966: INFO: com.android.jack.server.tasks.JackTask: Run Compilation #31 with Jack 1.3-rc7 'Douarn' (445000 d7be3910514558d6715ce455ce0861ae2f56925a by N/A) (4.32)
14:14:27.525: INFO: com.android.jack.server.tasks.JackTask: Compilation #31 return exit code 0
14:14:27.525: INFO: com.android.jack.server.tasks.JackTask: Compilation #31 run in 557 ms
14:14:38.084: INFO: com.android.jack.server.tasks.JackTask: Compilation #28 return exit code 0
14:14:38.084: INFO: com.android.jack.server.tasks.JackTask: Compilation #28 run in 25864 ms
14:14:38.085: INFO: com.android.jack.server.JackHttpServer: Server mode changing from WORK to WAIT
14:14:38.085: INFO: com.android.jack.server.JackHttpServer: Start timer
14:14:38.744: INFO: com.android.jack.server.router.RootContainer: Route request for POST /jack
14:14:38.745: INFO: com.android.jack.server.JackHttpServer: Server mode changing from WAIT to WORK
14:14:38.745: INFO: com.android.jack.server.JackHttpServer: Cancel timer
14:14:38.745: INFO: com.android.jack.server.tasks.JackTask: Compilation #32, command '@build/core/jack-default.args -g -D jack.java.source.version=1.7 --classpath out/target/common/obj/JAVA_LIBRARIES/sdk_v16_intermediates/classes.jack -D jack.import.resource.policy=keep-first -D jack.import.type.policy=keep-first -D jack.android.min-api-level=16 --output-jack out/target/common/obj/JAVA_LIBRARIES/com.android.gallery3d.common2_intermediates/classes.jack @out/target/common/obj/JAVA_LIBRARIES/com.android.gallery3d.common2_intermediates/jack-rsc/java-source-list-uniq', pwd: '/home/austin/aosp', required Jack: Exact version 4.32.CANDIDATE
14:14:38.745: INFO: com.android.jack.server.tasks.JackTask: Run Compilation #32 with Jack 1.3-rc7 'Douarn' (445000 d7be3910514558d6715ce455ce0861ae2f56925a by N/A) (4.32)
14:14:40.722: INFO: com.android.jack.server.tasks.JackTask: Compilation #32 return exit code 0
14:14:40.722: INFO: com.android.jack.server.tasks.JackTask: Compilation #32 run in 1975 ms
14:14:40.723: INFO: com.android.jack.server.JackHttpServer: Server mode changing from WORK to WAIT
14:14:40.723: INFO: com.android.jack.server.JackHttpServer: Start timer
14:17:40.734: INFO: com.android.jack.server.JackHttpServer: Server mode changing from WAIT to IDLE
14:29:40.737: INFO: com.android.jack.server.JackHttpServer: Server mode changing from IDLE to DEEP_IDLE
14:39:38.647: INFO: com.android.jack.server.router.RootContainer: Route request for POST /jack
14:39:38.647: INFO: com.android.jack.server.JackHttpServer: Server mode changing from DEEP_IDLE to WORK
14:39:38.647: INFO: com.android.jack.server.JackHttpServer: Cancel timer
14:39:38.647: INFO: com.android.jack.server.tasks.JackTask: Compilation #33, command '@build/core/jack-default.args -g -D jack.java.source.version=1.7 --classpath out/target/common/obj/JAVA_LIBRARIES/sdk_v8_intermediates/classes.jack -D jack.import.resource.policy=keep-first -D jack.import.type.policy=keep-first -D jack.android.min-api-level=8 --output-jack out/target/common/obj/JAVA_LIBRARIES/android-common-framesequence_intermediates/classes.jack @out/target/common/obj/JAVA_LIBRARIES/android-common-framesequence_intermediates/jack-rsc/java-source-list-uniq', pwd: '/home/austin/aosp', required Jack: Exact version 4.32.CANDIDATE
14:39:38.647: INFO: com.android.jack.server.tasks.JackTask: Run Compilation #33 with Jack 1.3-rc7 'Douarn' (445000 d7be3910514558d6715ce455ce0861ae2f56925a by N/A) (4.32)
14:39:39.117: INFO: com.android.jack.server.tasks.JackTask: Compilation #33 return exit code 0
14:39:39.117: INFO: com.android.jack.server.tasks.JackTask: Compilation #33 run in 447 ms
14:39:39.118: INFO: com.android.jack.server.JackHttpServer: Server mode changing from WORK to WAIT
14:39:39.118: INFO: com.android.jack.server.JackHttpServer: Start timer
14:39:41.996: INFO: com.android.jack.server.router.RootContainer: Route request for POST /jack
14:39:41.996: INFO: com.android.jack.server.JackHttpServer: Server mode changing from WAIT to WORK
14:39:41.996: INFO: com.android.jack.server.JackHttpServer: Cancel timer
14:39:42.002: INFO: com.android.jack.server.tasks.JackTask: Compilation #34, command '@build/core/jack-default.args -g -D jack.java.source.version=1.7 --classpath out/target/common/obj/JAVA_LIBRARIES/sdk_v9_intermediates/classes.jack --import-resource out/target/common/obj/JAVA_LIBRARIES/libphonenumber_intermediates/classes.jack.res.tmp -D jack.import.resource.policy=keep-first -D jack.import.type.policy=keep-first -D jack.android.min-api-level=9 --output-jack out/target/common/obj/JAVA_LIBRARIES/libphonenumber_intermediates/classes.jack @out/target/common/obj/JAVA_LIBRARIES/libphonenumber_intermediates/jack-rsc/java-source-list-uniq', pwd: '/home/austin/aosp', required Jack: Exact version 4.32.CANDIDATE
14:39:42.002: INFO: com.android.jack.server.tasks.JackTask: Run Compilation #34 with Jack 1.3-rc7 'Douarn' (445000 d7be3910514558d6715ce455ce0861ae2f56925a by N/A) (4.32)
14:39:44.255: INFO: com.android.jack.server.tasks.JackTask: Compilation #34 return exit code 0
14:39:44.255: INFO: com.android.jack.server.tasks.JackTask: Compilation #34 run in 2252 ms
14:39:44.270: INFO: com.android.jack.server.JackHttpServer: Server mode changing from WORK to WAIT
14:39:44.270: INFO: com.android.jack.server.JackHttpServer: Start timer
14:42:44.271: INFO: com.android.jack.server.JackHttpServer: Server mode changing from WAIT to IDLE
14:54:44.270: INFO: com.android.jack.server.JackHttpServer: Server mode changing from IDLE to DEEP_IDLE
16:39:44.270: INFO: com.android.jack.server.JackHttpServer: Server mode changing from DEEP_IDLE to SLEEP
20:39:44.270: INFO: com.android.jack.server.JackHttpServer: Server mode changing from SLEEP to SHUTDOWN
20:39:44.270: INFO: com.android.jack.server.JackHttpServer: Cancel timer
20:39:44.270: INFO: com.android.jack.server.JackHttpServer: Shutdowning service connection
20:39:44.270: INFO: com.android.jack.server.JackHttpServer: # max of concurrent compilations: 2
20:39:44.270: INFO: com.android.jack.server.JackHttpServer: # total of compilations: 35
20:39:44.270: INFO: com.android.jack.server.JackHttpServer: # max of concurrent forward compilations: 0
20:39:44.271: INFO: com.android.jack.server.JackHttpServer: # total of forward compilations: 0
20:39:44.276: INFO: com.android.jack.server.JackHttpServer: Done
20:39:44.277: INFO: com.android.jack.server.JackHttpServer: Shutdowning admin connection
20:39:44.277: INFO: com.android.jack.server.JackHttpServer: Done
