0 info it worked if it ends with ok
1 verbose cli [ '/usr/bin/node', '/bin/npm', 'start' ]
2 info using npm@6.4.1
3 info using node@v8.11.4
4 verbose run-script [ 'prestart', 'start', 'poststart' ]
5 info lifecycle brave@0.22.0~prestart: brave@0.22.0
6 info lifecycle brave@0.22.0~start: brave@0.22.0
7 verbose lifecycle brave@0.22.0~start: unsafe-perm in lifecycle true
8 verbose lifecycle brave@0.22.0~start: PATH: /usr/lib/node_modules/npm/node_modules/npm-lifecycle/node-gyp-bin:/home/austin/git/pkgbuild/brave-sync/browser-laptop/node_modules/.bin:/home/austin/git/scripts/android:/home/austin/git/scirpts/r:/home/austin/git/scripts/python:/home/austin/git/scripts/shell:/bin:/usr/bin:/usr/local/bin:/usr/local/sbin:/usr/lib/jvm/default/bin:/usr/bin/site_perl:/usr/bin/vendor_perl:/usr/bin/core_perl:/home/austin/.rvm/bin:/home/austin/.gem/ruby/2.5.0/bin:/home/austin/.rvm/bin:/usr/lib/jvm/java-8-openjdk/bin
9 verbose lifecycle brave@0.22.0~start: CWD: /home/austin/git/pkgbuild/brave-sync/browser-laptop
10 silly lifecycle brave@0.22.0~start: Args: [ '-c',
10 silly lifecycle   'node ./tools/start.js --user-data-dir-name=brave-development --enable-logging --v=0 --enable-extension-activity-logging --enable-sandbox-logging --enable-dcheck' ]
11 info lifecycle brave@0.22.0~start: Failed to exec start script
12 verbose stack Error: brave@0.22.0 start: `node ./tools/start.js --user-data-dir-name=brave-development --enable-logging --v=0 --enable-extension-activity-logging --enable-sandbox-logging --enable-dcheck`
12 verbose stack spawn ENOENT
12 verbose stack     at ChildProcess.<anonymous> (/usr/lib/node_modules/npm/node_modules/npm-lifecycle/lib/spawn.js:48:18)
12 verbose stack     at emitTwo (events.js:126:13)
12 verbose stack     at ChildProcess.emit (events.js:214:7)
12 verbose stack     at maybeClose (internal/child_process.js:925:16)
12 verbose stack     at Process.ChildProcess._handle.onexit (internal/child_process.js:209:5)
13 verbose pkgid brave@0.22.0
14 verbose cwd /home/austin/git/pkgbuild/brave-sync/browser-laptop
15 verbose Linux 4.17.14.a-1-hardened
16 verbose argv "/usr/bin/node" "/bin/npm" "start"
17 verbose node v8.11.4
18 verbose npm  v6.4.1
19 error file sh
20 error code ELIFECYCLE
21 error errno ENOENT
22 error syscall spawn
23 error brave@0.22.0 start: `node ./tools/start.js --user-data-dir-name=brave-development --enable-logging --v=0 --enable-extension-activity-logging --enable-sandbox-logging --enable-dcheck`
23 error spawn ENOENT
24 error Failed at the brave@0.22.0 start script.
24 error This is probably not a problem with npm. There is likely additional logging output above.
25 verbose exit [ 1, true ]
