0 info it worked if it ends with ok
1 verbose cli [ '/usr/bin/node', '/bin/npm', 'run', 'dist' ]
2 info using npm@6.4.1
3 info using node@v8.11.4
4 verbose stack Error: missing script: dist
4 verbose stack
4 verbose stack Did you mean one of these?
4 verbose stack     test
4 verbose stack     lint
4 verbose stack     at run (/usr/lib/node_modules/npm/lib/run-script.js:155:19)
4 verbose stack     at /usr/lib/node_modules/npm/lib/run-script.js:63:5
4 verbose stack     at /usr/lib/node_modules/npm/node_modules/read-package-json/read-json.js:115:5
4 verbose stack     at /usr/lib/node_modules/npm/node_modules/read-package-json/read-json.js:418:5
4 verbose stack     at checkBinReferences_ (/usr/lib/node_modules/npm/node_modules/read-package-json/read-json.js:373:45)
4 verbose stack     at final (/usr/lib/node_modules/npm/node_modules/read-package-json/read-json.js:416:3)
4 verbose stack     at then (/usr/lib/node_modules/npm/node_modules/read-package-json/read-json.js:160:5)
4 verbose stack     at /usr/lib/node_modules/npm/node_modules/read-package-json/read-json.js:364:12
4 verbose stack     at /usr/lib/node_modules/npm/node_modules/graceful-fs/graceful-fs.js:78:16
4 verbose stack     at FSReqWrap.readFileAfterClose [as oncomplete] (fs.js:511:3)
5 verbose cwd /home/austin/git/pkgbuild/brave-sync/browser-laptop
6 verbose Linux 4.17.14.a-1-hardened
7 verbose argv "/usr/bin/node" "/bin/npm" "run" "dist"
8 verbose node v8.11.4
9 verbose npm  v6.4.1
10 error missing script: dist
10 error
10 error Did you mean one of these?
10 error     test
10 error     lint
11 verbose exit [ 1, true ]
