0 info it worked if it ends with ok
1 verbose cli [ '/usr/bin/node', '/bin/npm', 'run', 'check-security' ]
2 info using npm@6.8.0
3 info using node@v8.15.0
4 verbose run-script [ 'precheck-security', 'check-security', 'postcheck-security' ]
5 info lifecycle brave@0.26.0~precheck-security: brave@0.26.0
6 info lifecycle brave@0.26.0~check-security: brave@0.26.0
7 verbose lifecycle brave@0.26.0~check-security: unsafe-perm in lifecycle true
8 verbose lifecycle brave@0.26.0~check-security: PATH: /usr/lib/node_modules/npm/node_modules/npm-lifecycle/node-gyp-bin:/tmp/brave-git/src/browser-laptop/node_modules/.bin:/usr/lib/node_modules/npm/node_modules/npm-lifecycle/node-gyp-bin:/tmp/brave-git/src/browser-laptop/node_modules/.bin:/usr/lib/node_modules/npm/node_modules/npm-lifecycle/node-gyp-bin:/tmp/brave-git/src/browser-laptop/node_modules/.bin:/home/austin/git/scripts/android:/home/austin/git/scirpts/r:/home/austin/git/scripts/python:/home/austin/git/scripts/shell:/bin:/usr/bin:/usr/local/bin:/usr/local/sbin:/usr/lib/jvm/default/bin:/usr/bin/site_perl:/usr/bin/vendor_perl:/usr/bin/core_perl:/home/austin/.rvm/bin:/home/austin/.gem/ruby/2.6.0/bin:/home/austin/.rvm/bin:/usr/lib/jvm/java-8-openjdk/bin
9 verbose lifecycle brave@0.26.0~check-security: CWD: /tmp/brave-git/src/browser-laptop
10 silly lifecycle brave@0.26.0~check-security: Args: [ '-c', 'nsp check' ]
11 silly lifecycle brave@0.26.0~check-security: Returned: code: 2  signal: null
12 info lifecycle brave@0.26.0~check-security: Failed to exec check-security script
13 verbose stack Error: brave@0.26.0 check-security: `nsp check`
13 verbose stack Exit status 2
13 verbose stack     at EventEmitter.<anonymous> (/usr/lib/node_modules/npm/node_modules/npm-lifecycle/index.js:301:16)
13 verbose stack     at emitTwo (events.js:126:13)
13 verbose stack     at EventEmitter.emit (events.js:214:7)
13 verbose stack     at ChildProcess.<anonymous> (/usr/lib/node_modules/npm/node_modules/npm-lifecycle/lib/spawn.js:55:14)
13 verbose stack     at emitTwo (events.js:126:13)
13 verbose stack     at ChildProcess.emit (events.js:214:7)
13 verbose stack     at maybeClose (internal/child_process.js:915:16)
13 verbose stack     at Process.ChildProcess._handle.onexit (internal/child_process.js:209:5)
14 verbose pkgid brave@0.26.0
15 verbose cwd /tmp/brave-git/src/browser-laptop
16 verbose Linux 4.20.10.a-1-hardened
17 verbose argv "/usr/bin/node" "/bin/npm" "run" "check-security"
18 verbose node v8.15.0
19 verbose npm  v6.8.0
20 error code ELIFECYCLE
21 error errno 2
22 error brave@0.26.0 check-security: `nsp check`
22 error Exit status 2
23 error Failed at the brave@0.26.0 check-security script.
23 error This is probably not a problem with npm. There is likely additional logging output above.
24 verbose exit [ 2, true ]
