{"name":"log","hostname":"A88X","pid":315162,"level":30,"msg":"app ready","time":"2020-12-27T03:44:40.420Z","v":0}
{"name":"log","hostname":"A88X","pid":315162,"level":30,"msg":"starting version 1.39.4-beta.1","time":"2020-12-27T03:44:40.420Z","v":0}
{"name":"log","hostname":"A88X","pid":315162,"level":30,"msg":"media access status undefined undefined","time":"2020-12-27T03:44:40.420Z","v":0}
{"name":"log","hostname":"A88X","pid":315162,"level":30,"msg":"updateSchema:\n  Current user_version: 21;\n  Most recent db schema: 21;\n  SQLite version: 3.30.1;\n  SQLCipher version: 4.3.0 community;\n  (deprecated) schema_version: 109;\n","time":"2020-12-27T03:44:40.449Z","v":0}
{"name":"log","hostname":"A88X","pid":315162,"level":30,"msg":"Initializing BrowserWindow config: {\"show\":true,\"width\":680,\"height\":1027,\"minWidth\":680,\"minHeight\":550,\"autoHideMenuBar\":false,\"backgroundColor\":\"#3a76f0\",\"webPreferences\":{\"nodeIntegration\":false,\"nodeIntegrationInWorker\":false,\"contextIsolation\":false,\"preload\":\"/opt/Signal Beta/resources/app.asar/preload.js\",\"nativeWindowOpen\":true,\"spellcheck\":true,\"backgroundThrottling\":false},\"icon\":\"/opt/Signal Beta/resources/app.asar/images/signal-logo-desktop-linux.png\",\"x\":186,\"y\":66}","time":"2020-12-27T03:44:40.466Z","v":0}
{"name":"log","hostname":"A88X","pid":315162,"level":30,"msg":"spellcheck: user locale: en-US","time":"2020-12-27T03:44:40.549Z","v":0}
{"name":"log","hostname":"A88X","pid":315162,"level":30,"msg":"spellcheck: available spellchecker languages:  [\"af\",\"bg\",\"ca\",\"cs\",\"cy\",\"da\",\"de\",\"el\",\"en-AU\",\"en-CA\",\"en-GB\",\"en-US\",\"es\",\"es-419\",\"es-AR\",\"es-ES\",\"es-MX\",\"es-US\",\"et\",\"fa\",\"fo\",\"fr\",\"he\",\"hi\",\"hr\",\"hu\",\"hy\",\"id\",\"it\",\"ko\",\"lt\",\"lv\",\"nb\",\"nl\",\"pl\",\"pt-BR\",\"pt-PT\",\"ro\",\"ru\",\"sh\",\"sk\",\"sl\",\"sq\",\"sr\",\"sv\",\"ta\",\"tg\",\"tr\",\"uk\",\"vi\"]","time":"2020-12-27T03:44:40.550Z","v":0}
{"name":"log","hostname":"A88X","pid":315162,"level":30,"msg":"spellcheck: setting languages to:  [\"en-US\"]","time":"2020-12-27T03:44:40.550Z","v":0}
{"name":"log","hostname":"A88X","pid":315162,"level":30,"msg":"Begin ensuring permissions","time":"2020-12-27T03:44:40.646Z","v":0}
{"name":"log","hostname":"A88X","pid":315162,"level":30,"msg":"Ensuring file permissions for 2 files","time":"2020-12-27T03:44:40.665Z","v":0}
{"name":"log","hostname":"A88X","pid":315162,"level":30,"msg":"Finish ensuring permissions in 22ms","time":"2020-12-27T03:44:40.668Z","v":0}
{"name":"log","hostname":"A88X","pid":315162,"level":30,"msg":"Updating BrowserWindow config: {\"maximized\":false,\"autoHideMenuBar\":false,\"fullscreen\":false,\"width\":680,\"height\":1027,\"x\":192,\"y\":47}","time":"2020-12-27T03:44:41.148Z","v":0}
{"name":"log","hostname":"A88X","pid":315162,"level":30,"msg":"config/set: Saving ephemeral config to disk","time":"2020-12-27T03:44:41.149Z","v":0}
{"name":"log","hostname":"A88X","pid":315162,"level":30,"time":"2020-12-27T03:44:41.981Z","msg":"x-attr dependency did not load successfully","v":0}
{"name":"log","hostname":"A88X","pid":315162,"level":30,"time":"2020-12-27T03:44:42.017Z","msg":"preload complete","v":0}
{"name":"log","hostname":"A88X","pid":315162,"level":30,"time":"2020-12-27T03:44:42.332Z","msg":"pre-main prep time: 2 ms","v":0}
{"name":"log","hostname":"A88X","pid":315162,"level":30,"time":"2020-12-27T03:44:42.440Z","msg":"background page reloaded","v":0}
{"name":"log","hostname":"A88X","pid":315162,"level":30,"time":"2020-12-27T03:44:42.440Z","msg":"environment: production","v":0}
{"name":"log","hostname":"A88X","pid":315162,"level":30,"time":"2020-12-27T03:44:42.530Z","msg":"SQL channel job 1 (getItemById) succeeded in 89ms","v":0}
{"name":"log","hostname":"A88X","pid":315162,"level":30,"time":"2020-12-27T03:44:42.530Z","msg":"Storage fetch","v":0}
{"name":"log","hostname":"A88X","pid":315162,"level":30,"time":"2020-12-27T03:44:42.682Z","msg":"SQL channel job 2 (getAllItems) succeeded in 152ms","v":0}
{"name":"log","hostname":"A88X","pid":315162,"level":30,"time":"2020-12-27T03:44:42.711Z","msg":"SQL channel job 3 (createOrUpdateItem) succeeded in 26ms","v":0}
{"name":"log","hostname":"A88X","pid":315162,"level":30,"time":"2020-12-27T03:44:42.722Z","msg":"SQL channel job 4 (createOrUpdateItem) succeeded in 11ms","v":0}
{"name":"log","hostname":"A88X","pid":315162,"level":30,"time":"2020-12-27T03:44:42.729Z","msg":"SQL channel job 5 (createOrUpdateItem) succeeded in 18ms","v":0}
{"name":"log","hostname":"A88X","pid":315162,"level":30,"time":"2020-12-27T03:44:42.729Z","msg":"Starting background data migration. Target version: 10","v":0}
{"name":"log","hostname":"A88X","pid":315162,"level":30,"time":"2020-12-27T03:44:42.734Z","msg":"GET https://textsecure-service.whispersystems.org/v1/config","v":0}
{"name":"log","hostname":"A88X","pid":315162,"level":30,"time":"2020-12-27T03:44:42.744Z","msg":"ConversationController: starting initial fetch","v":0}
{"name":"log","hostname":"A88X","pid":315162,"level":30,"time":"2020-12-27T03:44:42.766Z","msg":"SQL channel job 7 (getAllStickerPacks) succeeded in 22ms","v":0}
{"name":"log","hostname":"A88X","pid":315162,"level":30,"time":"2020-12-27T03:44:42.767Z","msg":"SQL channel job 8 (getAllStickers) succeeded in 23ms","v":0}
{"name":"log","hostname":"A88X","pid":315162,"level":30,"time":"2020-12-27T03:44:42.767Z","msg":"SQL channel job 9 (getRecentStickers) succeeded in 23ms","v":0}
{"name":"log","hostname":"A88X","pid":315162,"level":30,"time":"2020-12-27T03:44:42.767Z","msg":"SQL channel job 12 (getItemById) succeeded in 22ms","v":0}
{"name":"log","hostname":"A88X","pid":315162,"level":30,"time":"2020-12-27T03:44:42.768Z","msg":"SQL channel job 11 (getItemById) succeeded in 23ms","v":0}
{"name":"log","hostname":"A88X","pid":315162,"level":30,"time":"2020-12-27T03:44:42.768Z","msg":"SQL channel job 10 (getRecentEmojis) succeeded in 24ms","v":0}
{"name":"log","hostname":"A88X","pid":315162,"level":30,"time":"2020-12-27T03:44:42.768Z","msg":"SQL channel job 13 (getAllIdentityKeys) succeeded in 23ms","v":0}
{"name":"log","hostname":"A88X","pid":315162,"level":30,"time":"2020-12-27T03:44:42.769Z","msg":"SignalProtocolStore: Finished caching identityKeys data","v":0}
{"name":"log","hostname":"A88X","pid":315162,"level":30,"time":"2020-12-27T03:44:42.769Z","msg":"SQL channel job 14 (getAllSessions) succeeded in 24ms","v":0}
{"name":"log","hostname":"A88X","pid":315162,"level":30,"time":"2020-12-27T03:44:42.769Z","msg":"SignalProtocolStore: Finished caching sessions data","v":0}
{"name":"log","hostname":"A88X","pid":315162,"level":30,"time":"2020-12-27T03:44:42.775Z","msg":"SQL channel job 27 (getLastConversationPreview) succeeded in 11ms","v":0}
{"name":"log","hostname":"A88X","pid":315162,"level":30,"time":"2020-12-27T03:44:42.776Z","msg":"SQL channel job 26 (getLastConversationActivity) succeeded in 12ms","v":0}
{"name":"log","hostname":"A88X","pid":315162,"level":30,"time":"2020-12-27T03:44:42.776Z","msg":"SQL channel job 29 (getLastConversationPreview) succeeded in 11ms","v":0}
{"name":"log","hostname":"A88X","pid":315162,"level":30,"time":"2020-12-27T03:44:42.778Z","msg":"SQL channel job 35 (getLastConversationPreview) succeeded in 13ms","v":0}
{"name":"log","hostname":"A88X","pid":315162,"level":30,"time":"2020-12-27T03:44:42.778Z","msg":"SQL channel job 36 (getLastConversationActivity) succeeded in 13ms","v":0}
{"name":"log","hostname":"A88X","pid":315162,"level":30,"time":"2020-12-27T03:44:42.778Z","msg":"SQL channel job 37 (getLastConversationPreview) succeeded in 13ms","v":0}
{"name":"log","hostname":"A88X","pid":315162,"level":30,"time":"2020-12-27T03:44:42.778Z","msg":"SQL channel job 38 (getLastConversationActivity) succeeded in 13ms","v":0}
{"name":"log","hostname":"A88X","pid":315162,"level":30,"time":"2020-12-27T03:44:42.779Z","msg":"SQL channel job 39 (getLastConversationPreview) succeeded in 14ms","v":0}
{"name":"log","hostname":"A88X","pid":315162,"level":30,"time":"2020-12-27T03:44:42.779Z","msg":"SQL channel job 40 (getLastConversationActivity) succeeded in 14ms","v":0}
{"name":"log","hostname":"A88X","pid":315162,"level":30,"time":"2020-12-27T03:44:42.779Z","msg":"SQL channel job 41 (getLastConversationPreview) succeeded in 14ms","v":0}
{"name":"log","hostname":"A88X","pid":315162,"level":30,"time":"2020-12-27T03:44:42.780Z","msg":"SQL channel job 42 (getLastConversationActivity) succeeded in 14ms","v":0}
{"name":"log","hostname":"A88X","pid":315162,"level":30,"time":"2020-12-27T03:44:42.780Z","msg":"SQL channel job 44 (getLastConversationActivity) succeeded in 15ms","v":0}
{"name":"log","hostname":"A88X","pid":315162,"level":30,"time":"2020-12-27T03:44:42.780Z","msg":"SQL channel job 43 (getLastConversationPreview) succeeded in 15ms","v":0}
{"name":"log","hostname":"A88X","pid":315162,"level":30,"time":"2020-12-27T03:44:42.780Z","msg":"SQL channel job 45 (getLastConversationPreview) succeeded in 15ms","v":0}
{"name":"log","hostname":"A88X","pid":315162,"level":30,"time":"2020-12-27T03:44:42.781Z","msg":"SQL channel job 46 (getLastConversationActivity) succeeded in 16ms","v":0}
{"name":"log","hostname":"A88X","pid":315162,"level":30,"time":"2020-12-27T03:44:42.781Z","msg":"SQL channel job 47 (getLastConversationPreview) succeeded in 16ms","v":0}
{"name":"log","hostname":"A88X","pid":315162,"level":30,"time":"2020-12-27T03:44:42.782Z","msg":"SQL channel job 49 (getLastConversationPreview) succeeded in 17ms","v":0}
{"name":"log","hostname":"A88X","pid":315162,"level":30,"time":"2020-12-27T03:44:42.782Z","msg":"SQL channel job 50 (getLastConversationActivity) succeeded in 17ms","v":0}
{"name":"log","hostname":"A88X","pid":315162,"level":30,"time":"2020-12-27T03:44:42.782Z","msg":"SQL channel job 48 (getLastConversationActivity) succeeded in 17ms","v":0}
{"name":"log","hostname":"A88X","pid":315162,"level":30,"time":"2020-12-27T03:44:42.783Z","msg":"SQL channel job 53 (getLastConversationPreview) succeeded in 18ms","v":0}
{"name":"log","hostname":"A88X","pid":315162,"level":30,"time":"2020-12-27T03:44:42.783Z","msg":"SQL channel job 54 (getLastConversationActivity) succeeded in 18ms","v":0}
{"name":"log","hostname":"A88X","pid":315162,"level":30,"time":"2020-12-27T03:44:42.783Z","msg":"SQL channel job 52 (getLastConversationActivity) succeeded in 18ms","v":0}
{"name":"log","hostname":"A88X","pid":315162,"level":30,"time":"2020-12-27T03:44:42.783Z","msg":"SQL channel job 51 (getLastConversationPreview) succeeded in 18ms","v":0}
{"name":"log","hostname":"A88X","pid":315162,"level":30,"time":"2020-12-27T03:44:42.786Z","msg":"SQL channel job 55 (getLastConversationPreview) succeeded in 21ms","v":0}
{"name":"log","hostname":"A88X","pid":315162,"level":30,"time":"2020-12-27T03:44:42.786Z","msg":"SQL channel job 56 (getLastConversationActivity) succeeded in 21ms","v":0}
{"name":"log","hostname":"A88X","pid":315162,"level":30,"time":"2020-12-27T03:44:42.786Z","msg":"SQL channel job 57 (getLastConversationPreview) succeeded in 21ms","v":0}
{"name":"log","hostname":"A88X","pid":315162,"level":30,"time":"2020-12-27T03:44:42.787Z","msg":"SQL channel job 58 (getLastConversationActivity) succeeded in 22ms","v":0}
{"name":"log","hostname":"A88X","pid":315162,"level":30,"time":"2020-12-27T03:44:42.788Z","msg":"SQL channel job 59 (getLastConversationPreview) succeeded in 23ms","v":0}
{"name":"log","hostname":"A88X","pid":315162,"level":30,"time":"2020-12-27T03:44:42.788Z","msg":"SQL channel job 61 (getLastConversationPreview) succeeded in 23ms","v":0}
{"name":"log","hostname":"A88X","pid":315162,"level":30,"time":"2020-12-27T03:44:42.789Z","msg":"SQL channel job 62 (getLastConversationActivity) succeeded in 24ms","v":0}
{"name":"log","hostname":"A88X","pid":315162,"level":30,"time":"2020-12-27T03:44:42.789Z","msg":"SQL channel job 60 (getLastConversationActivity) succeeded in 24ms","v":0}
{"name":"log","hostname":"A88X","pid":315162,"level":30,"time":"2020-12-27T03:44:42.789Z","msg":"SQL channel job 63 (getLastConversationPreview) succeeded in 24ms","v":0}
{"name":"log","hostname":"A88X","pid":315162,"level":30,"time":"2020-12-27T03:44:42.789Z","msg":"SQL channel job 64 (getLastConversationActivity) succeeded in 24ms","v":0}
{"name":"log","hostname":"A88X","pid":315162,"level":30,"time":"2020-12-27T03:44:42.790Z","msg":"SQL channel job 65 (getLastConversationPreview) succeeded in 25ms","v":0}
{"name":"log","hostname":"A88X","pid":315162,"level":30,"time":"2020-12-27T03:44:42.791Z","msg":"SQL channel job 66 (getLastConversationActivity) succeeded in 26ms","v":0}
{"name":"log","hostname":"A88X","pid":315162,"level":30,"time":"2020-12-27T03:44:42.791Z","msg":"SQL channel job 67 (getLastConversationPreview) succeeded in 26ms","v":0}
{"name":"log","hostname":"A88X","pid":315162,"level":30,"time":"2020-12-27T03:44:42.791Z","msg":"SQL channel job 68 (getLastConversationActivity) succeeded in 26ms","v":0}
{"name":"log","hostname":"A88X","pid":315162,"level":30,"time":"2020-12-27T03:44:42.791Z","msg":"SQL channel job 69 (getLastConversationPreview) succeeded in 26ms","v":0}
{"name":"log","hostname":"A88X","pid":315162,"level":30,"time":"2020-12-27T03:44:42.792Z","msg":"SQL channel job 70 (getLastConversationActivity) succeeded in 27ms","v":0}
{"name":"log","hostname":"A88X","pid":315162,"level":30,"time":"2020-12-27T03:44:42.793Z","msg":"SQL channel job 73 (getLastConversationPreview) succeeded in 28ms","v":0}
{"name":"log","hostname":"A88X","pid":315162,"level":30,"time":"2020-12-27T03:44:42.796Z","msg":"SQL channel job 74 (getLastConversationActivity) succeeded in 31ms","v":0}
{"name":"log","hostname":"A88X","pid":315162,"level":30,"time":"2020-12-27T03:44:42.796Z","msg":"SQL channel job 72 (getLastConversationActivity) succeeded in 31ms","v":0}
{"name":"log","hostname":"A88X","pid":315162,"level":30,"time":"2020-12-27T03:44:42.796Z","msg":"SQL channel job 71 (getLastConversationPreview) succeeded in 31ms","v":0}
{"name":"log","hostname":"A88X","pid":315162,"level":30,"time":"2020-12-27T03:44:42.796Z","msg":"SQL channel job 75 (getLastConversationPreview) succeeded in 30ms","v":0}
{"name":"log","hostname":"A88X","pid":315162,"level":30,"time":"2020-12-27T03:44:42.796Z","msg":"SQL channel job 76 (getLastConversationActivity) succeeded in 30ms","v":0}
{"name":"log","hostname":"A88X","pid":315162,"level":30,"time":"2020-12-27T03:44:42.796Z","msg":"SQL channel job 77 (getLastConversationPreview) succeeded in 30ms","v":0}
{"name":"log","hostname":"A88X","pid":315162,"level":30,"time":"2020-12-27T03:44:42.796Z","msg":"SQL channel job 78 (getLastConversationActivity) succeeded in 30ms","v":0}
{"name":"log","hostname":"A88X","pid":315162,"level":30,"time":"2020-12-27T03:44:42.797Z","msg":"SQL channel job 79 (getLastConversationPreview) succeeded in 31ms","v":0}
{"name":"log","hostname":"A88X","pid":315162,"level":30,"time":"2020-12-27T03:44:42.797Z","msg":"SQL channel job 80 (getLastConversationActivity) succeeded in 31ms","v":0}
{"name":"log","hostname":"A88X","pid":315162,"level":30,"time":"2020-12-27T03:44:42.797Z","msg":"SQL channel job 81 (getLastConversationPreview) succeeded in 31ms","v":0}
{"name":"log","hostname":"A88X","pid":315162,"level":30,"time":"2020-12-27T03:44:42.797Z","msg":"SQL channel job 82 (getLastConversationActivity) succeeded in 31ms","v":0}
{"name":"log","hostname":"A88X","pid":315162,"level":30,"time":"2020-12-27T03:44:42.797Z","msg":"SQL channel job 83 (getLastConversationPreview) succeeded in 31ms","v":0}
{"name":"log","hostname":"A88X","pid":315162,"level":30,"time":"2020-12-27T03:44:42.797Z","msg":"SQL channel job 84 (getLastConversationActivity) succeeded in 31ms","v":0}
{"name":"log","hostname":"A88X","pid":315162,"level":30,"time":"2020-12-27T03:44:42.797Z","msg":"ConversationController: done with initial fetch","v":0}
{"name":"log","hostname":"A88X","pid":315162,"level":30,"time":"2020-12-27T03:44:42.798Z","msg":"SQL channel job 85 (getAllPreKeys) succeeded in 29ms","v":0}
{"name":"log","hostname":"A88X","pid":315162,"level":30,"time":"2020-12-27T03:44:42.804Z","msg":"SignalProtocolStore: Finished caching preKeys data","v":0}
{"name":"log","hostname":"A88X","pid":315162,"level":30,"time":"2020-12-27T03:44:42.804Z","msg":"SQL channel job 86 (getAllSignedPreKeys) succeeded in 35ms","v":0}
{"name":"log","hostname":"A88X","pid":315162,"level":30,"time":"2020-12-27T03:44:42.805Z","msg":"SignalProtocolStore: Finished caching signedPreKeys data","v":0}
{"name":"log","hostname":"A88X","pid":315162,"level":30,"time":"2020-12-27T03:44:42.805Z","msg":"checkForConflicts: starting...","v":0}
{"name":"log","hostname":"A88X","pid":315162,"level":30,"time":"2020-12-27T03:44:42.805Z","msg":"checkForConflicts: complete!","v":0}
{"name":"log","hostname":"A88X","pid":315162,"level":30,"time":"2020-12-27T03:44:42.823Z","msg":"Cleanup: starting...","v":0}
{"name":"log","hostname":"A88X","pid":315162,"level":30,"time":"2020-12-27T03:44:42.824Z","msg":"Initializing network observer every 5000ms","v":0}
{"name":"log","hostname":"A88X","pid":315162,"level":30,"time":"2020-12-27T03:44:42.824Z","msg":"Build expires:  2021-03-17T17:14:27.000Z","v":0}
{"name":"log","hostname":"A88X","pid":315162,"level":30,"time":"2020-12-27T03:44:42.826Z","msg":"SQL channel job 87 (updateConversations) succeeded in 41ms","v":0}
{"name":"log","hostname":"A88X","pid":315162,"level":30,"time":"2020-12-27T03:44:42.828Z","msg":"Cleanup: Found 0 messages for cleanup","v":0}
{"name":"log","hostname":"A88X","pid":315162,"level":30,"time":"2020-12-27T03:44:42.828Z","msg":"Cleanup: complete","v":0}
{"name":"log","hostname":"A88X","pid":315162,"level":30,"time":"2020-12-27T03:44:42.828Z","msg":"listening for registration events","v":0}
{"name":"log","hostname":"A88X","pid":315162,"level":30,"time":"2020-12-27T03:44:42.834Z","msg":"connect {\"connectCount\":0}","v":0}
{"name":"log","hostname":"A88X","pid":315162,"level":30,"time":"2020-12-27T03:44:42.834Z","msg":"GET https://textsecure-service.whispersystems.org/v1/config","v":0}
{"name":"log","hostname":"A88X","pid":315162,"level":30,"time":"2020-12-27T03:44:42.836Z","msg":"open inbox","v":0}
{"name":"log","hostname":"A88X","pid":315162,"level":30,"time":"2020-12-27T03:44:42.917Z","msg":"GET https://textsecure-service.whispersystems.org/v1/config 200 Success","v":0}
{"name":"log","hostname":"A88X","pid":315162,"level":30,"time":"2020-12-27T03:44:42.970Z","msg":"GET https://textsecure-service.whispersystems.org/v1/config 200 Success","v":0}
{"name":"log","hostname":"A88X","pid":315162,"level":30,"time":"2020-12-27T03:44:42.971Z","msg":"Initializing socket and listening for messages","v":0}
{"name":"log","hostname":"A88X","pid":315162,"level":30,"time":"2020-12-27T03:44:42.971Z","msg":"getAllFromCache","v":0}
{"name":"log","hostname":"A88X","pid":315162,"level":30,"time":"2020-12-27T03:44:42.972Z","msg":"opening message socket https://textsecure-service.whispersystems.org","v":0}
{"name":"log","hostname":"A88X","pid":315162,"level":30,"time":"2020-12-27T03:44:42.974Z","msg":"initializeGroupCredentialFetcher: starting...","v":0}
{"name":"log","hostname":"A88X","pid":315162,"level":30,"time":"2020-12-27T03:44:42.975Z","msg":"maybeFetchCredentials: fetching credentials for 18630 through 18630","v":0}
{"name":"log","hostname":"A88X","pid":315162,"level":30,"time":"2020-12-27T03:44:42.977Z","msg":"GET https://textsecure-service.whispersystems.org/v1/certificate/group/18630/18630","v":0}
{"name":"log","hostname":"A88X","pid":315162,"level":30,"time":"2020-12-27T03:44:42.978Z","msg":"attachment_downloads/start: enabling","v":0}
{"name":"log","hostname":"A88X","pid":315162,"level":30,"time":"2020-12-27T03:44:42.979Z","msg":"PUT https://textsecure-service.whispersystems.org/v1/devices/capabilities","v":0}
{"name":"log","hostname":"A88X","pid":315162,"level":30,"time":"2020-12-27T03:44:42.982Z","msg":"loadSession {\"encodedAddress\":\"[REDACTED]9fa.1\",\"id\":\"[REDACTED]9fa.1\"}","v":0}
{"name":"log","hostname":"A88X","pid":315162,"level":30,"time":"2020-12-27T03:44:42.982Z","msg":"loadSession {\"encodedAddress\":\"[REDACTED]b19.1\",\"id\":\"[REDACTED]9fa.1\"}","v":0}
{"name":"log","hostname":"A88X","pid":315162,"level":30,"time":"2020-12-27T03:44:42.982Z","msg":"loadSession {\"encodedAddress\":\"[REDACTED]9fa.1\",\"id\":\"[REDACTED]9fa.1\"}","v":0}
{"name":"log","hostname":"A88X","pid":315162,"level":30,"time":"2020-12-27T03:44:42.984Z","msg":"loadSession {\"encodedAddress\":\"[REDACTED]b19.1\",\"id\":\"[REDACTED]9fa.1\"}","v":0}
{"name":"log","hostname":"A88X","pid":315162,"level":30,"time":"2020-12-27T03:44:42.987Z","msg":"SQL channel job 92 (createOrUpdateItem) succeeded in 17ms","v":0}
{"name":"log","hostname":"A88X","pid":315162,"level":30,"time":"2020-12-27T03:44:42.987Z","msg":"SQL channel job 93 (getUnprocessedCount) succeeded in 15ms","v":0}
{"name":"log","hostname":"A88X","pid":315162,"level":30,"time":"2020-12-27T03:44:42.989Z","msg":"getAllFromCache loaded 0 saved envelopes","v":0}
{"name":"log","hostname":"A88X","pid":315162,"level":30,"time":"2020-12-27T03:44:42.992Z","msg":"storeSession {\"encodedAddress\":\"[REDACTED]b19.1\",\"id\":\"[REDACTED]9fa.1\"}","v":0}
{"name":"log","hostname":"A88X","pid":315162,"level":30,"time":"2020-12-27T03:44:42.992Z","msg":"PUT https://textsecure-service.whispersystems.org/v1/messages/[REDACTED]b19","v":0}
{"name":"log","hostname":"A88X","pid":315162,"level":30,"time":"2020-12-27T03:44:43.042Z","msg":"PUT https://textsecure-service.whispersystems.org/v1/devices/capabilities 204 Success","v":0}
{"name":"log","hostname":"A88X","pid":315162,"level":30,"time":"2020-12-27T03:44:43.042Z","msg":"Start idle detector","v":0}
{"name":"log","hostname":"A88X","pid":315162,"level":30,"time":"2020-12-27T03:44:43.050Z","msg":"GET https://textsecure-service.whispersystems.org/v1/certificate/group/18630/18630 200 Success","v":0}
{"name":"log","hostname":"A88X","pid":315162,"level":30,"time":"2020-12-27T03:44:43.056Z","msg":"maybeFetchCredentials: Saving new credentials...","v":0}
{"name":"log","hostname":"A88X","pid":315162,"level":30,"time":"2020-12-27T03:44:43.056Z","msg":"maybeFetchCredentials: Save complete.","v":0}
{"name":"log","hostname":"A88X","pid":315162,"level":30,"time":"2020-12-27T03:44:43.069Z","msg":"SQL channel job 97 (createOrUpdateItem) succeeded in 13ms","v":0}
{"name":"log","hostname":"A88X","pid":315162,"level":30,"time":"2020-12-27T03:44:43.110Z","msg":"websocket open","v":0}
{"name":"log","hostname":"A88X","pid":315162,"level":30,"time":"2020-12-27T03:44:43.136Z","msg":"PUT https://textsecure-service.whispersystems.org/v1/messages/[REDACTED]b19 200 Success","v":0}
{"name":"log","hostname":"A88X","pid":315162,"level":30,"time":"2020-12-27T03:44:43.311Z","msg":"SQL channel job 98 (updateConversations) succeeded in 13ms","v":0}
{"name":"log","hostname":"A88X","pid":315162,"level":30,"time":"2020-12-27T03:44:43.349Z","msg":"SQL channel job 99 (saveUnprocesseds) succeeded in 12ms","v":0}
{"name":"log","hostname":"A88X","pid":315162,"level":30,"time":"2020-12-27T03:44:43.351Z","msg":"queueing envelope [REDACTED]265.1 1609017976853 (88902f23d5544df8b08f66808f84e82f)","v":0}
{"name":"log","hostname":"A88X","pid":315162,"level":30,"time":"2020-12-27T03:44:43.352Z","msg":"delivery receipt from +[REDACTED]244 [REDACTED]265 1 [REDACTED]694  for sent message 1609017976853","v":0}
{"name":"log","hostname":"A88X","pid":315162,"level":30,"time":"2020-12-27T03:44:43.353Z","msg":"queueing envelope [REDACTED]b19.1 1609017976853 (e130b77e10304126b6c2d74a37a11d77)","v":0}
{"name":"log","hostname":"A88X","pid":315162,"level":30,"time":"2020-12-27T03:44:43.353Z","msg":"queueing envelope [REDACTED]b19.1 1609018004995 (cc3ba878781e45c9824028309f9d498c)","v":0}
{"name":"log","hostname":"A88X","pid":315162,"level":30,"time":"2020-12-27T03:44:43.354Z","msg":"queueing envelope [REDACTED]265.1 1609018004995 (4b092a7a6ddd421f81f6d664397c6da4)","v":0}
{"name":"log","hostname":"A88X","pid":315162,"level":30,"time":"2020-12-27T03:44:43.354Z","msg":"queueing envelope a8dedf2b09ed47fe91ac90f8208fac1c","v":0}
{"name":"log","hostname":"A88X","pid":315162,"level":30,"time":"2020-12-27T03:44:43.354Z","msg":"queueing envelope [REDACTED]b19.1 1609019343843 (42e4e8fec5f945a1924e0fd22160f96d)","v":0}
{"name":"log","hostname":"A88X","pid":315162,"level":30,"time":"2020-12-27T03:44:43.354Z","msg":"queueing envelope [REDACTED]265.1 1609019355287 (77af55b2beb84d15af17fe05a84b7ebc)","v":0}
{"name":"log","hostname":"A88X","pid":315162,"level":30,"time":"2020-12-27T03:44:43.354Z","msg":"queueing envelope [REDACTED]b19.1 1609019355287 (a6ef633cf6a64bda911a42c8b32dadd1)","v":0}
{"name":"log","hostname":"A88X","pid":315162,"level":30,"time":"2020-12-27T03:44:43.354Z","msg":"queueing envelope 96cfdb4c0d8242358a7d2f979189d768","v":0}
{"name":"log","hostname":"A88X","pid":315162,"level":30,"time":"2020-12-27T03:44:43.355Z","msg":"queueing envelope [REDACTED]b19.1 1609019999678 (43fc49b59afe48d1941490046267deb6)","v":0}
{"name":"log","hostname":"A88X","pid":315162,"level":30,"time":"2020-12-27T03:44:43.355Z","msg":"queueing envelope 46bce673a41b404e9ed9208c5a1735d3","v":0}
{"name":"log","hostname":"A88X","pid":315162,"level":30,"time":"2020-12-27T03:44:43.355Z","msg":"queueing envelope [REDACTED]b19.1 1609023642614 (9e199945a3c54757868031dc5cd5672a)","v":0}
{"name":"log","hostname":"A88X","pid":315162,"level":30,"time":"2020-12-27T03:44:43.355Z","msg":"queueing envelope [REDACTED]b19.1 1609023643472 (ec5ba454b90e4b408e81c6a94e4e7bfc)","v":0}
{"name":"log","hostname":"A88X","pid":315162,"level":30,"time":"2020-12-27T03:44:43.355Z","msg":"queueing envelope [REDACTED]b19.1 1609023644536 (09692d8703af43549a11ecddd80f59b2)","v":0}
{"name":"log","hostname":"A88X","pid":315162,"level":30,"time":"2020-12-27T03:44:43.355Z","msg":"queueing envelope [REDACTED]b19.1 1609023644697 (4a1325ce48a64ed1a530a5339d3698e1)","v":0}
{"name":"log","hostname":"A88X","pid":315162,"level":30,"time":"2020-12-27T03:44:43.356Z","msg":"message from [REDACTED]b19.1 1609017976853 (e130b77e10304126b6c2d74a37a11d77)","v":0}
{"name":"log","hostname":"A88X","pid":315162,"level":30,"time":"2020-12-27T03:44:43.356Z","msg":"loadSession {\"encodedAddress\":\"[REDACTED]b19.1\",\"id\":\"[REDACTED]9fa.1\"}","v":0}
{"name":"log","hostname":"A88X","pid":315162,"level":30,"time":"2020-12-27T03:44:43.358Z","msg":"No message for delivery receipt [REDACTED]694 1609017976853","v":0}
{"name":"log","hostname":"A88X","pid":315162,"level":30,"time":"2020-12-27T03:44:43.361Z","msg":"loadSession {\"encodedAddress\":\"[REDACTED]b19.1\",\"id\":\"[REDACTED]9fa.1\"}","v":0}
{"name":"log","hostname":"A88X","pid":315162,"level":30,"time":"2020-12-27T03:44:43.362Z","msg":"storeSession {\"encodedAddress\":\"[REDACTED]b19.1\",\"id\":\"[REDACTED]9fa.1\"}","v":0}
{"name":"log","hostname":"A88X","pid":315162,"level":30,"time":"2020-12-27T03:44:43.364Z","msg":"sent message to +[REDACTED]244 1609017976853 from [REDACTED]b19.1 1609017976853 (e130b77e10304126b6c2d74a37a11d77)","v":0}
{"name":"log","hostname":"A88X","pid":315162,"level":30,"time":"2020-12-27T03:44:43.371Z","msg":"Starting handleDataMessage for message +[REDACTED]453.1 1609017976853 in conversation [REDACTED]265 ([REDACTED]694)","v":0}
{"name":"log","hostname":"A88X","pid":315162,"level":30,"time":"2020-12-27T03:44:43.371Z","msg":"message from [REDACTED]b19.1 1609018004995 (cc3ba878781e45c9824028309f9d498c)","v":0}
{"name":"log","hostname":"A88X","pid":315162,"level":30,"time":"2020-12-27T03:44:43.371Z","msg":"loadSession {\"encodedAddress\":\"[REDACTED]b19.1\",\"id\":\"[REDACTED]9fa.1\"}","v":0}
{"name":"log","hostname":"A88X","pid":315162,"level":30,"time":"2020-12-27T03:44:43.388Z","msg":"Queueing 0 attachment downloads for message +[REDACTED]453.1 1609017976853","v":0}
{"name":"log","hostname":"A88X","pid":315162,"level":30,"time":"2020-12-27T03:44:43.388Z","msg":"Queueing 0 long message attachment downloads for message +[REDACTED]453.1 1609017976853","v":0}
{"name":"log","hostname":"A88X","pid":315162,"level":30,"time":"2020-12-27T03:44:43.388Z","msg":"Queueing 0 normal attachment downloads for message +[REDACTED]453.1 1609017976853","v":0}
{"name":"log","hostname":"A88X","pid":315162,"level":30,"time":"2020-12-27T03:44:43.388Z","msg":"Queueing 0 preview attachment downloads for message +[REDACTED]453.1 1609017976853","v":0}
{"name":"log","hostname":"A88X","pid":315162,"level":30,"time":"2020-12-27T03:44:43.388Z","msg":"Queueing 0 contact attachment downloads for message +[REDACTED]453.1 1609017976853","v":0}
{"name":"log","hostname":"A88X","pid":315162,"level":30,"time":"2020-12-27T03:44:43.388Z","msg":"Queueing 0 quote attachment downloads for message +[REDACTED]453.1 1609017976853","v":0}
{"name":"log","hostname":"A88X","pid":315162,"level":30,"time":"2020-12-27T03:44:43.388Z","msg":"Queued 0 total attachment downloads for message +[REDACTED]453.1 1609017976853","v":0}
{"name":"log","hostname":"A88X","pid":315162,"level":30,"time":"2020-12-27T03:44:43.392Z","msg":"loadSession {\"encodedAddress\":\"[REDACTED]b19.1\",\"id\":\"[REDACTED]9fa.1\"}","v":0}
{"name":"log","hostname":"A88X","pid":315162,"level":30,"time":"2020-12-27T03:44:43.392Z","msg":"storeSession {\"encodedAddress\":\"[REDACTED]b19.1\",\"id\":\"[REDACTED]9fa.1\"}","v":0}
{"name":"log","hostname":"A88X","pid":315162,"level":30,"time":"2020-12-27T03:44:43.394Z","msg":"sent message to +[REDACTED]244 1609018004995 from [REDACTED]b19.1 1609018004995 (cc3ba878781e45c9824028309f9d498c)","v":0}
{"name":"log","hostname":"A88X","pid":315162,"level":30,"time":"2020-12-27T03:44:43.395Z","msg":"delivery receipt from +[REDACTED]244 [REDACTED]265 1 [REDACTED]694  for sent message 1609018004995","v":0}
{"name":"log","hostname":"A88X","pid":315162,"level":30,"time":"2020-12-27T03:44:43.396Z","msg":"received unidentified sender message","v":0}
{"name":"log","hostname":"A88X","pid":315162,"level":30,"time":"2020-12-27T03:44:43.408Z","msg":"loadSession {\"encodedAddress\":\"[REDACTED]265.1\",\"id\":\"[REDACTED]694.1\"}","v":0}
{"name":"log","hostname":"A88X","pid":315162,"level":30,"time":"2020-12-27T03:44:43.408Z","msg":"New remote ephemeral key","v":0}
{"name":"log","hostname":"A88X","pid":315162,"level":30,"time":"2020-12-27T03:44:43.410Z","msg":"SQL channel job 102 (saveMessage) succeeded in 21ms","v":0}
{"name":"log","hostname":"A88X","pid":315162,"level":30,"time":"2020-12-27T03:44:43.412Z","msg":"Starting handleDataMessage for message +[REDACTED]453.1 1609018004995 in conversation [REDACTED]265 ([REDACTED]694)","v":0}
{"name":"log","hostname":"A88X","pid":315162,"level":30,"time":"2020-12-27T03:44:43.413Z","msg":"SQL channel job 103 (getMessagesBySentAt) succeeded in 18ms","v":0}
{"name":"log","hostname":"A88X","pid":315162,"level":30,"time":"2020-12-27T03:44:43.413Z","msg":"No message for delivery receipt [REDACTED]694 1609018004995","v":0}
{"name":"log","hostname":"A88X","pid":315162,"level":30,"time":"2020-12-27T03:44:43.420Z","msg":"Queueing 0 attachment downloads for message +[REDACTED]453.1 1609018004995","v":0}
{"name":"log","hostname":"A88X","pid":315162,"level":30,"time":"2020-12-27T03:44:43.420Z","msg":"Queueing 0 long message attachment downloads for message +[REDACTED]453.1 1609018004995","v":0}
{"name":"log","hostname":"A88X","pid":315162,"level":30,"time":"2020-12-27T03:44:43.420Z","msg":"Queueing 0 normal attachment downloads for message +[REDACTED]453.1 1609018004995","v":0}
{"name":"log","hostname":"A88X","pid":315162,"level":30,"time":"2020-12-27T03:44:43.420Z","msg":"Queueing 0 preview attachment downloads for message +[REDACTED]453.1 1609018004995","v":0}
{"name":"log","hostname":"A88X","pid":315162,"level":30,"time":"2020-12-27T03:44:43.420Z","msg":"Queueing 0 contact attachment downloads for message +[REDACTED]453.1 1609018004995","v":0}
{"name":"log","hostname":"A88X","pid":315162,"level":30,"time":"2020-12-27T03:44:43.420Z","msg":"Queueing 0 quote attachment downloads for message +[REDACTED]453.1 1609018004995","v":0}
{"name":"log","hostname":"A88X","pid":315162,"level":30,"time":"2020-12-27T03:44:43.420Z","msg":"Queued 0 total attachment downloads for message +[REDACTED]453.1 1609018004995","v":0}
{"name":"log","hostname":"A88X","pid":315162,"level":30,"time":"2020-12-27T03:44:43.427Z","msg":"loadSession {\"encodedAddress\":\"[REDACTED]265.1\",\"id\":\"[REDACTED]694.1\"}","v":0}
{"name":"log","hostname":"A88X","pid":315162,"level":30,"time":"2020-12-27T03:44:43.427Z","msg":"storeSession {\"encodedAddress\":\"[REDACTED]265.1\",\"id\":\"[REDACTED]694.1\"}","v":0}
{"name":"log","hostname":"A88X","pid":315162,"level":30,"time":"2020-12-27T03:44:43.428Z","msg":"read receipt +[REDACTED]244 [REDACTED]265 1609019068863 [REDACTED]694 for sent message 1609017976853","v":0}
{"name":"log","hostname":"A88X","pid":315162,"level":30,"time":"2020-12-27T03:44:43.429Z","msg":"read receipt +[REDACTED]244 [REDACTED]265 1609019068863 [REDACTED]694 for sent message 1609018004995","v":0}
{"name":"log","hostname":"A88X","pid":315162,"level":30,"time":"2020-12-27T03:44:43.430Z","msg":"message from [REDACTED]b19.1 1609019343843 (42e4e8fec5f945a1924e0fd22160f96d)","v":0}
{"name":"log","hostname":"A88X","pid":315162,"level":30,"time":"2020-12-27T03:44:43.430Z","msg":"loadSession {\"encodedAddress\":\"[REDACTED]b19.1\",\"id\":\"[REDACTED]9fa.1\"}","v":0}
{"name":"log","hostname":"A88X","pid":315162,"level":30,"time":"2020-12-27T03:44:43.431Z","msg":"SQL channel job 105 (saveMessage) succeeded in 11ms","v":0}
{"name":"log","hostname":"A88X","pid":315162,"level":30,"time":"2020-12-27T03:44:43.437Z","msg":"loadSession {\"encodedAddress\":\"[REDACTED]b19.1\",\"id\":\"[REDACTED]9fa.1\"}","v":0}
{"name":"log","hostname":"A88X","pid":315162,"level":30,"time":"2020-12-27T03:44:43.438Z","msg":"storeSession {\"encodedAddress\":\"[REDACTED]b19.1\",\"id\":\"[REDACTED]9fa.1\"}","v":0}
{"name":"log","hostname":"A88X","pid":315162,"level":30,"time":"2020-12-27T03:44:43.439Z","msg":"contact sync","v":0}
{"name":"log","hostname":"A88X","pid":315162,"level":30,"time":"2020-12-27T03:44:43.441Z","msg":"GET https://cdn2.signal.org/attachments/[REDACTED]xbW","v":0}
{"name":"log","hostname":"A88X","pid":315162,"level":30,"time":"2020-12-27T03:44:43.446Z","msg":"delivery receipt from +[REDACTED]244 [REDACTED]265 1 [REDACTED]694  for sent message 1609019355287","v":0}
{"name":"log","hostname":"A88X","pid":315162,"level":30,"time":"2020-12-27T03:44:43.447Z","msg":"message from [REDACTED]b19.1 1609019355287 (a6ef633cf6a64bda911a42c8b32dadd1)","v":0}
{"name":"log","hostname":"A88X","pid":315162,"level":30,"time":"2020-12-27T03:44:43.447Z","msg":"loadSession {\"encodedAddress\":\"[REDACTED]b19.1\",\"id\":\"[REDACTED]9fa.1\"}","v":0}
{"name":"log","hostname":"A88X","pid":315162,"level":30,"time":"2020-12-27T03:44:43.448Z","msg":"SQL channel job 108 (saveMessage) succeeded in 15ms","v":0}
{"name":"log","hostname":"A88X","pid":315162,"level":30,"time":"2020-12-27T03:44:43.449Z","msg":"got request PUT /api/v1/queue/empty","v":0}
{"name":"log","hostname":"A88X","pid":315162,"level":30,"time":"2020-12-27T03:44:43.451Z","msg":"loadSession {\"encodedAddress\":\"[REDACTED]b19.1\",\"id\":\"[REDACTED]9fa.1\"}","v":0}
{"name":"log","hostname":"A88X","pid":315162,"level":30,"time":"2020-12-27T03:44:43.452Z","msg":"storeSession {\"encodedAddress\":\"[REDACTED]b19.1\",\"id\":\"[REDACTED]9fa.1\"}","v":0}
{"name":"log","hostname":"A88X","pid":315162,"level":30,"time":"2020-12-27T03:44:43.452Z","msg":"sent message to +[REDACTED]244 1609019355287 from [REDACTED]b19.1 1609019355287 (a6ef633cf6a64bda911a42c8b32dadd1)","v":0}
{"name":"log","hostname":"A88X","pid":315162,"level":30,"time":"2020-12-27T03:44:43.453Z","msg":"Starting handleDataMessage for message +[REDACTED]453.1 1609019355287 in conversation [REDACTED]265 ([REDACTED]694)","v":0}
{"name":"log","hostname":"A88X","pid":315162,"level":30,"time":"2020-12-27T03:44:43.453Z","msg":"received unidentified sender message","v":0}
{"name":"log","hostname":"A88X","pid":315162,"level":30,"time":"2020-12-27T03:44:43.454Z","msg":"SQL channel job 109 (saveMessage) succeeded in 20ms","v":0}
{"name":"log","hostname":"A88X","pid":315162,"level":30,"time":"2020-12-27T03:44:43.455Z","msg":"No message for delivery receipt [REDACTED]694 1609019355287","v":0}
{"name":"log","hostname":"A88X","pid":315162,"level":30,"time":"2020-12-27T03:44:43.458Z","msg":"Queueing 0 attachment downloads for message +[REDACTED]453.1 1609019355287","v":0}
{"name":"log","hostname":"A88X","pid":315162,"level":30,"time":"2020-12-27T03:44:43.458Z","msg":"Queueing 0 long message attachment downloads for message +[REDACTED]453.1 1609019355287","v":0}
{"name":"log","hostname":"A88X","pid":315162,"level":30,"time":"2020-12-27T03:44:43.458Z","msg":"Queueing 0 normal attachment downloads for message +[REDACTED]453.1 1609019355287","v":0}
{"name":"log","hostname":"A88X","pid":315162,"level":30,"time":"2020-12-27T03:44:43.458Z","msg":"Queueing 0 preview attachment downloads for message +[REDACTED]453.1 1609019355287","v":0}
{"name":"log","hostname":"A88X","pid":315162,"level":30,"time":"2020-12-27T03:44:43.458Z","msg":"Queueing 0 contact attachment downloads for message +[REDACTED]453.1 1609019355287","v":0}
{"name":"log","hostname":"A88X","pid":315162,"level":30,"time":"2020-12-27T03:44:43.458Z","msg":"Queueing 0 quote attachment downloads for message +[REDACTED]453.1 1609019355287","v":0}
{"name":"log","hostname":"A88X","pid":315162,"level":30,"time":"2020-12-27T03:44:43.458Z","msg":"Queued 0 total attachment downloads for message +[REDACTED]453.1 1609019355287","v":0}
{"name":"log","hostname":"A88X","pid":315162,"level":30,"time":"2020-12-27T03:44:43.463Z","msg":"loadSession {\"encodedAddress\":\"[REDACTED]265.1\",\"id\":\"[REDACTED]694.1\"}","v":0}
{"name":"log","hostname":"A88X","pid":315162,"level":30,"time":"2020-12-27T03:44:43.464Z","msg":"loadSession {\"encodedAddress\":\"[REDACTED]265.1\",\"id\":\"[REDACTED]694.1\"}","v":0}
{"name":"log","hostname":"A88X","pid":315162,"level":30,"time":"2020-12-27T03:44:43.465Z","msg":"storeSession {\"encodedAddress\":\"[REDACTED]265.1\",\"id\":\"[REDACTED]694.1\"}","v":0}
{"name":"log","hostname":"A88X","pid":315162,"level":30,"time":"2020-12-27T03:44:43.465Z","msg":"read receipt +[REDACTED]244 [REDACTED]265 1609019936305 [REDACTED]694 for sent message 1609019355287","v":0}
{"name":"log","hostname":"A88X","pid":315162,"level":30,"time":"2020-12-27T03:44:43.466Z","msg":"message from [REDACTED]b19.1 1609019999678 (43fc49b59afe48d1941490046267deb6)","v":0}
{"name":"log","hostname":"A88X","pid":315162,"level":30,"time":"2020-12-27T03:44:43.466Z","msg":"loadSession {\"encodedAddress\":\"[REDACTED]b19.1\",\"id\":\"[REDACTED]9fa.1\"}","v":0}
{"name":"log","hostname":"A88X","pid":315162,"level":30,"time":"2020-12-27T03:44:43.467Z","msg":"loadSession {\"encodedAddress\":\"[REDACTED]b19.1\",\"id\":\"[REDACTED]9fa.1\"}","v":0}
{"name":"log","hostname":"A88X","pid":315162,"level":30,"time":"2020-12-27T03:44:43.468Z","msg":"storeSession {\"encodedAddress\":\"[REDACTED]b19.1\",\"id\":\"[REDACTED]9fa.1\"}","v":0}
{"name":"log","hostname":"A88X","pid":315162,"level":30,"time":"2020-12-27T03:44:43.468Z","msg":"got fetch latest sync message","v":0}
{"name":"log","hostname":"A88X","pid":315162,"level":30,"time":"2020-12-27T03:44:43.469Z","msg":"onFetchLatestSync: fetching latest manifest","v":0}
{"name":"log","hostname":"A88X","pid":315162,"level":30,"time":"2020-12-27T03:44:43.469Z","msg":"received unidentified sender message","v":0}
{"name":"log","hostname":"A88X","pid":315162,"level":30,"time":"2020-12-27T03:44:43.470Z","msg":"SQL channel job 112 (saveMessage) succeeded in 12ms","v":0}
{"name":"log","hostname":"A88X","pid":315162,"level":30,"time":"2020-12-27T03:44:43.471Z","msg":"incrementProgress: Message count is 10","v":0}
{"name":"log","hostname":"A88X","pid":315162,"level":30,"time":"2020-12-27T03:44:43.485Z","msg":"loadSession {\"encodedAddress\":\"[REDACTED]265.1\",\"id\":\"[REDACTED]694.1\"}","v":0}
{"name":"log","hostname":"A88X","pid":315162,"level":30,"time":"2020-12-27T03:44:43.487Z","msg":"loadSession {\"encodedAddress\":\"[REDACTED]265.1\",\"id\":\"[REDACTED]694.1\"}","v":0}
{"name":"log","hostname":"A88X","pid":315162,"level":30,"time":"2020-12-27T03:44:43.488Z","msg":"storeSession {\"encodedAddress\":\"[REDACTED]265.1\",\"id\":\"[REDACTED]694.1\"}","v":0}
{"name":"log","hostname":"A88X","pid":315162,"level":30,"time":"2020-12-27T03:44:43.488Z","msg":"data message from [REDACTED]265.1 1609019999794 (46bce673a41b404e9ed9208c5a1735d3)","v":0}
{"name":"log","hostname":"A88X","pid":315162,"level":30,"time":"2020-12-27T03:44:43.489Z","msg":"Starting handleDataMessage for message +[REDACTED]244.1 1609019999794 in conversation [REDACTED]265 ([REDACTED]694)","v":0}
{"name":"log","hostname":"A88X","pid":315162,"level":30,"time":"2020-12-27T03:44:43.489Z","msg":"message from [REDACTED]b19.1 1609023642614 (9e199945a3c54757868031dc5cd5672a)","v":0}
{"name":"log","hostname":"A88X","pid":315162,"level":30,"time":"2020-12-27T03:44:43.489Z","msg":"loadSession {\"encodedAddress\":\"[REDACTED]b19.1\",\"id\":\"[REDACTED]9fa.1\"}","v":0}
{"name":"log","hostname":"A88X","pid":315162,"level":30,"time":"2020-12-27T03:44:43.491Z","msg":"SQL channel job 114 (saveMessage) succeeded in 18ms","v":0}
{"name":"log","hostname":"A88X","pid":315162,"level":30,"time":"2020-12-27T03:44:43.502Z","msg":"SQL channel job 115 (getMessageBySender) succeeded in 13ms","v":0}
{"name":"log","hostname":"A88X","pid":315162,"level":30,"time":"2020-12-27T03:44:43.505Z","msg":"Setting sealedSender to UNKNOWN for conversation [REDACTED]265 ([REDACTED]694)","v":0}
{"name":"log","hostname":"A88X","pid":315162,"level":30,"time":"2020-12-27T03:44:43.508Z","msg":"conversation.captureChange: Returning early; desktop.storageWrite2 is falsey","v":0}
{"name":"log","hostname":"A88X","pid":315162,"level":30,"time":"2020-12-27T03:44:43.511Z","msg":"Queueing 0 attachment downloads for message +[REDACTED]244.1 1609019999794","v":0}
{"name":"log","hostname":"A88X","pid":315162,"level":30,"time":"2020-12-27T03:44:43.511Z","msg":"Queueing 0 long message attachment downloads for message +[REDACTED]244.1 1609019999794","v":0}
{"name":"log","hostname":"A88X","pid":315162,"level":30,"time":"2020-12-27T03:44:43.511Z","msg":"Queueing 0 normal attachment downloads for message +[REDACTED]244.1 1609019999794","v":0}
{"name":"log","hostname":"A88X","pid":315162,"level":30,"time":"2020-12-27T03:44:43.511Z","msg":"Queueing 0 preview attachment downloads for message +[REDACTED]244.1 1609019999794","v":0}
{"name":"log","hostname":"A88X","pid":315162,"level":30,"time":"2020-12-27T03:44:43.511Z","msg":"Queueing 0 contact attachment downloads for message +[REDACTED]244.1 1609019999794","v":0}
{"name":"log","hostname":"A88X","pid":315162,"level":30,"time":"2020-12-27T03:44:43.511Z","msg":"Queueing 0 quote attachment downloads for message +[REDACTED]244.1 1609019999794","v":0}
{"name":"log","hostname":"A88X","pid":315162,"level":30,"time":"2020-12-27T03:44:43.511Z","msg":"Queued 0 total attachment downloads for message +[REDACTED]244.1 1609019999794","v":0}
{"name":"log","hostname":"A88X","pid":315162,"level":30,"time":"2020-12-27T03:44:43.515Z","msg":"Generating request...","v":0}
{"name":"log","hostname":"A88X","pid":315162,"level":30,"time":"2020-12-27T03:44:43.523Z","msg":"GET https://textsecure-service.whispersystems.org/v1/profile/[REDACTED]265/[REDACTED]7de/[REDACTED]80a (unauth)","v":0}
{"name":"log","hostname":"A88X","pid":315162,"level":30,"time":"2020-12-27T03:44:43.527Z","msg":"SQL channel job 116 (saveMessage) succeeded in 16ms","v":0}
{"name":"log","hostname":"A88X","pid":315162,"level":30,"time":"2020-12-27T03:44:43.530Z","msg":"loadSession {\"encodedAddress\":\"[REDACTED]b19.1\",\"id\":\"[REDACTED]9fa.1\"}","v":0}
{"name":"log","hostname":"A88X","pid":315162,"level":30,"time":"2020-12-27T03:44:43.530Z","msg":"storeSession {\"encodedAddress\":\"[REDACTED]b19.1\",\"id\":\"[REDACTED]9fa.1\"}","v":0}
{"name":"log","hostname":"A88X","pid":315162,"level":30,"time":"2020-12-27T03:44:43.531Z","msg":"contact sync","v":0}
{"name":"log","hostname":"A88X","pid":315162,"level":30,"time":"2020-12-27T03:44:43.532Z","msg":"GET https://cdn2.signal.org/attachments/[REDACTED]FMV","v":0}
{"name":"log","hostname":"A88X","pid":315162,"level":30,"time":"2020-12-27T03:44:43.533Z","msg":"message from [REDACTED]b19.1 1609023643472 (ec5ba454b90e4b408e81c6a94e4e7bfc)","v":0}
{"name":"log","hostname":"A88X","pid":315162,"level":30,"time":"2020-12-27T03:44:43.533Z","msg":"loadSession {\"encodedAddress\":\"[REDACTED]b19.1\",\"id\":\"[REDACTED]9fa.1\"}","v":0}
{"name":"log","hostname":"A88X","pid":315162,"level":30,"time":"2020-12-27T03:44:43.535Z","msg":"loadSession {\"encodedAddress\":\"[REDACTED]b19.1\",\"id\":\"[REDACTED]9fa.1\"}","v":0}
{"name":"log","hostname":"A88X","pid":315162,"level":30,"time":"2020-12-27T03:44:43.535Z","msg":"storeSession {\"encodedAddress\":\"[REDACTED]b19.1\",\"id\":\"[REDACTED]9fa.1\"}","v":0}
{"name":"log","hostname":"A88X","pid":315162,"level":30,"time":"2020-12-27T03:44:43.535Z","msg":"contact sync","v":0}
{"name":"log","hostname":"A88X","pid":315162,"level":30,"time":"2020-12-27T03:44:43.536Z","msg":"GET https://cdn2.signal.org/attachments/[REDACTED]OIp","v":0}
{"name":"log","hostname":"A88X","pid":315162,"level":30,"time":"2020-12-27T03:44:43.536Z","msg":"message from [REDACTED]b19.1 1609023644536 (09692d8703af43549a11ecddd80f59b2)","v":0}
{"name":"log","hostname":"A88X","pid":315162,"level":30,"time":"2020-12-27T03:44:43.537Z","msg":"loadSession {\"encodedAddress\":\"[REDACTED]b19.1\",\"id\":\"[REDACTED]9fa.1\"}","v":0}
{"name":"log","hostname":"A88X","pid":315162,"level":30,"time":"2020-12-27T03:44:43.538Z","msg":"loadSession {\"encodedAddress\":\"[REDACTED]b19.1\",\"id\":\"[REDACTED]9fa.1\"}","v":0}
{"name":"log","hostname":"A88X","pid":315162,"level":30,"time":"2020-12-27T03:44:43.539Z","msg":"storeSession {\"encodedAddress\":\"[REDACTED]b19.1\",\"id\":\"[REDACTED]9fa.1\"}","v":0}
{"name":"log","hostname":"A88X","pid":315162,"level":30,"time":"2020-12-27T03:44:43.539Z","msg":"contact sync","v":0}
{"name":"log","hostname":"A88X","pid":315162,"level":30,"time":"2020-12-27T03:44:43.539Z","msg":"GET https://cdn2.signal.org/attachments/[REDACTED]_iR","v":0}
{"name":"log","hostname":"A88X","pid":315162,"level":30,"time":"2020-12-27T03:44:43.540Z","msg":"message from [REDACTED]b19.1 1609023644697 (4a1325ce48a64ed1a530a5339d3698e1)","v":0}
{"name":"log","hostname":"A88X","pid":315162,"level":30,"time":"2020-12-27T03:44:43.540Z","msg":"loadSession {\"encodedAddress\":\"[REDACTED]b19.1\",\"id\":\"[REDACTED]9fa.1\"}","v":0}
{"name":"log","hostname":"A88X","pid":315162,"level":30,"time":"2020-12-27T03:44:43.544Z","msg":"loadSession {\"encodedAddress\":\"[REDACTED]b19.1\",\"id\":\"[REDACTED]9fa.1\"}","v":0}
{"name":"log","hostname":"A88X","pid":315162,"level":30,"time":"2020-12-27T03:44:43.544Z","msg":"storeSession {\"encodedAddress\":\"[REDACTED]b19.1\",\"id\":\"[REDACTED]9fa.1\"}","v":0}
{"name":"log","hostname":"A88X","pid":315162,"level":30,"time":"2020-12-27T03:44:43.545Z","msg":"read messages from [REDACTED]b19.1 1609023644697 (4a1325ce48a64ed1a530a5339d3698e1)","v":0}
{"name":"log","hostname":"A88X","pid":315162,"level":30,"time":"2020-12-27T03:44:43.545Z","msg":"read sync +[REDACTED]244 [REDACTED]265 1609023644697 [REDACTED]694 for message 1609019999794","v":0}
{"name":"log","hostname":"A88X","pid":315162,"level":30,"time":"2020-12-27T03:44:43.546Z","msg":"MessageReceiver: finished processing messages after 'empty', now waiting for application","v":0}
{"name":"log","hostname":"A88X","pid":315162,"level":30,"time":"2020-12-27T03:44:43.547Z","msg":"Removing notification","v":0}
{"name":"log","hostname":"A88X","pid":315162,"level":30,"time":"2020-12-27T03:44:43.558Z","msg":"MessageReceiver: emitting 'empty' event","v":0}
{"name":"log","hostname":"A88X","pid":315162,"level":30,"msg":"updater/start: Updates disabled - not starting new version checks","time":"2020-12-27T03:44:45.582Z","v":0}
{"name":"log","hostname":"A88X","pid":315162,"level":30,"time":"2020-12-27T03:44:43.568Z","msg":"SQL channel job 120 (saveMessage) succeeded in 18ms","v":0}
{"name":"log","hostname":"A88X","pid":315162,"level":30,"time":"2020-12-27T03:44:43.578Z","msg":"SQL channel job 121 (updateConversations) succeeded in 17ms","v":0}
{"name":"log","hostname":"A88X","pid":315162,"level":30,"time":"2020-12-27T03:44:43.586Z","msg":"SQL channel job 122 (createOrUpdateSessions) succeeded in 25ms","v":0}
{"name":"log","hostname":"A88X","pid":315162,"level":30,"time":"2020-12-27T03:44:43.595Z","msg":"SQL channel job 123 (updateUnprocessedsWithData) succeeded in 34ms","v":0}
{"name":"log","hostname":"A88X","pid":315162,"level":30,"time":"2020-12-27T03:44:43.603Z","msg":"SQL channel job 124 (removeUnprocessed) succeeded in 42ms","v":0}
{"name":"log","hostname":"A88X","pid":315162,"level":30,"time":"2020-12-27T03:44:43.674Z","msg":"GET https://textsecure-service.whispersystems.org/v1/profile/[REDACTED]265/[REDACTED]7de/[REDACTED]80a 200 Success","v":0}
{"name":"log","hostname":"A88X","pid":315162,"level":30,"time":"2020-12-27T03:44:43.677Z","msg":"Setting sealedSender to ENABLED for conversation [REDACTED]265 ([REDACTED]694)","v":0}
{"name":"log","hostname":"A88X","pid":315162,"level":30,"time":"2020-12-27T03:44:43.759Z","msg":"GET https://cdn2.signal.org/attachments/[REDACTED]xbW 200 Success","v":0}
{"name":"log","hostname":"A88X","pid":315162,"level":30,"time":"2020-12-27T03:44:43.788Z","msg":"handleContacts: finished","v":0}
{"name":"log","hostname":"A88X","pid":315162,"level":30,"time":"2020-12-27T03:44:43.860Z","msg":"GET https://cdn2.signal.org/attachments/[REDACTED]_iR 200 Success","v":0}
{"name":"log","hostname":"A88X","pid":315162,"level":30,"time":"2020-12-27T03:44:43.884Z","msg":"handleContacts: finished","v":0}
{"name":"log","hostname":"A88X","pid":315162,"level":30,"time":"2020-12-27T03:44:43.921Z","msg":"GET https://cdn2.signal.org/attachments/[REDACTED]FMV 200 Success","v":0}
{"name":"log","hostname":"A88X","pid":315162,"level":30,"time":"2020-12-27T03:44:43.938Z","msg":"handleContacts: finished","v":0}
{"name":"log","hostname":"A88X","pid":315162,"level":30,"time":"2020-12-27T03:44:43.940Z","msg":"GET https://cdn2.signal.org/attachments/[REDACTED]OIp 200 Success","v":0}
{"name":"log","hostname":"A88X","pid":315162,"level":30,"time":"2020-12-27T03:44:43.954Z","msg":"handleContacts: finished","v":0}
{"name":"log","hostname":"A88X","pid":315162,"level":30,"time":"2020-12-27T03:44:43.970Z","msg":"storageService.sync: starting...","v":0}
{"name":"log","hostname":"A88X","pid":315162,"level":30,"time":"2020-12-27T03:44:43.970Z","msg":"storageService.fetchManifest","v":0}
{"name":"log","hostname":"A88X","pid":315162,"level":30,"time":"2020-12-27T03:44:43.971Z","msg":"GET https://textsecure-service.whispersystems.org/v1/storage/auth","v":0}
{"name":"log","hostname":"A88X","pid":315162,"level":30,"time":"2020-12-27T03:44:44.000Z","msg":"GET https://textsecure-service.whispersystems.org/v1/storage/auth 200 Success","v":0}
{"name":"log","hostname":"A88X","pid":315162,"level":30,"time":"2020-12-27T03:44:44.001Z","msg":"GET https://storage.signal.org/v1/storage/manifest/version/45","v":0}
{"name":"log","hostname":"A88X","pid":315162,"level":30,"time":"2020-12-27T03:44:44.011Z","msg":"SQL channel job 127 (createOrUpdateItem) succeeded in 11ms","v":0}
{"name":"log","hostname":"A88X","pid":315162,"level":30,"time":"2020-12-27T03:44:44.082Z","msg":"GET https://storage.signal.org/v1/storage/manifest/version/45 200 Success","v":0}
{"name":"log","hostname":"A88X","pid":315162,"level":30,"time":"2020-12-27T03:44:44.083Z","msg":"storageService.sync: manifest versions - previous: 45, current: 47","v":0}
{"name":"log","hostname":"A88X","pid":315162,"level":30,"time":"2020-12-27T03:44:44.086Z","msg":"storageService.processManifest: local keys: 38","v":0}
{"name":"log","hostname":"A88X","pid":315162,"level":30,"time":"2020-12-27T03:44:44.086Z","msg":"storageService.processManifest: incl. unknown records: 0","v":0}
{"name":"log","hostname":"A88X","pid":315162,"level":30,"time":"2020-12-27T03:44:44.086Z","msg":"storageService.processManifest: incl. records with errors: 0","v":0}
{"name":"log","hostname":"A88X","pid":315162,"level":30,"time":"2020-12-27T03:44:44.086Z","msg":"storageService.processManifest: remote keys 8","v":0}
{"name":"log","hostname":"A88X","pid":315162,"level":30,"time":"2020-12-27T03:44:44.087Z","msg":"PUT https://storage.signal.org/v1/storage/read","v":0}
{"name":"log","hostname":"A88X","pid":315162,"level":30,"time":"2020-12-27T03:44:44.132Z","msg":"PUT https://storage.signal.org/v1/storage/read 200 Success","v":0}
{"name":"log","hostname":"A88X","pid":315162,"level":30,"time":"2020-12-27T03:44:44.135Z","msg":"storageService.processManifest: Attempting to merge 1 records","v":0}
{"name":"log","hostname":"A88X","pid":315162,"level":30,"time":"2020-12-27T03:44:44.138Z","msg":"storageService.processManifest: Processed 1 records","v":0}
{"name":"log","hostname":"A88X","pid":315162,"level":30,"time":"2020-12-27T03:44:44.138Z","msg":"storageService.processManifest: Unknown records found: 0","v":0}
{"name":"log","hostname":"A88X","pid":315162,"level":30,"time":"2020-12-27T03:44:44.138Z","msg":"storageService.processManifest: Records with errors: 0","v":0}
{"name":"log","hostname":"A88X","pid":315162,"level":30,"time":"2020-12-27T03:44:44.138Z","msg":"storageService.sync: complete","v":0}
{"name":"log","hostname":"A88X","pid":315162,"level":30,"time":"2020-12-27T03:44:44.153Z","msg":"SQL channel job 130 (createOrUpdateItem) succeeded in 15ms","v":0}
{"name":"log","hostname":"A88X","pid":315162,"level":30,"time":"2020-12-27T03:44:44.160Z","msg":"SQL channel job 131 (createOrUpdateItem) succeeded in 22ms","v":0}
{"name":"log","hostname":"A88X","pid":315162,"level":30,"time":"2020-12-27T03:44:44.582Z","msg":"SQL channel job 134 (createOrUpdateItem) succeeded in 11ms","v":0}
{"name":"log","hostname":"A88X","pid":315162,"level":30,"time":"2020-12-27T03:44:45.074Z","msg":"queueing envelope [REDACTED]b19.1 1609040665661 (259f4c424a264530a00bc6c4160cc11a)","v":0}
{"name":"log","hostname":"A88X","pid":315162,"level":30,"time":"2020-12-27T03:44:45.074Z","msg":"message from [REDACTED]b19.1 1609040665661 (259f4c424a264530a00bc6c4160cc11a)","v":0}
{"name":"log","hostname":"A88X","pid":315162,"level":30,"time":"2020-12-27T03:44:45.074Z","msg":"loadSession {\"encodedAddress\":\"[REDACTED]b19.1\",\"id\":\"[REDACTED]9fa.1\"}","v":0}
{"name":"log","hostname":"A88X","pid":315162,"level":30,"time":"2020-12-27T03:44:45.075Z","msg":"New remote ephemeral key","v":0}
{"name":"log","hostname":"A88X","pid":315162,"level":30,"time":"2020-12-27T03:44:45.080Z","msg":"loadSession {\"encodedAddress\":\"[REDACTED]b19.1\",\"id\":\"[REDACTED]9fa.1\"}","v":0}
{"name":"log","hostname":"A88X","pid":315162,"level":30,"time":"2020-12-27T03:44:45.081Z","msg":"storeSession {\"encodedAddress\":\"[REDACTED]b19.1\",\"id\":\"[REDACTED]9fa.1\"}","v":0}
{"name":"log","hostname":"A88X","pid":315162,"level":30,"time":"2020-12-27T03:44:45.081Z","msg":"got keys sync message","v":0}
{"name":"log","hostname":"A88X","pid":315162,"level":30,"time":"2020-12-27T03:44:45.579Z","msg":"onEmpty: All outstanding database requests complete","v":0}
{"name":"log","hostname":"A88X","pid":315162,"level":30,"time":"2020-12-27T03:44:45.579Z","msg":"Next signed key rotation scheduled for 2020-12-28T01:27:05.213Z","v":0}
{"name":"log","hostname":"A88X","pid":315162,"level":30,"time":"2020-12-27T03:44:45.579Z","msg":"refreshSenderCertificate: Getting new certificate...","v":0}
{"name":"log","hostname":"A88X","pid":315162,"level":30,"time":"2020-12-27T03:44:45.580Z","msg":"GET https://textsecure-service.whispersystems.org/v1/certificate/delivery?includeUuid=true","v":0}
{"name":"log","hostname":"A88X","pid":315162,"level":30,"time":"2020-12-27T03:44:45.580Z","msg":"GET https://textsecure-service.whispersystems.org/v1/certificate/delivery?includeUuid=true&includeE164=false","v":0}
{"name":"log","hostname":"A88X","pid":315162,"level":30,"time":"2020-12-27T03:44:45.596Z","msg":"SQL channel job 137 (createOrUpdateSessions) succeeded in 11ms","v":0}
{"name":"log","hostname":"A88X","pid":315162,"level":30,"time":"2020-12-27T03:44:45.597Z","msg":"got verified sync for +[REDACTED]521 [REDACTED]762 DEFAULT via contact sync","v":0}
{"name":"log","hostname":"A88X","pid":315162,"level":30,"time":"2020-12-27T03:44:45.600Z","msg":"incrementProgress: Message count is 20","v":0}
{"name":"log","hostname":"A88X","pid":315162,"level":30,"time":"2020-12-27T03:44:45.603Z","msg":"SQL channel job 138 (updateUnprocessedsWithData) succeeded in 19ms","v":0}
{"name":"log","hostname":"A88X","pid":315162,"level":30,"time":"2020-12-27T03:44:45.607Z","msg":"got verified sync for +[REDACTED]997 [REDACTED]67e DEFAULT via contact sync","v":0}
{"name":"log","hostname":"A88X","pid":315162,"level":30,"time":"2020-12-27T03:44:45.616Z","msg":"GET https://textsecure-service.whispersystems.org/v1/certificate/delivery?includeUuid=true 200 Success","v":0}
{"name":"log","hostname":"A88X","pid":315162,"level":30,"time":"2020-12-27T03:44:45.617Z","msg":"GET https://textsecure-service.whispersystems.org/v1/certificate/delivery?includeUuid=true&includeE164=false 200 Success","v":0}
{"name":"log","hostname":"A88X","pid":315162,"level":30,"time":"2020-12-27T03:44:45.622Z","msg":"got verified sync for +[REDACTED]710 [REDACTED]5e7 DEFAULT via contact sync","v":0}
{"name":"log","hostname":"A88X","pid":315162,"level":30,"time":"2020-12-27T03:44:45.628Z","msg":"got verified sync for +[REDACTED]527 [REDACTED]211 DEFAULT via contact sync","v":0}
{"name":"log","hostname":"A88X","pid":315162,"level":30,"time":"2020-12-27T03:44:45.628Z","msg":"incrementProgress: Message count is 30","v":0}
{"name":"log","hostname":"A88X","pid":315162,"level":30,"time":"2020-12-27T03:44:45.630Z","msg":"SQL channel job 139 (createOrUpdateItem) succeeded in 12ms","v":0}
{"name":"log","hostname":"A88X","pid":315162,"level":30,"time":"2020-12-27T03:44:45.635Z","msg":"SQL channel job 140 (createOrUpdateItem) succeeded in 17ms","v":0}
{"name":"log","hostname":"A88X","pid":315162,"level":30,"time":"2020-12-27T03:44:45.635Z","msg":"Next sender certificate refresh scheduled for 2020-12-28T03:44:45.635Z","v":0}
{"name":"log","hostname":"A88X","pid":315162,"level":30,"time":"2020-12-27T03:44:45.635Z","msg":"refreshOurProfile","v":0}
{"name":"log","hostname":"A88X","pid":315162,"level":30,"time":"2020-12-27T03:44:45.636Z","msg":"GET https://textsecure-service.whispersystems.org/v1/profile/[REDACTED]b19/[REDACTED]72b (unauth)","v":0}
{"name":"log","hostname":"A88X","pid":315162,"level":30,"time":"2020-12-27T03:44:45.647Z","msg":"Dropping profileKey, setting sealedSender to UNKNOWN for conversation [REDACTED]265 ([REDACTED]694)","v":0}
{"name":"log","hostname":"A88X","pid":315162,"level":30,"time":"2020-12-27T03:44:45.649Z","msg":"GET https://textsecure-service.whispersystems.org/v1/profile/[REDACTED]265 (unauth)","v":0}
{"name":"log","hostname":"A88X","pid":315162,"level":30,"time":"2020-12-27T03:44:45.650Z","msg":"SQL channel job 141 (updateConversations) succeeded in 26ms","v":0}
{"name":"log","hostname":"A88X","pid":315162,"level":30,"time":"2020-12-27T03:44:45.652Z","msg":"got verified sync for +[REDACTED]244 [REDACTED]265 DEFAULT via contact sync","v":0}
{"name":"log","hostname":"A88X","pid":315162,"level":30,"time":"2020-12-27T03:44:45.656Z","msg":"incrementProgress: Message count is 40","v":0}
{"name":"log","hostname":"A88X","pid":315162,"level":30,"time":"2020-12-27T03:44:45.659Z","msg":"got verified sync for +[REDACTED]607 [REDACTED]970 DEFAULT via contact sync","v":0}
{"name":"log","hostname":"A88X","pid":315162,"level":30,"time":"2020-12-27T03:44:45.665Z","msg":"got verified sync for +[REDACTED]972 [REDACTED]2b2 DEFAULT via contact sync","v":0}
{"name":"log","hostname":"A88X","pid":315162,"level":30,"time":"2020-12-27T03:44:45.665Z","msg":"Got sync message with our own profile key","v":0}
{"name":"log","hostname":"A88X","pid":315162,"level":30,"time":"2020-12-27T03:44:45.674Z","msg":"GET https://textsecure-service.whispersystems.org/v1/profile/[REDACTED]b19/[REDACTED]72b 200 Success","v":0}
{"name":"log","hostname":"A88X","pid":315162,"level":30,"time":"2020-12-27T03:44:45.674Z","msg":"Setting sealedSender to UNRESTRICTED for conversation [REDACTED]b19 ([REDACTED]9fa)","v":0}
{"name":"log","hostname":"A88X","pid":315162,"level":30,"time":"2020-12-27T03:44:45.675Z","msg":"incrementProgress: Message count is 50","v":0}
{"name":"log","hostname":"A88X","pid":315162,"level":30,"time":"2020-12-27T03:44:45.682Z","msg":"SQL channel job 142 (updateConversations) succeeded in 18ms","v":0}
{"name":"log","hostname":"A88X","pid":315162,"level":30,"time":"2020-12-27T03:44:45.687Z","msg":"GET https://cdn.signal.org/[REDACTED]kdw","v":0}
{"name":"log","hostname":"A88X","pid":315162,"level":30,"time":"2020-12-27T03:44:45.688Z","msg":"SQL channel job 143 (createOrUpdateItem) succeeded in 22ms","v":0}
{"name":"log","hostname":"A88X","pid":315162,"level":30,"time":"2020-12-27T03:44:45.690Z","msg":"got verified sync for +[REDACTED]521 [REDACTED]762 DEFAULT via contact sync","v":0}
{"name":"log","hostname":"A88X","pid":315162,"level":30,"time":"2020-12-27T03:44:45.699Z","msg":"got verified sync for +[REDACTED]997 [REDACTED]67e DEFAULT via contact sync","v":0}
{"name":"log","hostname":"A88X","pid":315162,"level":30,"time":"2020-12-27T03:44:45.702Z","msg":"incrementProgress: Message count is 60","v":0}
{"name":"log","hostname":"A88X","pid":315162,"level":30,"time":"2020-12-27T03:44:45.706Z","msg":"got verified sync for +[REDACTED]710 [REDACTED]5e7 DEFAULT via contact sync","v":0}
{"name":"log","hostname":"A88X","pid":315162,"level":30,"time":"2020-12-27T03:44:45.709Z","msg":"got verified sync for +[REDACTED]527 [REDACTED]211 DEFAULT via contact sync","v":0}
{"name":"log","hostname":"A88X","pid":315162,"level":30,"time":"2020-12-27T03:44:45.725Z","msg":"SQL channel job 145 (updateConversations) succeeded in 19ms","v":0}
{"name":"log","hostname":"A88X","pid":315162,"level":30,"time":"2020-12-27T03:44:45.725Z","msg":"incrementProgress: Message count is 70","v":0}
{"name":"log","hostname":"A88X","pid":315162,"level":30,"time":"2020-12-27T03:44:45.727Z","msg":"Setting sealedSender to UNKNOWN for conversation [REDACTED]265 ([REDACTED]694)","v":0}
{"name":"log","hostname":"A88X","pid":315162,"level":30,"time":"2020-12-27T03:44:45.731Z","msg":"Generating request...","v":0}
{"name":"log","hostname":"A88X","pid":315162,"level":30,"time":"2020-12-27T03:44:45.736Z","msg":"GET https://textsecure-service.whispersystems.org/v1/profile/[REDACTED]265/[REDACTED]7de/[REDACTED]d0f (unauth)","v":0}
{"name":"log","hostname":"A88X","pid":315162,"level":30,"time":"2020-12-27T03:44:45.738Z","msg":"got verified sync for +[REDACTED]244 [REDACTED]265 DEFAULT via contact sync","v":0}
{"name":"log","hostname":"A88X","pid":315162,"level":30,"time":"2020-12-27T03:44:45.742Z","msg":"got verified sync for +[REDACTED]607 [REDACTED]970 DEFAULT via contact sync","v":0}
{"name":"log","hostname":"A88X","pid":315162,"level":30,"time":"2020-12-27T03:44:45.749Z","msg":"got verified sync for +[REDACTED]972 [REDACTED]2b2 DEFAULT via contact sync","v":0}
{"name":"log","hostname":"A88X","pid":315162,"level":30,"time":"2020-12-27T03:44:45.749Z","msg":"incrementProgress: Message count is 80","v":0}
{"name":"log","hostname":"A88X","pid":315162,"level":30,"time":"2020-12-27T03:44:45.749Z","msg":"Got sync message with our own profile key","v":0}
{"name":"log","hostname":"A88X","pid":315162,"level":30,"time":"2020-12-27T03:44:45.760Z","msg":"SQL channel job 146 (updateConversations) succeeded in 15ms","v":0}
{"name":"log","hostname":"A88X","pid":315162,"level":30,"time":"2020-12-27T03:44:45.764Z","msg":"got verified sync for +[REDACTED]521 [REDACTED]762 DEFAULT via contact sync","v":0}
{"name":"log","hostname":"A88X","pid":315162,"level":30,"time":"2020-12-27T03:44:45.766Z","msg":"SQL channel job 147 (createOrUpdateItem) succeeded in 16ms","v":0}
{"name":"log","hostname":"A88X","pid":315162,"level":30,"time":"2020-12-27T03:44:45.767Z","msg":"incrementProgress: Message count is 90","v":0}
{"name":"log","hostname":"A88X","pid":315162,"level":30,"time":"2020-12-27T03:44:45.770Z","msg":"got verified sync for +[REDACTED]997 [REDACTED]67e DEFAULT via contact sync","v":0}
{"name":"log","hostname":"A88X","pid":315162,"level":30,"time":"2020-12-27T03:44:45.780Z","msg":"GET https://textsecure-service.whispersystems.org/v1/profile/[REDACTED]265/[REDACTED]7de/[REDACTED]d0f 200 Success","v":0}
{"name":"log","hostname":"A88X","pid":315162,"level":30,"time":"2020-12-27T03:44:45.787Z","msg":"got verified sync for +[REDACTED]710 [REDACTED]5e7 DEFAULT via contact sync","v":0}
{"name":"log","hostname":"A88X","pid":315162,"level":30,"time":"2020-12-27T03:44:45.788Z","msg":"GET https://textsecure-service.whispersystems.org/v1/profile/[REDACTED]265 401 Error","v":0}
{"name":"log","hostname":"A88X","pid":315162,"level":30,"time":"2020-12-27T03:44:45.789Z","msg":"Setting sealedSender to DISABLED for conversation [REDACTED]265 ([REDACTED]694)","v":0}
{"name":"log","hostname":"A88X","pid":315162,"level":30,"time":"2020-12-27T03:44:45.790Z","msg":"GET https://textsecure-service.whispersystems.org/v1/profile/[REDACTED]265","v":0}
{"name":"log","hostname":"A88X","pid":315162,"level":30,"time":"2020-12-27T03:44:45.796Z","msg":"Setting sealedSender to ENABLED for conversation [REDACTED]265 ([REDACTED]694)","v":0}
{"name":"log","hostname":"A88X","pid":315162,"level":30,"time":"2020-12-27T03:44:45.802Z","msg":"got verified sync for +[REDACTED]527 [REDACTED]211 DEFAULT via contact sync","v":0}
{"name":"log","hostname":"A88X","pid":315162,"level":30,"time":"2020-12-27T03:44:45.804Z","msg":"SQL channel job 148 (updateConversations) succeeded in 28ms","v":0}
{"name":"log","hostname":"A88X","pid":315162,"level":30,"time":"2020-12-27T03:44:45.806Z","msg":"incrementProgress: Message count is 100","v":0}
{"name":"log","hostname":"A88X","pid":315162,"level":30,"time":"2020-12-27T03:44:45.816Z","msg":"got verified sync for +[REDACTED]244 [REDACTED]265 DEFAULT via contact sync","v":0}
{"name":"log","hostname":"A88X","pid":315162,"level":30,"time":"2020-12-27T03:44:45.818Z","msg":"got verified sync for +[REDACTED]607 [REDACTED]970 DEFAULT via contact sync","v":0}
{"name":"log","hostname":"A88X","pid":315162,"level":30,"time":"2020-12-27T03:44:45.819Z","msg":"incrementProgress: Message count is 110","v":0}
{"name":"log","hostname":"A88X","pid":315162,"level":30,"time":"2020-12-27T03:44:45.822Z","msg":"got verified sync for +[REDACTED]972 [REDACTED]2b2 DEFAULT via contact sync","v":0}
{"name":"log","hostname":"A88X","pid":315162,"level":30,"time":"2020-12-27T03:44:45.822Z","msg":"Got sync message with our own profile key","v":0}
{"name":"log","hostname":"A88X","pid":315162,"level":30,"time":"2020-12-27T03:44:45.830Z","msg":"SQL channel job 149 (updateConversations) succeeded in 11ms","v":0}
{"name":"log","hostname":"A88X","pid":315162,"level":30,"time":"2020-12-27T03:44:45.831Z","msg":"got verified sync for +[REDACTED]521 [REDACTED]762 DEFAULT via contact sync","v":0}
{"name":"log","hostname":"A88X","pid":315162,"level":30,"time":"2020-12-27T03:44:45.831Z","msg":"incrementProgress: Message count is 120","v":0}
{"name":"log","hostname":"A88X","pid":315162,"level":30,"time":"2020-12-27T03:44:45.836Z","msg":"GET https://textsecure-service.whispersystems.org/v1/profile/[REDACTED]265 200 Success","v":0}
{"name":"log","hostname":"A88X","pid":315162,"level":30,"time":"2020-12-27T03:44:45.838Z","msg":"Setting sealedSender to ENABLED for conversation [REDACTED]265 ([REDACTED]694)","v":0}
{"name":"log","hostname":"A88X","pid":315162,"level":30,"time":"2020-12-27T03:44:45.838Z","msg":"SQL channel job 150 (createOrUpdateItem) succeeded in 16ms","v":0}
{"name":"log","hostname":"A88X","pid":315162,"level":30,"time":"2020-12-27T03:44:45.839Z","msg":"got verified sync for +[REDACTED]997 [REDACTED]67e DEFAULT via contact sync","v":0}
{"name":"log","hostname":"A88X","pid":315162,"level":30,"time":"2020-12-27T03:44:45.842Z","msg":"incrementProgress: Message count is 130","v":0}
{"name":"log","hostname":"A88X","pid":315162,"level":30,"time":"2020-12-27T03:44:45.850Z","msg":"got verified sync for +[REDACTED]710 [REDACTED]5e7 DEFAULT via contact sync","v":0}
{"name":"log","hostname":"A88X","pid":315162,"level":30,"time":"2020-12-27T03:44:45.852Z","msg":"got verified sync for +[REDACTED]527 [REDACTED]211 DEFAULT via contact sync","v":0}
{"name":"log","hostname":"A88X","pid":315162,"level":30,"time":"2020-12-27T03:44:45.854Z","msg":"SQL channel job 151 (updateConversations) succeeded in 14ms","v":0}
{"name":"log","hostname":"A88X","pid":315162,"level":30,"time":"2020-12-27T03:44:45.857Z","msg":"got verified sync for +[REDACTED]244 [REDACTED]265 DEFAULT via contact sync","v":0}
{"name":"log","hostname":"A88X","pid":315162,"level":30,"time":"2020-12-27T03:44:45.858Z","msg":"incrementProgress: Message count is 140","v":0}
{"name":"log","hostname":"A88X","pid":315162,"level":30,"time":"2020-12-27T03:44:45.861Z","msg":"got verified sync for +[REDACTED]607 [REDACTED]970 DEFAULT via contact sync","v":0}
{"name":"log","hostname":"A88X","pid":315162,"level":30,"time":"2020-12-27T03:44:45.864Z","msg":"got verified sync for +[REDACTED]972 [REDACTED]2b2 DEFAULT via contact sync","v":0}
{"name":"log","hostname":"A88X","pid":315162,"level":30,"time":"2020-12-27T03:44:45.864Z","msg":"Got sync message with our own profile key","v":0}
{"name":"log","hostname":"A88X","pid":315162,"level":30,"time":"2020-12-27T03:44:45.865Z","msg":"onKeysSync: received keys","v":0}
{"name":"log","hostname":"A88X","pid":315162,"level":30,"time":"2020-12-27T03:44:45.865Z","msg":"incrementProgress: Message count is 150","v":0}
{"name":"log","hostname":"A88X","pid":315162,"level":30,"time":"2020-12-27T03:44:45.871Z","msg":"SQL channel job 152 (updateConversations) succeeded in 11ms","v":0}
{"name":"log","hostname":"A88X","pid":315162,"level":30,"time":"2020-12-27T03:44:45.877Z","msg":"SQL channel job 153 (createOrUpdateItem) succeeded in 13ms","v":0}
{"name":"log","hostname":"A88X","pid":315162,"level":30,"time":"2020-12-27T03:44:45.883Z","msg":"SQL channel job 154 (createOrUpdateItem) succeeded in 18ms","v":0}
{"name":"log","hostname":"A88X","pid":315162,"level":30,"time":"2020-12-27T03:44:46.054Z","msg":"GET https://cdn.signal.org/[REDACTED]kdw 200 Success","v":0}
{"name":"log","hostname":"A88X","pid":315162,"level":30,"time":"2020-12-27T03:44:46.132Z","msg":"loadSession {\"encodedAddress\":\"[REDACTED]694.1\",\"id\":\"[REDACTED]694.1\"}","v":0}
{"name":"log","hostname":"A88X","pid":315162,"level":30,"time":"2020-12-27T03:44:46.132Z","msg":"loadSession {\"encodedAddress\":\"[REDACTED]694.2\",\"id\":\"[REDACTED]694.2\"}","v":0}
{"name":"log","hostname":"A88X","pid":315162,"level":30,"time":"2020-12-27T03:44:46.132Z","msg":"loadSession {\"encodedAddress\":\"[REDACTED]265.1\",\"id\":\"[REDACTED]694.1\"}","v":0}
{"name":"log","hostname":"A88X","pid":315162,"level":30,"time":"2020-12-27T03:44:46.132Z","msg":"loadSession {\"encodedAddress\":\"[REDACTED]265.2\",\"id\":\"[REDACTED]694.2\"}","v":0}
{"name":"log","hostname":"A88X","pid":315162,"level":30,"time":"2020-12-27T03:44:46.132Z","msg":"loadSession {\"encodedAddress\":\"[REDACTED]694.1\",\"id\":\"[REDACTED]694.1\"}","v":0}
{"name":"log","hostname":"A88X","pid":315162,"level":30,"time":"2020-12-27T03:44:46.132Z","msg":"loadSession {\"encodedAddress\":\"[REDACTED]694.2\",\"id\":\"[REDACTED]694.2\"}","v":0}
{"name":"log","hostname":"A88X","pid":315162,"level":30,"time":"2020-12-27T03:44:46.134Z","msg":"loadSession {\"encodedAddress\":\"[REDACTED]265.1\",\"id\":\"[REDACTED]694.1\"}","v":0}
{"name":"log","hostname":"A88X","pid":315162,"level":30,"time":"2020-12-27T03:44:46.134Z","msg":"loadSession {\"encodedAddress\":\"[REDACTED]265.2\",\"id\":\"[REDACTED]694.2\"}","v":0}
{"name":"log","hostname":"A88X","pid":315162,"level":30,"time":"2020-12-27T03:44:46.227Z","msg":"storeSession {\"encodedAddress\":\"[REDACTED]265.1\",\"id\":\"[REDACTED]694.1\"}","v":0}
{"name":"log","hostname":"A88X","pid":315162,"level":30,"time":"2020-12-27T03:44:46.229Z","msg":"storeSession {\"encodedAddress\":\"[REDACTED]265.2\",\"id\":\"[REDACTED]694.2\"}","v":0}
{"name":"log","hostname":"A88X","pid":315162,"level":30,"time":"2020-12-27T03:44:46.254Z","msg":"loadSession {\"encodedAddress\":\"[REDACTED]265.1\",\"id\":\"[REDACTED]694.1\"}","v":0}
{"name":"log","hostname":"A88X","pid":315162,"level":30,"time":"2020-12-27T03:44:46.254Z","msg":"loadSession {\"encodedAddress\":\"[REDACTED]265.2\",\"id\":\"[REDACTED]694.2\"}","v":0}
{"name":"log","hostname":"A88X","pid":315162,"level":30,"time":"2020-12-27T03:44:46.255Z","msg":"PUT https://textsecure-service.whispersystems.org/v1/messages/[REDACTED]265 (unauth)","v":0}
{"name":"log","hostname":"A88X","pid":315162,"level":30,"time":"2020-12-27T03:44:46.283Z","msg":"PUT https://textsecure-service.whispersystems.org/v1/messages/[REDACTED]265 200 Success","v":0}
{"name":"log","hostname":"A88X","pid":315162,"level":30,"time":"2020-12-27T03:44:46.366Z","msg":"storageService.sync: starting...","v":0}
{"name":"log","hostname":"A88X","pid":315162,"level":30,"time":"2020-12-27T03:44:46.366Z","msg":"storageService.fetchManifest","v":0}
{"name":"log","hostname":"A88X","pid":315162,"level":30,"time":"2020-12-27T03:44:46.366Z","msg":"GET https://textsecure-service.whispersystems.org/v1/storage/auth","v":0}
{"name":"log","hostname":"A88X","pid":315162,"level":30,"time":"2020-12-27T03:44:46.393Z","msg":"GET https://textsecure-service.whispersystems.org/v1/storage/auth 200 Success","v":0}
{"name":"log","hostname":"A88X","pid":315162,"level":30,"time":"2020-12-27T03:44:46.394Z","msg":"GET https://storage.signal.org/v1/storage/manifest/version/47","v":0}
{"name":"log","hostname":"A88X","pid":315162,"level":30,"time":"2020-12-27T03:44:46.436Z","msg":"GET https://storage.signal.org/v1/storage/manifest/version/47 204 Success","v":0}
{"name":"log","hostname":"A88X","pid":315162,"level":30,"time":"2020-12-27T03:44:46.436Z","msg":"storageService.fetchManifest: nothing changed","v":0}
{"name":"log","hostname":"A88X","pid":315162,"level":30,"time":"2020-12-27T03:44:46.436Z","msg":"storageService.sync: no new manifest","v":0}
{"name":"log","hostname":"A88X","pid":315162,"level":30,"msg":"Updating BrowserWindow config: {\"maximized\":false,\"autoHideMenuBar\":false,\"fullscreen\":false,\"width\":680,\"height\":1027,\"x\":1218,\"y\":61}","time":"2020-12-27T03:44:47.361Z","v":0}
{"name":"log","hostname":"A88X","pid":315162,"level":30,"msg":"config/set: Saving ephemeral config to disk","time":"2020-12-27T03:44:47.361Z","v":0}
{"name":"log","hostname":"A88X","pid":315162,"level":30,"time":"2020-12-27T03:44:47.794Z","msg":"Removing notification","v":0}
{"name":"log","hostname":"A88X","pid":315162,"level":30,"time":"2020-12-27T03:44:48.047Z","msg":"Upgrade message schema (with index): {\"done\":true,\"numProcessed\":0,\"fetchDuration\":2,\"upgradeDuration\":0,\"saveDuration\":0,\"totalDuration\":2}","v":0}
{"name":"log","hostname":"A88X","pid":315162,"level":30,"time":"2020-12-27T03:44:48.047Z","msg":"Background migration complete. Stopping idle detector.","v":0}
{"name":"log","hostname":"A88X","pid":315162,"level":30,"time":"2020-12-27T03:44:48.047Z","msg":"Stop idle detector","v":0}
{"name":"log","hostname":"A88X","pid":315162,"level":30,"time":"2020-12-27T03:45:39.864Z","msg":"Sending a keepalive message","v":0}
{"name":"log","hostname":"A88X","pid":315162,"level":30,"time":"2020-12-27T03:46:34.898Z","msg":"Sending a keepalive message","v":0}
{"name":"log","hostname":"A88X","pid":315162,"level":30,"time":"2020-12-27T03:46:45.075Z","msg":"getAllFromCache","v":0}
{"name":"log","hostname":"A88X","pid":315162,"level":30,"time":"2020-12-27T03:46:45.078Z","msg":"getAllFromCache loaded 0 saved envelopes","v":0}
{"name":"log","hostname":"A88X","pid":315162,"level":30,"time":"2020-12-27T03:47:29.930Z","msg":"Sending a keepalive message","v":0}
{"name":"log","hostname":"A88X","pid":315162,"level":30,"time":"2020-12-27T03:48:24.954Z","msg":"Sending a keepalive message","v":0}
{"name":"log","hostname":"A88X","pid":315162,"level":30,"time":"2020-12-27T03:49:19.978Z","msg":"Sending a keepalive message","v":0}
{"name":"log","hostname":"A88X","pid":315162,"level":30,"time":"2020-12-27T03:50:15.003Z","msg":"Sending a keepalive message","v":0}
{"name":"log","hostname":"A88X","pid":315162,"level":30,"time":"2020-12-27T03:51:10.027Z","msg":"Sending a keepalive message","v":0}
{"name":"log","hostname":"A88X","pid":315162,"level":30,"time":"2020-12-27T03:52:05.064Z","msg":"Sending a keepalive message","v":0}
{"name":"log","hostname":"A88X","pid":315162,"level":30,"time":"2020-12-27T03:53:00.088Z","msg":"Sending a keepalive message","v":0}
{"name":"log","hostname":"A88X","pid":315162,"level":30,"time":"2020-12-27T03:53:55.121Z","msg":"Sending a keepalive message","v":0}
{"name":"log","hostname":"A88X","pid":315162,"level":30,"time":"2020-12-27T03:54:50.146Z","msg":"Sending a keepalive message","v":0}
{"name":"log","hostname":"A88X","pid":315162,"level":30,"time":"2020-12-27T03:55:45.181Z","msg":"Sending a keepalive message","v":0}
{"name":"log","hostname":"A88X","pid":315162,"level":30,"time":"2020-12-27T03:56:40.208Z","msg":"Sending a keepalive message","v":0}
{"name":"log","hostname":"A88X","pid":315162,"level":30,"time":"2020-12-27T03:57:35.260Z","msg":"Sending a keepalive message","v":0}
{"name":"log","hostname":"A88X","pid":315162,"level":30,"time":"2020-12-27T03:58:30.284Z","msg":"Sending a keepalive message","v":0}
{"name":"log","hostname":"A88X","pid":315162,"level":30,"time":"2020-12-27T03:59:25.310Z","msg":"Sending a keepalive message","v":0}
{"name":"log","hostname":"A88X","pid":315162,"level":30,"time":"2020-12-27T04:00:20.344Z","msg":"Sending a keepalive message","v":0}
{"name":"log","hostname":"A88X","pid":315162,"level":30,"time":"2020-12-27T04:01:15.378Z","msg":"Sending a keepalive message","v":0}
{"name":"log","hostname":"A88X","pid":315162,"level":30,"msg":"before-quit event {\"shouldQuit\":false}","time":"2020-12-27T04:01:25.839Z","v":0}
{"name":"log","hostname":"A88X","pid":315162,"level":30,"msg":"close event {\"shouldQuit\":true}","time":"2020-12-27T04:01:25.840Z","v":0}
{"name":"log","hostname":"A88X","pid":315162,"level":30,"msg":"requestShutdown: Requesting close of mainWindow...","time":"2020-12-27T04:01:25.847Z","v":0}
