I 2019-11-17 23:17:49.837880 [Main] {2b} Battle.net Setup 1.16.3.2988 started. 
I 2019-11-17 23:17:49.837920 [Main] {2b} Running from: Z:\home\austin\download\Battle.net-Setup.exe
I 2019-11-17 23:17:49.837951 [Main] {2b} Configuration: locale=enUS uid=battle.net
I 2019-11-17 23:17:49.838055 [Main] {2b} Running as admin
I 2019-11-17 23:17:49.838206 [Main] {2b} Embedded data found in binary: eyJzZXNzaW9uIjoiIiwiZXhwaXJlc19hdCI6IjE1NzQwNDcwMjI0MTciLCJjbGllbnRfaWQiOiIiLCJ1c2VyX2FnZW50X292ZXJyaWRlIjoiTW96aWxsYSUyRjUuMCslMjhYMTElM0IrTGludXgreDg2XzY0JTI5K0FwcGxlV2ViS2l0JTJGNTM3LjM2KyUyOEtIVE1MJTJDK2xpa2UrR2Vja28lMjkrQ2hyb21lJTJGNzguMC4zOTA0Ljk3K1NhZmFyaSUyRjUzNy4zNiJ9
I 2019-11-17 23:17:49.838268 [Main] {2b} Session hash generated. hash=9925363823543928067
D 2019-11-17 23:17:49.838551 [Analytics] {2b} Analytics request sent. type=BNET.BI.SessionGenerate
D 2019-11-17 23:17:49.838770 [Analytics] {2b} Analytics request sent. type=BNET.BI.BootstrapperSession
D 2019-11-17 23:17:49.838803 [Main] {2b} Entering main loop.
I 2019-11-17 23:17:49.838834 [Main] {2b} Bootstrapper State: STATE_CHECK_ENVIRONMENT
I 2019-11-17 23:17:49.841483 [Main] {9} UI State changed to: UISTATE_RUNNING_BOOTSTRAP
D 2019-11-17 23:17:49.842814 [Main] {2b} Checking permissions on path: C:\ProgramData\Battle.net depth=-1
I 2019-11-17 23:17:49.845841 [Main] {9} Active screen changed: bootstrap
D 2019-11-17 23:17:49.846797 [Main] {2b} Elevation is unnecessary. The current user is an administrator.
I 2019-11-17 23:17:49.846822 [Main] {2b} Bootstrapper State: STATE_UPDATE_BOOTSTRAPPER
D 2019-11-17 23:17:49.846860 [Main] {2b} Checking for bootstrapper updates.
I 2019-11-17 23:17:49.846876 [Main] {2b} Progress zone changed to: ZONE_REPLACESETUP
I 2019-11-17 23:17:49.846890 [TactProduct] {2b} Fetching remote version info for bts
I 2019-11-17 23:17:49.863092 [Main] {2b} Downloader - {2b} INF: adding network address 137.221.106.19:1119 for server http://us.patch.battle.net:1119
I 2019-11-17 23:17:49.983175 [Main] {2b} We are currently up to date.
I 2019-11-17 23:17:49.983208 [Main] {2b} Bootstrapper State: STATE_EXTRACT_AGENT
I 2019-11-17 23:17:49.983961 [TactProduct] {2b} Fetching remote version info for agent
I 2019-11-17 23:17:50.075706 [Main] {2b} Downloader - {2b} INF: adding network address 137.221.106.19:1119 for server http://us.patch.battle.net:1119
I 2019-11-17 23:17:50.200649 [Main] {2b} Agent is currently up to date.
I 2019-11-17 23:17:50.200731 [Main] {2b} Bootstrapper State: STATE_START_AGENT
D 2019-11-17 23:17:50.200751 [BSAgentManager] {2b} Starting agent
E 2019-11-17 23:17:50.205993 [Main] {2b} Code sign verification failed for Agent, err=5 OS err details1=0 OS err details2=0
E 2019-11-17 23:17:50.206030 [Main] {2b} Failed to start Agent
E 2019-11-17 23:17:50.206381 [Main] {2b} Agent launch exception, path='C:\ProgramData\Battle.net\Agent\Agent.exe' error=3
E 2019-11-17 23:17:50.206451 [BSAgentManager] {2b} Error reported by agent: target=agent code=3 message=
I 2019-11-17 23:17:50.206584 [Main] {2b} Bootstrapper State: STATE_CHECK_AGENT
I 2019-11-17 23:17:50.206785 [Main] {2b} Bootstrapper State: STATE_UPDATE_AGENT
D 2019-11-17 23:17:50.206874 [BSAgentManager] {2b} Tracking agent progress for zone: ZONE_UPDATEAGENT
I 2019-11-17 23:17:50.206943 [Main] {2b} Progress zone changed to: ZONE_UPDATEAGENT
E 2019-11-17 23:17:50.209880 [Main] {33} Code sign verification failed for Agent, err=5 OS err details1=0 OS err details2=0
E 2019-11-17 23:17:50.209905 [Main] {33} Failed to start Agent
E 2019-11-17 23:17:50.211262 [Main] {33} Agent launch exception, path='C:\ProgramData\Battle.net\Agent\Agent.exe' error=3
E 2019-11-17 23:17:50.211350 [BSAgentManager] {33} Error reported by agent: target=agent code=3 message=
E 2019-11-17 23:17:50.211409 [BSAgentManager] {2b} Fatal error occurred while updating: 3
E 2019-11-17 23:17:50.211455 [Main] {2b} Handling exception in state STATE_UPDATE_AGENT: AgentException(code=BLZBNTAGT00000003, details={filename=C:\ProgramData\Battle.net\Agent\Agent.exe}
W 2019-11-17 23:17:50.211769 [Main] {2b} Exception converted to: BootstrapperException(code=BLZBNTBTS00000011, details={}
W 2019-11-17 23:17:50.211814 [Main] {2b} Failed to update agent. Continuing on.
I 2019-11-17 23:17:50.211844 [Main] {2b} Bootstrapper State: STATE_CHECK_CLIENT
E 2019-11-17 23:17:50.211935 [BSAgentManager] {2b} Fatal error occurred while updating: 3
E 2019-11-17 23:17:50.211978 [Main] {2b} Handling exception in state STATE_CHECK_CLIENT: AgentException(code=BLZBNTAGT00000003, details={filename=C:\ProgramData\Battle.net\Agent\Agent.exe}
W 2019-11-17 23:17:50.212270 [Main] {2b} Exception converted to: BootstrapperException(code=BLZBNTBTS00000011, details={}
E 2019-11-17 23:17:50.212343 [Main] {2b} Posting exception to controller: BootstrapperException(code=BLZBNTBTS00000011, details={}
D 2019-11-17 23:17:50.212392 [Main] {2b} Bootstrapper thread completed
E 2019-11-17 23:17:50.215134 [Main] {33} Code sign verification failed for Agent, err=5 OS err details1=0 OS err details2=0
E 2019-11-17 23:17:50.215175 [Main] {33} Failed to start Agent
E 2019-11-17 23:17:50.215626 [Main] {33} Agent launch exception, path='C:\ProgramData\Battle.net\Agent\Agent.exe' error=3
E 2019-11-17 23:17:50.215697 [BSAgentManager] {33} Error reported by agent: target=agent code=3 message=
I 2019-11-17 23:17:50.216436 [Main] {9} UI State changed to: UISTATE_RUNNING_ERROR
E 2019-11-17 23:17:50.219362 [Main] {33} Code sign verification failed for Agent, err=5 OS err details1=0 OS err details2=0
E 2019-11-17 23:17:50.219388 [Main] {33} Failed to start Agent
E 2019-11-17 23:17:50.219746 [Main] {33} Agent launch exception, path='C:\ProgramData\Battle.net\Agent\Agent.exe' error=3
E 2019-11-17 23:17:50.219783 [BSAgentManager] {33} Error reported by agent: target=agent code=3 message=
E 2019-11-17 23:17:50.223117 [Main] {33} Code sign verification failed for Agent, err=5 OS err details1=0 OS err details2=0
E 2019-11-17 23:17:50.223141 [Main] {33} Failed to start Agent
E 2019-11-17 23:17:50.223399 [Main] {33} Agent launch exception, path='C:\ProgramData\Battle.net\Agent\Agent.exe' error=3
E 2019-11-17 23:17:50.223426 [BSAgentManager] {33} Error reported by agent: target=agent code=3 message=
I 2019-11-17 23:17:50.235069 [Main] {9} Active screen changed: error
E 2019-11-17 23:17:50.235894 [Main] {9} Reporting error string: BLZBNTBTS00000011 additionalInfo: 
D 2019-11-17 23:17:50.236039 [Analytics] {9} Analytics request sent. type=BNET.BI.BootstrapperError
D 2019-11-17 23:18:01.485680 [Main] {9} The user has asked bootstrapper to quit
I 2019-11-17 23:18:01.485917 [Main] {9} UI State changed to: UISTATE_SHUTDOWN
D 2019-11-17 23:18:01.486105 [Analytics] {9} Analytics request sent. type=BNET.BI.BootstrapperSession
D 2019-11-17 23:18:01.499601 [Main] {9} Bootstrapper is now ready to shutdown
I 2019-11-17 23:18:01.507879 [Main] {9} Bootstrapper work completed. Shutting down.
