[17.05.2018 22:08:58] [ info]  Connecting: zec.pool.minergate.com:3357 - 
[17.05.2018 22:09:00] [error]  Auth error
[17.05.2018 22:09:00] [error]  Socket error: The remote host closed the connection
[17.05.2018 22:09:00] [ info]  Reconnecting...
[17.05.2018 22:09:05] [ info]  Connecting: zec.pool.minergate.com:3357 - 
[17.05.2018 22:09:05] [error]  Auth error
[17.05.2018 22:09:05] [error]  Socket error: The remote host closed the connection
[17.05.2018 22:09:05] [ info]  Reconnecting...
[17.05.2018 22:09:10] [ info]  Connecting: zec.pool.minergate.com:3357 - 
[17.05.2018 22:09:11] [error]  Auth error
[17.05.2018 22:09:11] [error]  Socket error: The remote host closed the connection
[17.05.2018 22:09:11] [ info]  Reconnecting...
[17.05.2018 22:09:16] [ info]  Connecting: zec.pool.minergate.com:3357 - 
[17.05.2018 22:09:17] [error]  Auth error
[17.05.2018 22:09:17] [error]  Socket error: The remote host closed the connection
[17.05.2018 22:09:17] [ info]  Reconnecting...
[17.05.2018 22:09:22] [ info]  Connecting: zec.pool.minergate.com:3357 - 
[17.05.2018 22:09:22] [error]  Auth error
[17.05.2018 22:09:22] [error]  Socket error: The remote host closed the connection
[17.05.2018 22:09:22] [ info]  Reconnecting...
[17.05.2018 22:09:27] [ info]  Connecting: zec.pool.minergate.com:3357 - 
[17.05.2018 22:09:28] [error]  Auth error
[17.05.2018 22:09:28] [error]  Socket error: The remote host closed the connection
[17.05.2018 22:09:28] [ info]  Reconnecting...
[17.05.2018 22:09:33] [ info]  Connecting: zec.pool.minergate.com:3357 - 
[17.05.2018 22:09:33] [error]  Auth error
[17.05.2018 22:09:33] [error]  Socket error: The remote host closed the connection
[17.05.2018 22:09:33] [ info]  Reconnecting...
[17.05.2018 22:09:38] [ info]  Connecting: zec.pool.minergate.com:3357 - 
[17.05.2018 22:09:38] [error]  Auth error
[17.05.2018 22:09:39] [error]  Socket error: The remote host closed the connection
[17.05.2018 22:09:39] [ info]  Reconnecting...
[17.05.2018 22:09:44] [ info]  Connecting: zec.pool.minergate.com:3357 - 
[17.05.2018 22:09:44] [error]  Auth error
[17.05.2018 22:09:45] [error]  Socket error: The remote host closed the connection
[17.05.2018 22:09:45] [ info]  Reconnecting...
[17.05.2018 22:09:50] [ info]  Connecting: zec.pool.minergate.com:3357 - 
[17.05.2018 22:09:51] [error]  Auth error
[17.05.2018 22:09:51] [error]  Socket error: The remote host closed the connection
[17.05.2018 22:09:51] [ info]  Reconnecting...
[17.05.2018 22:09:56] [ info]  Connecting: zec.pool.minergate.com:3357 - 
[17.05.2018 22:09:56] [error]  Auth error
[17.05.2018 22:09:56] [error]  Socket error: The remote host closed the connection
[17.05.2018 22:09:56] [ info]  Reconnecting...
[17.05.2018 22:10:01] [ info]  Connecting: zec.pool.minergate.com:3357 - 
[17.05.2018 22:10:02] [error]  Auth error
[17.05.2018 22:10:02] [error]  Socket error: The remote host closed the connection
[17.05.2018 22:10:02] [ info]  Reconnecting...
[17.05.2018 22:10:07] [ info]  Connecting: zec.pool.minergate.com:3357 - 
[17.05.2018 22:10:07] [error]  Auth error
[17.05.2018 22:10:07] [error]  Socket error: The remote host closed the connection
[17.05.2018 22:10:07] [ info]  Reconnecting...
[17.05.2018 22:10:12] [ info]  Connecting: zec.pool.minergate.com:3357 - 
[17.05.2018 22:10:13] [error]  Auth error
[17.05.2018 22:10:13] [error]  Socket error: The remote host closed the connection
[17.05.2018 22:10:13] [ info]  Reconnecting...
[17.05.2018 22:10:18] [ info]  Connecting: zec.pool.minergate.com:3357 - 
[17.05.2018 22:10:18] [error]  Auth error
[17.05.2018 22:10:18] [error]  Socket error: The remote host closed the connection
[17.05.2018 22:10:18] [ info]  Reconnecting...
[17.05.2018 22:10:23] [ info]  Connecting: zec.pool.minergate.com:3357 - 
[17.05.2018 22:10:24] [error]  Auth error
[17.05.2018 22:10:24] [error]  Socket error: The remote host closed the connection
[17.05.2018 22:10:24] [ info]  Reconnecting...
[17.05.2018 22:10:29] [ info]  Connecting: zec.pool.minergate.com:3357 - 
[17.05.2018 22:10:29] [error]  Auth error
[17.05.2018 22:10:29] [error]  Socket error: The remote host closed the connection
[17.05.2018 22:10:29] [ info]  Reconnecting...
[17.05.2018 22:10:34] [ info]  Connecting: zec.pool.minergate.com:3357 - 
[17.05.2018 22:10:35] [error]  Auth error
[17.05.2018 22:10:35] [error]  Socket error: The remote host closed the connection
[17.05.2018 22:10:35] [ info]  Reconnecting...
[17.05.2018 22:10:40] [ info]  Connecting: zec.pool.minergate.com:3357 - 
[17.05.2018 22:10:40] [error]  Auth error
[17.05.2018 22:10:40] [error]  Socket error: The remote host closed the connection
[17.05.2018 22:10:40] [ info]  Reconnecting...
[17.05.2018 22:10:45] [ info]  Connecting: zec.pool.minergate.com:3357 - 
[17.05.2018 22:10:45] [error]  Auth error
[17.05.2018 22:10:45] [error]  Socket error: The remote host closed the connection
[17.05.2018 22:10:45] [ info]  Reconnecting...
[17.05.2018 22:10:50] [ info]  Connecting: zec.pool.minergate.com:3357 - 
[17.05.2018 22:10:51] [error]  Auth error
[17.05.2018 22:10:51] [error]  Socket error: The remote host closed the connection
[17.05.2018 22:10:51] [ info]  Reconnecting...
[17.05.2018 22:10:55] [ info]  Connecting: zec.pool.minergate.com:3357 - 
[17.05.2018 22:11:01] [ info]  Connecting: zec.pool.minergate.com:3357 - 
[17.05.2018 22:11:03] [ info]  Reconnecting...
[17.05.2018 22:12:03] [ info]  Connecting: zec.pool.minergate.com:3357 - austin.haedicke@gmail.com
[17.05.2018 22:12:04] [ info]  New job installed
[17.05.2018 22:12:04] [ info]  Job installed
[17.05.2018 22:12:04] [ info]  Job installed
[17.05.2018 22:16:19] [ info]  New job installed
[17.05.2018 22:18:32] [ info]  New job installed
[17.05.2018 22:20:04] [error]  Socket error: The remote host closed the connection
[17.05.2018 22:20:04] [ info]  Reconnecting...
[17.05.2018 22:20:09] [ info]  Connecting: zec.pool.minergate.com:3357 - austin.haedicke@gmail.com
[17.05.2018 22:20:10] [ info]  New job installed
[17.05.2018 22:21:50] [ info]  New job installed
[17.05.2018 22:23:26] [ info]  New job installed
[17.05.2018 22:23:37] [ info]  New job installed
[17.05.2018 22:24:10] [ info]  New job installed
[17.05.2018 22:25:26] [ info]  New job installed
[17.05.2018 22:26:02] [ info]  New job installed
[17.05.2018 22:26:19] [ info]  New job installed
[17.05.2018 22:28:10] [error]  Socket error: The remote host closed the connection
[17.05.2018 22:28:10] [ info]  Reconnecting...
[17.05.2018 22:28:15] [ info]  Connecting: zec.pool.minergate.com:3357 - austin.haedicke@gmail.com
[17.05.2018 22:28:16] [ info]  New job installed
[17.05.2018 22:30:58] [ info]  New job installed
[17.05.2018 22:31:20] [ info]  New job installed
[17.05.2018 22:31:48] [ info]  New job installed
[17.05.2018 22:35:12] [ info]  New job installed
[17.05.2018 22:36:16] [error]  Socket error: The remote host closed the connection
[17.05.2018 22:36:16] [ info]  Reconnecting...
[17.05.2018 22:36:21] [ info]  Connecting: zec.pool.minergate.com:3357 - austin.haedicke@gmail.com
[17.05.2018 22:36:22] [ info]  New job installed
[17.05.2018 22:40:21] [ info]  New job installed
[17.05.2018 22:44:22] [error]  Socket error: The remote host closed the connection
[17.05.2018 22:44:22] [ info]  Reconnecting...
[17.05.2018 22:44:27] [ info]  Connecting: zec.pool.minergate.com:3357 - austin.haedicke@gmail.com
[17.05.2018 22:44:28] [ info]  New job installed
[17.05.2018 22:51:26] [ info]  New job installed
[17.05.2018 22:52:28] [error]  Socket error: The remote host closed the connection
[17.05.2018 22:52:28] [ info]  Reconnecting...
[17.05.2018 22:52:33] [ info]  Connecting: zec.pool.minergate.com:3357 - austin.haedicke@gmail.com
[17.05.2018 22:52:34] [ info]  New job installed
[17.05.2018 22:54:47] [ info]  Job installed
[17.05.2018 22:54:47] [ info]  Job installed
[17.05.2018 22:54:47] [ info]  Job installed
[17.05.2018 22:54:47] [ info]  Job installed
[17.05.2018 22:55:19] [ info]  CPU SHARE = 1073741859
[17.05.2018 22:55:20] [ info]  Submit SUCCESS, diff = 500
[17.05.2018 22:55:30] [ info]  Job installed
[17.05.2018 22:55:30] [ info]  Job installed
[17.05.2018 22:55:30] [ info]  Job installed
[17.05.2018 22:55:30] [ info]  Job installed
[17.05.2018 22:55:59] [ info]  CPU SHARE = 1073741859
[17.05.2018 22:55:59] [error]  Submit ERROR
[17.05.2018 22:55:59] [ info]  Reconnecting...
[17.05.2018 22:56:04] [ info]  Connecting: zec.pool.minergate.com:3357 - austin.haedicke@gmail.com
[17.05.2018 22:56:04] [ info]  New job installed
[17.05.2018 22:56:05] [ info]  Job installed
[17.05.2018 22:56:05] [ info]  Job installed
[17.05.2018 22:56:05] [ info]  Job installed
[17.05.2018 22:56:05] [ info]  Job installed
[17.05.2018 22:56:48] [ info]  CPU SHARE = 52
[17.05.2018 22:56:48] [ info]  Submit SUCCESS, diff = 500
[17.05.2018 22:58:02] [ info]  New job installed
[17.05.2018 22:58:02] [ info]  Job installed
[17.05.2018 22:58:02] [ info]  Job installed
[17.05.2018 22:58:03] [ info]  Job installed
[17.05.2018 22:58:10] [ info]  CPU SHARE = 8
[17.05.2018 22:58:10] [ info]  Submit SUCCESS, diff = 50
[17.05.2018 22:58:14] [ info]  New job installed
[17.05.2018 22:58:14] [ info]  Job installed
[17.05.2018 22:58:15] [ info]  Job installed
[17.05.2018 22:58:15] [ info]  Job installed
[17.05.2018 22:58:15] [ info]  CPU SHARE = 2147483646
[17.05.2018 22:58:15] [ info]  Submit SUCCESS, diff = 50
[17.05.2018 22:58:18] [ info]  CPU SHARE = 3
[17.05.2018 22:58:18] [ info]  Submit SUCCESS, diff = 50
[17.05.2018 22:58:33] [ info]  CPU SHARE = 1073741845
[17.05.2018 22:58:33] [ info]  Submit SUCCESS, diff = 50
[17.05.2018 22:58:37] [ info]  CPU SHARE = 27
[17.05.2018 22:58:37] [ info]  Submit SUCCESS, diff = 50
[17.05.2018 22:58:41] [ info]  CPU SHARE = 2147483679
[17.05.2018 22:58:41] [ info]  Submit SUCCESS, diff = 50
[17.05.2018 22:58:47] [ info]  New job installed
[17.05.2018 22:58:48] [ info]  Job installed
[17.05.2018 22:58:48] [ info]  Job installed
[17.05.2018 22:58:48] [ info]  Job installed
[17.05.2018 22:58:51] [ info]  CPU SHARE = 2147483649
[17.05.2018 22:58:51] [ info]  Submit SUCCESS, diff = 50
[17.05.2018 22:58:52] [ info]  CPU SHARE = 2147483650
[17.05.2018 22:58:52] [ info]  Submit SUCCESS, diff = 50
[17.05.2018 22:59:08] [ info]  CPU SHARE = 1073741848
[17.05.2018 22:59:08] [ info]  Submit SUCCESS, diff = 50
[17.05.2018 22:59:09] [ info]  CPU SHARE = 1073741850
[17.05.2018 22:59:09] [ info]  Submit SUCCESS, diff = 50
[17.05.2018 22:59:11] [ info]  CPU SHARE = 2147483677
[17.05.2018 22:59:12] [ info]  Submit SUCCESS, diff = 50
[17.05.2018 22:59:17] [ info]  CPU SHARE = 1073741861
[17.05.2018 22:59:17] [ info]  Submit SUCCESS, diff = 50
[17.05.2018 22:59:22] [ info]  CPU SHARE = 2147483693
[17.05.2018 22:59:22] [ info]  Submit SUCCESS, diff = 50
[17.05.2018 22:59:24] [ info]  CPU SHARE = 47
[17.05.2018 22:59:24] [ info]  Submit SUCCESS, diff = 50
[17.05.2018 22:59:30] [ info]  CPU SHARE = 56
[17.05.2018 22:59:30] [ info]  Submit SUCCESS, diff = 50
[17.05.2018 22:59:38] [ info]  CPU SHARE = 68
[17.05.2018 22:59:38] [ info]  Submit SUCCESS, diff = 50
[17.05.2018 22:59:47] [ info]  CPU SHARE = 2147483728
[17.05.2018 22:59:47] [ info]  Submit SUCCESS, diff = 50
[17.05.2018 22:59:54] [ info]  CPU SHARE = 1073741914
[17.05.2018 22:59:55] [ info]  Submit SUCCESS, diff = 50
[17.05.2018 23:00:05] [ info]  CPU SHARE = 2147483749
[17.05.2018 23:00:05] [ info]  Submit SUCCESS, diff = 50
[17.05.2018 23:00:09] [ info]  CPU SHARE = 110
[17.05.2018 23:00:09] [ info]  Submit SUCCESS, diff = 50
[17.05.2018 23:00:28] [ info]  CPU SHARE = 135
[17.05.2018 23:00:28] [ info]  Submit SUCCESS, diff = 50
[17.05.2018 23:00:31] [ info]  CPU SHARE = 1073741962
[17.05.2018 23:00:31] [ info]  Submit SUCCESS, diff = 50
[17.05.2018 23:00:36] [ info]  CPU SHARE = 2147483791
[17.05.2018 23:00:36] [ info]  Submit SUCCESS, diff = 50
[17.05.2018 23:00:39] [ info]  CPU SHARE = 2147483796
[17.05.2018 23:00:39] [ info]  Submit SUCCESS, diff = 50
[17.05.2018 23:00:42] [ info]  CPU SHARE = 1073741977
[17.05.2018 23:00:42] [ info]  Submit SUCCESS, diff = 50
[17.05.2018 23:00:53] [ info]  CPU SHARE = 2147483817
[17.05.2018 23:00:54] [ info]  Submit SUCCESS, diff = 50
[17.05.2018 23:00:58] [ info]  CPU SHARE = 179
[17.05.2018 23:00:58] [ info]  Submit SUCCESS, diff = 50
[17.05.2018 23:01:18] [ info]  CPU SHARE = 2147483854
[17.05.2018 23:01:18] [ info]  Submit SUCCESS, diff = 50
[17.05.2018 23:01:26] [ info]  CPU SHARE = 1073742041
[17.05.2018 23:01:26] [ info]  Submit SUCCESS, diff = 50
[17.05.2018 23:01:33] [ info]  CPU SHARE = 230
[17.05.2018 23:01:33] [ info]  Submit SUCCESS, diff = 50
[17.05.2018 23:01:40] [ info]  CPU SHARE = 1073742063
[17.05.2018 23:01:40] [ info]  Submit SUCCESS, diff = 50
[17.05.2018 23:01:55] [ info]  CPU SHARE = 2147483909
[17.05.2018 23:01:56] [ info]  Submit SUCCESS, diff = 50
[17.05.2018 23:02:00] [ info]  CPU SHARE = 1073742094
[17.05.2018 23:02:00] [ info]  Submit SUCCESS, diff = 50
[17.05.2018 23:02:02] [ info]  CPU SHARE = 2147483919
[17.05.2018 23:02:02] [ info]  Submit SUCCESS, diff = 50
[17.05.2018 23:02:04] [ info]  CPU SHARE = 2147483921
[17.05.2018 23:02:04] [ info]  Submit SUCCESS, diff = 50
[17.05.2018 23:02:15] [ info]  CPU SHARE = 292
[17.05.2018 23:02:15] [ info]  Submit SUCCESS, diff = 50
[17.05.2018 23:02:21] [ info]  CPU SHARE = 2147483947
[17.05.2018 23:02:21] [ info]  CPU SHARE = 2147483947
[17.05.2018 23:02:21] [ info]  Submit SUCCESS, diff = 50
[17.05.2018 23:02:21] [ info]  Submit SUCCESS, diff = 50
[17.05.2018 23:02:22] [ info]  CPU SHARE = 302
[17.05.2018 23:02:22] [ info]  Submit SUCCESS, diff = 50
[17.05.2018 23:02:22] [ info]  CPU SHARE = 1073742126
[17.05.2018 23:02:22] [ info]  Submit SUCCESS, diff = 50
[17.05.2018 23:02:27] [ info]  CPU SHARE = 1073742133
[17.05.2018 23:02:27] [ info]  Submit SUCCESS, diff = 50
[17.05.2018 23:02:33] [ info]  CPU SHARE = 1073742141
[17.05.2018 23:02:33] [ info]  Submit SUCCESS, diff = 50
[17.05.2018 23:02:35] [ info]  CPU SHARE = 2147483967
[17.05.2018 23:02:35] [ info]  CPU SHARE = 2147483967
[17.05.2018 23:02:36] [ info]  Submit SUCCESS, diff = 50
[17.05.2018 23:02:36] [ info]  Submit SUCCESS, diff = 50
[17.05.2018 23:02:37] [ info]  CPU SHARE = 325
[17.05.2018 23:02:37] [ info]  Submit SUCCESS, diff = 50
[17.05.2018 23:02:51] [ info]  CPU SHARE = 2147483990
[17.05.2018 23:02:52] [ info]  Submit SUCCESS, diff = 50
[17.05.2018 23:03:02] [ info]  CPU SHARE = 362
[17.05.2018 23:03:02] [ info]  Submit SUCCESS, diff = 50
[17.05.2018 23:03:04] [ info]  CPU SHARE = 2147484009
[17.05.2018 23:03:04] [ info]  Submit SUCCESS, diff = 50
[17.05.2018 23:03:15] [ info]  CPU SHARE = 2147484027
[17.05.2018 23:03:16] [ info]  Submit SUCCESS, diff = 50
[17.05.2018 23:03:24] [ info]  CPU SHARE = 1073742213
[17.05.2018 23:03:24] [ info]  Submit SUCCESS, diff = 50
[17.05.2018 23:03:29] [ info]  CPU SHARE = 2147484046
[17.05.2018 23:03:30] [ info]  Submit SUCCESS, diff = 50
[17.05.2018 23:03:34] [ info]  CPU SHARE = 2147484053
[17.05.2018 23:03:34] [ info]  Submit SUCCESS, diff = 50
[17.05.2018 23:03:41] [ info]  CPU SHARE = 421
[17.05.2018 23:03:41] [ info]  Submit SUCCESS, diff = 50
[17.05.2018 23:03:43] [ info]  CPU SHARE = 1073742242
[17.05.2018 23:03:43] [ info]  Submit SUCCESS, diff = 50
[17.05.2018 23:03:58] [ info]  CPU SHARE = 2147484087
[17.05.2018 23:03:58] [ info]  Submit SUCCESS, diff = 50
[17.05.2018 23:04:00] [ info]  CPU SHARE = 449
[17.05.2018 23:04:00] [ info]  Submit SUCCESS, diff = 50
[17.05.2018 23:04:01] [ info]  CPU SHARE = 451
[17.05.2018 23:04:01] [ info]  Submit SUCCESS, diff = 50
[17.05.2018 23:04:16] [ info]  CPU SHARE = 1073742288
[17.05.2018 23:04:16] [ info]  Submit SUCCESS, diff = 50
[17.05.2018 23:04:22] [ info]  CPU SHARE = 2147484123
[17.05.2018 23:04:22] [ info]  Submit SUCCESS, diff = 50
[17.05.2018 23:04:39] [ info]  CPU SHARE = 505
[17.05.2018 23:04:39] [ info]  Submit SUCCESS, diff = 50
[17.05.2018 23:04:45] [ info]  CPU SHARE = 1073742332
[17.05.2018 23:04:45] [ info]  Submit SUCCESS, diff = 50
[17.05.2018 23:04:46] [ info]  CPU SHARE = 1073742333
[17.05.2018 23:04:46] [ info]  Submit SUCCESS, diff = 50
[17.05.2018 23:04:50] [ info]  CPU SHARE = 522
[17.05.2018 23:04:50] [ info]  Submit SUCCESS, diff = 50
[17.05.2018 23:04:51] [ info]  CPU SHARE = 2147484166
[17.05.2018 23:04:51] [ info]  Submit SUCCESS, diff = 50
[17.05.2018 23:05:14] [ info]  CPU SHARE = 558
[17.05.2018 23:05:14] [ info]  Submit SUCCESS, diff = 50
[17.05.2018 23:05:15] [ info]  CPU SHARE = 560
[17.05.2018 23:05:15] [ info]  Submit SUCCESS, diff = 50
[17.05.2018 23:05:25] [ info]  CPU SHARE = 1073742391
[17.05.2018 23:05:26] [ info]  Submit SUCCESS, diff = 50
[17.05.2018 23:05:28] [ info]  CPU SHARE = 2147484219
[17.05.2018 23:05:28] [ info]  Submit SUCCESS, diff = 50
[17.05.2018 23:05:31] [ info]  CPU SHARE = 2147484224
[17.05.2018 23:05:32] [ info]  Submit SUCCESS, diff = 50
[17.05.2018 23:05:33] [ info]  CPU SHARE = 2147484227
[17.05.2018 23:05:33] [ info]  Submit SUCCESS, diff = 50
[17.05.2018 23:05:40] [ info]  CPU SHARE = 2147484237
[17.05.2018 23:05:41] [ info]  Submit SUCCESS, diff = 50
[17.05.2018 23:05:41] [ info]  CPU SHARE = 598
[17.05.2018 23:05:41] [ info]  Submit SUCCESS, diff = 50
[17.05.2018 23:06:17] [ info]  CPU SHARE = 647
[17.05.2018 23:06:17] [ info]  Submit SUCCESS, diff = 50
[17.05.2018 23:06:22] [ info]  CPU SHARE = 655
[17.05.2018 23:06:22] [ info]  Submit SUCCESS, diff = 50
[17.05.2018 23:06:26] [ info]  CPU SHARE = 660
[17.05.2018 23:06:26] [ info]  Submit SUCCESS, diff = 50
[17.05.2018 23:06:31] [ info]  CPU SHARE = 2147484304
[17.05.2018 23:06:31] [ info]  Submit SUCCESS, diff = 50
[17.05.2018 23:06:34] [ info]  CPU SHARE = 1073742484
[17.05.2018 23:06:34] [ info]  Submit SUCCESS, diff = 50
[17.05.2018 23:06:35] [ info]  CPU SHARE = 2147484309
[17.05.2018 23:06:35] [ info]  Submit SUCCESS, diff = 50
[17.05.2018 23:06:43] [ info]  CPU SHARE = 1073742496
[17.05.2018 23:06:43] [ info]  Submit SUCCESS, diff = 50
[17.05.2018 23:06:43] [ info]  CPU SHARE = 2147484321
[17.05.2018 23:06:43] [ info]  Submit SUCCESS, diff = 50
[17.05.2018 23:06:45] [ info]  CPU SHARE = 1073742499
[17.05.2018 23:06:45] [ info]  Submit SUCCESS, diff = 50
[17.05.2018 23:06:54] [ info]  New job installed
[17.05.2018 23:06:54] [ info]  Job installed
[17.05.2018 23:06:54] [ info]  Job installed
[17.05.2018 23:06:55] [ info]  Job installed
[17.05.2018 23:07:12] [ info]  CPU SHARE = 27
[17.05.2018 23:07:12] [ info]  Submit SUCCESS, diff = 70
[17.05.2018 23:07:28] [ info]  CPU SHARE = 1073741872
[17.05.2018 23:07:28] [ info]  Submit SUCCESS, diff = 70
[17.05.2018 23:07:31] [ info]  CPU SHARE = 55
[17.05.2018 23:07:31] [ info]  Submit SUCCESS, diff = 70
[17.05.2018 23:07:35] [ info]  CPU SHARE = 60
[17.05.2018 23:07:35] [ info]  Submit SUCCESS, diff = 70
[17.05.2018 23:07:41] [ info]  CPU SHARE = 69
[17.05.2018 23:07:41] [ info]  Submit SUCCESS, diff = 70
[17.05.2018 23:07:46] [ info]  CPU SHARE = 2147483720
[17.05.2018 23:07:46] [ info]  Submit SUCCESS, diff = 70
[17.05.2018 23:08:10] [ info]  CPU SHARE = 1073741934
[17.05.2018 23:08:10] [ info]  Submit SUCCESS, diff = 70
[17.05.2018 23:08:43] [ info]  CPU SHARE = 1073741982
[17.05.2018 23:08:43] [ info]  Submit SUCCESS, diff = 70
[17.05.2018 23:08:45] [ info]  CPU SHARE = 1073741985
[17.05.2018 23:08:45] [ info]  Submit SUCCESS, diff = 70
[17.05.2018 23:08:49] [ info]  CPU SHARE = 1073741991
[17.05.2018 23:08:49] [ info]  Submit SUCCESS, diff = 70
[17.05.2018 23:09:08] [ info]  CPU SHARE = 2147483839
[17.05.2018 23:09:08] [ info]  Submit SUCCESS, diff = 70
[17.05.2018 23:09:12] [ info]  CPU SHARE = 1073742023
[17.05.2018 23:09:12] [ info]  Submit SUCCESS, diff = 70
[17.05.2018 23:09:15] [ info]  CPU SHARE = 1073742027
[17.05.2018 23:09:15] [ info]  Submit SUCCESS, diff = 70
[17.05.2018 23:09:21] [ info]  CPU SHARE = 2147483857
[17.05.2018 23:09:21] [ info]  Submit SUCCESS, diff = 70
[17.05.2018 23:09:41] [ info]  CPU SHARE = 2147483887
[17.05.2018 23:09:41] [ info]  Submit SUCCESS, diff = 70
[17.05.2018 23:09:44] [ info]  CPU SHARE = 2147483891
[17.05.2018 23:09:44] [ info]  Submit SUCCESS, diff = 70
[17.05.2018 23:09:49] [ info]  CPU SHARE = 2147483898
[17.05.2018 23:09:49] [ info]  Submit SUCCESS, diff = 70
[17.05.2018 23:10:08] [ info]  CPU SHARE = 278
[17.05.2018 23:10:09] [ info]  Submit SUCCESS, diff = 70
[17.05.2018 23:10:10] [ info]  CPU SHARE = 281
[17.05.2018 23:10:11] [ info]  Submit SUCCESS, diff = 70
[17.05.2018 23:10:19] [ info]  CPU SHARE = 291
[17.05.2018 23:10:19] [ info]  Submit SUCCESS, diff = 70
[17.05.2018 23:10:20] [ info]  New job installed
[17.05.2018 23:10:21] [ info]  Job installed
[17.05.2018 23:10:21] [ info]  Job installed
[17.05.2018 23:10:21] [ info]  CPU SHARE = 294
[17.05.2018 23:10:21] [ info]  Job installed
[17.05.2018 23:10:21] [ warn]  Submit failed. Job changed.
[17.05.2018 23:10:25] [ info]  CPU SHARE = 1073741827
[17.05.2018 23:10:26] [ info]  Submit SUCCESS, diff = 70
[17.05.2018 23:10:26] [ info]  CPU SHARE = 6
[17.05.2018 23:10:26] [ info]  Submit SUCCESS, diff = 70
[17.05.2018 23:10:28] [ info]  CPU SHARE = 1073741830
[17.05.2018 23:10:28] [ info]  Submit SUCCESS, diff = 70
[17.05.2018 23:10:36] [ info]  New job installed
[17.05.2018 23:10:36] [ info]  Job installed
[17.05.2018 23:10:36] [ info]  Job installed
[17.05.2018 23:10:36] [ info]  Job installed
[17.05.2018 23:10:38] [ info]  CPU SHARE = 1
[17.05.2018 23:10:38] [ info]  Submit SUCCESS, diff = 71
[17.05.2018 23:10:43] [ info]  CPU SHARE = 8
[17.05.2018 23:10:43] [ info]  Submit SUCCESS, diff = 71
[17.05.2018 23:10:45] [ info]  CPU SHARE = 1073741835
[17.05.2018 23:10:46] [ info]  Submit SUCCESS, diff = 71
[17.05.2018 23:10:49] [ info]  CPU SHARE = 1073741840
[17.05.2018 23:10:49] [ info]  Submit SUCCESS, diff = 71
[17.05.2018 23:10:53] [ info]  CPU SHARE = 22
[17.05.2018 23:10:53] [ info]  Submit SUCCESS, diff = 71
[17.05.2018 23:10:54] [ info]  CPU SHARE = 24
[17.05.2018 23:10:54] [ info]  Submit SUCCESS, diff = 71
[17.05.2018 23:10:57] [ info]  CPU SHARE = 2147483674
[17.05.2018 23:10:57] [ info]  Submit SUCCESS, diff = 71
[17.05.2018 23:10:58] [ info]  CPU SHARE = 1073741852
[17.05.2018 23:10:58] [ info]  Submit SUCCESS, diff = 71
[17.05.2018 23:11:07] [ info]  CPU SHARE = 2147483688
[17.05.2018 23:11:08] [ info]  Submit SUCCESS, diff = 71
[17.05.2018 23:11:16] [ info]  CPU SHARE = 2147483700
[17.05.2018 23:11:16] [ info]  Submit SUCCESS, diff = 71
[17.05.2018 23:11:20] [ info]  CPU SHARE = 1073741884
[17.05.2018 23:11:20] [ info]  Submit SUCCESS, diff = 71
[17.05.2018 23:11:23] [ info]  Connecting: zec.pool.minergate.com:3357 - austin.haedicke@gmail.com
[17.05.2018 23:11:25] [ info]  New job installed
[17.05.2018 23:11:26] [ info]  Job installed
[17.05.2018 23:11:26] [ info]  Job installed
[17.05.2018 23:11:26] [ info]  Job installed
[17.05.2018 23:11:35] [ info]  CPU SHARE = 2147483659
[17.05.2018 23:11:35] [ info]  Submit SUCCESS, diff = 500
[17.05.2018 23:11:39] [ info]  CPU SHARE = 18
[17.05.2018 23:11:40] [ info]  Submit SUCCESS, diff = 500
[17.05.2018 23:12:08] [ info]  CPU SHARE = 1073741882
[17.05.2018 23:12:08] [ info]  Submit SUCCESS, diff = 500
[17.05.2018 23:12:23] [ info]  CPU SHARE = 2147483729
[17.05.2018 23:12:23] [ info]  Submit SUCCESS, diff = 500
[17.05.2018 23:12:56] [ info]  CPU SHARE = 133
[17.05.2018 23:12:57] [ info]  Submit SUCCESS, diff = 500
[17.05.2018 23:13:54] [ info]  CPU SHARE = 2147483875
[17.05.2018 23:13:54] [ info]  Submit SUCCESS, diff = 500
[17.05.2018 23:13:54] [ info]  CPU SHARE = 1073742046
[17.05.2018 23:13:54] [ info]  Submit SUCCESS, diff = 500
[17.05.2018 23:14:18] [ info]  CPU SHARE = 1073742084
[17.05.2018 23:14:18] [ info]  Submit SUCCESS, diff = 500
[17.05.2018 23:14:47] [ info]  CPU SHARE = 1073742131
[17.05.2018 23:14:47] [ info]  Submit SUCCESS, diff = 500
[17.05.2018 23:15:26] [ info]  New job installed
[17.05.2018 23:15:27] [ info]  Job installed
[17.05.2018 23:15:27] [ info]  Job installed
[17.05.2018 23:15:27] [ info]  Job installed
[17.05.2018 23:15:48] [ info]  CPU SHARE = 1073741852
[17.05.2018 23:15:49] [ info]  Submit SUCCESS, diff = 187
[17.05.2018 23:16:10] [ info]  CPU SHARE = 1073741886
[17.05.2018 23:16:10] [ info]  Submit SUCCESS, diff = 187
[17.05.2018 23:16:51] [ info]  New job installed
[17.05.2018 23:16:51] [ info]  Job installed
[17.05.2018 23:16:51] [ info]  Job installed
[17.05.2018 23:16:52] [ info]  Job installed
[17.05.2018 23:17:12] [ info]  CPU SHARE = 2147483671
[17.05.2018 23:17:12] [ info]  Submit SUCCESS, diff = 150
[17.05.2018 23:17:13] [ info]  CPU SHARE = 1073741853
[17.05.2018 23:17:13] [ info]  Submit SUCCESS, diff = 150
[17.05.2018 23:17:16] [ info]  CPU SHARE = 32
[17.05.2018 23:17:16] [ info]  Submit SUCCESS, diff = 150
[17.05.2018 23:17:21] [ info]  CPU SHARE = 2147483684
[17.05.2018 23:17:21] [ info]  Submit SUCCESS, diff = 150
[17.05.2018 23:17:29] [ info]  CPU SHARE = 52
[17.05.2018 23:17:29] [ info]  Submit SUCCESS, diff = 150
[17.05.2018 23:17:44] [ info]  CPU SHARE = 2147483718
[17.05.2018 23:17:44] [ info]  Submit SUCCESS, diff = 150
[17.05.2018 23:17:53] [ info]  CPU SHARE = 1073741911
[17.05.2018 23:17:53] [ info]  Submit SUCCESS, diff = 150
[17.05.2018 23:18:27] [ info]  CPU SHARE = 1073741941
[17.05.2018 23:18:27] [ info]  Submit SUCCESS, diff = 150
[17.05.2018 23:19:05] [ info]  New job installed
[17.05.2018 23:19:05] [ info]  Job installed
[17.05.2018 23:19:05] [ info]  Job installed
[17.05.2018 23:19:05] [ info]  Job installed
[17.05.2018 23:19:47] [ info]  CPU SHARE = 1073741880
[17.05.2018 23:19:47] [ info]  Submit SUCCESS, diff = 132
[17.05.2018 23:20:04] [ info]  CPU SHARE = 1073741900
[17.05.2018 23:20:05] [ info]  Submit SUCCESS, diff = 132
[17.05.2018 23:20:10] [ info]  CPU SHARE = 1073741908
[17.05.2018 23:20:10] [ info]  Submit SUCCESS, diff = 132
[17.05.2018 23:20:26] [ info]  CPU SHARE = 2147483749
[17.05.2018 23:20:26] [ info]  Submit SUCCESS, diff = 132
[17.05.2018 23:20:42] [ info]  CPU SHARE = 2147483772
[17.05.2018 23:20:42] [ info]  Submit SUCCESS, diff = 132
[18.05.2018 21:48:23] [ info]  Connecting: zec.pool.minergate.com:3357 - austin.haedicke@gmail.com
[18.05.2018 21:48:24] [ info]  New job installed
[18.05.2018 21:48:25] [ info]  Job installed
[18.05.2018 21:48:25] [ info]  Job installed
[18.05.2018 21:49:16] [ info]  New job installed
[18.05.2018 21:49:16] [ info]  Job installed
[18.05.2018 21:49:16] [ info]  Job installed
[18.05.2018 21:49:46] [ info]  New job installed
[18.05.2018 21:49:46] [ info]  Job installed
[18.05.2018 21:49:47] [ info]  Job installed
[18.05.2018 21:49:50] [ info]  Job installed
[18.05.2018 21:50:23] [ info]  CPU SHARE = 2147483684
[18.05.2018 21:50:23] [ info]  Submit SUCCESS, diff = 500
[18.05.2018 21:51:39] [ info]  CPU SHARE = 140
[18.05.2018 21:51:39] [ info]  Submit SUCCESS, diff = 500
[18.05.2018 21:51:43] [ info]  New job installed
[18.05.2018 21:51:43] [ info]  Job installed
[18.05.2018 21:51:43] [ info]  Job installed
[18.05.2018 21:51:43] [ info]  Job installed
[18.05.2018 21:51:52] [ info]  CPU SHARE = 2147483657
[18.05.2018 21:51:52] [ info]  Submit SUCCESS, diff = 50
[18.05.2018 21:51:59] [ info]  CPU SHARE = 1073741845
[18.05.2018 21:51:59] [ info]  Submit SUCCESS, diff = 50
[18.05.2018 21:52:06] [ info]  CPU SHARE = 1073741857
[18.05.2018 21:52:06] [ info]  Submit SUCCESS, diff = 50
[18.05.2018 21:52:26] [ info]  CPU SHARE = 1073741890
[18.05.2018 21:52:26] [ info]  Submit SUCCESS, diff = 50
[18.05.2018 21:52:27] [ info]  CPU SHARE = 1073741891
[18.05.2018 21:52:27] [ info]  Submit SUCCESS, diff = 50
[18.05.2018 21:52:27] [ info]  CPU SHARE = 69
[18.05.2018 21:52:27] [ info]  Submit SUCCESS, diff = 50
[18.05.2018 21:52:33] [ info]  CPU SHARE = 1073741904
[18.05.2018 21:52:34] [ info]  Submit SUCCESS, diff = 50
[18.05.2018 21:52:36] [ info]  CPU SHARE = 1073741911
[18.05.2018 21:52:37] [ info]  Submit SUCCESS, diff = 50
[18.05.2018 21:52:42] [ info]  CPU SHARE = 96
[18.05.2018 21:52:43] [ info]  Submit SUCCESS, diff = 50
[18.05.2018 21:52:43] [ info]  CPU SHARE = 1073741922
[18.05.2018 21:52:43] [ info]  CPU SHARE = 1073741922
[18.05.2018 21:52:43] [ info]  Submit SUCCESS, diff = 50
[18.05.2018 21:52:43] [ info]  Submit SUCCESS, diff = 50
[18.05.2018 21:52:55] [ info]  CPU SHARE = 1073741945
[18.05.2018 21:52:55] [ info]  Submit SUCCESS, diff = 50
[18.05.2018 21:53:01] [ info]  CPU SHARE = 1073741956
[18.05.2018 21:53:01] [ info]  Submit SUCCESS, diff = 50
[18.05.2018 21:53:11] [ info]  CPU SHARE = 147
[18.05.2018 21:53:11] [ info]  Submit SUCCESS, diff = 50
[18.05.2018 21:53:12] [ info]  New job installed
[18.05.2018 21:53:13] [ info]  Job installed
[18.05.2018 21:53:13] [ info]  Job installed
[18.05.2018 21:53:24] [ info]  CPU SHARE = 17
[18.05.2018 21:53:24] [ info]  Submit SUCCESS, diff = 59
[18.05.2018 21:53:52] [ info]  CPU SHARE = 63
[18.05.2018 21:53:52] [ info]  Submit SUCCESS, diff = 59
[18.05.2018 21:54:03] [ info]  CPU SHARE = 82
[18.05.2018 21:54:03] [ info]  Submit SUCCESS, diff = 59
[18.05.2018 21:54:18] [ info]  CPU SHARE = 106
[18.05.2018 21:54:18] [ info]  Submit SUCCESS, diff = 59
[18.05.2018 21:54:30] [ info]  CPU SHARE = 1073741946
[18.05.2018 21:54:31] [ info]  Submit SUCCESS, diff = 59
[18.05.2018 21:54:39] [ info]  CPU SHARE = 1073741958
[18.05.2018 21:54:39] [ info]  Submit SUCCESS, diff = 59
[18.05.2018 21:54:40] [ info]  CPU SHARE = 1073741959
[18.05.2018 21:54:40] [ info]  Submit SUCCESS, diff = 59
[18.05.2018 21:55:05] [ info]  CPU SHARE = 1073741994
[18.05.2018 21:55:05] [ info]  Submit SUCCESS, diff = 59
[18.05.2018 21:55:16] [ info]  New job installed
[18.05.2018 21:55:16] [ info]  Job installed
[18.05.2018 21:55:16] [ info]  Job installed
[18.05.2018 21:55:18] [ info]  CPU SHARE = 1073741825
[18.05.2018 21:55:18] [ info]  Submit SUCCESS, diff = 53
[18.05.2018 21:55:23] [ info]  CPU SHARE = 10
[18.05.2018 21:55:23] [ info]  Submit SUCCESS, diff = 53
[18.05.2018 21:55:29] [ info]  CPU SHARE = 1073741843
[18.05.2018 21:55:30] [ info]  Submit SUCCESS, diff = 53
[18.05.2018 21:55:40] [ info]  CPU SHARE = 1073741860
[18.05.2018 21:55:40] [ info]  Submit SUCCESS, diff = 53
[18.05.2018 21:55:43] [ info]  New job installed
[18.05.2018 21:55:43] [ info]  Job installed
[18.05.2018 21:55:43] [ info]  Job installed
[18.05.2018 21:55:46] [ info]  CPU SHARE = 4
[18.05.2018 21:55:46] [ info]  Submit SUCCESS, diff = 54
[18.05.2018 21:55:49] [ info]  CPU SHARE = 9
[18.05.2018 21:55:50] [ info]  Submit SUCCESS, diff = 54
[18.05.2018 21:55:58] [ info]  CPU SHARE = 1073741847
[18.05.2018 21:55:58] [ info]  Submit SUCCESS, diff = 54
[18.05.2018 21:56:16] [ info]  New job installed
[18.05.2018 21:56:16] [ info]  Job installed
[18.05.2018 21:56:17] [ info]  Job installed
[18.05.2018 21:56:45] [ info]  CPU SHARE = 46
[18.05.2018 21:56:45] [ info]  Submit SUCCESS, diff = 54
[18.05.2018 21:56:52] [ info]  CPU SHARE = 1073741883
[18.05.2018 21:56:52] [ info]  Submit SUCCESS, diff = 54
[18.05.2018 21:57:25] [ info]  CPU SHARE = 111
[18.05.2018 21:57:25] [ info]  Submit SUCCESS, diff = 54
[18.05.2018 21:57:38] [ info]  CPU SHARE = 132
[18.05.2018 21:57:38] [ info]  Submit SUCCESS, diff = 54
[18.05.2018 21:57:54] [ info]  CPU SHARE = 156
[18.05.2018 21:57:55] [ info]  Submit SUCCESS, diff = 54
[18.05.2018 21:57:57] [ info]  CPU SHARE = 161
[18.05.2018 21:57:58] [ info]  Submit SUCCESS, diff = 54
[18.05.2018 21:57:59] [ info]  CPU SHARE = 164
[18.05.2018 21:57:59] [ info]  Submit SUCCESS, diff = 54
[18.05.2018 21:58:03] [ info]  CPU SHARE = 171
[18.05.2018 21:58:04] [ info]  Submit SUCCESS, diff = 54
[18.05.2018 21:58:05] [ info]  CPU SHARE = 1073742002
[18.05.2018 21:58:05] [ info]  Submit SUCCESS, diff = 54
[18.05.2018 21:58:42] [ info]  CPU SHARE = 241
[18.05.2018 21:58:42] [ info]  Submit SUCCESS, diff = 54
[18.05.2018 21:58:45] [ info]  CPU SHARE = 1073742069
[18.05.2018 21:58:45] [ info]  Submit SUCCESS, diff = 54
[18.05.2018 21:58:55] [ info]  CPU SHARE = 1073742086
[18.05.2018 21:58:56] [ info]  Submit SUCCESS, diff = 54
[18.05.2018 21:58:57] [ info]  New job installed
[18.05.2018 21:58:57] [ info]  Job installed
[18.05.2018 21:58:57] [ info]  Job installed
[18.05.2018 21:59:02] [ info]  CPU SHARE = 4
[18.05.2018 21:59:02] [ info]  Submit SUCCESS, diff = 51
[18.05.2018 21:59:22] [ info]  CPU SHARE = 1073741862
[18.05.2018 21:59:22] [ info]  Submit SUCCESS, diff = 51
[18.05.2018 21:59:23] [ info]  CPU SHARE = 40
[18.05.2018 21:59:24] [ info]  Submit SUCCESS, diff = 51
[18.05.2018 21:59:26] [ info]  CPU SHARE = 43
[18.05.2018 21:59:26] [ info]  Submit SUCCESS, diff = 51
[18.05.2018 21:59:29] [ info]  CPU SHARE = 48
[18.05.2018 21:59:30] [ info]  Submit SUCCESS, diff = 51
[18.05.2018 21:59:31] [ info]  CPU SHARE = 1073741874
[18.05.2018 21:59:31] [ info]  Submit SUCCESS, diff = 51
[18.05.2018 21:59:36] [ info]  CPU SHARE = 1073741884
[18.05.2018 21:59:36] [ info]  Submit SUCCESS, diff = 51
[18.05.2018 21:59:38] [ info]  CPU SHARE = 1073741888
[18.05.2018 21:59:38] [ info]  Submit SUCCESS, diff = 51
[18.05.2018 21:59:58] [ info]  CPU SHARE = 1073741925
[18.05.2018 21:59:58] [ info]  Submit SUCCESS, diff = 51
[18.05.2018 21:59:58] [ info]  CPU SHARE = 1073741926
[18.05.2018 21:59:58] [ info]  Submit SUCCESS, diff = 51
[18.05.2018 22:00:06] [ info]  CPU SHARE = 117
[18.05.2018 22:00:06] [ info]  Submit SUCCESS, diff = 51
[18.05.2018 22:00:20] [ info]  CPU SHARE = 1073741964
[18.05.2018 22:00:20] [ info]  Submit SUCCESS, diff = 51
[18.05.2018 22:00:25] [ info]  CPU SHARE = 150
[18.05.2018 22:00:25] [ info]  Submit SUCCESS, diff = 51
[18.05.2018 22:00:30] [ info]  CPU SHARE = 160
[18.05.2018 22:00:31] [ info]  Submit SUCCESS, diff = 51
[18.05.2018 22:00:31] [ info]  CPU SHARE = 1073741984
[18.05.2018 22:00:31] [ info]  Submit SUCCESS, diff = 51
[18.05.2018 22:00:31] [ info]  CPU SHARE = 1073741985
[18.05.2018 22:00:31] [ info]  Submit SUCCESS, diff = 51
[18.05.2018 22:00:33] [ info]  CPU SHARE = 1073741988
[18.05.2018 22:00:33] [ info]  Submit SUCCESS, diff = 51
[18.05.2018 22:00:36] [ info]  CPU SHARE = 170
[18.05.2018 22:00:36] [ info]  Submit SUCCESS, diff = 51
[18.05.2018 22:00:38] [ info]  New job installed
[18.05.2018 22:00:38] [ info]  Job installed
[18.05.2018 22:00:38] [ info]  Job installed
[18.05.2018 22:00:40] [ info]  CPU SHARE = 1073741826
[18.05.2018 22:00:40] [ info]  Submit SUCCESS, diff = 56
[18.05.2018 22:01:01] [ info]  CPU SHARE = 39
[18.05.2018 22:01:01] [ info]  Submit SUCCESS, diff = 56
[18.05.2018 22:01:11] [ info]  CPU SHARE = 1073741884
[18.05.2018 22:01:11] [ info]  Submit SUCCESS, diff = 56
[18.05.2018 22:01:28] [ info]  CPU SHARE = 1073741913
[18.05.2018 22:01:28] [ info]  Submit SUCCESS, diff = 56
[18.05.2018 22:01:36] [ info]  CPU SHARE = 1073741924
[18.05.2018 22:01:36] [ info]  Submit SUCCESS, diff = 56
[18.05.2018 22:01:39] [ info]  CPU SHARE = 1073741930
[18.05.2018 22:01:39] [ info]  Submit SUCCESS, diff = 56
[18.05.2018 22:01:52] [ info]  CPU SHARE = 1073741952
[18.05.2018 22:01:52] [ info]  Submit SUCCESS, diff = 56
[18.05.2018 22:01:59] [ info]  CPU SHARE = 1073741965
[18.05.2018 22:01:59] [ info]  Submit SUCCESS, diff = 56
[18.05.2018 22:02:03] [ info]  CPU SHARE = 1073741973
[18.05.2018 22:02:03] [ info]  Submit SUCCESS, diff = 56
[18.05.2018 22:02:12] [ info]  CPU SHARE = 1073741988
[18.05.2018 22:02:12] [ info]  Submit SUCCESS, diff = 56
[18.05.2018 22:02:41] [ info]  CPU SHARE = 224
[18.05.2018 22:02:42] [ info]  Submit SUCCESS, diff = 56
[18.05.2018 22:02:47] [ info]  CPU SHARE = 1073742056
[18.05.2018 22:02:47] [ info]  Submit SUCCESS, diff = 56
[18.05.2018 22:02:53] [ info]  CPU SHARE = 245
[18.05.2018 22:02:54] [ info]  Submit SUCCESS, diff = 56
[18.05.2018 22:03:06] [ info]  CPU SHARE = 1073742088
[18.05.2018 22:03:06] [ info]  Submit SUCCESS, diff = 56
[18.05.2018 22:03:08] [ info]  CPU SHARE = 268
[18.05.2018 22:03:08] [ info]  CPU SHARE = 268
[18.05.2018 22:03:08] [ info]  Submit SUCCESS, diff = 56
[18.05.2018 22:03:08] [ info]  Submit SUCCESS, diff = 56
[18.05.2018 22:03:10] [ info]  New job installed
[18.05.2018 22:03:11] [ info]  Job installed
[18.05.2018 22:03:11] [ info]  Job installed
[18.05.2018 22:03:13] [ info]  CPU SHARE = 3
[18.05.2018 22:03:14] [ info]  Submit SUCCESS, diff = 57
[18.05.2018 22:03:41] [ info]  CPU SHARE = 1073741865
[18.05.2018 22:03:41] [ info]  Submit SUCCESS, diff = 57
[18.05.2018 22:03:41] [ info]  CPU SHARE = 41
[18.05.2018 22:03:41] [ info]  Submit SUCCESS, diff = 57
[18.05.2018 22:04:08] [ info]  CPU SHARE = 81
[18.05.2018 22:04:08] [ info]  Submit SUCCESS, diff = 57
[18.05.2018 22:04:17] [ info]  CPU SHARE = 95
[18.05.2018 22:04:17] [ info]  Submit SUCCESS, diff = 57
[18.05.2018 22:04:28] [ info]  CPU SHARE = 1073741932
[18.05.2018 22:04:28] [ info]  Submit SUCCESS, diff = 57
[18.05.2018 22:04:29] [ info]  CPU SHARE = 1073741933
[18.05.2018 22:04:29] [ info]  Submit SUCCESS, diff = 57
[18.05.2018 22:04:33] [ info]  CPU SHARE = 1073741938
[18.05.2018 22:04:33] [ info]  Submit SUCCESS, diff = 57
[18.05.2018 22:04:48] [ info]  CPU SHARE = 136
[18.05.2018 22:04:48] [ info]  Submit SUCCESS, diff = 57
[18.05.2018 22:04:49] [ info]  CPU SHARE = 1073741963
[18.05.2018 22:04:49] [ info]  Submit SUCCESS, diff = 57
[18.05.2018 22:04:55] [ info]  CPU SHARE = 148
[18.05.2018 22:04:55] [ info]  Submit SUCCESS, diff = 57
[18.05.2018 22:05:13] [ info]  New job installed
[18.05.2018 22:05:13] [ info]  Job installed
[18.05.2018 22:05:13] [ info]  Job installed
[18.05.2018 22:05:21] [ info]  CPU SHARE = 1073741834
[18.05.2018 22:05:21] [ info]  Submit SUCCESS, diff = 56
[18.05.2018 22:05:28] [ info]  CPU SHARE = 1073741846
[18.05.2018 22:05:28] [ info]  Submit SUCCESS, diff = 56
[18.05.2018 22:05:42] [ info]  CPU SHARE = 46
[18.05.2018 22:05:42] [ info]  Submit SUCCESS, diff = 56
[18.05.2018 22:05:42] [ info]  CPU SHARE = 1073741869
[18.05.2018 22:05:42] [ info]  Submit SUCCESS, diff = 56
[18.05.2018 22:05:45] [ info]  CPU SHARE = 1073741874
[18.05.2018 22:05:45] [ info]  Submit SUCCESS, diff = 56
[18.05.2018 22:05:47] [ info]  CPU SHARE = 1073741876
[18.05.2018 22:05:47] [ info]  Submit SUCCESS, diff = 56
[18.05.2018 22:05:58] [ info]  CPU SHARE = 1073741894
[18.05.2018 22:05:58] [ info]  Submit SUCCESS, diff = 56
[18.05.2018 22:06:05] [ info]  New job installed
[18.05.2018 22:06:06] [ info]  Job installed
[18.05.2018 22:06:06] [ info]  Job installed
[18.05.2018 22:06:11] [ info]  CPU SHARE = 5
[18.05.2018 22:06:11] [ info]  Submit SUCCESS, diff = 57
[18.05.2018 22:06:44] [ info]  CPU SHARE = 1073741878
[18.05.2018 22:06:44] [ info]  Submit SUCCESS, diff = 57
[18.05.2018 22:06:48] [ info]  CPU SHARE = 62
[18.05.2018 22:06:48] [ info]  Submit SUCCESS, diff = 57
[18.05.2018 22:06:59] [ info]  CPU SHARE = 1073741904
[18.05.2018 22:06:59] [ info]  Submit SUCCESS, diff = 57
[18.05.2018 22:07:07] [ info]  CPU SHARE = 1073741918
[18.05.2018 22:07:07] [ info]  Submit SUCCESS, diff = 57
[18.05.2018 22:07:11] [ info]  New job installed
[18.05.2018 22:07:12] [ info]  Job installed
[18.05.2018 22:07:12] [ info]  Job installed
[18.05.2018 22:07:25] [ info]  CPU SHARE = 1073741846
[18.05.2018 22:07:25] [ info]  CPU SHARE = 1073741846
[18.05.2018 22:07:26] [ info]  Submit SUCCESS, diff = 56
[18.05.2018 22:07:26] [ info]  Submit SUCCESS, diff = 56
[18.05.2018 22:07:37] [ info]  CPU SHARE = 41
[18.05.2018 22:07:37] [ info]  Submit SUCCESS, diff = 56
[18.05.2018 22:07:44] [ info]  CPU SHARE = 1073741878
[18.05.2018 22:07:44] [ info]  Submit SUCCESS, diff = 56
[18.05.2018 22:07:47] [ info]  CPU SHARE = 1073741884
[18.05.2018 22:07:48] [ info]  Submit SUCCESS, diff = 56
[18.05.2018 22:07:51] [ info]  CPU SHARE = 1073741889
[18.05.2018 22:07:51] [ info]  Submit SUCCESS, diff = 56
[18.05.2018 22:08:01] [ info]  CPU SHARE = 1073741905
[18.05.2018 22:08:01] [ info]  Submit SUCCESS, diff = 56
[18.05.2018 22:08:08] [ info]  CPU SHARE = 96
[18.05.2018 22:08:08] [ info]  Submit SUCCESS, diff = 56
[18.05.2018 22:08:11] [ info]  CPU SHARE = 103
[18.05.2018 22:08:11] [ info]  Submit SUCCESS, diff = 56
[18.05.2018 22:08:12] [ info]  New job installed
[18.05.2018 22:08:13] [ info]  Job installed
[18.05.2018 22:08:13] [ info]  Job installed
[18.05.2018 22:08:17] [ info]  CPU SHARE = 1073741829
[18.05.2018 22:08:17] [ info]  Submit SUCCESS, diff = 57
[18.05.2018 22:08:25] [ info]  New job installed
[18.05.2018 22:08:25] [ info]  Job installed
[18.05.2018 22:08:26] [ info]  Job installed
[18.05.2018 22:08:42] [ info]  New job installed
[18.05.2018 22:08:42] [ info]  Job installed
[18.05.2018 22:08:43] [ info]  Job installed
[18.05.2018 22:08:49] [ info]  CPU SHARE = 12
[18.05.2018 22:08:49] [ info]  Submit SUCCESS, diff = 56
[18.05.2018 22:09:00] [ info]  CPU SHARE = 26
[18.05.2018 22:09:00] [ info]  Submit SUCCESS, diff = 56
[18.05.2018 22:09:08] [ info]  CPU SHARE = 36
[18.05.2018 22:09:09] [ info]  Submit SUCCESS, diff = 56
[18.05.2018 22:09:09] [ info]  CPU SHARE = 37
[18.05.2018 22:09:09] [ info]  Submit SUCCESS, diff = 56
[18.05.2018 22:09:16] [ info]  CPU SHARE = 47
[18.05.2018 22:09:16] [ info]  Submit SUCCESS, diff = 56
[18.05.2018 22:09:26] [ info]  CPU SHARE = 62
[18.05.2018 22:09:26] [ info]  Submit SUCCESS, diff = 56
[18.05.2018 22:09:36] [ info]  CPU SHARE = 77
[18.05.2018 22:09:36] [ info]  Submit SUCCESS, diff = 56
[18.05.2018 22:09:42] [ info]  CPU SHARE = 85
[18.05.2018 22:09:42] [ info]  Submit SUCCESS, diff = 56
[18.05.2018 22:09:47] [ info]  CPU SHARE = 93
[18.05.2018 22:09:47] [ info]  Submit SUCCESS, diff = 56
[18.05.2018 22:09:55] [ info]  CPU SHARE = 106
[18.05.2018 22:09:55] [ info]  Submit SUCCESS, diff = 56
[18.05.2018 22:09:55] [ info]  New job installed
[18.05.2018 22:09:56] [ info]  Job installed
[18.05.2018 22:09:56] [ info]  Job installed
[18.05.2018 22:10:07] [ info]  CPU SHARE = 12
[18.05.2018 22:10:07] [ info]  Submit SUCCESS, diff = 58
[18.05.2018 22:10:08] [ info]  CPU SHARE = 1073741837
[18.05.2018 22:10:08] [ info]  Submit SUCCESS, diff = 58
[18.05.2018 22:10:20] [ info]  CPU SHARE = 32
[18.05.2018 22:10:20] [ info]  Submit SUCCESS, diff = 58
[18.05.2018 22:10:43] [ info]  CPU SHARE = 67
[18.05.2018 22:10:44] [ info]  Submit SUCCESS, diff = 58
[18.05.2018 22:11:05] [ info]  CPU SHARE = 96
[18.05.2018 22:11:05] [ info]  Submit SUCCESS, diff = 58
[18.05.2018 22:11:24] [ info]  CPU SHARE = 1073741941
[18.05.2018 22:11:24] [ info]  Submit SUCCESS, diff = 58
[18.05.2018 22:11:49] [ info]  CPU SHARE = 1073741972
[18.05.2018 22:11:49] [ info]  Submit SUCCESS, diff = 58
[18.05.2018 22:12:09] [ info]  CPU SHARE = 1073741995
[18.05.2018 22:12:09] [ info]  Submit SUCCESS, diff = 58
[18.05.2018 22:12:21] [ info]  New job installed
[18.05.2018 22:12:21] [ info]  Job installed
[18.05.2018 22:12:21] [ info]  Job installed
[18.05.2018 22:12:26] [ info]  CPU SHARE = 1073741831
[18.05.2018 22:12:26] [ info]  Submit SUCCESS, diff = 55
[18.05.2018 22:12:42] [ info]  New job installed
[18.05.2018 22:12:42] [ info]  Job installed
[18.05.2018 22:12:43] [ info]  Job installed
[18.05.2018 22:12:50] [ info]  CPU SHARE = 9
[18.05.2018 22:12:50] [ info]  Submit SUCCESS, diff = 55
[18.05.2018 22:13:04] [ info]  CPU SHARE = 1073741857
[18.05.2018 22:13:04] [ info]  Submit SUCCESS, diff = 55
[18.05.2018 22:13:11] [ info]  CPU SHARE = 46
[18.05.2018 22:13:11] [ info]  Submit SUCCESS, diff = 55
[18.05.2018 22:13:12] [ info]  CPU SHARE = 49
[18.05.2018 22:13:12] [ info]  Submit SUCCESS, diff = 55
[18.05.2018 22:13:19] [ info]  CPU SHARE = 63
[18.05.2018 22:13:20] [ info]  Submit SUCCESS, diff = 55
[18.05.2018 22:13:51] [ info]  CPU SHARE = 1073741945
[18.05.2018 22:13:51] [ info]  Submit SUCCESS, diff = 55
[18.05.2018 22:14:01] [ info]  CPU SHARE = 1073741964
[18.05.2018 22:14:01] [ info]  Submit SUCCESS, diff = 55
[18.05.2018 22:14:02] [ info]  CPU SHARE = 140
[18.05.2018 22:14:02] [ info]  Submit SUCCESS, diff = 55
[18.05.2018 22:14:07] [ info]  CPU SHARE = 1073741975
[18.05.2018 22:14:07] [ info]  Submit SUCCESS, diff = 55
[18.05.2018 22:14:10] [ info]  CPU SHARE = 156
[18.05.2018 22:14:11] [ info]  Submit SUCCESS, diff = 55
[18.05.2018 22:14:15] [ info]  CPU SHARE = 165
[18.05.2018 22:14:16] [ info]  Submit SUCCESS, diff = 55
[18.05.2018 22:14:32] [ info]  CPU SHARE = 193
[18.05.2018 22:14:32] [ info]  Submit SUCCESS, diff = 55
[18.05.2018 22:14:36] [ info]  CPU SHARE = 199
[18.05.2018 22:14:36] [ info]  Submit SUCCESS, diff = 55
[18.05.2018 22:14:36] [ info]  CPU SHARE = 200
[18.05.2018 22:14:36] [ info]  Submit SUCCESS, diff = 55
[18.05.2018 22:14:45] [ info]  CPU SHARE = 213
[18.05.2018 22:14:45] [ info]  Submit SUCCESS, diff = 55
[18.05.2018 22:14:49] [ info]  CPU SHARE = 220
[18.05.2018 22:14:49] [ info]  Submit SUCCESS, diff = 55
[18.05.2018 22:14:59] [ info]  CPU SHARE = 1073742063
[18.05.2018 22:14:59] [ info]  Submit SUCCESS, diff = 55
[18.05.2018 22:15:07] [ info]  CPU SHARE = 1073742074
[18.05.2018 22:15:07] [ info]  Submit SUCCESS, diff = 55
[18.05.2018 22:15:18] [ info]  New job installed
[18.05.2018 22:15:18] [ info]  Job installed
[18.05.2018 22:15:19] [ info]  Job installed
[18.05.2018 22:15:24] [ info]  CPU SHARE = 1073741832
[18.05.2018 22:15:24] [ info]  Submit SUCCESS, diff = 55
[18.05.2018 22:15:48] [ info]  CPU SHARE = 49
[18.05.2018 22:15:48] [ info]  Submit SUCCESS, diff = 55
[18.05.2018 22:15:53] [ info]  CPU SHARE = 1073741878
[18.05.2018 22:15:53] [ info]  Submit SUCCESS, diff = 55
[18.05.2018 22:15:56] [ info]  CPU SHARE = 1073741883
[18.05.2018 22:15:56] [ info]  Submit SUCCESS, diff = 55
[18.05.2018 22:15:58] [ info]  CPU SHARE = 63
[18.05.2018 22:15:58] [ info]  Submit SUCCESS, diff = 55
[18.05.2018 22:16:21] [ info]  CPU SHARE = 1073741924
[18.05.2018 22:16:21] [ info]  Submit SUCCESS, diff = 55
[18.05.2018 22:16:21] [ info]  CPU SHARE = 103
[18.05.2018 22:16:21] [ info]  Submit SUCCESS, diff = 55
[18.05.2018 22:16:23] [ info]  CPU SHARE = 1073741929
[18.05.2018 22:16:24] [ info]  Submit SUCCESS, diff = 55
[18.05.2018 22:16:25] [ info]  CPU SHARE = 1073741931
[18.05.2018 22:16:25] [ info]  Submit SUCCESS, diff = 55
[18.05.2018 22:16:37] [ info]  CPU SHARE = 1073741956
[18.05.2018 22:16:37] [ info]  Submit SUCCESS, diff = 55
[18.05.2018 22:16:41] [ info]  CPU SHARE = 1073741963
[18.05.2018 22:16:41] [ info]  Submit SUCCESS, diff = 55
[18.05.2018 22:16:48] [ info]  CPU SHARE = 154
[18.05.2018 22:16:49] [ info]  Submit SUCCESS, diff = 55
[18.05.2018 22:16:54] [ info]  CPU SHARE = 164
[18.05.2018 22:16:54] [ info]  Submit SUCCESS, diff = 55
[18.05.2018 22:17:13] [ info]  CPU SHARE = 1073742026
[18.05.2018 22:17:13] [ info]  Submit SUCCESS, diff = 55
[18.05.2018 22:17:23] [ info]  CPU SHARE = 214
[18.05.2018 22:17:23] [ info]  Submit SUCCESS, diff = 55
[18.05.2018 22:17:24] [ info]  CPU SHARE = 1073742043
[18.05.2018 22:17:24] [ info]  Submit SUCCESS, diff = 55
[18.05.2018 22:17:25] [ info]  CPU SHARE = 1073742045
[18.05.2018 22:17:25] [ info]  Submit SUCCESS, diff = 55
[18.05.2018 22:17:25] [ info]  CPU SHARE = 218
[18.05.2018 22:17:26] [ info]  Submit SUCCESS, diff = 55
[18.05.2018 22:17:32] [ info]  CPU SHARE = 1073742059
[18.05.2018 22:17:32] [ info]  Submit SUCCESS, diff = 55
[18.05.2018 22:17:34] [ info]  CPU SHARE = 233
[18.05.2018 22:17:34] [ info]  Submit SUCCESS, diff = 55
[18.05.2018 22:17:35] [ info]  CPU SHARE = 1073742064
[18.05.2018 22:17:35] [ info]  Submit SUCCESS, diff = 55
[18.05.2018 22:17:39] [ info]  CPU SHARE = 242
[18.05.2018 22:17:39] [ info]  CPU SHARE = 242
[18.05.2018 22:17:39] [ info]  Submit SUCCESS, diff = 55
[18.05.2018 22:17:39] [ info]  Submit SUCCESS, diff = 55
[18.05.2018 22:17:47] [ info]  CPU SHARE = 255
[18.05.2018 22:17:47] [ info]  Submit SUCCESS, diff = 55
[18.05.2018 22:21:02] [ info]  New job installed
[18.05.2018 22:21:45] [ info]  New job installed
[18.05.2018 22:23:20] [ info]  New job installed
[18.05.2018 22:25:36] [ info]  New job installed
[18.05.2018 22:25:47] [error]  Socket error: The remote host closed the connection
[18.05.2018 22:25:47] [ info]  Reconnecting...
[18.05.2018 22:25:52] [ info]  Connecting: zec.pool.minergate.com:3357 - austin.haedicke@gmail.com
[18.05.2018 22:25:53] [ info]  New job installed
[18.05.2018 22:26:01] [ info]  New job installed
[18.05.2018 22:28:18] [ info]  New job installed
[18.05.2018 22:28:30] [ info]  New job installed
[18.05.2018 22:32:20] [ info]  New job installed
[18.05.2018 22:33:29] [ info]  Connecting: zec.pool.minergate.com:3357 - austin.haedicke@gmail.com
[18.05.2018 22:33:30] [ info]  New job installed
[18.05.2018 22:36:00] [ info]  New job installed
[18.05.2018 22:36:52] [ info]  New job installed
[18.05.2018 22:41:01] [ info]  New job installed
[18.05.2018 22:42:27] [error]  Socket error: The remote host closed the connection
[18.05.2018 22:42:27] [ info]  Reconnecting...
[18.05.2018 22:42:32] [ info]  Connecting: zec.pool.minergate.com:3357 - austin.haedicke@gmail.com
[18.05.2018 22:42:33] [ info]  New job installed
[18.05.2018 22:45:43] [ info]  New job installed
[18.05.2018 22:49:09] [ info]  New job installed
[18.05.2018 22:50:33] [error]  Socket error: The remote host closed the connection
[18.05.2018 22:50:33] [ info]  Reconnecting...
[18.05.2018 22:50:38] [ info]  Connecting: zec.pool.minergate.com:3357 - austin.haedicke@gmail.com
[18.05.2018 22:50:39] [ info]  New job installed
[18.05.2018 22:50:47] [ info]  New job installed
[18.05.2018 22:55:43] [ info]  New job installed
[18.05.2018 22:58:39] [error]  Socket error: The remote host closed the connection
[18.05.2018 22:58:39] [ info]  Reconnecting...
[18.05.2018 22:58:44] [ info]  Connecting: zec.pool.minergate.com:3357 - austin.haedicke@gmail.com
[18.05.2018 22:58:45] [ info]  New job installed
[18.05.2018 23:04:26] [ info]  New job installed
[18.05.2018 23:06:45] [error]  Socket error: The remote host closed the connection
[18.05.2018 23:06:45] [ info]  Reconnecting...
[18.05.2018 23:06:50] [ info]  Connecting: zec.pool.minergate.com:3357 - austin.haedicke@gmail.com
[18.05.2018 23:06:51] [ info]  New job installed
[18.05.2018 23:08:34] [ info]  New job installed
[18.05.2018 23:10:05] [ info]  New job installed
[18.05.2018 23:11:54] [ info]  New job installed
[18.05.2018 23:12:19] [ info]  New job installed
[18.05.2018 23:14:16] [ info]  New job installed
[18.05.2018 23:14:51] [error]  Socket error: The remote host closed the connection
[18.05.2018 23:14:51] [ info]  Reconnecting...
[18.05.2018 23:14:56] [ info]  Connecting: zec.pool.minergate.com:3357 - austin.haedicke@gmail.com
[18.05.2018 23:14:57] [ info]  New job installed
[18.05.2018 23:15:35] [ info]  New job installed
[18.05.2018 23:22:57] [error]  Socket error: The remote host closed the connection
[18.05.2018 23:22:57] [ info]  Reconnecting...
[18.05.2018 23:23:02] [ info]  Connecting: zec.pool.minergate.com:3357 - austin.haedicke@gmail.com
[18.05.2018 23:23:03] [ info]  New job installed
[18.05.2018 23:23:58] [ info]  New job installed
[18.05.2018 23:27:04] [ info]  New job installed
[18.05.2018 23:27:26] [ info]  New job installed
[18.05.2018 23:30:09] [ info]  New job installed
[18.05.2018 23:31:51] [error]  Socket error: The remote host closed the connection
[18.05.2018 23:31:51] [ info]  Reconnecting...
[18.05.2018 23:31:56] [ info]  Connecting: zec.pool.minergate.com:3357 - austin.haedicke@gmail.com
[18.05.2018 23:31:57] [ info]  New job installed
[18.05.2018 23:33:29] [ info]  Connecting: zec.pool.minergate.com:3357 - austin.haedicke@gmail.com
[18.05.2018 23:33:30] [ info]  New job installed
[18.05.2018 23:36:07] [ info]  New job installed
[18.05.2018 23:39:08] [ info]  New job installed
[18.05.2018 23:41:09] [ info]  New job installed
[18.05.2018 23:41:30] [error]  Socket error: The remote host closed the connection
[18.05.2018 23:41:30] [ info]  Reconnecting...
[18.05.2018 23:41:35] [ info]  Connecting: zec.pool.minergate.com:3357 - austin.haedicke@gmail.com
[18.05.2018 23:41:36] [ info]  New job installed
[18.05.2018 23:41:57] [ info]  New job installed
[18.05.2018 23:45:22] [ info]  New job installed
[18.05.2018 23:50:50] [error]  Socket error: The remote host closed the connection
[18.05.2018 23:50:50] [ info]  Reconnecting...
[18.05.2018 23:50:55] [ info]  Connecting: zec.pool.minergate.com:3357 - austin.haedicke@gmail.com
[18.05.2018 23:50:56] [ info]  New job installed
[18.05.2018 23:51:58] [ info]  New job installed
[18.05.2018 23:53:09] [ info]  New job installed
[18.05.2018 23:54:17] [ info]  New job installed
[18.05.2018 23:56:35] [ info]  New job installed
[18.05.2018 23:58:13] [ info]  New job installed
[18.05.2018 23:58:56] [error]  Socket error: The remote host closed the connection
[18.05.2018 23:58:56] [ info]  Reconnecting...
[18.05.2018 23:59:01] [ info]  Connecting: zec.pool.minergate.com:3357 - austin.haedicke@gmail.com
[18.05.2018 23:59:02] [ info]  New job installed
[19.05.2018 00:01:38] [ info]  New job installed
[19.05.2018 00:06:09] [ info]  New job installed
[19.05.2018 00:07:02] [error]  Socket error: The remote host closed the connection
[19.05.2018 00:07:02] [ info]  Reconnecting...
[19.05.2018 00:07:07] [ info]  Connecting: zec.pool.minergate.com:3357 - austin.haedicke@gmail.com
[19.05.2018 00:07:08] [ info]  New job installed
[19.05.2018 00:07:49] [ info]  New job installed
[19.05.2018 00:09:13] [ info]  New job installed
[19.05.2018 00:12:36] [ info]  New job installed
[19.05.2018 00:16:06] [error]  Socket error: The remote host closed the connection
[19.05.2018 00:16:06] [ info]  Reconnecting...
[19.05.2018 00:16:11] [ info]  Connecting: zec.pool.minergate.com:3357 - austin.haedicke@gmail.com
[19.05.2018 00:16:12] [ info]  New job installed
[19.05.2018 00:16:14] [ info]  New job installed
[19.05.2018 00:24:12] [error]  Socket error: The remote host closed the connection
[19.05.2018 00:24:12] [ info]  Reconnecting...
[19.05.2018 00:24:17] [ info]  Connecting: zec.pool.minergate.com:3357 - austin.haedicke@gmail.com
[19.05.2018 00:24:18] [ info]  New job installed
